
AVRASM ver. 2.1.30  C:\Users\FDMX\Desktop\fdmx rescue robot (juniorcup 2018)\Debug\List\t1.asm Wed Feb 28 16:31:25 2018

C:\Users\FDMX\Desktop\fdmx rescue robot (juniorcup 2018)\Debug\List\t1.asm(1088): warning: Register r4 already defined by the .DEF directive
C:\Users\FDMX\Desktop\fdmx rescue robot (juniorcup 2018)\Debug\List\t1.asm(1089): warning: Register r5 already defined by the .DEF directive
C:\Users\FDMX\Desktop\fdmx rescue robot (juniorcup 2018)\Debug\List\t1.asm(1090): warning: Register r7 already defined by the .DEF directive
C:\Users\FDMX\Desktop\fdmx rescue robot (juniorcup 2018)\Debug\List\t1.asm(1091): warning: Register r6 already defined by the .DEF directive
C:\Users\FDMX\Desktop\fdmx rescue robot (juniorcup 2018)\Debug\List\t1.asm(1092): warning: Register r9 already defined by the .DEF directive
                 
                 
                 ;CodeVisionAVR C Compiler V3.12 Advanced
                 ;(C) Copyright 1998-2014 Pavel Haiduc, HP InfoTech s.r.l.
                 ;http://www.hpinfotech.com
                 
                 ;Build configuration    : Debug
                 ;Chip type              : ATmega16A
                 ;Program type           : Application
                 ;Clock frequency        : 8/000000 MHz
                 ;Memory model           : Small
                 ;Optimize for           : Size
                 ;(s)printf features     : int, width
                 ;(s)scanf features      : int, width
                 ;External RAM size      : 0
                 ;Data Stack size        : 256 byte(s)
                 ;Heap size              : 0 byte(s)
                 ;Promote 'char' to 'int': Yes
                 ;'char' is unsigned     : Yes
                 ;8 bit enums            : Yes
                 ;Global 'const' stored in FLASH: Yes
                 ;Enhanced function parameter passing: Yes
                 ;Enhanced core instructions: On
                 ;Automatic register allocation for global variables: On
                 ;Smart register allocation: On
                 
                 	#define _MODEL_SMALL_
                 
                 	#pragma AVRPART ADMIN PART_NAME ATmega16A
                 	#pragma AVRPART MEMORY PROG_FLASH 16384
                 	#pragma AVRPART MEMORY EEPROM 512
                 	#pragma AVRPART MEMORY INT_SRAM SIZE 1024
                 	#pragma AVRPART MEMORY INT_SRAM START_ADDR 0x60
                 
                 	#define CALL_SUPPORTED 1
                 
                 	.LISTMAC
                 	.EQU UDRE=0x5
                 	.EQU RXC=0x7
                 	.EQU USR=0xB
                 	.EQU UDR=0xC
                 	.EQU SPSR=0xE
                 	.EQU SPDR=0xF
                 	.EQU EERE=0x0
                 	.EQU EEWE=0x1
                 	.EQU EEMWE=0x2
                 	.EQU EECR=0x1C
                 	.EQU EEDR=0x1D
                 	.EQU EEARL=0x1E
                 	.EQU EEARH=0x1F
                 	.EQU WDTCR=0x21
                 	.EQU MCUCR=0x35
                 	.EQU GICR=0x3B
                 	.EQU SPL=0x3D
                 	.EQU SPH=0x3E
                 	.EQU SREG=0x3F
                 
                 	.DEF R0X0=R0
                 	.DEF R0X1=R1
                 	.DEF R0X2=R2
                 	.DEF R0X3=R3
                 	.DEF R0X4=R4
                 	.DEF R0X5=R5
                 	.DEF R0X6=R6
                 	.DEF R0X7=R7
                 	.DEF R0X8=R8
                 	.DEF R0X9=R9
                 	.DEF R0XA=R10
                 	.DEF R0XB=R11
                 	.DEF R0XC=R12
                 	.DEF R0XD=R13
                 	.DEF R0XE=R14
                 	.DEF R0XF=R15
                 	.DEF R0X10=R16
                 	.DEF R0X11=R17
                 	.DEF R0X12=R18
                 	.DEF R0X13=R19
                 	.DEF R0X14=R20
                 	.DEF R0X15=R21
                 	.DEF R0X16=R22
                 	.DEF R0X17=R23
                 	.DEF R0X18=R24
                 	.DEF R0X19=R25
                 	.DEF R0X1A=R26
                 	.DEF R0X1B=R27
                 	.DEF R0X1C=R28
                 	.DEF R0X1D=R29
                 	.DEF R0X1E=R30
                 	.DEF R0X1F=R31
                 
                 	.EQU __SRAM_START=0x0060
                 	.EQU __SRAM_END=0x045F
                 	.EQU __DSTACK_SIZE=0x0100
                 	.EQU __HEAP_SIZE=0x0000
                 	.EQU __CLEAR_SRAM_SIZE=__SRAM_END-__SRAM_START+1
                 
                 	.MACRO __CPD1N
                 	CPI  R30,LOW(@0)
                 	LDI  R26,HIGH(@0)
                 	CPC  R31,R26
                 	LDI  R26,BYTE3(@0)
                 	CPC  R22,R26
                 	LDI  R26,BYTE4(@0)
                 	CPC  R23,R26
                 	.ENDM
                 
                 	.MACRO __CPD2N
                 	CPI  R26,LOW(@0)
                 	LDI  R30,HIGH(@0)
                 	CPC  R27,R30
                 	LDI  R30,BYTE3(@0)
                 	CPC  R24,R30
                 	LDI  R30,BYTE4(@0)
                 	CPC  R25,R30
                 	.ENDM
                 
                 	.MACRO __CPWRR
                 	CP   R@0,R@2
                 	CPC  R@1,R@3
                 	.ENDM
                 
                 	.MACRO __CPWRN
                 	CPI  R@0,LOW(@2)
                 	LDI  R30,HIGH(@2)
                 	CPC  R@1,R30
                 	.ENDM
                 
                 	.MACRO __ADDB1MN
                 	SUBI R30,LOW(-@0-(@1))
                 	.ENDM
                 
                 	.MACRO __ADDB2MN
                 	SUBI R26,LOW(-@0-(@1))
                 	.ENDM
                 
                 	.MACRO __ADDW1MN
                 	SUBI R30,LOW(-@0-(@1))
                 	SBCI R31,HIGH(-@0-(@1))
                 	.ENDM
                 
                 	.MACRO __ADDW2MN
                 	SUBI R26,LOW(-@0-(@1))
                 	SBCI R27,HIGH(-@0-(@1))
                 	.ENDM
                 
                 	.MACRO __ADDW1FN
                 	SUBI R30,LOW(-2*@0-(@1))
                 	SBCI R31,HIGH(-2*@0-(@1))
                 	.ENDM
                 
                 	.MACRO __ADDD1FN
                 	SUBI R30,LOW(-2*@0-(@1))
                 	SBCI R31,HIGH(-2*@0-(@1))
                 	SBCI R22,BYTE3(-2*@0-(@1))
                 	.ENDM
                 
                 	.MACRO __ADDD1N
                 	SUBI R30,LOW(-@0)
                 	SBCI R31,HIGH(-@0)
                 	SBCI R22,BYTE3(-@0)
                 	SBCI R23,BYTE4(-@0)
                 	.ENDM
                 
                 	.MACRO __ADDD2N
                 	SUBI R26,LOW(-@0)
                 	SBCI R27,HIGH(-@0)
                 	SBCI R24,BYTE3(-@0)
                 	SBCI R25,BYTE4(-@0)
                 	.ENDM
                 
                 	.MACRO __SUBD1N
                 	SUBI R30,LOW(@0)
                 	SBCI R31,HIGH(@0)
                 	SBCI R22,BYTE3(@0)
                 	SBCI R23,BYTE4(@0)
                 	.ENDM
                 
                 	.MACRO __SUBD2N
                 	SUBI R26,LOW(@0)
                 	SBCI R27,HIGH(@0)
                 	SBCI R24,BYTE3(@0)
                 	SBCI R25,BYTE4(@0)
                 	.ENDM
                 
                 	.MACRO __ANDBMNN
                 	LDS  R30,@0+(@1)
                 	ANDI R30,LOW(@2)
                 	STS  @0+(@1),R30
                 	.ENDM
                 
                 	.MACRO __ANDWMNN
                 	LDS  R30,@0+(@1)
                 	ANDI R30,LOW(@2)
                 	STS  @0+(@1),R30
                 	LDS  R30,@0+(@1)+1
                 	ANDI R30,HIGH(@2)
                 	STS  @0+(@1)+1,R30
                 	.ENDM
                 
                 	.MACRO __ANDD1N
                 	ANDI R30,LOW(@0)
                 	ANDI R31,HIGH(@0)
                 	ANDI R22,BYTE3(@0)
                 	ANDI R23,BYTE4(@0)
                 	.ENDM
                 
                 	.MACRO __ANDD2N
                 	ANDI R26,LOW(@0)
                 	ANDI R27,HIGH(@0)
                 	ANDI R24,BYTE3(@0)
                 	ANDI R25,BYTE4(@0)
                 	.ENDM
                 
                 	.MACRO __ORBMNN
                 	LDS  R30,@0+(@1)
                 	ORI  R30,LOW(@2)
                 	STS  @0+(@1),R30
                 	.ENDM
                 
                 	.MACRO __ORWMNN
                 	LDS  R30,@0+(@1)
                 	ORI  R30,LOW(@2)
                 	STS  @0+(@1),R30
                 	LDS  R30,@0+(@1)+1
                 	ORI  R30,HIGH(@2)
                 	STS  @0+(@1)+1,R30
                 	.ENDM
                 
                 	.MACRO __ORD1N
                 	ORI  R30,LOW(@0)
                 	ORI  R31,HIGH(@0)
                 	ORI  R22,BYTE3(@0)
                 	ORI  R23,BYTE4(@0)
                 	.ENDM
                 
                 	.MACRO __ORD2N
                 	ORI  R26,LOW(@0)
                 	ORI  R27,HIGH(@0)
                 	ORI  R24,BYTE3(@0)
                 	ORI  R25,BYTE4(@0)
                 	.ENDM
                 
                 	.MACRO __DELAY_USB
                 	LDI  R24,LOW(@0)
                 __DELAY_USB_LOOP:
                 	DEC  R24
                 	BRNE __DELAY_USB_LOOP
                 	.ENDM
                 
                 	.MACRO __DELAY_USW
                 	LDI  R24,LOW(@0)
                 	LDI  R25,HIGH(@0)
                 __DELAY_USW_LOOP:
                 	SBIW R24,1
                 	BRNE __DELAY_USW_LOOP
                 	.ENDM
                 
                 	.MACRO __GETD1S
                 	LDD  R30,Y+@0
                 	LDD  R31,Y+@0+1
                 	LDD  R22,Y+@0+2
                 	LDD  R23,Y+@0+3
                 	.ENDM
                 
                 	.MACRO __GETD2S
                 	LDD  R26,Y+@0
                 	LDD  R27,Y+@0+1
                 	LDD  R24,Y+@0+2
                 	LDD  R25,Y+@0+3
                 	.ENDM
                 
                 	.MACRO __PUTD1S
                 	STD  Y+@0,R30
                 	STD  Y+@0+1,R31
                 	STD  Y+@0+2,R22
                 	STD  Y+@0+3,R23
                 	.ENDM
                 
                 	.MACRO __PUTD2S
                 	STD  Y+@0,R26
                 	STD  Y+@0+1,R27
                 	STD  Y+@0+2,R24
                 	STD  Y+@0+3,R25
                 	.ENDM
                 
                 	.MACRO __PUTDZ2
                 	STD  Z+@0,R26
                 	STD  Z+@0+1,R27
                 	STD  Z+@0+2,R24
                 	STD  Z+@0+3,R25
                 	.ENDM
                 
                 	.MACRO __CLRD1S
                 	STD  Y+@0,R30
                 	STD  Y+@0+1,R30
                 	STD  Y+@0+2,R30
                 	STD  Y+@0+3,R30
                 	.ENDM
                 
                 	.MACRO __POINTB1MN
                 	LDI  R30,LOW(@0+(@1))
                 	.ENDM
                 
                 	.MACRO __POINTW1MN
                 	LDI  R30,LOW(@0+(@1))
                 	LDI  R31,HIGH(@0+(@1))
                 	.ENDM
                 
                 	.MACRO __POINTD1M
                 	LDI  R30,LOW(@0)
                 	LDI  R31,HIGH(@0)
                 	LDI  R22,BYTE3(@0)
                 	LDI  R23,BYTE4(@0)
                 	.ENDM
                 
                 	.MACRO __POINTW1FN
                 	LDI  R30,LOW(2*@0+(@1))
                 	LDI  R31,HIGH(2*@0+(@1))
                 	.ENDM
                 
                 	.MACRO __POINTD1FN
                 	LDI  R30,LOW(2*@0+(@1))
                 	LDI  R31,HIGH(2*@0+(@1))
                 	LDI  R22,BYTE3(2*@0+(@1))
                 	LDI  R23,BYTE4(2*@0+(@1))
                 	.ENDM
                 
                 	.MACRO __POINTB2MN
                 	LDI  R26,LOW(@0+(@1))
                 	.ENDM
                 
                 	.MACRO __POINTW2MN
                 	LDI  R26,LOW(@0+(@1))
                 	LDI  R27,HIGH(@0+(@1))
                 	.ENDM
                 
                 	.MACRO __POINTW2FN
                 	LDI  R26,LOW(2*@0+(@1))
                 	LDI  R27,HIGH(2*@0+(@1))
                 	.ENDM
                 
                 	.MACRO __POINTD2FN
                 	LDI  R26,LOW(2*@0+(@1))
                 	LDI  R27,HIGH(2*@0+(@1))
                 	LDI  R24,BYTE3(2*@0+(@1))
                 	LDI  R25,BYTE4(2*@0+(@1))
                 	.ENDM
                 
                 	.MACRO __POINTBRM
                 	LDI  R@0,LOW(@1)
                 	.ENDM
                 
                 	.MACRO __POINTWRM
                 	LDI  R@0,LOW(@2)
                 	LDI  R@1,HIGH(@2)
                 	.ENDM
                 
                 	.MACRO __POINTBRMN
                 	LDI  R@0,LOW(@1+(@2))
                 	.ENDM
                 
                 	.MACRO __POINTWRMN
                 	LDI  R@0,LOW(@2+(@3))
                 	LDI  R@1,HIGH(@2+(@3))
                 	.ENDM
                 
                 	.MACRO __POINTWRFN
                 	LDI  R@0,LOW(@2*2+(@3))
                 	LDI  R@1,HIGH(@2*2+(@3))
                 	.ENDM
                 
                 	.MACRO __GETD1N
                 	LDI  R30,LOW(@0)
                 	LDI  R31,HIGH(@0)
                 	LDI  R22,BYTE3(@0)
                 	LDI  R23,BYTE4(@0)
                 	.ENDM
                 
                 	.MACRO __GETD2N
                 	LDI  R26,LOW(@0)
                 	LDI  R27,HIGH(@0)
                 	LDI  R24,BYTE3(@0)
                 	LDI  R25,BYTE4(@0)
                 	.ENDM
                 
                 	.MACRO __GETB1MN
                 	LDS  R30,@0+(@1)
                 	.ENDM
                 
                 	.MACRO __GETB1HMN
                 	LDS  R31,@0+(@1)
                 	.ENDM
                 
                 	.MACRO __GETW1MN
                 	LDS  R30,@0+(@1)
                 	LDS  R31,@0+(@1)+1
                 	.ENDM
                 
                 	.MACRO __GETD1MN
                 	LDS  R30,@0+(@1)
                 	LDS  R31,@0+(@1)+1
                 	LDS  R22,@0+(@1)+2
                 	LDS  R23,@0+(@1)+3
                 	.ENDM
                 
                 	.MACRO __GETBRMN
                 	LDS  R@0,@1+(@2)
                 	.ENDM
                 
                 	.MACRO __GETWRMN
                 	LDS  R@0,@2+(@3)
                 	LDS  R@1,@2+(@3)+1
                 	.ENDM
                 
                 	.MACRO __GETWRZ
                 	LDD  R@0,Z+@2
                 	LDD  R@1,Z+@2+1
                 	.ENDM
                 
                 	.MACRO __GETD2Z
                 	LDD  R26,Z+@0
                 	LDD  R27,Z+@0+1
                 	LDD  R24,Z+@0+2
                 	LDD  R25,Z+@0+3
                 	.ENDM
                 
                 	.MACRO __GETB2MN
                 	LDS  R26,@0+(@1)
                 	.ENDM
                 
                 	.MACRO __GETW2MN
                 	LDS  R26,@0+(@1)
                 	LDS  R27,@0+(@1)+1
                 	.ENDM
                 
                 	.MACRO __GETD2MN
                 	LDS  R26,@0+(@1)
                 	LDS  R27,@0+(@1)+1
                 	LDS  R24,@0+(@1)+2
                 	LDS  R25,@0+(@1)+3
                 	.ENDM
                 
                 	.MACRO __PUTB1MN
                 	STS  @0+(@1),R30
                 	.ENDM
                 
                 	.MACRO __PUTW1MN
                 	STS  @0+(@1),R30
                 	STS  @0+(@1)+1,R31
                 	.ENDM
                 
                 	.MACRO __PUTD1MN
                 	STS  @0+(@1),R30
                 	STS  @0+(@1)+1,R31
                 	STS  @0+(@1)+2,R22
                 	STS  @0+(@1)+3,R23
                 	.ENDM
                 
                 	.MACRO __PUTB1EN
                 	LDI  R26,LOW(@0+(@1))
                 	LDI  R27,HIGH(@0+(@1))
                 	CALL __EEPROMWRB
                 	.ENDM
                 
                 	.MACRO __PUTW1EN
                 	LDI  R26,LOW(@0+(@1))
                 	LDI  R27,HIGH(@0+(@1))
                 	CALL __EEPROMWRW
                 	.ENDM
                 
                 	.MACRO __PUTD1EN
                 	LDI  R26,LOW(@0+(@1))
                 	LDI  R27,HIGH(@0+(@1))
                 	CALL __EEPROMWRD
                 	.ENDM
                 
                 	.MACRO __PUTBR0MN
                 	STS  @0+(@1),R0
                 	.ENDM
                 
                 	.MACRO __PUTBMRN
                 	STS  @0+(@1),R@2
                 	.ENDM
                 
                 	.MACRO __PUTWMRN
                 	STS  @0+(@1),R@2
                 	STS  @0+(@1)+1,R@3
                 	.ENDM
                 
                 	.MACRO __PUTBZR
                 	STD  Z+@1,R@0
                 	.ENDM
                 
                 	.MACRO __PUTWZR
                 	STD  Z+@2,R@0
                 	STD  Z+@2+1,R@1
                 	.ENDM
                 
                 	.MACRO __GETW1R
                 	MOV  R30,R@0
                 	MOV  R31,R@1
                 	.ENDM
                 
                 	.MACRO __GETW2R
                 	MOV  R26,R@0
                 	MOV  R27,R@1
                 	.ENDM
                 
                 	.MACRO __GETWRN
                 	LDI  R@0,LOW(@2)
                 	LDI  R@1,HIGH(@2)
                 	.ENDM
                 
                 	.MACRO __PUTW1R
                 	MOV  R@0,R30
                 	MOV  R@1,R31
                 	.ENDM
                 
                 	.MACRO __PUTW2R
                 	MOV  R@0,R26
                 	MOV  R@1,R27
                 	.ENDM
                 
                 	.MACRO __ADDWRN
                 	SUBI R@0,LOW(-@2)
                 	SBCI R@1,HIGH(-@2)
                 	.ENDM
                 
                 	.MACRO __ADDWRR
                 	ADD  R@0,R@2
                 	ADC  R@1,R@3
                 	.ENDM
                 
                 	.MACRO __SUBWRN
                 	SUBI R@0,LOW(@2)
                 	SBCI R@1,HIGH(@2)
                 	.ENDM
                 
                 	.MACRO __SUBWRR
                 	SUB  R@0,R@2
                 	SBC  R@1,R@3
                 	.ENDM
                 
                 	.MACRO __ANDWRN
                 	ANDI R@0,LOW(@2)
                 	ANDI R@1,HIGH(@2)
                 	.ENDM
                 
                 	.MACRO __ANDWRR
                 	AND  R@0,R@2
                 	AND  R@1,R@3
                 	.ENDM
                 
                 	.MACRO __ORWRN
                 	ORI  R@0,LOW(@2)
                 	ORI  R@1,HIGH(@2)
                 	.ENDM
                 
                 	.MACRO __ORWRR
                 	OR   R@0,R@2
                 	OR   R@1,R@3
                 	.ENDM
                 
                 	.MACRO __EORWRR
                 	EOR  R@0,R@2
                 	EOR  R@1,R@3
                 	.ENDM
                 
                 	.MACRO __GETWRS
                 	LDD  R@0,Y+@2
                 	LDD  R@1,Y+@2+1
                 	.ENDM
                 
                 	.MACRO __PUTBSR
                 	STD  Y+@1,R@0
                 	.ENDM
                 
                 	.MACRO __PUTWSR
                 	STD  Y+@2,R@0
                 	STD  Y+@2+1,R@1
                 	.ENDM
                 
                 	.MACRO __MOVEWRR
                 	MOV  R@0,R@2
                 	MOV  R@1,R@3
                 	.ENDM
                 
                 	.MACRO __INWR
                 	IN   R@0,@2
                 	IN   R@1,@2+1
                 	.ENDM
                 
                 	.MACRO __OUTWR
                 	OUT  @2+1,R@1
                 	OUT  @2,R@0
                 	.ENDM
                 
                 	.MACRO __CALL1MN
                 	LDS  R30,@0+(@1)
                 	LDS  R31,@0+(@1)+1
                 	ICALL
                 	.ENDM
                 
                 	.MACRO __CALL1FN
                 	LDI  R30,LOW(2*@0+(@1))
                 	LDI  R31,HIGH(2*@0+(@1))
                 	CALL __GETW1PF
                 	ICALL
                 	.ENDM
                 
                 	.MACRO __CALL2EN
                 	PUSH R26
                 	PUSH R27
                 	LDI  R26,LOW(@0+(@1))
                 	LDI  R27,HIGH(@0+(@1))
                 	CALL __EEPROMRDW
                 	POP  R27
                 	POP  R26
                 	ICALL
                 	.ENDM
                 
                 	.MACRO __CALL2EX
                 	SUBI R26,LOW(-@0)
                 	SBCI R27,HIGH(-@0)
                 	CALL __EEPROMRDD
                 	ICALL
                 	.ENDM
                 
                 	.MACRO __GETW1STACK
                 	IN   R30,SPL
                 	IN   R31,SPH
                 	ADIW R30,@0+1
                 	LD   R0,Z+
                 	LD   R31,Z
                 	MOV  R30,R0
                 	.ENDM
                 
                 	.MACRO __GETD1STACK
                 	IN   R30,SPL
                 	IN   R31,SPH
                 	ADIW R30,@0+1
                 	LD   R0,Z+
                 	LD   R1,Z+
                 	LD   R22,Z
                 	MOVW R30,R0
                 	.ENDM
                 
                 	.MACRO __NBST
                 	BST  R@0,@1
                 	IN   R30,SREG
                 	LDI  R31,0x40
                 	EOR  R30,R31
                 	OUT  SREG,R30
                 	.ENDM
                 
                 
                 	.MACRO __PUTB1SN
                 	LDD  R26,Y+@0
                 	LDD  R27,Y+@0+1
                 	SUBI R26,LOW(-@1)
                 	SBCI R27,HIGH(-@1)
                 	ST   X,R30
                 	.ENDM
                 
                 	.MACRO __PUTW1SN
                 	LDD  R26,Y+@0
                 	LDD  R27,Y+@0+1
                 	SUBI R26,LOW(-@1)
                 	SBCI R27,HIGH(-@1)
                 	ST   X+,R30
                 	ST   X,R31
                 	.ENDM
                 
                 	.MACRO __PUTD1SN
                 	LDD  R26,Y+@0
                 	LDD  R27,Y+@0+1
                 	SUBI R26,LOW(-@1)
                 	SBCI R27,HIGH(-@1)
                 	CALL __PUTDP1
                 	.ENDM
                 
                 	.MACRO __PUTB1SNS
                 	LDD  R26,Y+@0
                 	LDD  R27,Y+@0+1
                 	ADIW R26,@1
                 	ST   X,R30
                 	.ENDM
                 
                 	.MACRO __PUTW1SNS
                 	LDD  R26,Y+@0
                 	LDD  R27,Y+@0+1
                 	ADIW R26,@1
                 	ST   X+,R30
                 	ST   X,R31
                 	.ENDM
                 
                 	.MACRO __PUTD1SNS
                 	LDD  R26,Y+@0
                 	LDD  R27,Y+@0+1
                 	ADIW R26,@1
                 	CALL __PUTDP1
                 	.ENDM
                 
                 	.MACRO __PUTB1PMN
                 	LDS  R26,@0
                 	LDS  R27,@0+1
                 	SUBI R26,LOW(-@1)
                 	SBCI R27,HIGH(-@1)
                 	ST   X,R30
                 	.ENDM
                 
                 	.MACRO __PUTW1PMN
                 	LDS  R26,@0
                 	LDS  R27,@0+1
                 	SUBI R26,LOW(-@1)
                 	SBCI R27,HIGH(-@1)
                 	ST   X+,R30
                 	ST   X,R31
                 	.ENDM
                 
                 	.MACRO __PUTD1PMN
                 	LDS  R26,@0
                 	LDS  R27,@0+1
                 	SUBI R26,LOW(-@1)
                 	SBCI R27,HIGH(-@1)
                 	CALL __PUTDP1
                 	.ENDM
                 
                 	.MACRO __PUTB1PMNS
                 	LDS  R26,@0
                 	LDS  R27,@0+1
                 	ADIW R26,@1
                 	ST   X,R30
                 	.ENDM
                 
                 	.MACRO __PUTW1PMNS
                 	LDS  R26,@0
                 	LDS  R27,@0+1
                 	ADIW R26,@1
                 	ST   X+,R30
                 	ST   X,R31
                 	.ENDM
                 
                 	.MACRO __PUTD1PMNS
                 	LDS  R26,@0
                 	LDS  R27,@0+1
                 	ADIW R26,@1
                 	CALL __PUTDP1
                 	.ENDM
                 
                 	.MACRO __PUTB1RN
                 	MOVW R26,R@0
                 	SUBI R26,LOW(-@1)
                 	SBCI R27,HIGH(-@1)
                 	ST   X,R30
                 	.ENDM
                 
                 	.MACRO __PUTW1RN
                 	MOVW R26,R@0
                 	SUBI R26,LOW(-@1)
                 	SBCI R27,HIGH(-@1)
                 	ST   X+,R30
                 	ST   X,R31
                 	.ENDM
                 
                 	.MACRO __PUTD1RN
                 	MOVW R26,R@0
                 	SUBI R26,LOW(-@1)
                 	SBCI R27,HIGH(-@1)
                 	CALL __PUTDP1
                 	.ENDM
                 
                 	.MACRO __PUTB1RNS
                 	MOVW R26,R@0
                 	ADIW R26,@1
                 	ST   X,R30
                 	.ENDM
                 
                 	.MACRO __PUTW1RNS
                 	MOVW R26,R@0
                 	ADIW R26,@1
                 	ST   X+,R30
                 	ST   X,R31
                 	.ENDM
                 
                 	.MACRO __PUTD1RNS
                 	MOVW R26,R@0
                 	ADIW R26,@1
                 	CALL __PUTDP1
                 	.ENDM
                 
                 	.MACRO __PUTB1RON
                 	MOV  R26,R@0
                 	MOV  R27,R@1
                 	SUBI R26,LOW(-@2)
                 	SBCI R27,HIGH(-@2)
                 	ST   X,R30
                 	.ENDM
                 
                 	.MACRO __PUTW1RON
                 	MOV  R26,R@0
                 	MOV  R27,R@1
                 	SUBI R26,LOW(-@2)
                 	SBCI R27,HIGH(-@2)
                 	ST   X+,R30
                 	ST   X,R31
                 	.ENDM
                 
                 	.MACRO __PUTD1RON
                 	MOV  R26,R@0
                 	MOV  R27,R@1
                 	SUBI R26,LOW(-@2)
                 	SBCI R27,HIGH(-@2)
                 	CALL __PUTDP1
                 	.ENDM
                 
                 	.MACRO __PUTB1RONS
                 	MOV  R26,R@0
                 	MOV  R27,R@1
                 	ADIW R26,@2
                 	ST   X,R30
                 	.ENDM
                 
                 	.MACRO __PUTW1RONS
                 	MOV  R26,R@0
                 	MOV  R27,R@1
                 	ADIW R26,@2
                 	ST   X+,R30
                 	ST   X,R31
                 	.ENDM
                 
                 	.MACRO __PUTD1RONS
                 	MOV  R26,R@0
                 	MOV  R27,R@1
                 	ADIW R26,@2
                 	CALL __PUTDP1
                 	.ENDM
                 
                 
                 	.MACRO __GETB1SX
                 	MOVW R30,R28
                 	SUBI R30,LOW(-@0)
                 	SBCI R31,HIGH(-@0)
                 	LD   R30,Z
                 	.ENDM
                 
                 	.MACRO __GETB1HSX
                 	MOVW R30,R28
                 	SUBI R30,LOW(-@0)
                 	SBCI R31,HIGH(-@0)
                 	LD   R31,Z
                 	.ENDM
                 
                 	.MACRO __GETW1SX
                 	MOVW R30,R28
                 	SUBI R30,LOW(-@0)
                 	SBCI R31,HIGH(-@0)
                 	LD   R0,Z+
                 	LD   R31,Z
                 	MOV  R30,R0
                 	.ENDM
                 
                 	.MACRO __GETD1SX
                 	MOVW R30,R28
                 	SUBI R30,LOW(-@0)
                 	SBCI R31,HIGH(-@0)
                 	LD   R0,Z+
                 	LD   R1,Z+
                 	LD   R22,Z+
                 	LD   R23,Z
                 	MOVW R30,R0
                 	.ENDM
                 
                 	.MACRO __GETB2SX
                 	MOVW R26,R28
                 	SUBI R26,LOW(-@0)
                 	SBCI R27,HIGH(-@0)
                 	LD   R26,X
                 	.ENDM
                 
                 	.MACRO __GETW2SX
                 	MOVW R26,R28
                 	SUBI R26,LOW(-@0)
                 	SBCI R27,HIGH(-@0)
                 	LD   R0,X+
                 	LD   R27,X
                 	MOV  R26,R0
                 	.ENDM
                 
                 	.MACRO __GETD2SX
                 	MOVW R26,R28
                 	SUBI R26,LOW(-@0)
                 	SBCI R27,HIGH(-@0)
                 	LD   R0,X+
                 	LD   R1,X+
                 	LD   R24,X+
                 	LD   R25,X
                 	MOVW R26,R0
                 	.ENDM
                 
                 	.MACRO __GETBRSX
                 	MOVW R30,R28
                 	SUBI R30,LOW(-@1)
                 	SBCI R31,HIGH(-@1)
                 	LD   R@0,Z
                 	.ENDM
                 
                 	.MACRO __GETWRSX
                 	MOVW R30,R28
                 	SUBI R30,LOW(-@2)
                 	SBCI R31,HIGH(-@2)
                 	LD   R@0,Z+
                 	LD   R@1,Z
                 	.ENDM
                 
                 	.MACRO __GETBRSX2
                 	MOVW R26,R28
                 	SUBI R26,LOW(-@1)
                 	SBCI R27,HIGH(-@1)
                 	LD   R@0,X
                 	.ENDM
                 
                 	.MACRO __GETWRSX2
                 	MOVW R26,R28
                 	SUBI R26,LOW(-@2)
                 	SBCI R27,HIGH(-@2)
                 	LD   R@0,X+
                 	LD   R@1,X
                 	.ENDM
                 
                 	.MACRO __LSLW8SX
                 	MOVW R30,R28
                 	SUBI R30,LOW(-@0)
                 	SBCI R31,HIGH(-@0)
                 	LD   R31,Z
                 	CLR  R30
                 	.ENDM
                 
                 	.MACRO __PUTB1SX
                 	MOVW R26,R28
                 	SUBI R26,LOW(-@0)
                 	SBCI R27,HIGH(-@0)
                 	ST   X,R30
                 	.ENDM
                 
                 	.MACRO __PUTW1SX
                 	MOVW R26,R28
                 	SUBI R26,LOW(-@0)
                 	SBCI R27,HIGH(-@0)
                 	ST   X+,R30
                 	ST   X,R31
                 	.ENDM
                 
                 	.MACRO __PUTD1SX
                 	MOVW R26,R28
                 	SUBI R26,LOW(-@0)
                 	SBCI R27,HIGH(-@0)
                 	ST   X+,R30
                 	ST   X+,R31
                 	ST   X+,R22
                 	ST   X,R23
                 	.ENDM
                 
                 	.MACRO __CLRW1SX
                 	MOVW R26,R28
                 	SUBI R26,LOW(-@0)
                 	SBCI R27,HIGH(-@0)
                 	ST   X+,R30
                 	ST   X,R30
                 	.ENDM
                 
                 	.MACRO __CLRD1SX
                 	MOVW R26,R28
                 	SUBI R26,LOW(-@0)
                 	SBCI R27,HIGH(-@0)
                 	ST   X+,R30
                 	ST   X+,R30
                 	ST   X+,R30
                 	ST   X,R30
                 	.ENDM
                 
                 	.MACRO __PUTB2SX
                 	MOVW R30,R28
                 	SUBI R30,LOW(-@0)
                 	SBCI R31,HIGH(-@0)
                 	ST   Z,R26
                 	.ENDM
                 
                 	.MACRO __PUTW2SX
                 	MOVW R30,R28
                 	SUBI R30,LOW(-@0)
                 	SBCI R31,HIGH(-@0)
                 	ST   Z+,R26
                 	ST   Z,R27
                 	.ENDM
                 
                 	.MACRO __PUTD2SX
                 	MOVW R30,R28
                 	SUBI R30,LOW(-@0)
                 	SBCI R31,HIGH(-@0)
                 	ST   Z+,R26
                 	ST   Z+,R27
                 	ST   Z+,R24
                 	ST   Z,R25
                 	.ENDM
                 
                 	.MACRO __PUTBSRX
                 	MOVW R30,R28
                 	SUBI R30,LOW(-@1)
                 	SBCI R31,HIGH(-@1)
                 	ST   Z,R@0
                 	.ENDM
                 
                 	.MACRO __PUTWSRX
                 	MOVW R30,R28
                 	SUBI R30,LOW(-@2)
                 	SBCI R31,HIGH(-@2)
                 	ST   Z+,R@0
                 	ST   Z,R@1
                 	.ENDM
                 
                 	.MACRO __PUTB1SNX
                 	MOVW R26,R28
                 	SUBI R26,LOW(-@0)
                 	SBCI R27,HIGH(-@0)
                 	LD   R0,X+
                 	LD   R27,X
                 	MOV  R26,R0
                 	SUBI R26,LOW(-@1)
                 	SBCI R27,HIGH(-@1)
                 	ST   X,R30
                 	.ENDM
                 
                 	.MACRO __PUTW1SNX
                 	MOVW R26,R28
                 	SUBI R26,LOW(-@0)
                 	SBCI R27,HIGH(-@0)
                 	LD   R0,X+
                 	LD   R27,X
                 	MOV  R26,R0
                 	SUBI R26,LOW(-@1)
                 	SBCI R27,HIGH(-@1)
                 	ST   X+,R30
                 	ST   X,R31
                 	.ENDM
                 
                 	.MACRO __PUTD1SNX
                 	MOVW R26,R28
                 	SUBI R26,LOW(-@0)
                 	SBCI R27,HIGH(-@0)
                 	LD   R0,X+
                 	LD   R27,X
                 	MOV  R26,R0
                 	SUBI R26,LOW(-@1)
                 	SBCI R27,HIGH(-@1)
                 	ST   X+,R30
                 	ST   X+,R31
                 	ST   X+,R22
                 	ST   X,R23
                 	.ENDM
                 
                 	.MACRO __MULBRR
                 	MULS R@0,R@1
                 	MOVW R30,R0
                 	.ENDM
                 
                 	.MACRO __MULBRRU
                 	MUL  R@0,R@1
                 	MOVW R30,R0
                 	.ENDM
                 
                 	.MACRO __MULBRR0
                 	MULS R@0,R@1
                 	.ENDM
                 
                 	.MACRO __MULBRRU0
                 	MUL  R@0,R@1
                 	.ENDM
                 
                 	.MACRO __MULBNWRU
                 	LDI  R26,@2
                 	MUL  R26,R@0
                 	MOVW R30,R0
                 	MUL  R26,R@1
                 	ADD  R31,R0
                 	.ENDM
                 
                 ;NAME DEFINITIONS FOR GLOBAL VARIABLES ALLOCATED TO REGISTERS
                 	.DEF _S=R4
                 	.DEF _S_msb=R5
                 	.DEF __lcd_x=R7
                 	.DEF __lcd_y=R6
                 	.DEF __lcd_maxx=R9
                 
                 	.CSEG
                 	.ORG 0x00
                 
                 ;START OF CODE MARKER
                 __START_OF_CODE:
                 
                 ;INTERRUPT VECTORS
000000 940c 0031 	JMP  __RESET
000002 940c 0000 	JMP  0x00
000004 940c 0000 	JMP  0x00
000006 940c 0000 	JMP  0x00
000008 940c 0000 	JMP  0x00
00000a 940c 0000 	JMP  0x00
00000c 940c 0000 	JMP  0x00
00000e 940c 0000 	JMP  0x00
000010 940c 0000 	JMP  0x00
000012 940c 0000 	JMP  0x00
000014 940c 0000 	JMP  0x00
000016 940c 0000 	JMP  0x00
000018 940c 0000 	JMP  0x00
00001a 940c 0000 	JMP  0x00
00001c 940c 0000 	JMP  0x00
00001e 940c 0000 	JMP  0x00
000020 940c 0000 	JMP  0x00
000022 940c 0000 	JMP  0x00
000024 940c 0000 	JMP  0x00
000026 940c 0000 	JMP  0x00
000028 940c 0000 	JMP  0x00
                 
                 _0x0:
00002a 5249
00002b 003a      	.DB  0x49,0x52,0x3A,0x0
                 _0x2000003:
00002c c080      	.DB  0x80,0xC0
                 
                 __GLOBAL_INI_TBL:
00002d 0002      	.DW  0x02
00002e 0160      	.DW  __base_y_G100
00002f 0058      	.DW  _0x2000003*2
                 
                 _0xFFFFFFFF:
000030 0000      	.DW  0
                 
                 #define __GLOBAL_INI_TBL_PRESENT 1
                 
                 __RESET:
000031 94f8      	CLI
000032 27ee      	CLR  R30
000033 bbec      	OUT  EECR,R30
                 
                 ;INTERRUPT VECTORS ARE PLACED
                 ;AT THE START OF FLASH
000034 e0f1      	LDI  R31,1
000035 bffb      	OUT  GICR,R31
000036 bfeb      	OUT  GICR,R30
000037 bfe5      	OUT  MCUCR,R30
                 
                 ;CLEAR R2-R14
000038 e08d      	LDI  R24,(14-2)+1
000039 e0a2      	LDI  R26,2
00003a 27bb      	CLR  R27
                 __CLEAR_REG:
00003b 93ed      	ST   X+,R30
00003c 958a      	DEC  R24
00003d f7e9      	BRNE __CLEAR_REG
                 
                 ;CLEAR SRAM
00003e e080      	LDI  R24,LOW(__CLEAR_SRAM_SIZE)
00003f e094      	LDI  R25,HIGH(__CLEAR_SRAM_SIZE)
000040 e6a0      	LDI  R26,__SRAM_START
                 __CLEAR_SRAM:
000041 93ed      	ST   X+,R30
000042 9701      	SBIW R24,1
000043 f7e9      	BRNE __CLEAR_SRAM
                 
                 ;GLOBAL VARIABLES INITIALIZATION
000044 e5ea      	LDI  R30,LOW(__GLOBAL_INI_TBL*2)
000045 e0f0      	LDI  R31,HIGH(__GLOBAL_INI_TBL*2)
                 __GLOBAL_INI_NEXT:
000046 9185      	LPM  R24,Z+
000047 9195      	LPM  R25,Z+
000048 9700      	SBIW R24,0
000049 f061      	BREQ __GLOBAL_INI_END
00004a 91a5      	LPM  R26,Z+
00004b 91b5      	LPM  R27,Z+
00004c 9005      	LPM  R0,Z+
00004d 9015      	LPM  R1,Z+
00004e 01bf      	MOVW R22,R30
00004f 01f0      	MOVW R30,R0
                 __GLOBAL_INI_LOOP:
000050 9005      	LPM  R0,Z+
000051 920d      	ST   X+,R0
000052 9701      	SBIW R24,1
000053 f7e1      	BRNE __GLOBAL_INI_LOOP
000054 01fb      	MOVW R30,R22
000055 cff0      	RJMP __GLOBAL_INI_NEXT
                 __GLOBAL_INI_END:
                 
                 ;HARDWARE STACK POINTER INITIALIZATION
000056 e5ef      	LDI  R30,LOW(__SRAM_END-__HEAP_SIZE)
000057 bfed      	OUT  SPL,R30
000058 e0e4      	LDI  R30,HIGH(__SRAM_END-__HEAP_SIZE)
000059 bfee      	OUT  SPH,R30
                 
                 ;DATA STACK POINTER INITIALIZATION
00005a e6c0      	LDI  R28,LOW(__SRAM_START+__DSTACK_SIZE)
00005b e0d1      	LDI  R29,HIGH(__SRAM_START+__DSTACK_SIZE)
                 
00005c 940c 00c9 	JMP  _main
                 
                 	.ESEG
                 	.ORG 0
                 
                 	.DSEG
                 	.ORG 0x160
                 
                 	.CSEG
                 ;/*******************************************************
                 ;This program was created by the
                 ;CodeWizardAVR V3.12 Advanced
                 ;Automatic Program Generator
                 ;© Copyright 1998-2014 Pavel Haiduc, HP InfoTech s.r.l.
                 ;http://www.hpinfotech.com
                 ;
                 ;Project :
                 ;Version :
                 ;Date    : 28/02/2018
                 ;Author  :
                 ;Company :
                 ;Comments:
                 ;
                 ;
                 ;Chip type               : ATmega16A
                 ;Program type            : Application
                 ;AVR Core Clock frequency: 8/000000 MHz
                 ;Memory model            : Small
                 ;External RAM size       : 0
                 ;Data Stack size         : 256
                 ;*******************************************************/
                 ;
                 ;#include <mega16a.h>
                 	#ifndef __SLEEP_DEFINED__
                 	#define __SLEEP_DEFINED__
                 	.EQU __se_bit=0x40
                 	.EQU __sm_mask=0xB0
                 	.EQU __sm_powerdown=0x20
                 	.EQU __sm_powersave=0x30
                 	.EQU __sm_standby=0xA0
                 	.EQU __sm_ext_standby=0xB0
                 	.EQU __sm_adc_noise_red=0x10
                 	.SET power_ctrl_reg=mcucr
                 	#endif
                 ;
                 ;#include <delay.h>
                 ;
                 ;// Alphanumeric LCD functions
                 ;#include <alcd.h>
                 ;
                 ;// Declare your global variables here
                 ;
                 ;// Voltage Reference: AVCC pin
                 ;#define ADC_VREF_TYPE ((0<<REFS1) | (1<<REFS0) | (0<<ADLAR))
                 ;
                 ;// Read the AD conversion result
                 ;unsigned int read_adc(unsigned char adc_input)
                 ; 0000 0026 {
                 
                 	.CSEG
                 _read_adc:
                 ; .FSTART _read_adc
                 ; 0000 0027 ADMUX=adc_input | ADC_VREF_TYPE;
00005e 93aa      	ST   -Y,R26
                 ;	adc_input -> Y+0
00005f 81e8      	LD   R30,Y
000060 64e0      	ORI  R30,0x40
000061 b9e7      	OUT  0x7,R30
                 ; 0000 0028 // Delay needed for the stabilization of the ADC input voltage
                 ; 0000 0029 delay_us(10);
                +
000062 e18b     +LDI R24 , LOW ( 27 )
                +__DELAY_USB_LOOP :
000063 958a     +DEC R24
000064 f7f1     +BRNE __DELAY_USB_LOOP
                 	__DELAY_USB 27
                 ; 0000 002A // Start the AD conversion
                 ; 0000 002B ADCSRA|=(1<<ADSC);
000065 9a36      	SBI  0x6,6
                 ; 0000 002C // Wait for the AD conversion to complete
                 ; 0000 002D while ((ADCSRA & (1<<ADIF))==0);
                 _0x3:
000066 9b34      	SBIS 0x6,4
000067 cffe      	RJMP _0x3
                 ; 0000 002E ADCSRA|=(1<<ADIF);
000068 9a34      	SBI  0x6,4
                 ; 0000 002F return ADCW;
000069 b1e4      	IN   R30,0x4
00006a b1f5      	IN   R31,0x4+1
00006b c140      	RJMP _0x2020001
                 ; 0000 0030 }
                 ; .FEND
                 ;int S;
                 ;void read()
                 ; 0000 0033     {
                 _read:
                 ; .FSTART _read
                 ; 0000 0034     S=read_adc(7);
00006c e0a7      	LDI  R26,LOW(7)
00006d dff0      	RCALL _read_adc
00006e 012f      	MOVW R4,R30
                 ; 0000 0035     lcd_gotoxy(5,0);
00006f e0e5      	LDI  R30,LOW(5)
000070 93ea      	ST   -Y,R30
000071 e0a0      	LDI  R26,LOW(0)
000072 d0d1      	RCALL _lcd_gotoxy
                 ; 0000 0036     lcd_putchar((S/100)%10+'0');
000073 01d2      	MOVW R26,R4
000074 e6e4      	LDI  R30,LOW(100)
000075 e0f0      	LDI  R31,HIGH(100)
000076 d137      	RCALL SUBOPT_0x0
                 ; 0000 0037     lcd_putchar((S/10)%10+'0');
000077 d136      	RCALL SUBOPT_0x0
                 ; 0000 0038     lcd_putchar((S/1)%10+'0');
000078 940e 01ee 	CALL __MODW21
00007a 5de0      	SUBI R30,-LOW(48)
00007b 2fae      	MOV  R26,R30
00007c d0de      	RCALL _lcd_putchar
                 ; 0000 0039 
                 ; 0000 003A     lcd_gotoxy(0,0);
00007d e0e0      	LDI  R30,LOW(0)
00007e 93ea      	ST   -Y,R30
00007f e0a0      	LDI  R26,LOW(0)
000080 d0c3      	RCALL _lcd_gotoxy
                 ; 0000 003B     lcd_putsf("IR:");
                +
000081 e5a4     +LDI R26 , LOW ( 2 * _0x0 + ( 0 ) )
000082 e0b0     +LDI R27 , HIGH ( 2 * _0x0 + ( 0 ) )
                 	__POINTW2FN _0x0,0
000083 d0ec      	RCALL _lcd_putsf
                 ; 0000 003C     if(PINB.0==1)          lcd_putchar('0');
000084 9bb0      	SBIS 0x16,0
000085 c002      	RJMP _0x6
000086 e3a0      	LDI  R26,LOW(48)
000087 c01b      	RJMP _0x38
                 ; 0000 003D     else if(PINB.1==1)     lcd_putchar('1');
                 _0x6:
000088 9bb1      	SBIS 0x16,1
000089 c002      	RJMP _0x8
00008a e3a1      	LDI  R26,LOW(49)
00008b c017      	RJMP _0x38
                 ; 0000 003E     else if(PINB.2==1)     lcd_putchar('2');
                 _0x8:
00008c 9bb2      	SBIS 0x16,2
00008d c002      	RJMP _0xA
00008e e3a2      	LDI  R26,LOW(50)
00008f c013      	RJMP _0x38
                 ; 0000 003F     else if(PINB.3==1)     lcd_putchar('3');
                 _0xA:
000090 9bb3      	SBIS 0x16,3
000091 c002      	RJMP _0xC
000092 e3a3      	LDI  R26,LOW(51)
000093 c00f      	RJMP _0x38
                 ; 0000 0040     else if(PINB.4==1)     lcd_putchar('4');
                 _0xC:
000094 9bb4      	SBIS 0x16,4
000095 c002      	RJMP _0xE
000096 e3a4      	LDI  R26,LOW(52)
000097 c00b      	RJMP _0x38
                 ; 0000 0041     else if(PINB.5==1)     lcd_putchar('5');
                 _0xE:
000098 9bb5      	SBIS 0x16,5
000099 c002      	RJMP _0x10
00009a e3a5      	LDI  R26,LOW(53)
00009b c007      	RJMP _0x38
                 ; 0000 0042     else if(PINB.6==1)     lcd_putchar('6');
                 _0x10:
00009c 9bb6      	SBIS 0x16,6
00009d c002      	RJMP _0x12
00009e e3a6      	LDI  R26,LOW(54)
00009f c003      	RJMP _0x38
                 ; 0000 0043     else if(PINB.7==1)     lcd_putchar('7');
                 _0x12:
0000a0 9bb7      	SBIS 0x16,7
0000a1 c002      	RJMP _0x14
0000a2 e3a7      	LDI  R26,LOW(55)
                 _0x38:
0000a3 d0b7      	RCALL _lcd_putchar
                 ; 0000 0044 
                 ; 0000 0045     }
                 _0x14:
0000a4 9508      	RET
                 ; .FEND
                 ;void motor(int L,int R)
                 ; 0000 0047     {
                 _motor:
                 ; .FSTART _motor
                 ; 0000 0048     if(L>=0)
0000a5 93ba      	ST   -Y,R27
0000a6 93aa      	ST   -Y,R26
                 ;	L -> Y+2
                 ;	R -> Y+0
0000a7 81ab      	LDD  R26,Y+3
0000a8 23aa      	TST  R26
0000a9 f02a      	BRMI _0x15
                 ; 0000 0049         {
                 ; 0000 004A         PORTD.2=1;
0000aa 9a92      	SBI  0x12,2
                 ; 0000 004B         PORTD.3=0;
0000ab 9893      	CBI  0x12,3
                 ; 0000 004C         OCR1A=L;
0000ac 81ea      	LDD  R30,Y+2
0000ad 81fb      	LDD  R31,Y+2+1
0000ae c006      	RJMP _0x39
                 ; 0000 004D         }
                 ; 0000 004E     else
                 _0x15:
                 ; 0000 004F         {
                 ; 0000 0050         PORTD.2=0;
0000af 9892      	CBI  0x12,2
                 ; 0000 0051         PORTD.3=1;
0000b0 9a93      	SBI  0x12,3
                 ; 0000 0052         OCR1A=-L;
0000b1 81ea      	LDD  R30,Y+2
0000b2 81fb      	LDD  R31,Y+2+1
0000b3 940e 01d2 	CALL __ANEGW1
                 _0x39:
0000b5 bdfb      	OUT  0x2A+1,R31
0000b6 bdea      	OUT  0x2A,R30
                 ; 0000 0053         }
                 ; 0000 0054     if(R>=0)
0000b7 81a9      	LDD  R26,Y+1
0000b8 23aa      	TST  R26
0000b9 f02a      	BRMI _0x1F
                 ; 0000 0055         {
                 ; 0000 0056         PORTD.0=1;
0000ba 9a90      	SBI  0x12,0
                 ; 0000 0057         PORTD.1=0;
0000bb 9891      	CBI  0x12,1
                 ; 0000 0058         OCR1B=R;
0000bc 81e8      	LD   R30,Y
0000bd 81f9      	LDD  R31,Y+1
0000be c006      	RJMP _0x3A
                 ; 0000 0059         }
                 ; 0000 005A     else
                 _0x1F:
                 ; 0000 005B         {
                 ; 0000 005C         PORTD.0=0;
0000bf 9890      	CBI  0x12,0
                 ; 0000 005D         PORTD.1=1;
0000c0 9a91      	SBI  0x12,1
                 ; 0000 005E         OCR1B=-R;
0000c1 81e8      	LD   R30,Y
0000c2 81f9      	LDD  R31,Y+1
0000c3 940e 01d2 	CALL __ANEGW1
                 _0x3A:
0000c5 bdf9      	OUT  0x28+1,R31
0000c6 bde8      	OUT  0x28,R30
                 ; 0000 005F         }
                 ; 0000 0060 
                 ; 0000 0061     }
0000c7 9624      	ADIW R28,4
0000c8 9508      	RET
                 ; .FEND
                 ;
                 ;void turn()
                 ; 0000 0064     {
                 ; 0000 0065     motor(0,0);
                 ; 0000 0066     delay_ms(500);
                 ; 0000 0067     motor(-255,255);
                 ; 0000 0068     delay_ms(1000);
                 ; 0000 0069     motor(0,0);
                 ; 0000 006A     }
                 ;void main(void)
                 ; 0000 006C {
                 _main:
                 ; .FSTART _main
                 ; 0000 006D // Declare your local variables here
                 ; 0000 006E 
                 ; 0000 006F // Input/Output Ports initialization
                 ; 0000 0070 // Port A initialization
                 ; 0000 0071 // Function: Bit7=In Bit6=In Bit5=In Bit4=In Bit3=In Bit2=In Bit1=In Bit0=In
                 ; 0000 0072 DDRA=(0<<DDA7) | (0<<DDA6) | (0<<DDA5) | (0<<DDA4) | (0<<DDA3) | (0<<DDA2) | (0<<DDA1) | (0<<DDA0);
0000c9 e0e0      	LDI  R30,LOW(0)
0000ca bbea      	OUT  0x1A,R30
                 ; 0000 0073 // State: Bit7=T Bit6=T Bit5=T Bit4=T Bit3=T Bit2=T Bit1=T Bit0=T
                 ; 0000 0074 PORTA=(0<<PORTA7) | (0<<PORTA6) | (0<<PORTA5) | (0<<PORTA4) | (0<<PORTA3) | (0<<PORTA2) | (0<<PORTA1) | (0<<PORTA0);
0000cb bbeb      	OUT  0x1B,R30
                 ; 0000 0075 
                 ; 0000 0076 // Port B initialization
                 ; 0000 0077 // Function: Bit7=In Bit6=In Bit5=In Bit4=In Bit3=In Bit2=In Bit1=In Bit0=In
                 ; 0000 0078 DDRB=(0<<DDB7) | (0<<DDB6) | (0<<DDB5) | (0<<DDB4) | (0<<DDB3) | (0<<DDB2) | (0<<DDB1) | (0<<DDB0);
0000cc bbe7      	OUT  0x17,R30
                 ; 0000 0079 // State: Bit7=T Bit6=T Bit5=T Bit4=T Bit3=T Bit2=T Bit1=T Bit0=T
                 ; 0000 007A PORTB=(0<<PORTB7) | (0<<PORTB6) | (0<<PORTB5) | (0<<PORTB4) | (0<<PORTB3) | (0<<PORTB2) | (0<<PORTB1) | (0<<PORTB0);
0000cd bbe8      	OUT  0x18,R30
                 ; 0000 007B 
                 ; 0000 007C // Port C initialization
                 ; 0000 007D // Function: Bit7=In Bit6=In Bit5=In Bit4=In Bit3=In Bit2=In Bit1=In Bit0=In
                 ; 0000 007E DDRC=(0<<DDC7) | (0<<DDC6) | (0<<DDC5) | (0<<DDC4) | (0<<DDC3) | (0<<DDC2) | (0<<DDC1) | (0<<DDC0);
0000ce bbe4      	OUT  0x14,R30
                 ; 0000 007F // State: Bit7=T Bit6=T Bit5=T Bit4=T Bit3=T Bit2=T Bit1=T Bit0=T
                 ; 0000 0080 PORTC=(0<<PORTC7) | (0<<PORTC6) | (0<<PORTC5) | (0<<PORTC4) | (0<<PORTC3) | (0<<PORTC2) | (0<<PORTC1) | (0<<PORTC0);
0000cf bbe5      	OUT  0x15,R30
                 ; 0000 0081 
                 ; 0000 0082 // Port D initialization
                 ; 0000 0083 // Function: Bit7=Out Bit6=Out Bit5=Out Bit4=Out Bit3=Out Bit2=Out Bit1=Out Bit0=Out
                 ; 0000 0084 DDRD=(1<<DDD7) | (1<<DDD6) | (1<<DDD5) | (1<<DDD4) | (1<<DDD3) | (1<<DDD2) | (1<<DDD1) | (1<<DDD0);
0000d0 efef      	LDI  R30,LOW(255)
0000d1 bbe1      	OUT  0x11,R30
                 ; 0000 0085 // State: Bit7=0 Bit6=0 Bit5=0 Bit4=0 Bit3=0 Bit2=0 Bit1=0 Bit0=0
                 ; 0000 0086 PORTD=(0<<PORTD7) | (0<<PORTD6) | (0<<PORTD5) | (0<<PORTD4) | (0<<PORTD3) | (0<<PORTD2) | (0<<PORTD1) | (0<<PORTD0);
0000d2 e0e0      	LDI  R30,LOW(0)
0000d3 bbe2      	OUT  0x12,R30
                 ; 0000 0087 
                 ; 0000 0088 // Timer/Counter 0 initialization
                 ; 0000 0089 // Clock source: System Clock
                 ; 0000 008A // Clock value: Timer 0 Stopped
                 ; 0000 008B // Mode: Normal top=0xFF
                 ; 0000 008C // OC0 output: Disconnected
                 ; 0000 008D TCCR0=(0<<WGM00) | (0<<COM01) | (0<<COM00) | (0<<WGM01) | (0<<CS02) | (0<<CS01) | (0<<CS00);
0000d4 bfe3      	OUT  0x33,R30
                 ; 0000 008E TCNT0=0x00;
0000d5 bfe2      	OUT  0x32,R30
                 ; 0000 008F OCR0=0x00;
0000d6 bfec      	OUT  0x3C,R30
                 ; 0000 0090 
                 ; 0000 0091 // Timer/Counter 1 initialization
                 ; 0000 0092 // Clock source: System Clock
                 ; 0000 0093 // Clock value: 125/000 kHz
                 ; 0000 0094 // Mode: Fast PWM top=0x00FF
                 ; 0000 0095 // OC1A output: Non-Inverted PWM
                 ; 0000 0096 // OC1B output: Non-Inverted PWM
                 ; 0000 0097 // Noise Canceler: Off
                 ; 0000 0098 // Input Capture on Falling Edge
                 ; 0000 0099 // Timer Period: 2/048 ms
                 ; 0000 009A // Output Pulse(s):
                 ; 0000 009B // OC1A Period: 2/048 ms Width: 0 us// OC1B Period: 2/048 ms Width: 0 us
                 ; 0000 009C // Timer1 Overflow Interrupt: Off
                 ; 0000 009D // Input Capture Interrupt: Off
                 ; 0000 009E // Compare A Match Interrupt: Off
                 ; 0000 009F // Compare B Match Interrupt: Off
                 ; 0000 00A0 TCCR1A=(1<<COM1A1) | (0<<COM1A0) | (1<<COM1B1) | (0<<COM1B0) | (0<<WGM11) | (1<<WGM10);
0000d7 eae1      	LDI  R30,LOW(161)
0000d8 bdef      	OUT  0x2F,R30
                 ; 0000 00A1 TCCR1B=(0<<ICNC1) | (0<<ICES1) | (0<<WGM13) | (1<<WGM12) | (0<<CS12) | (1<<CS11) | (1<<CS10);
0000d9 e0eb      	LDI  R30,LOW(11)
0000da bdee      	OUT  0x2E,R30
                 ; 0000 00A2 TCNT1H=0x00;
0000db e0e0      	LDI  R30,LOW(0)
0000dc bded      	OUT  0x2D,R30
                 ; 0000 00A3 TCNT1L=0x00;
0000dd bdec      	OUT  0x2C,R30
                 ; 0000 00A4 ICR1H=0x00;
0000de bde7      	OUT  0x27,R30
                 ; 0000 00A5 ICR1L=0x00;
0000df bde6      	OUT  0x26,R30
                 ; 0000 00A6 OCR1AH=0x00;
0000e0 bdeb      	OUT  0x2B,R30
                 ; 0000 00A7 OCR1AL=0x00;
0000e1 bdea      	OUT  0x2A,R30
                 ; 0000 00A8 OCR1BH=0x00;
0000e2 bde9      	OUT  0x29,R30
                 ; 0000 00A9 OCR1BL=0x00;
0000e3 bde8      	OUT  0x28,R30
                 ; 0000 00AA 
                 ; 0000 00AB // Timer/Counter 2 initialization
                 ; 0000 00AC // Clock source: System Clock
                 ; 0000 00AD // Clock value: Timer2 Stopped
                 ; 0000 00AE // Mode: Normal top=0xFF
                 ; 0000 00AF // OC2 output: Disconnected
                 ; 0000 00B0 ASSR=0<<AS2;
0000e4 bde2      	OUT  0x22,R30
                 ; 0000 00B1 TCCR2=(0<<PWM2) | (0<<COM21) | (0<<COM20) | (0<<CTC2) | (0<<CS22) | (0<<CS21) | (0<<CS20);
0000e5 bde5      	OUT  0x25,R30
                 ; 0000 00B2 TCNT2=0x00;
0000e6 bde4      	OUT  0x24,R30
                 ; 0000 00B3 OCR2=0x00;
0000e7 bde3      	OUT  0x23,R30
                 ; 0000 00B4 
                 ; 0000 00B5 // Timer(s)/Counter(s) Interrupt(s) initialization
                 ; 0000 00B6 TIMSK=(0<<OCIE2) | (0<<TOIE2) | (0<<TICIE1) | (0<<OCIE1A) | (0<<OCIE1B) | (0<<TOIE1) | (0<<OCIE0) | (0<<TOIE0);
0000e8 bfe9      	OUT  0x39,R30
                 ; 0000 00B7 
                 ; 0000 00B8 // External Interrupt(s) initialization
                 ; 0000 00B9 // INT0: Off
                 ; 0000 00BA // INT1: Off
                 ; 0000 00BB // INT2: Off
                 ; 0000 00BC MCUCR=(0<<ISC11) | (0<<ISC10) | (0<<ISC01) | (0<<ISC00);
0000e9 bfe5      	OUT  0x35,R30
                 ; 0000 00BD MCUCSR=(0<<ISC2);
0000ea bfe4      	OUT  0x34,R30
                 ; 0000 00BE 
                 ; 0000 00BF // USART initialization
                 ; 0000 00C0 // USART disabled
                 ; 0000 00C1 UCSRB=(0<<RXCIE) | (0<<TXCIE) | (0<<UDRIE) | (0<<RXEN) | (0<<TXEN) | (0<<UCSZ2) | (0<<RXB8) | (0<<TXB8);
0000eb b9ea      	OUT  0xA,R30
                 ; 0000 00C2 
                 ; 0000 00C3 // Analog Comparator initialization
                 ; 0000 00C4 // Analog Comparator: Off
                 ; 0000 00C5 // The Analog Comparator's positive input is
                 ; 0000 00C6 // connected to the AIN0 pin
                 ; 0000 00C7 // The Analog Comparator's negative input is
                 ; 0000 00C8 // connected to the AIN1 pin
                 ; 0000 00C9 ACSR=(1<<ACD) | (0<<ACBG) | (0<<ACO) | (0<<ACI) | (0<<ACIE) | (0<<ACIC) | (0<<ACIS1) | (0<<ACIS0);
0000ec e8e0      	LDI  R30,LOW(128)
0000ed b9e8      	OUT  0x8,R30
                 ; 0000 00CA 
                 ; 0000 00CB // ADC initialization
                 ; 0000 00CC // ADC Clock frequency: 62/500 kHz
                 ; 0000 00CD // ADC Voltage Reference: AVCC pin
                 ; 0000 00CE // ADC Auto Trigger Source: ADC Stopped
                 ; 0000 00CF ADMUX=ADC_VREF_TYPE;
0000ee e4e0      	LDI  R30,LOW(64)
0000ef b9e7      	OUT  0x7,R30
                 ; 0000 00D0 ADCSRA=(1<<ADEN) | (0<<ADSC) | (0<<ADATE) | (0<<ADIF) | (0<<ADIE) | (1<<ADPS2) | (1<<ADPS1) | (1<<ADPS0);
0000f0 e8e7      	LDI  R30,LOW(135)
0000f1 b9e6      	OUT  0x6,R30
                 ; 0000 00D1 SFIOR=(0<<ADTS2) | (0<<ADTS1) | (0<<ADTS0);
0000f2 e0e0      	LDI  R30,LOW(0)
0000f3 bfe0      	OUT  0x30,R30
                 ; 0000 00D2 
                 ; 0000 00D3 // SPI initialization
                 ; 0000 00D4 // SPI disabled
                 ; 0000 00D5 SPCR=(0<<SPIE) | (0<<SPE) | (0<<DORD) | (0<<MSTR) | (0<<CPOL) | (0<<CPHA) | (0<<SPR1) | (0<<SPR0);
0000f4 b9ed      	OUT  0xD,R30
                 ; 0000 00D6 
                 ; 0000 00D7 // TWI initialization
                 ; 0000 00D8 // TWI disabled
                 ; 0000 00D9 TWCR=(0<<TWEA) | (0<<TWSTA) | (0<<TWSTO) | (0<<TWEN) | (0<<TWIE);
0000f5 bfe6      	OUT  0x36,R30
                 ; 0000 00DA 
                 ; 0000 00DB // Alphanumeric LCD initialization
                 ; 0000 00DC // Connections are specified in the
                 ; 0000 00DD // Project|Configure|C Compiler|Libraries|Alphanumeric LCD menu:
                 ; 0000 00DE // RS - PORTC Bit 0
                 ; 0000 00DF // RD - PORTC Bit 1
                 ; 0000 00E0 // EN - PORTC Bit 2
                 ; 0000 00E1 // D4 - PORTC Bit 4
                 ; 0000 00E2 // D5 - PORTC Bit 5
                 ; 0000 00E3 // D6 - PORTC Bit 6
                 ; 0000 00E4 // D7 - PORTC Bit 7
                 ; 0000 00E5 // Characters/line: 16
                 ; 0000 00E6 lcd_init(16);
0000f6 e1a0      	LDI  R26,LOW(16)
0000f7 d08b      	RCALL _lcd_init
                 ; 0000 00E7 
                 ; 0000 00E8 while (1)
                 _0x29:
                 ; 0000 00E9       {
                 ; 0000 00EA       // Place your code here
                 ; 0000 00EB       read();
0000f8 df73      	RCALL _read
                 ; 0000 00EC 
                 ; 0000 00ED       //if(S>300)   turn();
                 ; 0000 00EE       if(PINB.0==1)   motor(255,255);
0000f9 9bb0      	SBIS 0x16,0
0000fa c003      	RJMP _0x2C
0000fb efef      	LDI  R30,LOW(255)
0000fc e0f0      	LDI  R31,HIGH(255)
0000fd c01f      	RJMP _0x3B
                 ; 0000 00EF       else if(PINB.1==1)   motor(255,0);
                 _0x2C:
0000fe 9bb1      	SBIS 0x16,1
0000ff c006      	RJMP _0x2E
000100 efef      	LDI  R30,LOW(255)
000101 e0f0      	LDI  R31,HIGH(255)
000102 93fa      	ST   -Y,R31
000103 93ea      	ST   -Y,R30
000104 e0a0      	LDI  R26,LOW(0)
000105 c01a      	RJMP _0x3C
                 ; 0000 00F0       else if(PINB.3==1)   motor(255,-100);
                 _0x2E:
000106 9bb3      	SBIS 0x16,3
000107 c007      	RJMP _0x30
000108 efef      	LDI  R30,LOW(255)
000109 e0f0      	LDI  R31,HIGH(255)
00010a 93fa      	ST   -Y,R31
00010b 93ea      	ST   -Y,R30
00010c e9ac      	LDI  R26,LOW(65436)
00010d efbf      	LDI  R27,HIGH(65436)
00010e c012      	RJMP _0x3D
                 ; 0000 00F1 //    else if(PINB.5==1)   motor(255,-255);
                 ; 0000 00F2       else if(PINB.2==1)   motor(0,255);
                 _0x30:
00010f 9bb2      	SBIS 0x16,2
000110 c003      	RJMP _0x32
000111 e0e0      	LDI  R30,LOW(0)
000112 e0f0      	LDI  R31,HIGH(0)
000113 c009      	RJMP _0x3B
                 ; 0000 00F3       else if(PINB.4==1)   motor(-100,255);
                 _0x32:
000114 9bb4      	SBIS 0x16,4
000115 c003      	RJMP _0x34
000116 e9ec      	LDI  R30,LOW(65436)
000117 efff      	LDI  R31,HIGH(65436)
000118 c004      	RJMP _0x3B
                 ; 0000 00F4       else if(PINB.6==1)   motor(-255,255);
                 _0x34:
000119 9bb6      	SBIS 0x16,6
00011a c007      	RJMP _0x36
00011b e0e1      	LDI  R30,LOW(65281)
00011c efff      	LDI  R31,HIGH(65281)
                 _0x3B:
00011d 93fa      	ST   -Y,R31
00011e 93ea      	ST   -Y,R30
00011f efaf      	LDI  R26,LOW(255)
                 _0x3C:
000120 e0b0      	LDI  R27,0
                 _0x3D:
000121 df83      	RCALL _motor
                 ; 0000 00F5 
                 ; 0000 00F6 
                 ; 0000 00F7       //else  motor(0,0);
                 ; 0000 00F8       }
                 _0x36:
000122 cfd5      	RJMP _0x29
                 ; 0000 00F9 }
                 _0x37:
000123 cfff      	RJMP _0x37
                 ; .FEND
                 	#ifndef __SLEEP_DEFINED__
                 	#endif
                 
                 	.DSEG
                 
                 	.CSEG
                 __lcd_write_nibble_G100:
                 ; .FSTART __lcd_write_nibble_G100
000124 93aa      	ST   -Y,R26
000125 b3e5      	IN   R30,0x15
000126 70ef      	ANDI R30,LOW(0xF)
000127 2fae      	MOV  R26,R30
000128 81e8      	LD   R30,Y
000129 7fe0      	ANDI R30,LOW(0xF0)
00012a 2bea      	OR   R30,R26
00012b bbe5      	OUT  0x15,R30
                +
00012c e08d     +LDI R24 , LOW ( 13 )
                +__DELAY_USB_LOOP :
00012d 958a     +DEC R24
00012e f7f1     +BRNE __DELAY_USB_LOOP
                 	__DELAY_USB 13
00012f 9aaa      	SBI  0x15,2
                +
000130 e08d     +LDI R24 , LOW ( 13 )
                +__DELAY_USB_LOOP :
000131 958a     +DEC R24
000132 f7f1     +BRNE __DELAY_USB_LOOP
                 	__DELAY_USB 13
000133 98aa      	CBI  0x15,2
                +
000134 e08d     +LDI R24 , LOW ( 13 )
                +__DELAY_USB_LOOP :
000135 958a     +DEC R24
000136 f7f1     +BRNE __DELAY_USB_LOOP
                 	__DELAY_USB 13
000137 c074      	RJMP _0x2020001
                 ; .FEND
                 __lcd_write_data:
                 ; .FSTART __lcd_write_data
000138 93aa      	ST   -Y,R26
000139 81a8      	LD   R26,Y
00013a dfe9      	RCALL __lcd_write_nibble_G100
00013b 81e8          ld    r30,y
00013c 95e2          swap  r30
00013d 83e8          st    y,r30
00013e 81a8      	LD   R26,Y
00013f dfe4      	RCALL __lcd_write_nibble_G100
                +
000140 e885     +LDI R24 , LOW ( 133 )
                +__DELAY_USB_LOOP :
000141 958a     +DEC R24
000142 f7f1     +BRNE __DELAY_USB_LOOP
                 	__DELAY_USB 133
000143 c068      	RJMP _0x2020001
                 ; .FEND
                 _lcd_gotoxy:
                 ; .FSTART _lcd_gotoxy
000144 93aa      	ST   -Y,R26
000145 81e8      	LD   R30,Y
000146 e0f0      	LDI  R31,0
000147 5ae0      	SUBI R30,LOW(-__base_y_G100)
000148 4ffe      	SBCI R31,HIGH(-__base_y_G100)
000149 81e0      	LD   R30,Z
00014a 81a9      	LDD  R26,Y+1
00014b 0fae      	ADD  R26,R30
00014c dfeb      	RCALL __lcd_write_data
00014d 8079      	LDD  R7,Y+1
00014e 8068      	LDD  R6,Y+0
00014f 9622      	ADIW R28,2
000150 9508      	RET
                 ; .FEND
                 _lcd_clear:
                 ; .FSTART _lcd_clear
000151 e0a2      	LDI  R26,LOW(2)
000152 d069      	RCALL SUBOPT_0x1
000153 e0ac      	LDI  R26,LOW(12)
000154 dfe3      	RCALL __lcd_write_data
000155 e0a1      	LDI  R26,LOW(1)
000156 d065      	RCALL SUBOPT_0x1
000157 e0e0      	LDI  R30,LOW(0)
000158 2e6e      	MOV  R6,R30
000159 2e7e      	MOV  R7,R30
00015a 9508      	RET
                 ; .FEND
                 _lcd_putchar:
                 ; .FSTART _lcd_putchar
00015b 93aa      	ST   -Y,R26
00015c 81a8      	LD   R26,Y
00015d 30aa      	CPI  R26,LOW(0xA)
00015e f011      	BREQ _0x2000005
00015f 1479      	CP   R7,R9
000160 f048      	BRLO _0x2000004
                 _0x2000005:
000161 e0e0      	LDI  R30,LOW(0)
000162 93ea      	ST   -Y,R30
000163 9463      	INC  R6
000164 2da6      	MOV  R26,R6
000165 dfde      	RCALL _lcd_gotoxy
000166 81a8      	LD   R26,Y
000167 30aa      	CPI  R26,LOW(0xA)
000168 f409      	BRNE _0x2000007
000169 c042      	RJMP _0x2020001
                 _0x2000007:
                 _0x2000004:
00016a 9473      	INC  R7
00016b 9aa8      	SBI  0x15,0
00016c 81a8      	LD   R26,Y
00016d dfca      	RCALL __lcd_write_data
00016e 98a8      	CBI  0x15,0
00016f c03c      	RJMP _0x2020001
                 ; .FEND
                 _lcd_putsf:
                 ; .FSTART _lcd_putsf
000170 93ba      	ST   -Y,R27
000171 93aa      	ST   -Y,R26
000172 931a      	ST   -Y,R17
                 _0x200000B:
000173 81e9      	LDD  R30,Y+1
000174 81fa      	LDD  R31,Y+1+1
000175 9631      	ADIW R30,1
000176 83e9      	STD  Y+1,R30
000177 83fa      	STD  Y+1+1,R31
000178 9731      	SBIW R30,1
000179 91e4      	LPM  R30,Z
00017a 2f1e      	MOV  R17,R30
00017b 30e0      	CPI  R30,0
00017c f019      	BREQ _0x200000D
00017d 2fa1      	MOV  R26,R17
00017e dfdc      	RCALL _lcd_putchar
00017f cff3      	RJMP _0x200000B
                 _0x200000D:
000180 8118      	LDD  R17,Y+0
000181 9623      	ADIW R28,3
000182 9508      	RET
                 ; .FEND
                 _lcd_init:
                 ; .FSTART _lcd_init
000183 93aa      	ST   -Y,R26
000184 b3e4      	IN   R30,0x14
000185 6fe0      	ORI  R30,LOW(0xF0)
000186 bbe4      	OUT  0x14,R30
000187 9aa2      	SBI  0x14,2
000188 9aa0      	SBI  0x14,0
000189 9aa1      	SBI  0x14,1
00018a 98aa      	CBI  0x15,2
00018b 98a8      	CBI  0x15,0
00018c 98a9      	CBI  0x15,1
00018d 8098      	LDD  R9,Y+0
00018e 81e8      	LD   R30,Y
00018f 58e0      	SUBI R30,-LOW(128)
                +
000190 93e0 0162+STS __base_y_G100 + ( 2 ) , R30
                 	__PUTB1MN __base_y_G100,2
000192 81e8      	LD   R30,Y
000193 54e0      	SUBI R30,-LOW(192)
                +
000194 93e0 0163+STS __base_y_G100 + ( 3 ) , R30
                 	__PUTB1MN __base_y_G100,3
000196 e1a4      	LDI  R26,LOW(20)
000197 e0b0      	LDI  R27,0
000198 940e 01c8 	CALL _delay_ms
00019a d026      	RCALL SUBOPT_0x2
00019b d025      	RCALL SUBOPT_0x2
00019c d024      	RCALL SUBOPT_0x2
00019d e2a0      	LDI  R26,LOW(32)
00019e df85      	RCALL __lcd_write_nibble_G100
                +
00019f ec88     +LDI R24 , LOW ( 200 )
0001a0 e090     +LDI R25 , HIGH ( 200 )
                +__DELAY_USW_LOOP :
0001a1 9701     +SBIW R24 , 1
0001a2 f7f1     +BRNE __DELAY_USW_LOOP
                 	__DELAY_USW 200
0001a3 e2a8      	LDI  R26,LOW(40)
0001a4 df93      	RCALL __lcd_write_data
0001a5 e0a4      	LDI  R26,LOW(4)
0001a6 df91      	RCALL __lcd_write_data
0001a7 e8a5      	LDI  R26,LOW(133)
0001a8 df8f      	RCALL __lcd_write_data
0001a9 e0a6      	LDI  R26,LOW(6)
0001aa df8d      	RCALL __lcd_write_data
0001ab dfa5      	RCALL _lcd_clear
                 _0x2020001:
0001ac 9621      	ADIW R28,1
0001ad 9508      	RET
                 ; .FEND
                 
                 	.DSEG
                 __base_y_G100:
000160           	.BYTE 0x4
                 
                 	.CSEG
                 ;OPTIMIZER ADDED SUBROUTINE, CALLED 2 TIMES, CODE SIZE REDUCTION:9 WORDS
                 SUBOPT_0x0:
0001ae 940e 01e9 	CALL __DIVW21
0001b0 01df      	MOVW R26,R30
0001b1 e0ea      	LDI  R30,LOW(10)
0001b2 e0f0      	LDI  R31,HIGH(10)
0001b3 940e 01ee 	CALL __MODW21
0001b5 5de0      	SUBI R30,-LOW(48)
0001b6 2fae      	MOV  R26,R30
0001b7 dfa3      	RCALL _lcd_putchar
0001b8 01d2      	MOVW R26,R4
0001b9 e0ea      	LDI  R30,LOW(10)
0001ba e0f0      	LDI  R31,HIGH(10)
0001bb 9508      	RET
                 
                 ;OPTIMIZER ADDED SUBROUTINE, CALLED 2 TIMES, CODE SIZE REDUCTION:1 WORDS
                 SUBOPT_0x1:
0001bc df7b      	RCALL __lcd_write_data
0001bd e0a3      	LDI  R26,LOW(3)
0001be e0b0      	LDI  R27,0
0001bf 940c 01c8 	JMP  _delay_ms
                 
                 ;OPTIMIZER ADDED SUBROUTINE, CALLED 3 TIMES, CODE SIZE REDUCTION:7 WORDS
                 SUBOPT_0x2:
0001c1 e3a0      	LDI  R26,LOW(48)
0001c2 df61      	RCALL __lcd_write_nibble_G100
                +
0001c3 ec88     +LDI R24 , LOW ( 200 )
0001c4 e090     +LDI R25 , HIGH ( 200 )
                +__DELAY_USW_LOOP :
0001c5 9701     +SBIW R24 , 1
0001c6 f7f1     +BRNE __DELAY_USW_LOOP
                 	__DELAY_USW 200
0001c7 9508      	RET
                 
                 
                 	.CSEG
                 _delay_ms:
0001c8 9610      	adiw r26,0
0001c9 f039      	breq __delay_ms1
                 __delay_ms0:
                +
0001ca ed80     +LDI R24 , LOW ( 0x7D0 )
0001cb e097     +LDI R25 , HIGH ( 0x7D0 )
                +__DELAY_USW_LOOP :
0001cc 9701     +SBIW R24 , 1
0001cd f7f1     +BRNE __DELAY_USW_LOOP
                 	__DELAY_USW 0x7D0
0001ce 95a8      	wdr
0001cf 9711      	sbiw r26,1
0001d0 f7c9      	brne __delay_ms0
                 __delay_ms1:
0001d1 9508      	ret
                 
                 __ANEGW1:
0001d2 95f1      	NEG  R31
0001d3 95e1      	NEG  R30
0001d4 40f0      	SBCI R31,0
0001d5 9508      	RET
                 
                 __DIVW21U:
0001d6 2400      	CLR  R0
0001d7 2411      	CLR  R1
0001d8 e190      	LDI  R25,16
                 __DIVW21U1:
0001d9 0faa      	LSL  R26
0001da 1fbb      	ROL  R27
0001db 1c00      	ROL  R0
0001dc 1c11      	ROL  R1
0001dd 1a0e      	SUB  R0,R30
0001de 0a1f      	SBC  R1,R31
0001df f418      	BRCC __DIVW21U2
0001e0 0e0e      	ADD  R0,R30
0001e1 1e1f      	ADC  R1,R31
0001e2 c001      	RJMP __DIVW21U3
                 __DIVW21U2:
0001e3 60a1      	SBR  R26,1
                 __DIVW21U3:
0001e4 959a      	DEC  R25
0001e5 f799      	BRNE __DIVW21U1
0001e6 01fd      	MOVW R30,R26
0001e7 01d0      	MOVW R26,R0
0001e8 9508      	RET
                 
                 __DIVW21:
0001e9 d012      	RCALL __CHKSIGNW
0001ea dfeb      	RCALL __DIVW21U
0001eb f40e      	BRTC __DIVW211
0001ec dfe5      	RCALL __ANEGW1
                 __DIVW211:
0001ed 9508      	RET
                 
                 __MODW21:
0001ee 94e8      	CLT
0001ef ffb7      	SBRS R27,7
0001f0 c004      	RJMP __MODW211
0001f1 95a0      	COM  R26
0001f2 95b0      	COM  R27
0001f3 9611      	ADIW R26,1
0001f4 9468      	SET
                 __MODW211:
0001f5 fdf7      	SBRC R31,7
0001f6 dfdb      	RCALL __ANEGW1
0001f7 dfde      	RCALL __DIVW21U
0001f8 01fd      	MOVW R30,R26
0001f9 f40e      	BRTC __MODW212
0001fa dfd7      	RCALL __ANEGW1
                 __MODW212:
0001fb 9508      	RET
                 
                 __CHKSIGNW:
0001fc 94e8      	CLT
0001fd fff7      	SBRS R31,7
0001fe c002      	RJMP __CHKSW1
0001ff dfd2      	RCALL __ANEGW1
000200 9468      	SET
                 __CHKSW1:
000201 ffb7      	SBRS R27,7
000202 c006      	RJMP __CHKSW2
000203 95a0      	COM  R26
000204 95b0      	COM  R27
000205 9611      	ADIW R26,1
000206 f800      	BLD  R0,0
000207 9403      	INC  R0
000208 fa00      	BST  R0,0
                 __CHKSW2:
000209 9508      	RET
                 
                 ;END OF CODE MARKER
                 __END_OF_CODE:


RESOURCE USE INFORMATION
------------------------

Notice:
The register and instruction counts are symbol table hit counts,
and hence implicitly used resources are not counted, eg, the
'lpm' instruction without operands implicitly uses r0 and z,
none of which are counted.

x,y,z are separate entities in the symbol table and are
counted separately from r26..r31 here.

.dseg memory usage only counts static data declared with .byte

ATmega16A register use summary:
r0 :  12 r1 :   5 r2 :   0 r3 :   0 r4 :   3 r5 :   0 r6 :   4 r7 :   4 
r8 :   0 r9 :   2 r10:   0 r11:   0 r12:   0 r13:   0 r14:   0 r15:   0 
r16:   0 r17:   4 r18:   0 r19:   0 r20:   0 r21:   0 r22:   2 r23:   0 
r24:  23 r25:   7 r26:  71 r27:  14 r28:   5 r29:   1 r30: 131 r31:  32 
x  :   3 y  :  51 z  :   9 
Registers used: 19 out of 35 (54.3%)

ATmega16A instruction use summary:
.lds  :   0 .lds.l:   0 .sts  :   0 .sts.l:   0 adc   :   1 add   :   2 
adiw  :   8 and   :   0 andi  :   2 asr   :   0 bclr  :   0 bld   :   1 
brbc  :   0 brbs  :   0 brcc  :   1 brcs  :   0 break :   0 breq  :   4 
brge  :   0 brhc  :   0 brhs  :   0 brid  :   0 brie  :   0 brlo  :   1 
brlt  :   0 brmi  :   2 brne  :  14 brpl  :   0 brsh  :   0 brtc  :   2 
brts  :   0 brvc  :   0 brvs  :   0 bset  :   0 bst   :   1 call  :   6 
cbi   :   9 cbr   :   0 clc   :   0 clh   :   0 cli   :   1 cln   :   0 
clr   :   4 cls   :   0 clt   :   2 clv   :   0 clz   :   0 com   :   4 
cp    :   1 cpc   :   0 cpi   :   3 cpse  :   0 dec   :   7 des   :   0 
eor   :   0 fmul  :   0 fmuls :   0 fmulsu:   0 icall :   0 ijmp  :   0 
in    :   4 inc   :   3 jmp   :  23 ld    :  14 ldd   :  15 ldi   :  89 
lds   :   0 lpm   :   9 lsl   :   1 lsr   :   0 mov   :   8 movw  :  10 
mul   :   0 muls  :   0 mulsu :   0 neg   :   2 nop   :   0 or    :   1 
ori   :   2 out   :  48 pop   :   0 push  :   0 rcall :  39 ret   :  14 
reti  :   0 rjmp  :  42 rol   :   3 ror   :   0 sbc   :   1 sbci  :   2 
sbi   :  11 sbic  :   0 sbis  :  15 sbiw  :   8 sbr   :   1 sbrc  :   1 
sbrs  :   3 sec   :   0 seh   :   0 sei   :   0 sen   :   0 ser   :   0 
ses   :   0 set   :   2 sev   :   0 sez   :   0 sleep :   0 spm   :   0 
st    :  24 std   :   2 sts   :   2 sub   :   1 subi  :   5 swap  :   1 
tst   :   2 wdr   :   1 
Instructions used: 56 out of 116 (48.3%)

ATmega16A memory use summary [bytes]:
Segment   Begin    End      Code   Data   Used    Size   Use%
---------------------------------------------------------------
[.cseg] 0x000000 0x000414   1030     14   1044   16384   6.4%
[.dseg] 0x000060 0x000164      0      4      4    1024   0.4%
[.eseg] 0x000000 0x000000      0      0      0     512   0.0%

Assembly complete, 0 errors, 5 warnings
