
AVRASM ver. 2.1.30  D:\project\Codevision AVR\SRF-04 convertor using USART\Debug\List\Reciver micro.asm Sat Jan 13 17:50:32 2018

D:\project\Codevision AVR\SRF-04 convertor using USART\Debug\List\Reciver micro.asm(1088): warning: Register r5 already defined by the .DEF directive
D:\project\Codevision AVR\SRF-04 convertor using USART\Debug\List\Reciver micro.asm(1089): warning: Register r6 already defined by the .DEF directive
D:\project\Codevision AVR\SRF-04 convertor using USART\Debug\List\Reciver micro.asm(1090): warning: Register r7 already defined by the .DEF directive
D:\project\Codevision AVR\SRF-04 convertor using USART\Debug\List\Reciver micro.asm(1091): warning: Register r8 already defined by the .DEF directive
D:\project\Codevision AVR\SRF-04 convertor using USART\Debug\List\Reciver micro.asm(1092): warning: Register r9 already defined by the .DEF directive
D:\project\Codevision AVR\SRF-04 convertor using USART\Debug\List\Reciver micro.asm(1093): warning: Register r10 already defined by the .DEF directive
D:\project\Codevision AVR\SRF-04 convertor using USART\Debug\List\Reciver micro.asm(1094): warning: Register r11 already defined by the .DEF directive
D:\project\Codevision AVR\SRF-04 convertor using USART\Debug\List\Reciver micro.asm(1095): warning: Register r4 already defined by the .DEF directive
D:\project\Codevision AVR\SRF-04 convertor using USART\Debug\List\Reciver micro.asm(1096): warning: Register r13 already defined by the .DEF directive
D:\project\Codevision AVR\SRF-04 convertor using USART\Debug\List\Reciver micro.asm(1097): warning: Register r12 already defined by the .DEF directive
                 
                 
                 ;CodeVisionAVR C Compiler V3.12 Advanced
                 ;(C) Copyright 1998-2014 Pavel Haiduc, HP InfoTech s.r.l.
                 ;http://www.hpinfotech.com
                 
                 ;Build configuration    : Debug
                 ;Chip type              : ATmega16A
                 ;Program type           : Application
                 ;Clock frequency        : 8/000000 MHz
                 ;Memory model           : Small
                 ;Optimize for           : Size
                 ;(s)printf features     : int, width
                 ;(s)scanf features      : int, width
                 ;External RAM size      : 0
                 ;Data Stack size        : 256 byte(s)
                 ;Heap size              : 0 byte(s)
                 ;Promote 'char' to 'int': Yes
                 ;'char' is unsigned     : Yes
                 ;8 bit enums            : Yes
                 ;Global 'const' stored in FLASH: Yes
                 ;Enhanced function parameter passing: Yes
                 ;Enhanced core instructions: On
                 ;Automatic register allocation for global variables: On
                 ;Smart register allocation: On
                 
                 	#define _MODEL_SMALL_
                 
                 	#pragma AVRPART ADMIN PART_NAME ATmega16A
                 	#pragma AVRPART MEMORY PROG_FLASH 16384
                 	#pragma AVRPART MEMORY EEPROM 512
                 	#pragma AVRPART MEMORY INT_SRAM SIZE 1024
                 	#pragma AVRPART MEMORY INT_SRAM START_ADDR 0x60
                 
                 	#define CALL_SUPPORTED 1
                 
                 	.LISTMAC
                 	.EQU UDRE=0x5
                 	.EQU RXC=0x7
                 	.EQU USR=0xB
                 	.EQU UDR=0xC
                 	.EQU SPSR=0xE
                 	.EQU SPDR=0xF
                 	.EQU EERE=0x0
                 	.EQU EEWE=0x1
                 	.EQU EEMWE=0x2
                 	.EQU EECR=0x1C
                 	.EQU EEDR=0x1D
                 	.EQU EEARL=0x1E
                 	.EQU EEARH=0x1F
                 	.EQU WDTCR=0x21
                 	.EQU MCUCR=0x35
                 	.EQU GICR=0x3B
                 	.EQU SPL=0x3D
                 	.EQU SPH=0x3E
                 	.EQU SREG=0x3F
                 
                 	.DEF R0X0=R0
                 	.DEF R0X1=R1
                 	.DEF R0X2=R2
                 	.DEF R0X3=R3
                 	.DEF R0X4=R4
                 	.DEF R0X5=R5
                 	.DEF R0X6=R6
                 	.DEF R0X7=R7
                 	.DEF R0X8=R8
                 	.DEF R0X9=R9
                 	.DEF R0XA=R10
                 	.DEF R0XB=R11
                 	.DEF R0XC=R12
                 	.DEF R0XD=R13
                 	.DEF R0XE=R14
                 	.DEF R0XF=R15
                 	.DEF R0X10=R16
                 	.DEF R0X11=R17
                 	.DEF R0X12=R18
                 	.DEF R0X13=R19
                 	.DEF R0X14=R20
                 	.DEF R0X15=R21
                 	.DEF R0X16=R22
                 	.DEF R0X17=R23
                 	.DEF R0X18=R24
                 	.DEF R0X19=R25
                 	.DEF R0X1A=R26
                 	.DEF R0X1B=R27
                 	.DEF R0X1C=R28
                 	.DEF R0X1D=R29
                 	.DEF R0X1E=R30
                 	.DEF R0X1F=R31
                 
                 	.EQU __SRAM_START=0x0060
                 	.EQU __SRAM_END=0x045F
                 	.EQU __DSTACK_SIZE=0x0100
                 	.EQU __HEAP_SIZE=0x0000
                 	.EQU __CLEAR_SRAM_SIZE=__SRAM_END-__SRAM_START+1
                 
                 	.MACRO __CPD1N
                 	CPI  R30,LOW(@0)
                 	LDI  R26,HIGH(@0)
                 	CPC  R31,R26
                 	LDI  R26,BYTE3(@0)
                 	CPC  R22,R26
                 	LDI  R26,BYTE4(@0)
                 	CPC  R23,R26
                 	.ENDM
                 
                 	.MACRO __CPD2N
                 	CPI  R26,LOW(@0)
                 	LDI  R30,HIGH(@0)
                 	CPC  R27,R30
                 	LDI  R30,BYTE3(@0)
                 	CPC  R24,R30
                 	LDI  R30,BYTE4(@0)
                 	CPC  R25,R30
                 	.ENDM
                 
                 	.MACRO __CPWRR
                 	CP   R@0,R@2
                 	CPC  R@1,R@3
                 	.ENDM
                 
                 	.MACRO __CPWRN
                 	CPI  R@0,LOW(@2)
                 	LDI  R30,HIGH(@2)
                 	CPC  R@1,R30
                 	.ENDM
                 
                 	.MACRO __ADDB1MN
                 	SUBI R30,LOW(-@0-(@1))
                 	.ENDM
                 
                 	.MACRO __ADDB2MN
                 	SUBI R26,LOW(-@0-(@1))
                 	.ENDM
                 
                 	.MACRO __ADDW1MN
                 	SUBI R30,LOW(-@0-(@1))
                 	SBCI R31,HIGH(-@0-(@1))
                 	.ENDM
                 
                 	.MACRO __ADDW2MN
                 	SUBI R26,LOW(-@0-(@1))
                 	SBCI R27,HIGH(-@0-(@1))
                 	.ENDM
                 
                 	.MACRO __ADDW1FN
                 	SUBI R30,LOW(-2*@0-(@1))
                 	SBCI R31,HIGH(-2*@0-(@1))
                 	.ENDM
                 
                 	.MACRO __ADDD1FN
                 	SUBI R30,LOW(-2*@0-(@1))
                 	SBCI R31,HIGH(-2*@0-(@1))
                 	SBCI R22,BYTE3(-2*@0-(@1))
                 	.ENDM
                 
                 	.MACRO __ADDD1N
                 	SUBI R30,LOW(-@0)
                 	SBCI R31,HIGH(-@0)
                 	SBCI R22,BYTE3(-@0)
                 	SBCI R23,BYTE4(-@0)
                 	.ENDM
                 
                 	.MACRO __ADDD2N
                 	SUBI R26,LOW(-@0)
                 	SBCI R27,HIGH(-@0)
                 	SBCI R24,BYTE3(-@0)
                 	SBCI R25,BYTE4(-@0)
                 	.ENDM
                 
                 	.MACRO __SUBD1N
                 	SUBI R30,LOW(@0)
                 	SBCI R31,HIGH(@0)
                 	SBCI R22,BYTE3(@0)
                 	SBCI R23,BYTE4(@0)
                 	.ENDM
                 
                 	.MACRO __SUBD2N
                 	SUBI R26,LOW(@0)
                 	SBCI R27,HIGH(@0)
                 	SBCI R24,BYTE3(@0)
                 	SBCI R25,BYTE4(@0)
                 	.ENDM
                 
                 	.MACRO __ANDBMNN
                 	LDS  R30,@0+(@1)
                 	ANDI R30,LOW(@2)
                 	STS  @0+(@1),R30
                 	.ENDM
                 
                 	.MACRO __ANDWMNN
                 	LDS  R30,@0+(@1)
                 	ANDI R30,LOW(@2)
                 	STS  @0+(@1),R30
                 	LDS  R30,@0+(@1)+1
                 	ANDI R30,HIGH(@2)
                 	STS  @0+(@1)+1,R30
                 	.ENDM
                 
                 	.MACRO __ANDD1N
                 	ANDI R30,LOW(@0)
                 	ANDI R31,HIGH(@0)
                 	ANDI R22,BYTE3(@0)
                 	ANDI R23,BYTE4(@0)
                 	.ENDM
                 
                 	.MACRO __ANDD2N
                 	ANDI R26,LOW(@0)
                 	ANDI R27,HIGH(@0)
                 	ANDI R24,BYTE3(@0)
                 	ANDI R25,BYTE4(@0)
                 	.ENDM
                 
                 	.MACRO __ORBMNN
                 	LDS  R30,@0+(@1)
                 	ORI  R30,LOW(@2)
                 	STS  @0+(@1),R30
                 	.ENDM
                 
                 	.MACRO __ORWMNN
                 	LDS  R30,@0+(@1)
                 	ORI  R30,LOW(@2)
                 	STS  @0+(@1),R30
                 	LDS  R30,@0+(@1)+1
                 	ORI  R30,HIGH(@2)
                 	STS  @0+(@1)+1,R30
                 	.ENDM
                 
                 	.MACRO __ORD1N
                 	ORI  R30,LOW(@0)
                 	ORI  R31,HIGH(@0)
                 	ORI  R22,BYTE3(@0)
                 	ORI  R23,BYTE4(@0)
                 	.ENDM
                 
                 	.MACRO __ORD2N
                 	ORI  R26,LOW(@0)
                 	ORI  R27,HIGH(@0)
                 	ORI  R24,BYTE3(@0)
                 	ORI  R25,BYTE4(@0)
                 	.ENDM
                 
                 	.MACRO __DELAY_USB
                 	LDI  R24,LOW(@0)
                 __DELAY_USB_LOOP:
                 	DEC  R24
                 	BRNE __DELAY_USB_LOOP
                 	.ENDM
                 
                 	.MACRO __DELAY_USW
                 	LDI  R24,LOW(@0)
                 	LDI  R25,HIGH(@0)
                 __DELAY_USW_LOOP:
                 	SBIW R24,1
                 	BRNE __DELAY_USW_LOOP
                 	.ENDM
                 
                 	.MACRO __GETD1S
                 	LDD  R30,Y+@0
                 	LDD  R31,Y+@0+1
                 	LDD  R22,Y+@0+2
                 	LDD  R23,Y+@0+3
                 	.ENDM
                 
                 	.MACRO __GETD2S
                 	LDD  R26,Y+@0
                 	LDD  R27,Y+@0+1
                 	LDD  R24,Y+@0+2
                 	LDD  R25,Y+@0+3
                 	.ENDM
                 
                 	.MACRO __PUTD1S
                 	STD  Y+@0,R30
                 	STD  Y+@0+1,R31
                 	STD  Y+@0+2,R22
                 	STD  Y+@0+3,R23
                 	.ENDM
                 
                 	.MACRO __PUTD2S
                 	STD  Y+@0,R26
                 	STD  Y+@0+1,R27
                 	STD  Y+@0+2,R24
                 	STD  Y+@0+3,R25
                 	.ENDM
                 
                 	.MACRO __PUTDZ2
                 	STD  Z+@0,R26
                 	STD  Z+@0+1,R27
                 	STD  Z+@0+2,R24
                 	STD  Z+@0+3,R25
                 	.ENDM
                 
                 	.MACRO __CLRD1S
                 	STD  Y+@0,R30
                 	STD  Y+@0+1,R30
                 	STD  Y+@0+2,R30
                 	STD  Y+@0+3,R30
                 	.ENDM
                 
                 	.MACRO __POINTB1MN
                 	LDI  R30,LOW(@0+(@1))
                 	.ENDM
                 
                 	.MACRO __POINTW1MN
                 	LDI  R30,LOW(@0+(@1))
                 	LDI  R31,HIGH(@0+(@1))
                 	.ENDM
                 
                 	.MACRO __POINTD1M
                 	LDI  R30,LOW(@0)
                 	LDI  R31,HIGH(@0)
                 	LDI  R22,BYTE3(@0)
                 	LDI  R23,BYTE4(@0)
                 	.ENDM
                 
                 	.MACRO __POINTW1FN
                 	LDI  R30,LOW(2*@0+(@1))
                 	LDI  R31,HIGH(2*@0+(@1))
                 	.ENDM
                 
                 	.MACRO __POINTD1FN
                 	LDI  R30,LOW(2*@0+(@1))
                 	LDI  R31,HIGH(2*@0+(@1))
                 	LDI  R22,BYTE3(2*@0+(@1))
                 	LDI  R23,BYTE4(2*@0+(@1))
                 	.ENDM
                 
                 	.MACRO __POINTB2MN
                 	LDI  R26,LOW(@0+(@1))
                 	.ENDM
                 
                 	.MACRO __POINTW2MN
                 	LDI  R26,LOW(@0+(@1))
                 	LDI  R27,HIGH(@0+(@1))
                 	.ENDM
                 
                 	.MACRO __POINTW2FN
                 	LDI  R26,LOW(2*@0+(@1))
                 	LDI  R27,HIGH(2*@0+(@1))
                 	.ENDM
                 
                 	.MACRO __POINTD2FN
                 	LDI  R26,LOW(2*@0+(@1))
                 	LDI  R27,HIGH(2*@0+(@1))
                 	LDI  R24,BYTE3(2*@0+(@1))
                 	LDI  R25,BYTE4(2*@0+(@1))
                 	.ENDM
                 
                 	.MACRO __POINTBRM
                 	LDI  R@0,LOW(@1)
                 	.ENDM
                 
                 	.MACRO __POINTWRM
                 	LDI  R@0,LOW(@2)
                 	LDI  R@1,HIGH(@2)
                 	.ENDM
                 
                 	.MACRO __POINTBRMN
                 	LDI  R@0,LOW(@1+(@2))
                 	.ENDM
                 
                 	.MACRO __POINTWRMN
                 	LDI  R@0,LOW(@2+(@3))
                 	LDI  R@1,HIGH(@2+(@3))
                 	.ENDM
                 
                 	.MACRO __POINTWRFN
                 	LDI  R@0,LOW(@2*2+(@3))
                 	LDI  R@1,HIGH(@2*2+(@3))
                 	.ENDM
                 
                 	.MACRO __GETD1N
                 	LDI  R30,LOW(@0)
                 	LDI  R31,HIGH(@0)
                 	LDI  R22,BYTE3(@0)
                 	LDI  R23,BYTE4(@0)
                 	.ENDM
                 
                 	.MACRO __GETD2N
                 	LDI  R26,LOW(@0)
                 	LDI  R27,HIGH(@0)
                 	LDI  R24,BYTE3(@0)
                 	LDI  R25,BYTE4(@0)
                 	.ENDM
                 
                 	.MACRO __GETB1MN
                 	LDS  R30,@0+(@1)
                 	.ENDM
                 
                 	.MACRO __GETB1HMN
                 	LDS  R31,@0+(@1)
                 	.ENDM
                 
                 	.MACRO __GETW1MN
                 	LDS  R30,@0+(@1)
                 	LDS  R31,@0+(@1)+1
                 	.ENDM
                 
                 	.MACRO __GETD1MN
                 	LDS  R30,@0+(@1)
                 	LDS  R31,@0+(@1)+1
                 	LDS  R22,@0+(@1)+2
                 	LDS  R23,@0+(@1)+3
                 	.ENDM
                 
                 	.MACRO __GETBRMN
                 	LDS  R@0,@1+(@2)
                 	.ENDM
                 
                 	.MACRO __GETWRMN
                 	LDS  R@0,@2+(@3)
                 	LDS  R@1,@2+(@3)+1
                 	.ENDM
                 
                 	.MACRO __GETWRZ
                 	LDD  R@0,Z+@2
                 	LDD  R@1,Z+@2+1
                 	.ENDM
                 
                 	.MACRO __GETD2Z
                 	LDD  R26,Z+@0
                 	LDD  R27,Z+@0+1
                 	LDD  R24,Z+@0+2
                 	LDD  R25,Z+@0+3
                 	.ENDM
                 
                 	.MACRO __GETB2MN
                 	LDS  R26,@0+(@1)
                 	.ENDM
                 
                 	.MACRO __GETW2MN
                 	LDS  R26,@0+(@1)
                 	LDS  R27,@0+(@1)+1
                 	.ENDM
                 
                 	.MACRO __GETD2MN
                 	LDS  R26,@0+(@1)
                 	LDS  R27,@0+(@1)+1
                 	LDS  R24,@0+(@1)+2
                 	LDS  R25,@0+(@1)+3
                 	.ENDM
                 
                 	.MACRO __PUTB1MN
                 	STS  @0+(@1),R30
                 	.ENDM
                 
                 	.MACRO __PUTW1MN
                 	STS  @0+(@1),R30
                 	STS  @0+(@1)+1,R31
                 	.ENDM
                 
                 	.MACRO __PUTD1MN
                 	STS  @0+(@1),R30
                 	STS  @0+(@1)+1,R31
                 	STS  @0+(@1)+2,R22
                 	STS  @0+(@1)+3,R23
                 	.ENDM
                 
                 	.MACRO __PUTB1EN
                 	LDI  R26,LOW(@0+(@1))
                 	LDI  R27,HIGH(@0+(@1))
                 	CALL __EEPROMWRB
                 	.ENDM
                 
                 	.MACRO __PUTW1EN
                 	LDI  R26,LOW(@0+(@1))
                 	LDI  R27,HIGH(@0+(@1))
                 	CALL __EEPROMWRW
                 	.ENDM
                 
                 	.MACRO __PUTD1EN
                 	LDI  R26,LOW(@0+(@1))
                 	LDI  R27,HIGH(@0+(@1))
                 	CALL __EEPROMWRD
                 	.ENDM
                 
                 	.MACRO __PUTBR0MN
                 	STS  @0+(@1),R0
                 	.ENDM
                 
                 	.MACRO __PUTBMRN
                 	STS  @0+(@1),R@2
                 	.ENDM
                 
                 	.MACRO __PUTWMRN
                 	STS  @0+(@1),R@2
                 	STS  @0+(@1)+1,R@3
                 	.ENDM
                 
                 	.MACRO __PUTBZR
                 	STD  Z+@1,R@0
                 	.ENDM
                 
                 	.MACRO __PUTWZR
                 	STD  Z+@2,R@0
                 	STD  Z+@2+1,R@1
                 	.ENDM
                 
                 	.MACRO __GETW1R
                 	MOV  R30,R@0
                 	MOV  R31,R@1
                 	.ENDM
                 
                 	.MACRO __GETW2R
                 	MOV  R26,R@0
                 	MOV  R27,R@1
                 	.ENDM
                 
                 	.MACRO __GETWRN
                 	LDI  R@0,LOW(@2)
                 	LDI  R@1,HIGH(@2)
                 	.ENDM
                 
                 	.MACRO __PUTW1R
                 	MOV  R@0,R30
                 	MOV  R@1,R31
                 	.ENDM
                 
                 	.MACRO __PUTW2R
                 	MOV  R@0,R26
                 	MOV  R@1,R27
                 	.ENDM
                 
                 	.MACRO __ADDWRN
                 	SUBI R@0,LOW(-@2)
                 	SBCI R@1,HIGH(-@2)
                 	.ENDM
                 
                 	.MACRO __ADDWRR
                 	ADD  R@0,R@2
                 	ADC  R@1,R@3
                 	.ENDM
                 
                 	.MACRO __SUBWRN
                 	SUBI R@0,LOW(@2)
                 	SBCI R@1,HIGH(@2)
                 	.ENDM
                 
                 	.MACRO __SUBWRR
                 	SUB  R@0,R@2
                 	SBC  R@1,R@3
                 	.ENDM
                 
                 	.MACRO __ANDWRN
                 	ANDI R@0,LOW(@2)
                 	ANDI R@1,HIGH(@2)
                 	.ENDM
                 
                 	.MACRO __ANDWRR
                 	AND  R@0,R@2
                 	AND  R@1,R@3
                 	.ENDM
                 
                 	.MACRO __ORWRN
                 	ORI  R@0,LOW(@2)
                 	ORI  R@1,HIGH(@2)
                 	.ENDM
                 
                 	.MACRO __ORWRR
                 	OR   R@0,R@2
                 	OR   R@1,R@3
                 	.ENDM
                 
                 	.MACRO __EORWRR
                 	EOR  R@0,R@2
                 	EOR  R@1,R@3
                 	.ENDM
                 
                 	.MACRO __GETWRS
                 	LDD  R@0,Y+@2
                 	LDD  R@1,Y+@2+1
                 	.ENDM
                 
                 	.MACRO __PUTBSR
                 	STD  Y+@1,R@0
                 	.ENDM
                 
                 	.MACRO __PUTWSR
                 	STD  Y+@2,R@0
                 	STD  Y+@2+1,R@1
                 	.ENDM
                 
                 	.MACRO __MOVEWRR
                 	MOV  R@0,R@2
                 	MOV  R@1,R@3
                 	.ENDM
                 
                 	.MACRO __INWR
                 	IN   R@0,@2
                 	IN   R@1,@2+1
                 	.ENDM
                 
                 	.MACRO __OUTWR
                 	OUT  @2+1,R@1
                 	OUT  @2,R@0
                 	.ENDM
                 
                 	.MACRO __CALL1MN
                 	LDS  R30,@0+(@1)
                 	LDS  R31,@0+(@1)+1
                 	ICALL
                 	.ENDM
                 
                 	.MACRO __CALL1FN
                 	LDI  R30,LOW(2*@0+(@1))
                 	LDI  R31,HIGH(2*@0+(@1))
                 	CALL __GETW1PF
                 	ICALL
                 	.ENDM
                 
                 	.MACRO __CALL2EN
                 	PUSH R26
                 	PUSH R27
                 	LDI  R26,LOW(@0+(@1))
                 	LDI  R27,HIGH(@0+(@1))
                 	CALL __EEPROMRDW
                 	POP  R27
                 	POP  R26
                 	ICALL
                 	.ENDM
                 
                 	.MACRO __CALL2EX
                 	SUBI R26,LOW(-@0)
                 	SBCI R27,HIGH(-@0)
                 	CALL __EEPROMRDD
                 	ICALL
                 	.ENDM
                 
                 	.MACRO __GETW1STACK
                 	IN   R30,SPL
                 	IN   R31,SPH
                 	ADIW R30,@0+1
                 	LD   R0,Z+
                 	LD   R31,Z
                 	MOV  R30,R0
                 	.ENDM
                 
                 	.MACRO __GETD1STACK
                 	IN   R30,SPL
                 	IN   R31,SPH
                 	ADIW R30,@0+1
                 	LD   R0,Z+
                 	LD   R1,Z+
                 	LD   R22,Z
                 	MOVW R30,R0
                 	.ENDM
                 
                 	.MACRO __NBST
                 	BST  R@0,@1
                 	IN   R30,SREG
                 	LDI  R31,0x40
                 	EOR  R30,R31
                 	OUT  SREG,R30
                 	.ENDM
                 
                 
                 	.MACRO __PUTB1SN
                 	LDD  R26,Y+@0
                 	LDD  R27,Y+@0+1
                 	SUBI R26,LOW(-@1)
                 	SBCI R27,HIGH(-@1)
                 	ST   X,R30
                 	.ENDM
                 
                 	.MACRO __PUTW1SN
                 	LDD  R26,Y+@0
                 	LDD  R27,Y+@0+1
                 	SUBI R26,LOW(-@1)
                 	SBCI R27,HIGH(-@1)
                 	ST   X+,R30
                 	ST   X,R31
                 	.ENDM
                 
                 	.MACRO __PUTD1SN
                 	LDD  R26,Y+@0
                 	LDD  R27,Y+@0+1
                 	SUBI R26,LOW(-@1)
                 	SBCI R27,HIGH(-@1)
                 	CALL __PUTDP1
                 	.ENDM
                 
                 	.MACRO __PUTB1SNS
                 	LDD  R26,Y+@0
                 	LDD  R27,Y+@0+1
                 	ADIW R26,@1
                 	ST   X,R30
                 	.ENDM
                 
                 	.MACRO __PUTW1SNS
                 	LDD  R26,Y+@0
                 	LDD  R27,Y+@0+1
                 	ADIW R26,@1
                 	ST   X+,R30
                 	ST   X,R31
                 	.ENDM
                 
                 	.MACRO __PUTD1SNS
                 	LDD  R26,Y+@0
                 	LDD  R27,Y+@0+1
                 	ADIW R26,@1
                 	CALL __PUTDP1
                 	.ENDM
                 
                 	.MACRO __PUTB1PMN
                 	LDS  R26,@0
                 	LDS  R27,@0+1
                 	SUBI R26,LOW(-@1)
                 	SBCI R27,HIGH(-@1)
                 	ST   X,R30
                 	.ENDM
                 
                 	.MACRO __PUTW1PMN
                 	LDS  R26,@0
                 	LDS  R27,@0+1
                 	SUBI R26,LOW(-@1)
                 	SBCI R27,HIGH(-@1)
                 	ST   X+,R30
                 	ST   X,R31
                 	.ENDM
                 
                 	.MACRO __PUTD1PMN
                 	LDS  R26,@0
                 	LDS  R27,@0+1
                 	SUBI R26,LOW(-@1)
                 	SBCI R27,HIGH(-@1)
                 	CALL __PUTDP1
                 	.ENDM
                 
                 	.MACRO __PUTB1PMNS
                 	LDS  R26,@0
                 	LDS  R27,@0+1
                 	ADIW R26,@1
                 	ST   X,R30
                 	.ENDM
                 
                 	.MACRO __PUTW1PMNS
                 	LDS  R26,@0
                 	LDS  R27,@0+1
                 	ADIW R26,@1
                 	ST   X+,R30
                 	ST   X,R31
                 	.ENDM
                 
                 	.MACRO __PUTD1PMNS
                 	LDS  R26,@0
                 	LDS  R27,@0+1
                 	ADIW R26,@1
                 	CALL __PUTDP1
                 	.ENDM
                 
                 	.MACRO __PUTB1RN
                 	MOVW R26,R@0
                 	SUBI R26,LOW(-@1)
                 	SBCI R27,HIGH(-@1)
                 	ST   X,R30
                 	.ENDM
                 
                 	.MACRO __PUTW1RN
                 	MOVW R26,R@0
                 	SUBI R26,LOW(-@1)
                 	SBCI R27,HIGH(-@1)
                 	ST   X+,R30
                 	ST   X,R31
                 	.ENDM
                 
                 	.MACRO __PUTD1RN
                 	MOVW R26,R@0
                 	SUBI R26,LOW(-@1)
                 	SBCI R27,HIGH(-@1)
                 	CALL __PUTDP1
                 	.ENDM
                 
                 	.MACRO __PUTB1RNS
                 	MOVW R26,R@0
                 	ADIW R26,@1
                 	ST   X,R30
                 	.ENDM
                 
                 	.MACRO __PUTW1RNS
                 	MOVW R26,R@0
                 	ADIW R26,@1
                 	ST   X+,R30
                 	ST   X,R31
                 	.ENDM
                 
                 	.MACRO __PUTD1RNS
                 	MOVW R26,R@0
                 	ADIW R26,@1
                 	CALL __PUTDP1
                 	.ENDM
                 
                 	.MACRO __PUTB1RON
                 	MOV  R26,R@0
                 	MOV  R27,R@1
                 	SUBI R26,LOW(-@2)
                 	SBCI R27,HIGH(-@2)
                 	ST   X,R30
                 	.ENDM
                 
                 	.MACRO __PUTW1RON
                 	MOV  R26,R@0
                 	MOV  R27,R@1
                 	SUBI R26,LOW(-@2)
                 	SBCI R27,HIGH(-@2)
                 	ST   X+,R30
                 	ST   X,R31
                 	.ENDM
                 
                 	.MACRO __PUTD1RON
                 	MOV  R26,R@0
                 	MOV  R27,R@1
                 	SUBI R26,LOW(-@2)
                 	SBCI R27,HIGH(-@2)
                 	CALL __PUTDP1
                 	.ENDM
                 
                 	.MACRO __PUTB1RONS
                 	MOV  R26,R@0
                 	MOV  R27,R@1
                 	ADIW R26,@2
                 	ST   X,R30
                 	.ENDM
                 
                 	.MACRO __PUTW1RONS
                 	MOV  R26,R@0
                 	MOV  R27,R@1
                 	ADIW R26,@2
                 	ST   X+,R30
                 	ST   X,R31
                 	.ENDM
                 
                 	.MACRO __PUTD1RONS
                 	MOV  R26,R@0
                 	MOV  R27,R@1
                 	ADIW R26,@2
                 	CALL __PUTDP1
                 	.ENDM
                 
                 
                 	.MACRO __GETB1SX
                 	MOVW R30,R28
                 	SUBI R30,LOW(-@0)
                 	SBCI R31,HIGH(-@0)
                 	LD   R30,Z
                 	.ENDM
                 
                 	.MACRO __GETB1HSX
                 	MOVW R30,R28
                 	SUBI R30,LOW(-@0)
                 	SBCI R31,HIGH(-@0)
                 	LD   R31,Z
                 	.ENDM
                 
                 	.MACRO __GETW1SX
                 	MOVW R30,R28
                 	SUBI R30,LOW(-@0)
                 	SBCI R31,HIGH(-@0)
                 	LD   R0,Z+
                 	LD   R31,Z
                 	MOV  R30,R0
                 	.ENDM
                 
                 	.MACRO __GETD1SX
                 	MOVW R30,R28
                 	SUBI R30,LOW(-@0)
                 	SBCI R31,HIGH(-@0)
                 	LD   R0,Z+
                 	LD   R1,Z+
                 	LD   R22,Z+
                 	LD   R23,Z
                 	MOVW R30,R0
                 	.ENDM
                 
                 	.MACRO __GETB2SX
                 	MOVW R26,R28
                 	SUBI R26,LOW(-@0)
                 	SBCI R27,HIGH(-@0)
                 	LD   R26,X
                 	.ENDM
                 
                 	.MACRO __GETW2SX
                 	MOVW R26,R28
                 	SUBI R26,LOW(-@0)
                 	SBCI R27,HIGH(-@0)
                 	LD   R0,X+
                 	LD   R27,X
                 	MOV  R26,R0
                 	.ENDM
                 
                 	.MACRO __GETD2SX
                 	MOVW R26,R28
                 	SUBI R26,LOW(-@0)
                 	SBCI R27,HIGH(-@0)
                 	LD   R0,X+
                 	LD   R1,X+
                 	LD   R24,X+
                 	LD   R25,X
                 	MOVW R26,R0
                 	.ENDM
                 
                 	.MACRO __GETBRSX
                 	MOVW R30,R28
                 	SUBI R30,LOW(-@1)
                 	SBCI R31,HIGH(-@1)
                 	LD   R@0,Z
                 	.ENDM
                 
                 	.MACRO __GETWRSX
                 	MOVW R30,R28
                 	SUBI R30,LOW(-@2)
                 	SBCI R31,HIGH(-@2)
                 	LD   R@0,Z+
                 	LD   R@1,Z
                 	.ENDM
                 
                 	.MACRO __GETBRSX2
                 	MOVW R26,R28
                 	SUBI R26,LOW(-@1)
                 	SBCI R27,HIGH(-@1)
                 	LD   R@0,X
                 	.ENDM
                 
                 	.MACRO __GETWRSX2
                 	MOVW R26,R28
                 	SUBI R26,LOW(-@2)
                 	SBCI R27,HIGH(-@2)
                 	LD   R@0,X+
                 	LD   R@1,X
                 	.ENDM
                 
                 	.MACRO __LSLW8SX
                 	MOVW R30,R28
                 	SUBI R30,LOW(-@0)
                 	SBCI R31,HIGH(-@0)
                 	LD   R31,Z
                 	CLR  R30
                 	.ENDM
                 
                 	.MACRO __PUTB1SX
                 	MOVW R26,R28
                 	SUBI R26,LOW(-@0)
                 	SBCI R27,HIGH(-@0)
                 	ST   X,R30
                 	.ENDM
                 
                 	.MACRO __PUTW1SX
                 	MOVW R26,R28
                 	SUBI R26,LOW(-@0)
                 	SBCI R27,HIGH(-@0)
                 	ST   X+,R30
                 	ST   X,R31
                 	.ENDM
                 
                 	.MACRO __PUTD1SX
                 	MOVW R26,R28
                 	SUBI R26,LOW(-@0)
                 	SBCI R27,HIGH(-@0)
                 	ST   X+,R30
                 	ST   X+,R31
                 	ST   X+,R22
                 	ST   X,R23
                 	.ENDM
                 
                 	.MACRO __CLRW1SX
                 	MOVW R26,R28
                 	SUBI R26,LOW(-@0)
                 	SBCI R27,HIGH(-@0)
                 	ST   X+,R30
                 	ST   X,R30
                 	.ENDM
                 
                 	.MACRO __CLRD1SX
                 	MOVW R26,R28
                 	SUBI R26,LOW(-@0)
                 	SBCI R27,HIGH(-@0)
                 	ST   X+,R30
                 	ST   X+,R30
                 	ST   X+,R30
                 	ST   X,R30
                 	.ENDM
                 
                 	.MACRO __PUTB2SX
                 	MOVW R30,R28
                 	SUBI R30,LOW(-@0)
                 	SBCI R31,HIGH(-@0)
                 	ST   Z,R26
                 	.ENDM
                 
                 	.MACRO __PUTW2SX
                 	MOVW R30,R28
                 	SUBI R30,LOW(-@0)
                 	SBCI R31,HIGH(-@0)
                 	ST   Z+,R26
                 	ST   Z,R27
                 	.ENDM
                 
                 	.MACRO __PUTD2SX
                 	MOVW R30,R28
                 	SUBI R30,LOW(-@0)
                 	SBCI R31,HIGH(-@0)
                 	ST   Z+,R26
                 	ST   Z+,R27
                 	ST   Z+,R24
                 	ST   Z,R25
                 	.ENDM
                 
                 	.MACRO __PUTBSRX
                 	MOVW R30,R28
                 	SUBI R30,LOW(-@1)
                 	SBCI R31,HIGH(-@1)
                 	ST   Z,R@0
                 	.ENDM
                 
                 	.MACRO __PUTWSRX
                 	MOVW R30,R28
                 	SUBI R30,LOW(-@2)
                 	SBCI R31,HIGH(-@2)
                 	ST   Z+,R@0
                 	ST   Z,R@1
                 	.ENDM
                 
                 	.MACRO __PUTB1SNX
                 	MOVW R26,R28
                 	SUBI R26,LOW(-@0)
                 	SBCI R27,HIGH(-@0)
                 	LD   R0,X+
                 	LD   R27,X
                 	MOV  R26,R0
                 	SUBI R26,LOW(-@1)
                 	SBCI R27,HIGH(-@1)
                 	ST   X,R30
                 	.ENDM
                 
                 	.MACRO __PUTW1SNX
                 	MOVW R26,R28
                 	SUBI R26,LOW(-@0)
                 	SBCI R27,HIGH(-@0)
                 	LD   R0,X+
                 	LD   R27,X
                 	MOV  R26,R0
                 	SUBI R26,LOW(-@1)
                 	SBCI R27,HIGH(-@1)
                 	ST   X+,R30
                 	ST   X,R31
                 	.ENDM
                 
                 	.MACRO __PUTD1SNX
                 	MOVW R26,R28
                 	SUBI R26,LOW(-@0)
                 	SBCI R27,HIGH(-@0)
                 	LD   R0,X+
                 	LD   R27,X
                 	MOV  R26,R0
                 	SUBI R26,LOW(-@1)
                 	SBCI R27,HIGH(-@1)
                 	ST   X+,R30
                 	ST   X+,R31
                 	ST   X+,R22
                 	ST   X,R23
                 	.ENDM
                 
                 	.MACRO __MULBRR
                 	MULS R@0,R@1
                 	MOVW R30,R0
                 	.ENDM
                 
                 	.MACRO __MULBRRU
                 	MUL  R@0,R@1
                 	MOVW R30,R0
                 	.ENDM
                 
                 	.MACRO __MULBRR0
                 	MULS R@0,R@1
                 	.ENDM
                 
                 	.MACRO __MULBRRU0
                 	MUL  R@0,R@1
                 	.ENDM
                 
                 	.MACRO __MULBNWRU
                 	LDI  R26,@2
                 	MUL  R26,R@0
                 	MOVW R30,R0
                 	MUL  R26,R@1
                 	ADD  R31,R0
                 	.ENDM
                 
                 ;NAME DEFINITIONS FOR GLOBAL VARIABLES ALLOCATED TO REGISTERS
                 	.DEF _a=R5
                 	.DEF _L=R6
                 	.DEF _L_msb=R7
                 	.DEF _R=R8
                 	.DEF _R_msb=R9
                 	.DEF _B=R10
                 	.DEF _B_msb=R11
                 	.DEF __lcd_x=R4
                 	.DEF __lcd_y=R13
                 	.DEF __lcd_maxx=R12
                 
                 	.CSEG
                 	.ORG 0x00
                 
                 ;START OF CODE MARKER
                 __START_OF_CODE:
                 
                 ;INTERRUPT VECTORS
000000 940c 003b 	JMP  __RESET
000002 940c 0000 	JMP  0x00
000004 940c 0000 	JMP  0x00
000006 940c 0000 	JMP  0x00
000008 940c 0000 	JMP  0x00
00000a 940c 0000 	JMP  0x00
00000c 940c 0000 	JMP  0x00
00000e 940c 0000 	JMP  0x00
000010 940c 0000 	JMP  0x00
000012 940c 0000 	JMP  0x00
000014 940c 0000 	JMP  0x00
000016 940c 0000 	JMP  0x00
000018 940c 0000 	JMP  0x00
00001a 940c 0000 	JMP  0x00
00001c 940c 0000 	JMP  0x00
00001e 940c 0000 	JMP  0x00
000020 940c 0000 	JMP  0x00
000022 940c 0000 	JMP  0x00
000024 940c 0000 	JMP  0x00
000026 940c 0000 	JMP  0x00
000028 940c 0000 	JMP  0x00
                 
                 _tbl10_G101:
00002a 2710
00002b 03e8
00002c 0064
00002d 000a      	.DB  0x10,0x27,0xE8,0x3,0x64,0x0,0xA,0x0
00002e 0001      	.DB  0x1,0x0
                 _tbl16_G101:
00002f 1000
000030 0100
000031 0010
000032 0001      	.DB  0x0,0x10,0x0,0x1,0x10,0x0,0x1,0x0
                 
                 _0x0:
000033 004c
000034 0052
000035 0042      	.DB  0x4C,0x0,0x52,0x0,0x42,0x0
                 _0x2000003:
000036 c080      	.DB  0x80,0xC0
                 
                 __GLOBAL_INI_TBL:
000037 0002      	.DW  0x02
000038 0160      	.DW  __base_y_G100
000039 006c      	.DW  _0x2000003*2
                 
                 _0xFFFFFFFF:
00003a 0000      	.DW  0
                 
                 #define __GLOBAL_INI_TBL_PRESENT 1
                 
                 __RESET:
00003b 94f8      	CLI
00003c 27ee      	CLR  R30
00003d bbec      	OUT  EECR,R30
                 
                 ;INTERRUPT VECTORS ARE PLACED
                 ;AT THE START OF FLASH
00003e e0f1      	LDI  R31,1
00003f bffb      	OUT  GICR,R31
000040 bfeb      	OUT  GICR,R30
000041 bfe5      	OUT  MCUCR,R30
                 
                 ;CLEAR R2-R14
000042 e08d      	LDI  R24,(14-2)+1
000043 e0a2      	LDI  R26,2
000044 27bb      	CLR  R27
                 __CLEAR_REG:
000045 93ed      	ST   X+,R30
000046 958a      	DEC  R24
000047 f7e9      	BRNE __CLEAR_REG
                 
                 ;CLEAR SRAM
000048 e080      	LDI  R24,LOW(__CLEAR_SRAM_SIZE)
000049 e094      	LDI  R25,HIGH(__CLEAR_SRAM_SIZE)
00004a e6a0      	LDI  R26,__SRAM_START
                 __CLEAR_SRAM:
00004b 93ed      	ST   X+,R30
00004c 9701      	SBIW R24,1
00004d f7e9      	BRNE __CLEAR_SRAM
                 
                 ;GLOBAL VARIABLES INITIALIZATION
00004e e6ee      	LDI  R30,LOW(__GLOBAL_INI_TBL*2)
00004f e0f0      	LDI  R31,HIGH(__GLOBAL_INI_TBL*2)
                 __GLOBAL_INI_NEXT:
000050 9185      	LPM  R24,Z+
000051 9195      	LPM  R25,Z+
000052 9700      	SBIW R24,0
000053 f061      	BREQ __GLOBAL_INI_END
000054 91a5      	LPM  R26,Z+
000055 91b5      	LPM  R27,Z+
000056 9005      	LPM  R0,Z+
000057 9015      	LPM  R1,Z+
000058 01bf      	MOVW R22,R30
000059 01f0      	MOVW R30,R0
                 __GLOBAL_INI_LOOP:
00005a 9005      	LPM  R0,Z+
00005b 920d      	ST   X+,R0
00005c 9701      	SBIW R24,1
00005d f7e1      	BRNE __GLOBAL_INI_LOOP
00005e 01fb      	MOVW R30,R22
00005f cff0      	RJMP __GLOBAL_INI_NEXT
                 __GLOBAL_INI_END:
                 
                 ;HARDWARE STACK POINTER INITIALIZATION
000060 e5ef      	LDI  R30,LOW(__SRAM_END-__HEAP_SIZE)
000061 bfed      	OUT  SPL,R30
000062 e0e4      	LDI  R30,HIGH(__SRAM_END-__HEAP_SIZE)
000063 bfee      	OUT  SPH,R30
                 
                 ;DATA STACK POINTER INITIALIZATION
000064 e6c0      	LDI  R28,LOW(__SRAM_START+__DSTACK_SIZE)
000065 e0d1      	LDI  R29,HIGH(__SRAM_START+__DSTACK_SIZE)
                 
000066 940c 0068 	JMP  _main
                 
                 	.ESEG
                 	.ORG 0
                 
                 	.DSEG
                 	.ORG 0x160
                 
                 	.CSEG
                 ;/*******************************************************
                 ;This program was created by the
                 ;CodeWizardAVR V3.12 Advanced
                 ;Automatic Program Generator
                 ;© Copyright 1998-2014 Pavel Haiduc, HP InfoTech s.r.l.
                 ;http://www.hpinfotech.com
                 ;
                 ;Project :
                 ;Version :
                 ;Date    : 13/01/2018
                 ;Author  :
                 ;Company :
                 ;Comments:
                 ;
                 ;
                 ;Chip type               : ATmega16A
                 ;Program type            : Application
                 ;AVR Core Clock frequency: 8/000000 MHz
                 ;Memory model            : Small
                 ;External RAM size       : 0
                 ;Data Stack size         : 256
                 ;*******************************************************/
                 ;
                 ;#include <mega16a.h>
                 	#ifndef __SLEEP_DEFINED__
                 	#define __SLEEP_DEFINED__
                 	.EQU __se_bit=0x40
                 	.EQU __sm_mask=0xB0
                 	.EQU __sm_powerdown=0x20
                 	.EQU __sm_powersave=0x30
                 	.EQU __sm_standby=0xA0
                 	.EQU __sm_ext_standby=0xB0
                 	.EQU __sm_adc_noise_red=0x10
                 	.SET power_ctrl_reg=mcucr
                 	#endif
                 ;#include <delay.h>
                 ;
                 ;// Alphanumeric LCD functions
                 ;#include <alcd.h>
                 ;
                 ;// Declare your global variables here
                 ;
                 ;// Standard Input/Output functions
                 ;#include <stdio.h>
                 ;
                 ;unsigned char a;
                 ;int L,R,B;
                 ;void main(void)
                 ; 0000 0026 {
                 
                 	.CSEG
                 _main:
                 ; .FSTART _main
                 ; 0000 0027 // Declare your local variables here
                 ; 0000 0028 
                 ; 0000 0029 // Input/Output Ports initialization
                 ; 0000 002A // Port A initialization
                 ; 0000 002B // Function: Bit7=In Bit6=In Bit5=In Bit4=In Bit3=In Bit2=In Bit1=In Bit0=In
                 ; 0000 002C DDRA=(0<<DDA7) | (0<<DDA6) | (0<<DDA5) | (0<<DDA4) | (0<<DDA3) | (0<<DDA2) | (0<<DDA1) | (0<<DDA0);
000068 e0e0      	LDI  R30,LOW(0)
000069 bbea      	OUT  0x1A,R30
                 ; 0000 002D // State: Bit7=T Bit6=T Bit5=T Bit4=T Bit3=T Bit2=T Bit1=T Bit0=T
                 ; 0000 002E PORTA=(0<<PORTA7) | (0<<PORTA6) | (0<<PORTA5) | (0<<PORTA4) | (0<<PORTA3) | (0<<PORTA2) | (0<<PORTA1) | (0<<PORTA0);
00006a bbeb      	OUT  0x1B,R30
                 ; 0000 002F 
                 ; 0000 0030 // Port B initialization
                 ; 0000 0031 // Function: Bit7=Out Bit6=Out Bit5=Out Bit4=Out Bit3=Out Bit2=Out Bit1=Out Bit0=Out
                 ; 0000 0032 DDRB=(1<<DDB7) | (1<<DDB6) | (1<<DDB5) | (1<<DDB4) | (1<<DDB3) | (1<<DDB2) | (1<<DDB1) | (1<<DDB0);
00006b efef      	LDI  R30,LOW(255)
00006c bbe7      	OUT  0x17,R30
                 ; 0000 0033 // State: Bit7=0 Bit6=0 Bit5=0 Bit4=0 Bit3=0 Bit2=0 Bit1=0 Bit0=0
                 ; 0000 0034 PORTB=(0<<PORTB7) | (0<<PORTB6) | (0<<PORTB5) | (0<<PORTB4) | (0<<PORTB3) | (0<<PORTB2) | (0<<PORTB1) | (0<<PORTB0);
00006d e0e0      	LDI  R30,LOW(0)
00006e bbe8      	OUT  0x18,R30
                 ; 0000 0035 
                 ; 0000 0036 // Port C initialization
                 ; 0000 0037 // Function: Bit7=In Bit6=In Bit5=In Bit4=In Bit3=In Bit2=In Bit1=In Bit0=In
                 ; 0000 0038 DDRC=(0<<DDC7) | (0<<DDC6) | (0<<DDC5) | (0<<DDC4) | (0<<DDC3) | (0<<DDC2) | (0<<DDC1) | (0<<DDC0);
00006f bbe4      	OUT  0x14,R30
                 ; 0000 0039 // State: Bit7=T Bit6=T Bit5=T Bit4=T Bit3=T Bit2=T Bit1=T Bit0=T
                 ; 0000 003A PORTC=(0<<PORTC7) | (0<<PORTC6) | (0<<PORTC5) | (0<<PORTC4) | (0<<PORTC3) | (0<<PORTC2) | (0<<PORTC1) | (0<<PORTC0);
000070 bbe5      	OUT  0x15,R30
                 ; 0000 003B 
                 ; 0000 003C // Port D initialization
                 ; 0000 003D // Function: Bit7=In Bit6=In Bit5=In Bit4=In Bit3=In Bit2=In Bit1=In Bit0=In
                 ; 0000 003E DDRD=(0<<DDD7) | (0<<DDD6) | (0<<DDD5) | (0<<DDD4) | (0<<DDD3) | (0<<DDD2) | (0<<DDD1) | (0<<DDD0);
000071 bbe1      	OUT  0x11,R30
                 ; 0000 003F // State: Bit7=T Bit6=T Bit5=T Bit4=T Bit3=T Bit2=T Bit1=T Bit0=T
                 ; 0000 0040 PORTD=(0<<PORTD7) | (0<<PORTD6) | (0<<PORTD5) | (0<<PORTD4) | (0<<PORTD3) | (0<<PORTD2) | (0<<PORTD1) | (0<<PORTD0);
000072 bbe2      	OUT  0x12,R30
                 ; 0000 0041 
                 ; 0000 0042 // Timer/Counter 0 initialization
                 ; 0000 0043 // Clock source: System Clock
                 ; 0000 0044 // Clock value: Timer 0 Stopped
                 ; 0000 0045 // Mode: Normal top=0xFF
                 ; 0000 0046 // OC0 output: Disconnected
                 ; 0000 0047 TCCR0=(0<<WGM00) | (0<<COM01) | (0<<COM00) | (0<<WGM01) | (0<<CS02) | (0<<CS01) | (0<<CS00);
000073 bfe3      	OUT  0x33,R30
                 ; 0000 0048 TCNT0=0x00;
000074 bfe2      	OUT  0x32,R30
                 ; 0000 0049 OCR0=0x00;
000075 bfec      	OUT  0x3C,R30
                 ; 0000 004A 
                 ; 0000 004B // Timer/Counter 1 initialization
                 ; 0000 004C // Clock source: System Clock
                 ; 0000 004D // Clock value: Timer1 Stopped
                 ; 0000 004E // Mode: Normal top=0xFFFF
                 ; 0000 004F // OC1A output: Disconnected
                 ; 0000 0050 // OC1B output: Disconnected
                 ; 0000 0051 // Noise Canceler: Off
                 ; 0000 0052 // Input Capture on Falling Edge
                 ; 0000 0053 // Timer1 Overflow Interrupt: Off
                 ; 0000 0054 // Input Capture Interrupt: Off
                 ; 0000 0055 // Compare A Match Interrupt: Off
                 ; 0000 0056 // Compare B Match Interrupt: Off
                 ; 0000 0057 TCCR1A=(0<<COM1A1) | (0<<COM1A0) | (0<<COM1B1) | (0<<COM1B0) | (0<<WGM11) | (0<<WGM10);
000076 bdef      	OUT  0x2F,R30
                 ; 0000 0058 TCCR1B=(0<<ICNC1) | (0<<ICES1) | (0<<WGM13) | (0<<WGM12) | (0<<CS12) | (0<<CS11) | (0<<CS10);
000077 bdee      	OUT  0x2E,R30
                 ; 0000 0059 TCNT1H=0x00;
000078 bded      	OUT  0x2D,R30
                 ; 0000 005A TCNT1L=0x00;
000079 bdec      	OUT  0x2C,R30
                 ; 0000 005B ICR1H=0x00;
00007a bde7      	OUT  0x27,R30
                 ; 0000 005C ICR1L=0x00;
00007b bde6      	OUT  0x26,R30
                 ; 0000 005D OCR1AH=0x00;
00007c bdeb      	OUT  0x2B,R30
                 ; 0000 005E OCR1AL=0x00;
00007d bdea      	OUT  0x2A,R30
                 ; 0000 005F OCR1BH=0x00;
00007e bde9      	OUT  0x29,R30
                 ; 0000 0060 OCR1BL=0x00;
00007f bde8      	OUT  0x28,R30
                 ; 0000 0061 
                 ; 0000 0062 // Timer/Counter 2 initialization
                 ; 0000 0063 // Clock source: System Clock
                 ; 0000 0064 // Clock value: Timer2 Stopped
                 ; 0000 0065 // Mode: Normal top=0xFF
                 ; 0000 0066 // OC2 output: Disconnected
                 ; 0000 0067 ASSR=0<<AS2;
000080 bde2      	OUT  0x22,R30
                 ; 0000 0068 TCCR2=(0<<PWM2) | (0<<COM21) | (0<<COM20) | (0<<CTC2) | (0<<CS22) | (0<<CS21) | (0<<CS20);
000081 bde5      	OUT  0x25,R30
                 ; 0000 0069 TCNT2=0x00;
000082 bde4      	OUT  0x24,R30
                 ; 0000 006A OCR2=0x00;
000083 bde3      	OUT  0x23,R30
                 ; 0000 006B 
                 ; 0000 006C // Timer(s)/Counter(s) Interrupt(s) initialization
                 ; 0000 006D TIMSK=(0<<OCIE2) | (0<<TOIE2) | (0<<TICIE1) | (0<<OCIE1A) | (0<<OCIE1B) | (0<<TOIE1) | (0<<OCIE0) | (0<<TOIE0);
000084 bfe9      	OUT  0x39,R30
                 ; 0000 006E 
                 ; 0000 006F // External Interrupt(s) initialization
                 ; 0000 0070 // INT0: Off
                 ; 0000 0071 // INT1: Off
                 ; 0000 0072 // INT2: Off
                 ; 0000 0073 MCUCR=(0<<ISC11) | (0<<ISC10) | (0<<ISC01) | (0<<ISC00);
000085 bfe5      	OUT  0x35,R30
                 ; 0000 0074 MCUCSR=(0<<ISC2);
000086 bfe4      	OUT  0x34,R30
                 ; 0000 0075 
                 ; 0000 0076 // USART initialization
                 ; 0000 0077 // Communication Parameters: 8 Data, 1 Stop, No Parity
                 ; 0000 0078 // USART Receiver: On
                 ; 0000 0079 // USART Transmitter: Off
                 ; 0000 007A // USART Mode: Asynchronous
                 ; 0000 007B // USART Baud Rate: 9600
                 ; 0000 007C UCSRA=(0<<RXC) | (0<<TXC) | (0<<UDRE) | (0<<FE) | (0<<DOR) | (0<<UPE) | (0<<U2X) | (0<<MPCM);
000087 b9eb      	OUT  0xB,R30
                 ; 0000 007D UCSRB=(0<<RXCIE) | (0<<TXCIE) | (0<<UDRIE) | (1<<RXEN) | (0<<TXEN) | (0<<UCSZ2) | (0<<RXB8) | (0<<TXB8);
000088 e1e0      	LDI  R30,LOW(16)
000089 b9ea      	OUT  0xA,R30
                 ; 0000 007E UCSRC=(1<<URSEL) | (0<<UMSEL) | (0<<UPM1) | (0<<UPM0) | (0<<USBS) | (1<<UCSZ1) | (1<<UCSZ0) | (0<<UCPOL);
00008a e8e6      	LDI  R30,LOW(134)
00008b bde0      	OUT  0x20,R30
                 ; 0000 007F UBRRH=0x00;
00008c e0e0      	LDI  R30,LOW(0)
00008d bde0      	OUT  0x20,R30
                 ; 0000 0080 UBRRL=0x33;
00008e e3e3      	LDI  R30,LOW(51)
00008f b9e9      	OUT  0x9,R30
                 ; 0000 0081 
                 ; 0000 0082 // Analog Comparator initialization
                 ; 0000 0083 // Analog Comparator: Off
                 ; 0000 0084 // The Analog Comparator's positive input is
                 ; 0000 0085 // connected to the AIN0 pin
                 ; 0000 0086 // The Analog Comparator's negative input is
                 ; 0000 0087 // connected to the AIN1 pin
                 ; 0000 0088 ACSR=(1<<ACD) | (0<<ACBG) | (0<<ACO) | (0<<ACI) | (0<<ACIE) | (0<<ACIC) | (0<<ACIS1) | (0<<ACIS0);
000090 e8e0      	LDI  R30,LOW(128)
000091 b9e8      	OUT  0x8,R30
                 ; 0000 0089 SFIOR=(0<<ACME);
000092 e0e0      	LDI  R30,LOW(0)
000093 bfe0      	OUT  0x30,R30
                 ; 0000 008A 
                 ; 0000 008B // ADC initialization
                 ; 0000 008C // ADC disabled
                 ; 0000 008D ADCSRA=(0<<ADEN) | (0<<ADSC) | (0<<ADATE) | (0<<ADIF) | (0<<ADIE) | (0<<ADPS2) | (0<<ADPS1) | (0<<ADPS0);
000094 b9e6      	OUT  0x6,R30
                 ; 0000 008E 
                 ; 0000 008F // SPI initialization
                 ; 0000 0090 // SPI disabled
                 ; 0000 0091 SPCR=(0<<SPIE) | (0<<SPE) | (0<<DORD) | (0<<MSTR) | (0<<CPOL) | (0<<CPHA) | (0<<SPR1) | (0<<SPR0);
000095 b9ed      	OUT  0xD,R30
                 ; 0000 0092 
                 ; 0000 0093 // TWI initialization
                 ; 0000 0094 // TWI disabled
                 ; 0000 0095 TWCR=(0<<TWEA) | (0<<TWSTA) | (0<<TWSTO) | (0<<TWEN) | (0<<TWIE);
000096 bfe6      	OUT  0x36,R30
                 ; 0000 0096 
                 ; 0000 0097 // Alphanumeric LCD initialization
                 ; 0000 0098 // Connections are specified in the
                 ; 0000 0099 // Project|Configure|C Compiler|Libraries|Alphanumeric LCD menu:
                 ; 0000 009A // RS - PORTC Bit 0
                 ; 0000 009B // RD - PORTC Bit 1
                 ; 0000 009C // EN - PORTC Bit 2
                 ; 0000 009D // D4 - PORTC Bit 4
                 ; 0000 009E // D5 - PORTC Bit 5
                 ; 0000 009F // D6 - PORTC Bit 6
                 ; 0000 00A0 // D7 - PORTC Bit 7
                 ; 0000 00A1 // Characters/line: 16
                 ; 0000 00A2 lcd_init(16);
000097 e1a0      	LDI  R26,LOW(16)
000098 d0aa      	RCALL _lcd_init
                 ; 0000 00A3 
                 ; 0000 00A4 while (1)
                 _0x3:
                 ; 0000 00A5       {
                 ; 0000 00A6       // Place your code here
                 ; 0000 00A7       a=getchar();
000099 940e 0171 	CALL _getchar
00009b 2e5e      	MOV  R5,R30
                 ; 0000 00A8       if(a=='L')      L=getchar();
00009c e4ec      	LDI  R30,LOW(76)
00009d 15e5      	CP   R30,R5
00009e f429      	BRNE _0x6
00009f 940e 0171 	CALL _getchar
0000a1 2e6e      	MOV  R6,R30
0000a2 2477      	CLR  R7
                 ; 0000 00A9       else if(a=='R') R=getchar();
0000a3 c00f      	RJMP _0x7
                 _0x6:
0000a4 e5e2      	LDI  R30,LOW(82)
0000a5 15e5      	CP   R30,R5
0000a6 f429      	BRNE _0x8
0000a7 940e 0171 	CALL _getchar
0000a9 2e8e      	MOV  R8,R30
0000aa 2499      	CLR  R9
                 ; 0000 00AA       else if(a=='B') B=getchar();
0000ab c007      	RJMP _0x9
                 _0x8:
0000ac e4e2      	LDI  R30,LOW(66)
0000ad 15e5      	CP   R30,R5
0000ae f421      	BRNE _0xA
0000af 940e 0171 	CALL _getchar
0000b1 2eae      	MOV  R10,R30
0000b2 24bb      	CLR  R11
                 ; 0000 00AB 
                 ; 0000 00AC       lcd_gotoxy(0,0);
                 _0xA:
                 _0x9:
                 _0x7:
0000b3 e0e0      	LDI  R30,LOW(0)
0000b4 940e 0175 	CALL SUBOPT_0x0
                 ; 0000 00AD       lcd_putsf("L");
                +
0000b6 e6a6     +LDI R26 , LOW ( 2 * _0x0 + ( 0 ) )
0000b7 e0b0     +LDI R27 , HIGH ( 2 * _0x0 + ( 0 ) )
                 	__POINTW2FN _0x0,0
0000b8 d077      	RCALL _lcd_putsf
                 ; 0000 00AE       lcd_putchar((L/100)%10+'0');
0000b9 01d3      	MOVW R26,R6
0000ba 940e 0179 	CALL SUBOPT_0x1
                 ; 0000 00AF       lcd_putchar((L/10)%10+'0');
0000bc 01d3      	MOVW R26,R6
0000bd 940e 0186 	CALL SUBOPT_0x2
                 ; 0000 00B0       lcd_putchar((L/1)%10+'0');
0000bf 01d3      	MOVW R26,R6
0000c0 940e 0193 	CALL SUBOPT_0x3
                 ; 0000 00B1 
                 ; 0000 00B2       lcd_gotoxy(10,0);
0000c2 e0ea      	LDI  R30,LOW(10)
0000c3 940e 0175 	CALL SUBOPT_0x0
                 ; 0000 00B3       lcd_putsf("R");
                +
0000c5 e6a8     +LDI R26 , LOW ( 2 * _0x0 + ( 2 ) )
0000c6 e0b0     +LDI R27 , HIGH ( 2 * _0x0 + ( 2 ) )
                 	__POINTW2FN _0x0,2
0000c7 d068      	RCALL _lcd_putsf
                 ; 0000 00B4       lcd_putchar((R/100)%10+'0');
0000c8 01d4      	MOVW R26,R8
0000c9 940e 0179 	CALL SUBOPT_0x1
                 ; 0000 00B5       lcd_putchar((R/10)%10+'0');
0000cb 01d4      	MOVW R26,R8
0000cc 940e 0186 	CALL SUBOPT_0x2
                 ; 0000 00B6       lcd_putchar((R/1)%10+'0');
0000ce 01d4      	MOVW R26,R8
0000cf 940e 0193 	CALL SUBOPT_0x3
                 ; 0000 00B7 
                 ; 0000 00B8       lcd_gotoxy(5,0);
0000d1 e0e5      	LDI  R30,LOW(5)
0000d2 940e 0175 	CALL SUBOPT_0x0
                 ; 0000 00B9       lcd_putsf("B");
                +
0000d4 e6aa     +LDI R26 , LOW ( 2 * _0x0 + ( 4 ) )
0000d5 e0b0     +LDI R27 , HIGH ( 2 * _0x0 + ( 4 ) )
                 	__POINTW2FN _0x0,4
0000d6 d059      	RCALL _lcd_putsf
                 ; 0000 00BA       lcd_putchar((B/100)%10+'0');
0000d7 01d5      	MOVW R26,R10
0000d8 940e 0179 	CALL SUBOPT_0x1
                 ; 0000 00BB       lcd_putchar((B/10)%10+'0');
0000da 01d5      	MOVW R26,R10
0000db 940e 0186 	CALL SUBOPT_0x2
                 ; 0000 00BC       lcd_putchar((B/1)%10+'0');
0000dd 01d5      	MOVW R26,R10
0000de 940e 0193 	CALL SUBOPT_0x3
                 ; 0000 00BD 
                 ; 0000 00BE       }
0000e0 cfb8      	RJMP _0x3
                 ; 0000 00BF }
                 _0xB:
0000e1 cfff      	RJMP _0xB
                 ; .FEND
                 	#ifndef __SLEEP_DEFINED__
                 	#endif
                 
                 	.DSEG
                 
                 	.CSEG
                 __lcd_write_nibble_G100:
                 ; .FSTART __lcd_write_nibble_G100
0000e2 93aa      	ST   -Y,R26
0000e3 b3e5      	IN   R30,0x15
0000e4 70ef      	ANDI R30,LOW(0xF)
0000e5 2fae      	MOV  R26,R30
0000e6 81e8      	LD   R30,Y
0000e7 7fe0      	ANDI R30,LOW(0xF0)
0000e8 2bea      	OR   R30,R26
0000e9 bbe5      	OUT  0x15,R30
                +
0000ea e08d     +LDI R24 , LOW ( 13 )
                +__DELAY_USB_LOOP :
0000eb 958a     +DEC R24
0000ec f7f1     +BRNE __DELAY_USB_LOOP
                 	__DELAY_USB 13
0000ed 9aaa      	SBI  0x15,2
                +
0000ee e08d     +LDI R24 , LOW ( 13 )
                +__DELAY_USB_LOOP :
0000ef 958a     +DEC R24
0000f0 f7f1     +BRNE __DELAY_USB_LOOP
                 	__DELAY_USB 13
0000f1 98aa      	CBI  0x15,2
                +
0000f2 e08d     +LDI R24 , LOW ( 13 )
                +__DELAY_USB_LOOP :
0000f3 958a     +DEC R24
0000f4 f7f1     +BRNE __DELAY_USB_LOOP
                 	__DELAY_USB 13
0000f5 c079      	RJMP _0x2080001
                 ; .FEND
                 __lcd_write_data:
                 ; .FSTART __lcd_write_data
0000f6 93aa      	ST   -Y,R26
0000f7 81a8      	LD   R26,Y
0000f8 dfe9      	RCALL __lcd_write_nibble_G100
0000f9 81e8          ld    r30,y
0000fa 95e2          swap  r30
0000fb 83e8          st    y,r30
0000fc 81a8      	LD   R26,Y
0000fd dfe4      	RCALL __lcd_write_nibble_G100
                +
0000fe e885     +LDI R24 , LOW ( 133 )
                +__DELAY_USB_LOOP :
0000ff 958a     +DEC R24
000100 f7f1     +BRNE __DELAY_USB_LOOP
                 	__DELAY_USB 133
000101 c06d      	RJMP _0x2080001
                 ; .FEND
                 _lcd_gotoxy:
                 ; .FSTART _lcd_gotoxy
000102 93aa      	ST   -Y,R26
000103 81e8      	LD   R30,Y
000104 e0f0      	LDI  R31,0
000105 5ae0      	SUBI R30,LOW(-__base_y_G100)
000106 4ffe      	SBCI R31,HIGH(-__base_y_G100)
000107 81e0      	LD   R30,Z
000108 81a9      	LDD  R26,Y+1
000109 0fae      	ADD  R26,R30
00010a dfeb      	RCALL __lcd_write_data
00010b 8049      	LDD  R4,Y+1
00010c 80d8      	LDD  R13,Y+0
00010d 9622      	ADIW R28,2
00010e 9508      	RET
                 ; .FEND
                 _lcd_clear:
                 ; .FSTART _lcd_clear
00010f e0a2      	LDI  R26,LOW(2)
000110 940e 019b 	CALL SUBOPT_0x4
000112 e0ac      	LDI  R26,LOW(12)
000113 dfe2      	RCALL __lcd_write_data
000114 e0a1      	LDI  R26,LOW(1)
000115 940e 019b 	CALL SUBOPT_0x4
000117 e0e0      	LDI  R30,LOW(0)
000118 2ede      	MOV  R13,R30
000119 2e4e      	MOV  R4,R30
00011a 9508      	RET
                 ; .FEND
                 _lcd_putchar:
                 ; .FSTART _lcd_putchar
00011b 93aa      	ST   -Y,R26
00011c 81a8      	LD   R26,Y
00011d 30aa      	CPI  R26,LOW(0xA)
00011e f011      	BREQ _0x2000005
00011f 144c      	CP   R4,R12
000120 f048      	BRLO _0x2000004
                 _0x2000005:
000121 e0e0      	LDI  R30,LOW(0)
000122 93ea      	ST   -Y,R30
000123 94d3      	INC  R13
000124 2dad      	MOV  R26,R13
000125 dfdc      	RCALL _lcd_gotoxy
000126 81a8      	LD   R26,Y
000127 30aa      	CPI  R26,LOW(0xA)
000128 f409      	BRNE _0x2000007
000129 c045      	RJMP _0x2080001
                 _0x2000007:
                 _0x2000004:
00012a 9443      	INC  R4
00012b 9aa8      	SBI  0x15,0
00012c 81a8      	LD   R26,Y
00012d dfc8      	RCALL __lcd_write_data
00012e 98a8      	CBI  0x15,0
00012f c03f      	RJMP _0x2080001
                 ; .FEND
                 _lcd_putsf:
                 ; .FSTART _lcd_putsf
000130 93ba      	ST   -Y,R27
000131 93aa      	ST   -Y,R26
000132 931a      	ST   -Y,R17
                 _0x200000B:
000133 81e9      	LDD  R30,Y+1
000134 81fa      	LDD  R31,Y+1+1
000135 9631      	ADIW R30,1
000136 83e9      	STD  Y+1,R30
000137 83fa      	STD  Y+1+1,R31
000138 9731      	SBIW R30,1
000139 91e4      	LPM  R30,Z
00013a 2f1e      	MOV  R17,R30
00013b 30e0      	CPI  R30,0
00013c f019      	BREQ _0x200000D
00013d 2fa1      	MOV  R26,R17
00013e dfdc      	RCALL _lcd_putchar
00013f cff3      	RJMP _0x200000B
                 _0x200000D:
000140 8118      	LDD  R17,Y+0
000141 9623      	ADIW R28,3
000142 9508      	RET
                 ; .FEND
                 _lcd_init:
                 ; .FSTART _lcd_init
000143 93aa      	ST   -Y,R26
000144 b3e4      	IN   R30,0x14
000145 6fe0      	ORI  R30,LOW(0xF0)
000146 bbe4      	OUT  0x14,R30
000147 9aa2      	SBI  0x14,2
000148 9aa0      	SBI  0x14,0
000149 9aa1      	SBI  0x14,1
00014a 98aa      	CBI  0x15,2
00014b 98a8      	CBI  0x15,0
00014c 98a9      	CBI  0x15,1
00014d 80c8      	LDD  R12,Y+0
00014e 81e8      	LD   R30,Y
00014f 58e0      	SUBI R30,-LOW(128)
                +
000150 93e0 0162+STS __base_y_G100 + ( 2 ) , R30
                 	__PUTB1MN __base_y_G100,2
000152 81e8      	LD   R30,Y
000153 54e0      	SUBI R30,-LOW(192)
                +
000154 93e0 0163+STS __base_y_G100 + ( 3 ) , R30
                 	__PUTB1MN __base_y_G100,3
000156 e1a4      	LDI  R26,LOW(20)
000157 e0b0      	LDI  R27,0
000158 940e 01a9 	CALL _delay_ms
00015a 940e 01a1 	CALL SUBOPT_0x5
00015c 940e 01a1 	CALL SUBOPT_0x5
00015e 940e 01a1 	CALL SUBOPT_0x5
000160 e2a0      	LDI  R26,LOW(32)
000161 df80      	RCALL __lcd_write_nibble_G100
                +
000162 ec88     +LDI R24 , LOW ( 200 )
000163 e090     +LDI R25 , HIGH ( 200 )
                +__DELAY_USW_LOOP :
000164 9701     +SBIW R24 , 1
000165 f7f1     +BRNE __DELAY_USW_LOOP
                 	__DELAY_USW 200
000166 e2a8      	LDI  R26,LOW(40)
000167 df8e      	RCALL __lcd_write_data
000168 e0a4      	LDI  R26,LOW(4)
000169 df8c      	RCALL __lcd_write_data
00016a e8a5      	LDI  R26,LOW(133)
00016b df8a      	RCALL __lcd_write_data
00016c e0a6      	LDI  R26,LOW(6)
00016d df88      	RCALL __lcd_write_data
00016e dfa0      	RCALL _lcd_clear
                 _0x2080001:
00016f 9621      	ADIW R28,1
000170 9508      	RET
                 ; .FEND
                 	#ifndef __SLEEP_DEFINED__
                 	#endif
                 
                 	.CSEG
                 _getchar:
                 ; .FSTART _getchar
                 getchar0:
000171 9b5f           sbis usr,rxc
000172 cffe           rjmp getchar0
000173 b1ec           in   r30,udr
000174 9508      	RET
                 ; .FEND
                 
                 	.CSEG
                 
                 	.CSEG
                 
                 	.DSEG
                 __base_y_G100:
000160           	.BYTE 0x4
                 
                 	.CSEG
                 ;OPTIMIZER ADDED SUBROUTINE, CALLED 3 TIMES, CODE SIZE REDUCTION:1 WORDS
                 SUBOPT_0x0:
000175 93ea      	ST   -Y,R30
000176 e0a0      	LDI  R26,LOW(0)
000177 940c 0102 	JMP  _lcd_gotoxy
                 
                 ;OPTIMIZER ADDED SUBROUTINE, CALLED 3 TIMES, CODE SIZE REDUCTION:19 WORDS
                 SUBOPT_0x1:
000179 e6e4      	LDI  R30,LOW(100)
00017a e0f0      	LDI  R31,HIGH(100)
00017b 940e 01ca 	CALL __DIVW21
00017d 01df      	MOVW R26,R30
00017e e0ea      	LDI  R30,LOW(10)
00017f e0f0      	LDI  R31,HIGH(10)
000180 940e 01cf 	CALL __MODW21
000182 5de0      	SUBI R30,-LOW(48)
000183 2fae      	MOV  R26,R30
000184 940c 011b 	JMP  _lcd_putchar
                 
                 ;OPTIMIZER ADDED SUBROUTINE, CALLED 3 TIMES, CODE SIZE REDUCTION:19 WORDS
                 SUBOPT_0x2:
000186 e0ea      	LDI  R30,LOW(10)
000187 e0f0      	LDI  R31,HIGH(10)
000188 940e 01ca 	CALL __DIVW21
00018a 01df      	MOVW R26,R30
00018b e0ea      	LDI  R30,LOW(10)
00018c e0f0      	LDI  R31,HIGH(10)
00018d 940e 01cf 	CALL __MODW21
00018f 5de0      	SUBI R30,-LOW(48)
000190 2fae      	MOV  R26,R30
000191 940c 011b 	JMP  _lcd_putchar
                 
                 ;OPTIMIZER ADDED SUBROUTINE, CALLED 3 TIMES, CODE SIZE REDUCTION:9 WORDS
                 SUBOPT_0x3:
000193 e0ea      	LDI  R30,LOW(10)
000194 e0f0      	LDI  R31,HIGH(10)
000195 940e 01cf 	CALL __MODW21
000197 5de0      	SUBI R30,-LOW(48)
000198 2fae      	MOV  R26,R30
000199 940c 011b 	JMP  _lcd_putchar
                 
                 ;OPTIMIZER ADDED SUBROUTINE, CALLED 2 TIMES, CODE SIZE REDUCTION:1 WORDS
                 SUBOPT_0x4:
00019b 940e 00f6 	CALL __lcd_write_data
00019d e0a3      	LDI  R26,LOW(3)
00019e e0b0      	LDI  R27,0
00019f 940c 01a9 	JMP  _delay_ms
                 
                 ;OPTIMIZER ADDED SUBROUTINE, CALLED 3 TIMES, CODE SIZE REDUCTION:7 WORDS
                 SUBOPT_0x5:
0001a1 e3a0      	LDI  R26,LOW(48)
0001a2 940e 00e2 	CALL __lcd_write_nibble_G100
                +
0001a4 ec88     +LDI R24 , LOW ( 200 )
0001a5 e090     +LDI R25 , HIGH ( 200 )
                +__DELAY_USW_LOOP :
0001a6 9701     +SBIW R24 , 1
0001a7 f7f1     +BRNE __DELAY_USW_LOOP
                 	__DELAY_USW 200
0001a8 9508      	RET
                 
                 
                 	.CSEG
                 _delay_ms:
0001a9 9610      	adiw r26,0
0001aa f039      	breq __delay_ms1
                 __delay_ms0:
                +
0001ab ed80     +LDI R24 , LOW ( 0x7D0 )
0001ac e097     +LDI R25 , HIGH ( 0x7D0 )
                +__DELAY_USW_LOOP :
0001ad 9701     +SBIW R24 , 1
0001ae f7f1     +BRNE __DELAY_USW_LOOP
                 	__DELAY_USW 0x7D0
0001af 95a8      	wdr
0001b0 9711      	sbiw r26,1
0001b1 f7c9      	brne __delay_ms0
                 __delay_ms1:
0001b2 9508      	ret
                 
                 __ANEGW1:
0001b3 95f1      	NEG  R31
0001b4 95e1      	NEG  R30
0001b5 40f0      	SBCI R31,0
0001b6 9508      	RET
                 
                 __DIVW21U:
0001b7 2400      	CLR  R0
0001b8 2411      	CLR  R1
0001b9 e190      	LDI  R25,16
                 __DIVW21U1:
0001ba 0faa      	LSL  R26
0001bb 1fbb      	ROL  R27
0001bc 1c00      	ROL  R0
0001bd 1c11      	ROL  R1
0001be 1a0e      	SUB  R0,R30
0001bf 0a1f      	SBC  R1,R31
0001c0 f418      	BRCC __DIVW21U2
0001c1 0e0e      	ADD  R0,R30
0001c2 1e1f      	ADC  R1,R31
0001c3 c001      	RJMP __DIVW21U3
                 __DIVW21U2:
0001c4 60a1      	SBR  R26,1
                 __DIVW21U3:
0001c5 959a      	DEC  R25
0001c6 f799      	BRNE __DIVW21U1
0001c7 01fd      	MOVW R30,R26
0001c8 01d0      	MOVW R26,R0
0001c9 9508      	RET
                 
                 __DIVW21:
0001ca d012      	RCALL __CHKSIGNW
0001cb dfeb      	RCALL __DIVW21U
0001cc f40e      	BRTC __DIVW211
0001cd dfe5      	RCALL __ANEGW1
                 __DIVW211:
0001ce 9508      	RET
                 
                 __MODW21:
0001cf 94e8      	CLT
0001d0 ffb7      	SBRS R27,7
0001d1 c004      	RJMP __MODW211
0001d2 95a0      	COM  R26
0001d3 95b0      	COM  R27
0001d4 9611      	ADIW R26,1
0001d5 9468      	SET
                 __MODW211:
0001d6 fdf7      	SBRC R31,7
0001d7 dfdb      	RCALL __ANEGW1
0001d8 dfde      	RCALL __DIVW21U
0001d9 01fd      	MOVW R30,R26
0001da f40e      	BRTC __MODW212
0001db dfd7      	RCALL __ANEGW1
                 __MODW212:
0001dc 9508      	RET
                 
                 __CHKSIGNW:
0001dd 94e8      	CLT
0001de fff7      	SBRS R31,7
0001df c002      	RJMP __CHKSW1
0001e0 dfd2      	RCALL __ANEGW1
0001e1 9468      	SET
                 __CHKSW1:
0001e2 ffb7      	SBRS R27,7
0001e3 c006      	RJMP __CHKSW2
0001e4 95a0      	COM  R26
0001e5 95b0      	COM  R27
0001e6 9611      	ADIW R26,1
0001e7 f800      	BLD  R0,0
0001e8 9403      	INC  R0
0001e9 fa00      	BST  R0,0
                 __CHKSW2:
0001ea 9508      	RET
                 
                 ;END OF CODE MARKER
                 __END_OF_CODE:


RESOURCE USE INFORMATION
------------------------

Notice:
The register and instruction counts are symbol table hit counts,
and hence implicitly used resources are not counted, eg, the
'lpm' instruction without operands implicitly uses r0 and z,
none of which are counted.

x,y,z are separate entities in the symbol table and are
counted separately from r26..r31 here.

.dseg memory usage only counts static data declared with .byte

ATmega16A register use summary:
r0 :  12 r1 :   5 r2 :   0 r3 :   0 r4 :   4 r5 :   4 r6 :   4 r7 :   1 
r8 :   4 r9 :   1 r10:   4 r11:   1 r12:   2 r13:   4 r14:   0 r15:   0 
r16:   0 r17:   4 r18:   0 r19:   0 r20:   0 r21:   0 r22:   2 r23:   0 
r24:  21 r25:   7 r26:  63 r27:  13 r28:   4 r29:   1 r30: 129 r31:  18 
x  :   3 y  :  30 z  :   9 
Registers used: 25 out of 35 (71.4%)

ATmega16A instruction use summary:
.lds  :   0 .lds.l:   0 .sts  :   0 .sts.l:   0 adc   :   1 add   :   2 
adiw  :   7 and   :   0 andi  :   2 asr   :   0 bclr  :   0 bld   :   1 
brbc  :   0 brbs  :   0 brcc  :   1 brcs  :   0 break :   0 breq  :   4 
brge  :   0 brhc  :   0 brhs  :   0 brid  :   0 brie  :   0 brlo  :   1 
brlt  :   0 brmi  :   0 brne  :  16 brpl  :   0 brsh  :   0 brtc  :   2 
brts  :   0 brvc  :   0 brvs  :   0 bset  :   0 bst   :   1 call  :  29 
cbi   :   5 cbr   :   0 clc   :   0 clh   :   0 cli   :   1 cln   :   0 
clr   :   7 cls   :   0 clt   :   2 clv   :   0 clz   :   0 com   :   4 
cp    :   4 cpc   :   0 cpi   :   3 cpse  :   0 dec   :   6 des   :   0 
eor   :   0 fmul  :   0 fmuls :   0 fmulsu:   0 icall :   0 ijmp  :   0 
in    :   3 inc   :   3 jmp   :  27 ld    :  11 ldd   :   7 ldi   :  72 
lds   :   0 lpm   :   9 lsl   :   1 lsr   :   0 mov   :  13 movw  :  17 
mul   :   0 muls  :   0 mulsu :   0 neg   :   2 nop   :   0 or    :   1 
ori   :   1 out   :  46 pop   :   0 push  :   0 rcall :  24 ret   :  12 
reti  :   0 rjmp  :  15 rol   :   3 ror   :   0 sbc   :   1 sbci  :   2 
sbi   :   5 sbic  :   0 sbis  :   1 sbiw  :   8 sbr   :   1 sbrc  :   1 
sbrs  :   3 sec   :   0 seh   :   0 sei   :   0 sen   :   0 ser   :   0 
ses   :   0 set   :   2 sev   :   0 sez   :   0 sleep :   0 spm   :   0 
st    :  14 std   :   2 sts   :   2 sub   :   1 subi  :   6 swap  :   1 
tst   :   0 wdr   :   1 
Instructions used: 54 out of 116 (46.6%)

ATmega16A memory use summary [bytes]:
Segment   Begin    End      Code   Data   Used    Size   Use%
---------------------------------------------------------------
[.cseg] 0x000000 0x0003d6    948     34    982   16384   6.0%
[.dseg] 0x000060 0x000164      0      4      4    1024   0.4%
[.eseg] 0x000000 0x000000      0      0      0     512   0.0%

Assembly complete, 0 errors, 10 warnings
