
AVRASM ver. 2.1.30  D:\project\Codevision AVR\HC-05 android control robot\Debug\List\t.asm Mon Aug 05 15:41:07 2019

D:\project\Codevision AVR\HC-05 android control robot\Debug\List\t.asm(1088): warning: Register r4 already defined by the .DEF directive
D:\project\Codevision AVR\HC-05 android control robot\Debug\List\t.asm(1089): warning: Register r5 already defined by the .DEF directive
D:\project\Codevision AVR\HC-05 android control robot\Debug\List\t.asm(1090): warning: Register r6 already defined by the .DEF directive
D:\project\Codevision AVR\HC-05 android control robot\Debug\List\t.asm(1091): warning: Register r7 already defined by the .DEF directive
D:\project\Codevision AVR\HC-05 android control robot\Debug\List\t.asm(1092): warning: Register r9 already defined by the .DEF directive
                 
                 
                 ;CodeVisionAVR C Compiler V3.12 Advanced
                 ;(C) Copyright 1998-2014 Pavel Haiduc, HP InfoTech s.r.l.
                 ;http://www.hpinfotech.com
                 
                 ;Build configuration    : Debug
                 ;Chip type              : ATmega16A
                 ;Program type           : Application
                 ;Clock frequency        : 8/000000 MHz
                 ;Memory model           : Small
                 ;Optimize for           : Size
                 ;(s)printf features     : int, width
                 ;(s)scanf features      : int, width
                 ;External RAM size      : 0
                 ;Data Stack size        : 256 byte(s)
                 ;Heap size              : 0 byte(s)
                 ;Promote 'char' to 'int': Yes
                 ;'char' is unsigned     : Yes
                 ;8 bit enums            : Yes
                 ;Global 'const' stored in FLASH: Yes
                 ;Enhanced function parameter passing: Yes
                 ;Enhanced core instructions: On
                 ;Automatic register allocation for global variables: On
                 ;Smart register allocation: On
                 
                 	#define _MODEL_SMALL_
                 
                 	#pragma AVRPART ADMIN PART_NAME ATmega16A
                 	#pragma AVRPART MEMORY PROG_FLASH 16384
                 	#pragma AVRPART MEMORY EEPROM 512
                 	#pragma AVRPART MEMORY INT_SRAM SIZE 1024
                 	#pragma AVRPART MEMORY INT_SRAM START_ADDR 0x60
                 
                 	#define CALL_SUPPORTED 1
                 
                 	.LISTMAC
                 	.EQU UDRE=0x5
                 	.EQU RXC=0x7
                 	.EQU USR=0xB
                 	.EQU UDR=0xC
                 	.EQU SPSR=0xE
                 	.EQU SPDR=0xF
                 	.EQU EERE=0x0
                 	.EQU EEWE=0x1
                 	.EQU EEMWE=0x2
                 	.EQU EECR=0x1C
                 	.EQU EEDR=0x1D
                 	.EQU EEARL=0x1E
                 	.EQU EEARH=0x1F
                 	.EQU WDTCR=0x21
                 	.EQU MCUCR=0x35
                 	.EQU GICR=0x3B
                 	.EQU SPL=0x3D
                 	.EQU SPH=0x3E
                 	.EQU SREG=0x3F
                 
                 	.DEF R0X0=R0
                 	.DEF R0X1=R1
                 	.DEF R0X2=R2
                 	.DEF R0X3=R3
                 	.DEF R0X4=R4
                 	.DEF R0X5=R5
                 	.DEF R0X6=R6
                 	.DEF R0X7=R7
                 	.DEF R0X8=R8
                 	.DEF R0X9=R9
                 	.DEF R0XA=R10
                 	.DEF R0XB=R11
                 	.DEF R0XC=R12
                 	.DEF R0XD=R13
                 	.DEF R0XE=R14
                 	.DEF R0XF=R15
                 	.DEF R0X10=R16
                 	.DEF R0X11=R17
                 	.DEF R0X12=R18
                 	.DEF R0X13=R19
                 	.DEF R0X14=R20
                 	.DEF R0X15=R21
                 	.DEF R0X16=R22
                 	.DEF R0X17=R23
                 	.DEF R0X18=R24
                 	.DEF R0X19=R25
                 	.DEF R0X1A=R26
                 	.DEF R0X1B=R27
                 	.DEF R0X1C=R28
                 	.DEF R0X1D=R29
                 	.DEF R0X1E=R30
                 	.DEF R0X1F=R31
                 
                 	.EQU __SRAM_START=0x0060
                 	.EQU __SRAM_END=0x045F
                 	.EQU __DSTACK_SIZE=0x0100
                 	.EQU __HEAP_SIZE=0x0000
                 	.EQU __CLEAR_SRAM_SIZE=__SRAM_END-__SRAM_START+1
                 
                 	.MACRO __CPD1N
                 	CPI  R30,LOW(@0)
                 	LDI  R26,HIGH(@0)
                 	CPC  R31,R26
                 	LDI  R26,BYTE3(@0)
                 	CPC  R22,R26
                 	LDI  R26,BYTE4(@0)
                 	CPC  R23,R26
                 	.ENDM
                 
                 	.MACRO __CPD2N
                 	CPI  R26,LOW(@0)
                 	LDI  R30,HIGH(@0)
                 	CPC  R27,R30
                 	LDI  R30,BYTE3(@0)
                 	CPC  R24,R30
                 	LDI  R30,BYTE4(@0)
                 	CPC  R25,R30
                 	.ENDM
                 
                 	.MACRO __CPWRR
                 	CP   R@0,R@2
                 	CPC  R@1,R@3
                 	.ENDM
                 
                 	.MACRO __CPWRN
                 	CPI  R@0,LOW(@2)
                 	LDI  R30,HIGH(@2)
                 	CPC  R@1,R30
                 	.ENDM
                 
                 	.MACRO __ADDB1MN
                 	SUBI R30,LOW(-@0-(@1))
                 	.ENDM
                 
                 	.MACRO __ADDB2MN
                 	SUBI R26,LOW(-@0-(@1))
                 	.ENDM
                 
                 	.MACRO __ADDW1MN
                 	SUBI R30,LOW(-@0-(@1))
                 	SBCI R31,HIGH(-@0-(@1))
                 	.ENDM
                 
                 	.MACRO __ADDW2MN
                 	SUBI R26,LOW(-@0-(@1))
                 	SBCI R27,HIGH(-@0-(@1))
                 	.ENDM
                 
                 	.MACRO __ADDW1FN
                 	SUBI R30,LOW(-2*@0-(@1))
                 	SBCI R31,HIGH(-2*@0-(@1))
                 	.ENDM
                 
                 	.MACRO __ADDD1FN
                 	SUBI R30,LOW(-2*@0-(@1))
                 	SBCI R31,HIGH(-2*@0-(@1))
                 	SBCI R22,BYTE3(-2*@0-(@1))
                 	.ENDM
                 
                 	.MACRO __ADDD1N
                 	SUBI R30,LOW(-@0)
                 	SBCI R31,HIGH(-@0)
                 	SBCI R22,BYTE3(-@0)
                 	SBCI R23,BYTE4(-@0)
                 	.ENDM
                 
                 	.MACRO __ADDD2N
                 	SUBI R26,LOW(-@0)
                 	SBCI R27,HIGH(-@0)
                 	SBCI R24,BYTE3(-@0)
                 	SBCI R25,BYTE4(-@0)
                 	.ENDM
                 
                 	.MACRO __SUBD1N
                 	SUBI R30,LOW(@0)
                 	SBCI R31,HIGH(@0)
                 	SBCI R22,BYTE3(@0)
                 	SBCI R23,BYTE4(@0)
                 	.ENDM
                 
                 	.MACRO __SUBD2N
                 	SUBI R26,LOW(@0)
                 	SBCI R27,HIGH(@0)
                 	SBCI R24,BYTE3(@0)
                 	SBCI R25,BYTE4(@0)
                 	.ENDM
                 
                 	.MACRO __ANDBMNN
                 	LDS  R30,@0+(@1)
                 	ANDI R30,LOW(@2)
                 	STS  @0+(@1),R30
                 	.ENDM
                 
                 	.MACRO __ANDWMNN
                 	LDS  R30,@0+(@1)
                 	ANDI R30,LOW(@2)
                 	STS  @0+(@1),R30
                 	LDS  R30,@0+(@1)+1
                 	ANDI R30,HIGH(@2)
                 	STS  @0+(@1)+1,R30
                 	.ENDM
                 
                 	.MACRO __ANDD1N
                 	ANDI R30,LOW(@0)
                 	ANDI R31,HIGH(@0)
                 	ANDI R22,BYTE3(@0)
                 	ANDI R23,BYTE4(@0)
                 	.ENDM
                 
                 	.MACRO __ANDD2N
                 	ANDI R26,LOW(@0)
                 	ANDI R27,HIGH(@0)
                 	ANDI R24,BYTE3(@0)
                 	ANDI R25,BYTE4(@0)
                 	.ENDM
                 
                 	.MACRO __ORBMNN
                 	LDS  R30,@0+(@1)
                 	ORI  R30,LOW(@2)
                 	STS  @0+(@1),R30
                 	.ENDM
                 
                 	.MACRO __ORWMNN
                 	LDS  R30,@0+(@1)
                 	ORI  R30,LOW(@2)
                 	STS  @0+(@1),R30
                 	LDS  R30,@0+(@1)+1
                 	ORI  R30,HIGH(@2)
                 	STS  @0+(@1)+1,R30
                 	.ENDM
                 
                 	.MACRO __ORD1N
                 	ORI  R30,LOW(@0)
                 	ORI  R31,HIGH(@0)
                 	ORI  R22,BYTE3(@0)
                 	ORI  R23,BYTE4(@0)
                 	.ENDM
                 
                 	.MACRO __ORD2N
                 	ORI  R26,LOW(@0)
                 	ORI  R27,HIGH(@0)
                 	ORI  R24,BYTE3(@0)
                 	ORI  R25,BYTE4(@0)
                 	.ENDM
                 
                 	.MACRO __DELAY_USB
                 	LDI  R24,LOW(@0)
                 __DELAY_USB_LOOP:
                 	DEC  R24
                 	BRNE __DELAY_USB_LOOP
                 	.ENDM
                 
                 	.MACRO __DELAY_USW
                 	LDI  R24,LOW(@0)
                 	LDI  R25,HIGH(@0)
                 __DELAY_USW_LOOP:
                 	SBIW R24,1
                 	BRNE __DELAY_USW_LOOP
                 	.ENDM
                 
                 	.MACRO __GETD1S
                 	LDD  R30,Y+@0
                 	LDD  R31,Y+@0+1
                 	LDD  R22,Y+@0+2
                 	LDD  R23,Y+@0+3
                 	.ENDM
                 
                 	.MACRO __GETD2S
                 	LDD  R26,Y+@0
                 	LDD  R27,Y+@0+1
                 	LDD  R24,Y+@0+2
                 	LDD  R25,Y+@0+3
                 	.ENDM
                 
                 	.MACRO __PUTD1S
                 	STD  Y+@0,R30
                 	STD  Y+@0+1,R31
                 	STD  Y+@0+2,R22
                 	STD  Y+@0+3,R23
                 	.ENDM
                 
                 	.MACRO __PUTD2S
                 	STD  Y+@0,R26
                 	STD  Y+@0+1,R27
                 	STD  Y+@0+2,R24
                 	STD  Y+@0+3,R25
                 	.ENDM
                 
                 	.MACRO __PUTDZ2
                 	STD  Z+@0,R26
                 	STD  Z+@0+1,R27
                 	STD  Z+@0+2,R24
                 	STD  Z+@0+3,R25
                 	.ENDM
                 
                 	.MACRO __CLRD1S
                 	STD  Y+@0,R30
                 	STD  Y+@0+1,R30
                 	STD  Y+@0+2,R30
                 	STD  Y+@0+3,R30
                 	.ENDM
                 
                 	.MACRO __POINTB1MN
                 	LDI  R30,LOW(@0+(@1))
                 	.ENDM
                 
                 	.MACRO __POINTW1MN
                 	LDI  R30,LOW(@0+(@1))
                 	LDI  R31,HIGH(@0+(@1))
                 	.ENDM
                 
                 	.MACRO __POINTD1M
                 	LDI  R30,LOW(@0)
                 	LDI  R31,HIGH(@0)
                 	LDI  R22,BYTE3(@0)
                 	LDI  R23,BYTE4(@0)
                 	.ENDM
                 
                 	.MACRO __POINTW1FN
                 	LDI  R30,LOW(2*@0+(@1))
                 	LDI  R31,HIGH(2*@0+(@1))
                 	.ENDM
                 
                 	.MACRO __POINTD1FN
                 	LDI  R30,LOW(2*@0+(@1))
                 	LDI  R31,HIGH(2*@0+(@1))
                 	LDI  R22,BYTE3(2*@0+(@1))
                 	LDI  R23,BYTE4(2*@0+(@1))
                 	.ENDM
                 
                 	.MACRO __POINTB2MN
                 	LDI  R26,LOW(@0+(@1))
                 	.ENDM
                 
                 	.MACRO __POINTW2MN
                 	LDI  R26,LOW(@0+(@1))
                 	LDI  R27,HIGH(@0+(@1))
                 	.ENDM
                 
                 	.MACRO __POINTW2FN
                 	LDI  R26,LOW(2*@0+(@1))
                 	LDI  R27,HIGH(2*@0+(@1))
                 	.ENDM
                 
                 	.MACRO __POINTD2FN
                 	LDI  R26,LOW(2*@0+(@1))
                 	LDI  R27,HIGH(2*@0+(@1))
                 	LDI  R24,BYTE3(2*@0+(@1))
                 	LDI  R25,BYTE4(2*@0+(@1))
                 	.ENDM
                 
                 	.MACRO __POINTBRM
                 	LDI  R@0,LOW(@1)
                 	.ENDM
                 
                 	.MACRO __POINTWRM
                 	LDI  R@0,LOW(@2)
                 	LDI  R@1,HIGH(@2)
                 	.ENDM
                 
                 	.MACRO __POINTBRMN
                 	LDI  R@0,LOW(@1+(@2))
                 	.ENDM
                 
                 	.MACRO __POINTWRMN
                 	LDI  R@0,LOW(@2+(@3))
                 	LDI  R@1,HIGH(@2+(@3))
                 	.ENDM
                 
                 	.MACRO __POINTWRFN
                 	LDI  R@0,LOW(@2*2+(@3))
                 	LDI  R@1,HIGH(@2*2+(@3))
                 	.ENDM
                 
                 	.MACRO __GETD1N
                 	LDI  R30,LOW(@0)
                 	LDI  R31,HIGH(@0)
                 	LDI  R22,BYTE3(@0)
                 	LDI  R23,BYTE4(@0)
                 	.ENDM
                 
                 	.MACRO __GETD2N
                 	LDI  R26,LOW(@0)
                 	LDI  R27,HIGH(@0)
                 	LDI  R24,BYTE3(@0)
                 	LDI  R25,BYTE4(@0)
                 	.ENDM
                 
                 	.MACRO __GETB1MN
                 	LDS  R30,@0+(@1)
                 	.ENDM
                 
                 	.MACRO __GETB1HMN
                 	LDS  R31,@0+(@1)
                 	.ENDM
                 
                 	.MACRO __GETW1MN
                 	LDS  R30,@0+(@1)
                 	LDS  R31,@0+(@1)+1
                 	.ENDM
                 
                 	.MACRO __GETD1MN
                 	LDS  R30,@0+(@1)
                 	LDS  R31,@0+(@1)+1
                 	LDS  R22,@0+(@1)+2
                 	LDS  R23,@0+(@1)+3
                 	.ENDM
                 
                 	.MACRO __GETBRMN
                 	LDS  R@0,@1+(@2)
                 	.ENDM
                 
                 	.MACRO __GETWRMN
                 	LDS  R@0,@2+(@3)
                 	LDS  R@1,@2+(@3)+1
                 	.ENDM
                 
                 	.MACRO __GETWRZ
                 	LDD  R@0,Z+@2
                 	LDD  R@1,Z+@2+1
                 	.ENDM
                 
                 	.MACRO __GETD2Z
                 	LDD  R26,Z+@0
                 	LDD  R27,Z+@0+1
                 	LDD  R24,Z+@0+2
                 	LDD  R25,Z+@0+3
                 	.ENDM
                 
                 	.MACRO __GETB2MN
                 	LDS  R26,@0+(@1)
                 	.ENDM
                 
                 	.MACRO __GETW2MN
                 	LDS  R26,@0+(@1)
                 	LDS  R27,@0+(@1)+1
                 	.ENDM
                 
                 	.MACRO __GETD2MN
                 	LDS  R26,@0+(@1)
                 	LDS  R27,@0+(@1)+1
                 	LDS  R24,@0+(@1)+2
                 	LDS  R25,@0+(@1)+3
                 	.ENDM
                 
                 	.MACRO __PUTB1MN
                 	STS  @0+(@1),R30
                 	.ENDM
                 
                 	.MACRO __PUTW1MN
                 	STS  @0+(@1),R30
                 	STS  @0+(@1)+1,R31
                 	.ENDM
                 
                 	.MACRO __PUTD1MN
                 	STS  @0+(@1),R30
                 	STS  @0+(@1)+1,R31
                 	STS  @0+(@1)+2,R22
                 	STS  @0+(@1)+3,R23
                 	.ENDM
                 
                 	.MACRO __PUTB1EN
                 	LDI  R26,LOW(@0+(@1))
                 	LDI  R27,HIGH(@0+(@1))
                 	CALL __EEPROMWRB
                 	.ENDM
                 
                 	.MACRO __PUTW1EN
                 	LDI  R26,LOW(@0+(@1))
                 	LDI  R27,HIGH(@0+(@1))
                 	CALL __EEPROMWRW
                 	.ENDM
                 
                 	.MACRO __PUTD1EN
                 	LDI  R26,LOW(@0+(@1))
                 	LDI  R27,HIGH(@0+(@1))
                 	CALL __EEPROMWRD
                 	.ENDM
                 
                 	.MACRO __PUTBR0MN
                 	STS  @0+(@1),R0
                 	.ENDM
                 
                 	.MACRO __PUTBMRN
                 	STS  @0+(@1),R@2
                 	.ENDM
                 
                 	.MACRO __PUTWMRN
                 	STS  @0+(@1),R@2
                 	STS  @0+(@1)+1,R@3
                 	.ENDM
                 
                 	.MACRO __PUTBZR
                 	STD  Z+@1,R@0
                 	.ENDM
                 
                 	.MACRO __PUTWZR
                 	STD  Z+@2,R@0
                 	STD  Z+@2+1,R@1
                 	.ENDM
                 
                 	.MACRO __GETW1R
                 	MOV  R30,R@0
                 	MOV  R31,R@1
                 	.ENDM
                 
                 	.MACRO __GETW2R
                 	MOV  R26,R@0
                 	MOV  R27,R@1
                 	.ENDM
                 
                 	.MACRO __GETWRN
                 	LDI  R@0,LOW(@2)
                 	LDI  R@1,HIGH(@2)
                 	.ENDM
                 
                 	.MACRO __PUTW1R
                 	MOV  R@0,R30
                 	MOV  R@1,R31
                 	.ENDM
                 
                 	.MACRO __PUTW2R
                 	MOV  R@0,R26
                 	MOV  R@1,R27
                 	.ENDM
                 
                 	.MACRO __ADDWRN
                 	SUBI R@0,LOW(-@2)
                 	SBCI R@1,HIGH(-@2)
                 	.ENDM
                 
                 	.MACRO __ADDWRR
                 	ADD  R@0,R@2
                 	ADC  R@1,R@3
                 	.ENDM
                 
                 	.MACRO __SUBWRN
                 	SUBI R@0,LOW(@2)
                 	SBCI R@1,HIGH(@2)
                 	.ENDM
                 
                 	.MACRO __SUBWRR
                 	SUB  R@0,R@2
                 	SBC  R@1,R@3
                 	.ENDM
                 
                 	.MACRO __ANDWRN
                 	ANDI R@0,LOW(@2)
                 	ANDI R@1,HIGH(@2)
                 	.ENDM
                 
                 	.MACRO __ANDWRR
                 	AND  R@0,R@2
                 	AND  R@1,R@3
                 	.ENDM
                 
                 	.MACRO __ORWRN
                 	ORI  R@0,LOW(@2)
                 	ORI  R@1,HIGH(@2)
                 	.ENDM
                 
                 	.MACRO __ORWRR
                 	OR   R@0,R@2
                 	OR   R@1,R@3
                 	.ENDM
                 
                 	.MACRO __EORWRR
                 	EOR  R@0,R@2
                 	EOR  R@1,R@3
                 	.ENDM
                 
                 	.MACRO __GETWRS
                 	LDD  R@0,Y+@2
                 	LDD  R@1,Y+@2+1
                 	.ENDM
                 
                 	.MACRO __PUTBSR
                 	STD  Y+@1,R@0
                 	.ENDM
                 
                 	.MACRO __PUTWSR
                 	STD  Y+@2,R@0
                 	STD  Y+@2+1,R@1
                 	.ENDM
                 
                 	.MACRO __MOVEWRR
                 	MOV  R@0,R@2
                 	MOV  R@1,R@3
                 	.ENDM
                 
                 	.MACRO __INWR
                 	IN   R@0,@2
                 	IN   R@1,@2+1
                 	.ENDM
                 
                 	.MACRO __OUTWR
                 	OUT  @2+1,R@1
                 	OUT  @2,R@0
                 	.ENDM
                 
                 	.MACRO __CALL1MN
                 	LDS  R30,@0+(@1)
                 	LDS  R31,@0+(@1)+1
                 	ICALL
                 	.ENDM
                 
                 	.MACRO __CALL1FN
                 	LDI  R30,LOW(2*@0+(@1))
                 	LDI  R31,HIGH(2*@0+(@1))
                 	CALL __GETW1PF
                 	ICALL
                 	.ENDM
                 
                 	.MACRO __CALL2EN
                 	PUSH R26
                 	PUSH R27
                 	LDI  R26,LOW(@0+(@1))
                 	LDI  R27,HIGH(@0+(@1))
                 	CALL __EEPROMRDW
                 	POP  R27
                 	POP  R26
                 	ICALL
                 	.ENDM
                 
                 	.MACRO __CALL2EX
                 	SUBI R26,LOW(-@0)
                 	SBCI R27,HIGH(-@0)
                 	CALL __EEPROMRDD
                 	ICALL
                 	.ENDM
                 
                 	.MACRO __GETW1STACK
                 	IN   R30,SPL
                 	IN   R31,SPH
                 	ADIW R30,@0+1
                 	LD   R0,Z+
                 	LD   R31,Z
                 	MOV  R30,R0
                 	.ENDM
                 
                 	.MACRO __GETD1STACK
                 	IN   R30,SPL
                 	IN   R31,SPH
                 	ADIW R30,@0+1
                 	LD   R0,Z+
                 	LD   R1,Z+
                 	LD   R22,Z
                 	MOVW R30,R0
                 	.ENDM
                 
                 	.MACRO __NBST
                 	BST  R@0,@1
                 	IN   R30,SREG
                 	LDI  R31,0x40
                 	EOR  R30,R31
                 	OUT  SREG,R30
                 	.ENDM
                 
                 
                 	.MACRO __PUTB1SN
                 	LDD  R26,Y+@0
                 	LDD  R27,Y+@0+1
                 	SUBI R26,LOW(-@1)
                 	SBCI R27,HIGH(-@1)
                 	ST   X,R30
                 	.ENDM
                 
                 	.MACRO __PUTW1SN
                 	LDD  R26,Y+@0
                 	LDD  R27,Y+@0+1
                 	SUBI R26,LOW(-@1)
                 	SBCI R27,HIGH(-@1)
                 	ST   X+,R30
                 	ST   X,R31
                 	.ENDM
                 
                 	.MACRO __PUTD1SN
                 	LDD  R26,Y+@0
                 	LDD  R27,Y+@0+1
                 	SUBI R26,LOW(-@1)
                 	SBCI R27,HIGH(-@1)
                 	CALL __PUTDP1
                 	.ENDM
                 
                 	.MACRO __PUTB1SNS
                 	LDD  R26,Y+@0
                 	LDD  R27,Y+@0+1
                 	ADIW R26,@1
                 	ST   X,R30
                 	.ENDM
                 
                 	.MACRO __PUTW1SNS
                 	LDD  R26,Y+@0
                 	LDD  R27,Y+@0+1
                 	ADIW R26,@1
                 	ST   X+,R30
                 	ST   X,R31
                 	.ENDM
                 
                 	.MACRO __PUTD1SNS
                 	LDD  R26,Y+@0
                 	LDD  R27,Y+@0+1
                 	ADIW R26,@1
                 	CALL __PUTDP1
                 	.ENDM
                 
                 	.MACRO __PUTB1PMN
                 	LDS  R26,@0
                 	LDS  R27,@0+1
                 	SUBI R26,LOW(-@1)
                 	SBCI R27,HIGH(-@1)
                 	ST   X,R30
                 	.ENDM
                 
                 	.MACRO __PUTW1PMN
                 	LDS  R26,@0
                 	LDS  R27,@0+1
                 	SUBI R26,LOW(-@1)
                 	SBCI R27,HIGH(-@1)
                 	ST   X+,R30
                 	ST   X,R31
                 	.ENDM
                 
                 	.MACRO __PUTD1PMN
                 	LDS  R26,@0
                 	LDS  R27,@0+1
                 	SUBI R26,LOW(-@1)
                 	SBCI R27,HIGH(-@1)
                 	CALL __PUTDP1
                 	.ENDM
                 
                 	.MACRO __PUTB1PMNS
                 	LDS  R26,@0
                 	LDS  R27,@0+1
                 	ADIW R26,@1
                 	ST   X,R30
                 	.ENDM
                 
                 	.MACRO __PUTW1PMNS
                 	LDS  R26,@0
                 	LDS  R27,@0+1
                 	ADIW R26,@1
                 	ST   X+,R30
                 	ST   X,R31
                 	.ENDM
                 
                 	.MACRO __PUTD1PMNS
                 	LDS  R26,@0
                 	LDS  R27,@0+1
                 	ADIW R26,@1
                 	CALL __PUTDP1
                 	.ENDM
                 
                 	.MACRO __PUTB1RN
                 	MOVW R26,R@0
                 	SUBI R26,LOW(-@1)
                 	SBCI R27,HIGH(-@1)
                 	ST   X,R30
                 	.ENDM
                 
                 	.MACRO __PUTW1RN
                 	MOVW R26,R@0
                 	SUBI R26,LOW(-@1)
                 	SBCI R27,HIGH(-@1)
                 	ST   X+,R30
                 	ST   X,R31
                 	.ENDM
                 
                 	.MACRO __PUTD1RN
                 	MOVW R26,R@0
                 	SUBI R26,LOW(-@1)
                 	SBCI R27,HIGH(-@1)
                 	CALL __PUTDP1
                 	.ENDM
                 
                 	.MACRO __PUTB1RNS
                 	MOVW R26,R@0
                 	ADIW R26,@1
                 	ST   X,R30
                 	.ENDM
                 
                 	.MACRO __PUTW1RNS
                 	MOVW R26,R@0
                 	ADIW R26,@1
                 	ST   X+,R30
                 	ST   X,R31
                 	.ENDM
                 
                 	.MACRO __PUTD1RNS
                 	MOVW R26,R@0
                 	ADIW R26,@1
                 	CALL __PUTDP1
                 	.ENDM
                 
                 	.MACRO __PUTB1RON
                 	MOV  R26,R@0
                 	MOV  R27,R@1
                 	SUBI R26,LOW(-@2)
                 	SBCI R27,HIGH(-@2)
                 	ST   X,R30
                 	.ENDM
                 
                 	.MACRO __PUTW1RON
                 	MOV  R26,R@0
                 	MOV  R27,R@1
                 	SUBI R26,LOW(-@2)
                 	SBCI R27,HIGH(-@2)
                 	ST   X+,R30
                 	ST   X,R31
                 	.ENDM
                 
                 	.MACRO __PUTD1RON
                 	MOV  R26,R@0
                 	MOV  R27,R@1
                 	SUBI R26,LOW(-@2)
                 	SBCI R27,HIGH(-@2)
                 	CALL __PUTDP1
                 	.ENDM
                 
                 	.MACRO __PUTB1RONS
                 	MOV  R26,R@0
                 	MOV  R27,R@1
                 	ADIW R26,@2
                 	ST   X,R30
                 	.ENDM
                 
                 	.MACRO __PUTW1RONS
                 	MOV  R26,R@0
                 	MOV  R27,R@1
                 	ADIW R26,@2
                 	ST   X+,R30
                 	ST   X,R31
                 	.ENDM
                 
                 	.MACRO __PUTD1RONS
                 	MOV  R26,R@0
                 	MOV  R27,R@1
                 	ADIW R26,@2
                 	CALL __PUTDP1
                 	.ENDM
                 
                 
                 	.MACRO __GETB1SX
                 	MOVW R30,R28
                 	SUBI R30,LOW(-@0)
                 	SBCI R31,HIGH(-@0)
                 	LD   R30,Z
                 	.ENDM
                 
                 	.MACRO __GETB1HSX
                 	MOVW R30,R28
                 	SUBI R30,LOW(-@0)
                 	SBCI R31,HIGH(-@0)
                 	LD   R31,Z
                 	.ENDM
                 
                 	.MACRO __GETW1SX
                 	MOVW R30,R28
                 	SUBI R30,LOW(-@0)
                 	SBCI R31,HIGH(-@0)
                 	LD   R0,Z+
                 	LD   R31,Z
                 	MOV  R30,R0
                 	.ENDM
                 
                 	.MACRO __GETD1SX
                 	MOVW R30,R28
                 	SUBI R30,LOW(-@0)
                 	SBCI R31,HIGH(-@0)
                 	LD   R0,Z+
                 	LD   R1,Z+
                 	LD   R22,Z+
                 	LD   R23,Z
                 	MOVW R30,R0
                 	.ENDM
                 
                 	.MACRO __GETB2SX
                 	MOVW R26,R28
                 	SUBI R26,LOW(-@0)
                 	SBCI R27,HIGH(-@0)
                 	LD   R26,X
                 	.ENDM
                 
                 	.MACRO __GETW2SX
                 	MOVW R26,R28
                 	SUBI R26,LOW(-@0)
                 	SBCI R27,HIGH(-@0)
                 	LD   R0,X+
                 	LD   R27,X
                 	MOV  R26,R0
                 	.ENDM
                 
                 	.MACRO __GETD2SX
                 	MOVW R26,R28
                 	SUBI R26,LOW(-@0)
                 	SBCI R27,HIGH(-@0)
                 	LD   R0,X+
                 	LD   R1,X+
                 	LD   R24,X+
                 	LD   R25,X
                 	MOVW R26,R0
                 	.ENDM
                 
                 	.MACRO __GETBRSX
                 	MOVW R30,R28
                 	SUBI R30,LOW(-@1)
                 	SBCI R31,HIGH(-@1)
                 	LD   R@0,Z
                 	.ENDM
                 
                 	.MACRO __GETWRSX
                 	MOVW R30,R28
                 	SUBI R30,LOW(-@2)
                 	SBCI R31,HIGH(-@2)
                 	LD   R@0,Z+
                 	LD   R@1,Z
                 	.ENDM
                 
                 	.MACRO __GETBRSX2
                 	MOVW R26,R28
                 	SUBI R26,LOW(-@1)
                 	SBCI R27,HIGH(-@1)
                 	LD   R@0,X
                 	.ENDM
                 
                 	.MACRO __GETWRSX2
                 	MOVW R26,R28
                 	SUBI R26,LOW(-@2)
                 	SBCI R27,HIGH(-@2)
                 	LD   R@0,X+
                 	LD   R@1,X
                 	.ENDM
                 
                 	.MACRO __LSLW8SX
                 	MOVW R30,R28
                 	SUBI R30,LOW(-@0)
                 	SBCI R31,HIGH(-@0)
                 	LD   R31,Z
                 	CLR  R30
                 	.ENDM
                 
                 	.MACRO __PUTB1SX
                 	MOVW R26,R28
                 	SUBI R26,LOW(-@0)
                 	SBCI R27,HIGH(-@0)
                 	ST   X,R30
                 	.ENDM
                 
                 	.MACRO __PUTW1SX
                 	MOVW R26,R28
                 	SUBI R26,LOW(-@0)
                 	SBCI R27,HIGH(-@0)
                 	ST   X+,R30
                 	ST   X,R31
                 	.ENDM
                 
                 	.MACRO __PUTD1SX
                 	MOVW R26,R28
                 	SUBI R26,LOW(-@0)
                 	SBCI R27,HIGH(-@0)
                 	ST   X+,R30
                 	ST   X+,R31
                 	ST   X+,R22
                 	ST   X,R23
                 	.ENDM
                 
                 	.MACRO __CLRW1SX
                 	MOVW R26,R28
                 	SUBI R26,LOW(-@0)
                 	SBCI R27,HIGH(-@0)
                 	ST   X+,R30
                 	ST   X,R30
                 	.ENDM
                 
                 	.MACRO __CLRD1SX
                 	MOVW R26,R28
                 	SUBI R26,LOW(-@0)
                 	SBCI R27,HIGH(-@0)
                 	ST   X+,R30
                 	ST   X+,R30
                 	ST   X+,R30
                 	ST   X,R30
                 	.ENDM
                 
                 	.MACRO __PUTB2SX
                 	MOVW R30,R28
                 	SUBI R30,LOW(-@0)
                 	SBCI R31,HIGH(-@0)
                 	ST   Z,R26
                 	.ENDM
                 
                 	.MACRO __PUTW2SX
                 	MOVW R30,R28
                 	SUBI R30,LOW(-@0)
                 	SBCI R31,HIGH(-@0)
                 	ST   Z+,R26
                 	ST   Z,R27
                 	.ENDM
                 
                 	.MACRO __PUTD2SX
                 	MOVW R30,R28
                 	SUBI R30,LOW(-@0)
                 	SBCI R31,HIGH(-@0)
                 	ST   Z+,R26
                 	ST   Z+,R27
                 	ST   Z+,R24
                 	ST   Z,R25
                 	.ENDM
                 
                 	.MACRO __PUTBSRX
                 	MOVW R30,R28
                 	SUBI R30,LOW(-@1)
                 	SBCI R31,HIGH(-@1)
                 	ST   Z,R@0
                 	.ENDM
                 
                 	.MACRO __PUTWSRX
                 	MOVW R30,R28
                 	SUBI R30,LOW(-@2)
                 	SBCI R31,HIGH(-@2)
                 	ST   Z+,R@0
                 	ST   Z,R@1
                 	.ENDM
                 
                 	.MACRO __PUTB1SNX
                 	MOVW R26,R28
                 	SUBI R26,LOW(-@0)
                 	SBCI R27,HIGH(-@0)
                 	LD   R0,X+
                 	LD   R27,X
                 	MOV  R26,R0
                 	SUBI R26,LOW(-@1)
                 	SBCI R27,HIGH(-@1)
                 	ST   X,R30
                 	.ENDM
                 
                 	.MACRO __PUTW1SNX
                 	MOVW R26,R28
                 	SUBI R26,LOW(-@0)
                 	SBCI R27,HIGH(-@0)
                 	LD   R0,X+
                 	LD   R27,X
                 	MOV  R26,R0
                 	SUBI R26,LOW(-@1)
                 	SBCI R27,HIGH(-@1)
                 	ST   X+,R30
                 	ST   X,R31
                 	.ENDM
                 
                 	.MACRO __PUTD1SNX
                 	MOVW R26,R28
                 	SUBI R26,LOW(-@0)
                 	SBCI R27,HIGH(-@0)
                 	LD   R0,X+
                 	LD   R27,X
                 	MOV  R26,R0
                 	SUBI R26,LOW(-@1)
                 	SBCI R27,HIGH(-@1)
                 	ST   X+,R30
                 	ST   X+,R31
                 	ST   X+,R22
                 	ST   X,R23
                 	.ENDM
                 
                 	.MACRO __MULBRR
                 	MULS R@0,R@1
                 	MOVW R30,R0
                 	.ENDM
                 
                 	.MACRO __MULBRRU
                 	MUL  R@0,R@1
                 	MOVW R30,R0
                 	.ENDM
                 
                 	.MACRO __MULBRR0
                 	MULS R@0,R@1
                 	.ENDM
                 
                 	.MACRO __MULBRRU0
                 	MUL  R@0,R@1
                 	.ENDM
                 
                 	.MACRO __MULBNWRU
                 	LDI  R26,@2
                 	MUL  R26,R@0
                 	MOVW R30,R0
                 	MUL  R26,R@1
                 	ADD  R31,R0
                 	.ENDM
                 
                 ;NAME DEFINITIONS FOR GLOBAL VARIABLES ALLOCATED TO REGISTERS
                 	.DEF _speed=R4
                 	.DEF _speed_msb=R5
                 	.DEF _cnt=R6
                 	.DEF _cnt_msb=R7
                 	.DEF _a=R9
                 
                 	.CSEG
                 	.ORG 0x00
                 
                 ;START OF CODE MARKER
                 __START_OF_CODE:
                 
                 ;INTERRUPT VECTORS
000000 940c 0039 	JMP  __RESET
000002 940c 0000 	JMP  0x00
000004 940c 0000 	JMP  0x00
000006 940c 0000 	JMP  0x00
000008 940c 0000 	JMP  0x00
00000a 940c 0000 	JMP  0x00
00000c 940c 0000 	JMP  0x00
00000e 940c 0000 	JMP  0x00
000010 940c 0000 	JMP  0x00
000012 940c 0000 	JMP  0x00
000014 940c 0000 	JMP  0x00
000016 940c 0000 	JMP  0x00
000018 940c 0000 	JMP  0x00
00001a 940c 0000 	JMP  0x00
00001c 940c 0000 	JMP  0x00
00001e 940c 0000 	JMP  0x00
000020 940c 0000 	JMP  0x00
000022 940c 0000 	JMP  0x00
000024 940c 0000 	JMP  0x00
000026 940c 0000 	JMP  0x00
000028 940c 0000 	JMP  0x00
                 
                 _tbl10_G100:
00002a 2710
00002b 03e8
00002c 0064
00002d 000a      	.DB  0x10,0x27,0xE8,0x3,0x64,0x0,0xA,0x0
00002e 0001      	.DB  0x1,0x0
                 _tbl16_G100:
00002f 1000
000030 0100
000031 0010
000032 0001      	.DB  0x0,0x10,0x0,0x1,0x10,0x0,0x1,0x0
                 
                 ;GLOBAL REGISTER VARIABLES INITIALIZATION
                 __REG_VARS:
000033 00ff
000034 0000      	.DB  0xFF,0x0,0x0,0x0
                 
                 
                 __GLOBAL_INI_TBL:
000035 0004      	.DW  0x04
000036 0004      	.DW  0x04
000037 0066      	.DW  __REG_VARS*2
                 
                 _0xFFFFFFFF:
000038 0000      	.DW  0
                 
                 #define __GLOBAL_INI_TBL_PRESENT 1
                 
                 __RESET:
000039 94f8      	CLI
00003a 27ee      	CLR  R30
00003b bbec      	OUT  EECR,R30
                 
                 ;INTERRUPT VECTORS ARE PLACED
                 ;AT THE START OF FLASH
00003c e0f1      	LDI  R31,1
00003d bffb      	OUT  GICR,R31
00003e bfeb      	OUT  GICR,R30
00003f bfe5      	OUT  MCUCR,R30
                 
                 ;CLEAR R2-R14
000040 e08d      	LDI  R24,(14-2)+1
000041 e0a2      	LDI  R26,2
000042 27bb      	CLR  R27
                 __CLEAR_REG:
000043 93ed      	ST   X+,R30
000044 958a      	DEC  R24
000045 f7e9      	BRNE __CLEAR_REG
                 
                 ;CLEAR SRAM
000046 e080      	LDI  R24,LOW(__CLEAR_SRAM_SIZE)
000047 e094      	LDI  R25,HIGH(__CLEAR_SRAM_SIZE)
000048 e6a0      	LDI  R26,__SRAM_START
                 __CLEAR_SRAM:
000049 93ed      	ST   X+,R30
00004a 9701      	SBIW R24,1
00004b f7e9      	BRNE __CLEAR_SRAM
                 
                 ;GLOBAL VARIABLES INITIALIZATION
00004c e6ea      	LDI  R30,LOW(__GLOBAL_INI_TBL*2)
00004d e0f0      	LDI  R31,HIGH(__GLOBAL_INI_TBL*2)
                 __GLOBAL_INI_NEXT:
00004e 9185      	LPM  R24,Z+
00004f 9195      	LPM  R25,Z+
000050 9700      	SBIW R24,0
000051 f061      	BREQ __GLOBAL_INI_END
000052 91a5      	LPM  R26,Z+
000053 91b5      	LPM  R27,Z+
000054 9005      	LPM  R0,Z+
000055 9015      	LPM  R1,Z+
000056 01bf      	MOVW R22,R30
000057 01f0      	MOVW R30,R0
                 __GLOBAL_INI_LOOP:
000058 9005      	LPM  R0,Z+
000059 920d      	ST   X+,R0
00005a 9701      	SBIW R24,1
00005b f7e1      	BRNE __GLOBAL_INI_LOOP
00005c 01fb      	MOVW R30,R22
00005d cff0      	RJMP __GLOBAL_INI_NEXT
                 __GLOBAL_INI_END:
                 
                 ;HARDWARE STACK POINTER INITIALIZATION
00005e e5ef      	LDI  R30,LOW(__SRAM_END-__HEAP_SIZE)
00005f bfed      	OUT  SPL,R30
000060 e0e4      	LDI  R30,HIGH(__SRAM_END-__HEAP_SIZE)
000061 bfee      	OUT  SPH,R30
                 
                 ;DATA STACK POINTER INITIALIZATION
000062 e6c0      	LDI  R28,LOW(__SRAM_START+__DSTACK_SIZE)
000063 e0d1      	LDI  R29,HIGH(__SRAM_START+__DSTACK_SIZE)
                 
000064 940c 0066 	JMP  _main
                 
                 	.ESEG
                 	.ORG 0
                 
                 	.DSEG
                 	.ORG 0x160
                 
                 	.CSEG
                 ;/*******************************************************
                 ;This program was created by the
                 ;CodeWizardAVR V3.12 Advanced
                 ;Automatic Program Generator
                 ;© Copyright 1998-2014 Pavel Haiduc, HP InfoTech s.r.l.
                 ;http://www.hpinfotech.com
                 ;
                 ;Project :
                 ;Version :
                 ;Date    : 15/02/2018
                 ;Author  :
                 ;Company :
                 ;Comments:
                 ;
                 ;
                 ;Chip type               : ATmega16A
                 ;Program type            : Application
                 ;AVR Core Clock frequency: 8/000000 MHz
                 ;Memory model            : Small
                 ;External RAM size       : 0
                 ;Data Stack size         : 256
                 ;*******************************************************/
                 ;
                 ;#include <mega16a.h>
                 	#ifndef __SLEEP_DEFINED__
                 	#define __SLEEP_DEFINED__
                 	.EQU __se_bit=0x40
                 	.EQU __sm_mask=0xB0
                 	.EQU __sm_powerdown=0x20
                 	.EQU __sm_powersave=0x30
                 	.EQU __sm_standby=0xA0
                 	.EQU __sm_ext_standby=0xB0
                 	.EQU __sm_adc_noise_red=0x10
                 	.SET power_ctrl_reg=mcucr
                 	#endif
                 ;#include <delay.h>
                 ;
                 ;// Declare your global variables here
                 ;
                 ;// Standard Input/Output functions
                 ;#include <stdio.h>
                 ;int speed=255, cnt=0;
                 ;char a,b[10];
                 ;void main(void)
                 ; 0000 0022 {
                 
                 	.CSEG
                 _main:
                 ; .FSTART _main
                 ; 0000 0023 // Declare your local variables here
                 ; 0000 0024 
                 ; 0000 0025 // Input/Output Ports initialization
                 ; 0000 0026 // Port A initialization
                 ; 0000 0027 // Function: Bit7=In Bit6=In Bit5=In Bit4=In Bit3=In Bit2=In Bit1=In Bit0=In
                 ; 0000 0028 DDRA=(1<<DDA7) | (1<<DDA6) | (1<<DDA5) | (1<<DDA4) | (1<<DDA3) | (1<<DDA2) | (1<<DDA1) | (1<<DDA0);
000066 efef      	LDI  R30,LOW(255)
000067 bbea      	OUT  0x1A,R30
                 ; 0000 0029 // State: Bit7=T Bit6=T Bit5=T Bit4=T Bit3=T Bit2=T Bit1=T Bit0=T
                 ; 0000 002A PORTA=(0<<PORTA7) | (0<<PORTA6) | (0<<PORTA5) | (0<<PORTA4) | (0<<PORTA3) | (0<<PORTA2) | (0<<PORTA1) | (0<<PORTA0);
000068 e0e0      	LDI  R30,LOW(0)
000069 bbeb      	OUT  0x1B,R30
                 ; 0000 002B 
                 ; 0000 002C // Port B initialization
                 ; 0000 002D // Function: Bit7=In Bit6=In Bit5=In Bit4=In Bit3=In Bit2=In Bit1=In Bit0=In
                 ; 0000 002E DDRB=(0<<DDB7) | (0<<DDB6) | (0<<DDB5) | (0<<DDB4) | (0<<DDB3) | (0<<DDB2) | (0<<DDB1) | (0<<DDB0);
00006a bbe7      	OUT  0x17,R30
                 ; 0000 002F // State: Bit7=T Bit6=T Bit5=T Bit4=T Bit3=T Bit2=T Bit1=T Bit0=T
                 ; 0000 0030 PORTB=(0<<PORTB7) | (0<<PORTB6) | (0<<PORTB5) | (0<<PORTB4) | (0<<PORTB3) | (0<<PORTB2) | (0<<PORTB1) | (0<<PORTB0);
00006b bbe8      	OUT  0x18,R30
                 ; 0000 0031 
                 ; 0000 0032 // Port C initialization
                 ; 0000 0033 // Function: Bit7=Out Bit6=Out Bit5=Out Bit4=Out Bit3=Out Bit2=Out Bit1=Out Bit0=Out
                 ; 0000 0034 DDRC=(1<<DDC7) | (1<<DDC6) | (1<<DDC5) | (1<<DDC4) | (1<<DDC3) | (1<<DDC2) | (1<<DDC1) | (1<<DDC0);
00006c efef      	LDI  R30,LOW(255)
00006d bbe4      	OUT  0x14,R30
                 ; 0000 0035 // State: Bit7=0 Bit6=0 Bit5=0 Bit4=0 Bit3=0 Bit2=0 Bit1=0 Bit0=0
                 ; 0000 0036 PORTC=(0<<PORTC7) | (0<<PORTC6) | (0<<PORTC5) | (0<<PORTC4) | (0<<PORTC3) | (0<<PORTC2) | (0<<PORTC1) | (0<<PORTC0);
00006e e0e0      	LDI  R30,LOW(0)
00006f bbe5      	OUT  0x15,R30
                 ; 0000 0037 
                 ; 0000 0038 // Port D initialization
                 ; 0000 0039 // Function: Bit7=Out Bit6=Out Bit5=Out Bit4=Out Bit3=Out Bit2=Out Bit1=Out Bit0=Out
                 ; 0000 003A DDRD=(1<<DDD7) | (1<<DDD6) | (1<<DDD5) | (1<<DDD4) | (1<<DDD3) | (1<<DDD2) | (1<<DDD1) | (1<<DDD0);
000070 efef      	LDI  R30,LOW(255)
000071 bbe1      	OUT  0x11,R30
                 ; 0000 003B // State: Bit7=0 Bit6=0 Bit5=0 Bit4=0 Bit3=0 Bit2=0 Bit1=0 Bit0=0
                 ; 0000 003C PORTD=(0<<PORTD7) | (0<<PORTD6) | (0<<PORTD5) | (0<<PORTD4) | (0<<PORTD3) | (0<<PORTD2) | (0<<PORTD1) | (0<<PORTD0);
000072 e0e0      	LDI  R30,LOW(0)
000073 bbe2      	OUT  0x12,R30
                 ; 0000 003D 
                 ; 0000 003E // Timer/Counter 0 initialization
                 ; 0000 003F // Clock source: System Clock
                 ; 0000 0040 // Clock value: Timer 0 Stopped
                 ; 0000 0041 // Mode: Normal top=0xFF
                 ; 0000 0042 // OC0 output: Disconnected
                 ; 0000 0043 TCCR0=(0<<WGM00) | (0<<COM01) | (0<<COM00) | (0<<WGM01) | (0<<CS02) | (0<<CS01) | (0<<CS00);
000074 bfe3      	OUT  0x33,R30
                 ; 0000 0044 TCNT0=0x00;
000075 bfe2      	OUT  0x32,R30
                 ; 0000 0045 OCR0=0x00;
000076 bfec      	OUT  0x3C,R30
                 ; 0000 0046 
                 ; 0000 0047 // Timer/Counter 1 initialization
                 ; 0000 0048 // Clock source: System Clock
                 ; 0000 0049 // Clock value: 125/000 kHz
                 ; 0000 004A // Mode: Fast PWM top=0x00FF
                 ; 0000 004B // OC1A output: Non-Inverted PWM
                 ; 0000 004C // OC1B output: Non-Inverted PWM
                 ; 0000 004D // Noise Canceler: Off
                 ; 0000 004E // Input Capture on Falling Edge
                 ; 0000 004F // Timer Period: 2/048 ms
                 ; 0000 0050 // Output Pulse(s):
                 ; 0000 0051 // OC1A Period: 2/048 ms Width: 0 us// OC1B Period: 2/048 ms Width: 0 us
                 ; 0000 0052 // Timer1 Overflow Interrupt: Off
                 ; 0000 0053 // Input Capture Interrupt: Off
                 ; 0000 0054 // Compare A Match Interrupt: Off
                 ; 0000 0055 // Compare B Match Interrupt: Off
                 ; 0000 0056 TCCR1A=(1<<COM1A1) | (0<<COM1A0) | (1<<COM1B1) | (0<<COM1B0) | (0<<WGM11) | (1<<WGM10);
000077 eae1      	LDI  R30,LOW(161)
000078 bdef      	OUT  0x2F,R30
                 ; 0000 0057 TCCR1B=(0<<ICNC1) | (0<<ICES1) | (0<<WGM13) | (1<<WGM12) | (0<<CS12) | (1<<CS11) | (1<<CS10);
000079 e0eb      	LDI  R30,LOW(11)
00007a bdee      	OUT  0x2E,R30
                 ; 0000 0058 TCNT1H=0x00;
00007b e0e0      	LDI  R30,LOW(0)
00007c bded      	OUT  0x2D,R30
                 ; 0000 0059 TCNT1L=0x00;
00007d bdec      	OUT  0x2C,R30
                 ; 0000 005A ICR1H=0x00;
00007e bde7      	OUT  0x27,R30
                 ; 0000 005B ICR1L=0x00;
00007f bde6      	OUT  0x26,R30
                 ; 0000 005C OCR1AH=0x00;
000080 bdeb      	OUT  0x2B,R30
                 ; 0000 005D OCR1AL=0x00;
000081 bdea      	OUT  0x2A,R30
                 ; 0000 005E OCR1BH=0x00;
000082 bde9      	OUT  0x29,R30
                 ; 0000 005F OCR1BL=0x00;
000083 bde8      	OUT  0x28,R30
                 ; 0000 0060 
                 ; 0000 0061 // Timer/Counter 2 initialization
                 ; 0000 0062 // Clock source: System Clock
                 ; 0000 0063 // Clock value: Timer2 Stopped
                 ; 0000 0064 // Mode: Normal top=0xFF
                 ; 0000 0065 // OC2 output: Disconnected
                 ; 0000 0066 ASSR=0<<AS2;
000084 bde2      	OUT  0x22,R30
                 ; 0000 0067 TCCR2=(0<<PWM2) | (0<<COM21) | (0<<COM20) | (0<<CTC2) | (0<<CS22) | (0<<CS21) | (0<<CS20);
000085 bde5      	OUT  0x25,R30
                 ; 0000 0068 TCNT2=0x00;
000086 bde4      	OUT  0x24,R30
                 ; 0000 0069 OCR2=0x00;
000087 bde3      	OUT  0x23,R30
                 ; 0000 006A 
                 ; 0000 006B // Timer(s)/Counter(s) Interrupt(s) initialization
                 ; 0000 006C TIMSK=(0<<OCIE2) | (0<<TOIE2) | (0<<TICIE1) | (0<<OCIE1A) | (0<<OCIE1B) | (0<<TOIE1) | (0<<OCIE0) | (0<<TOIE0);
000088 bfe9      	OUT  0x39,R30
                 ; 0000 006D 
                 ; 0000 006E // External Interrupt(s) initialization
                 ; 0000 006F // INT0: Off
                 ; 0000 0070 // INT1: Off
                 ; 0000 0071 // INT2: Off
                 ; 0000 0072 MCUCR=(0<<ISC11) | (0<<ISC10) | (0<<ISC01) | (0<<ISC00);
000089 bfe5      	OUT  0x35,R30
                 ; 0000 0073 MCUCSR=(0<<ISC2);
00008a bfe4      	OUT  0x34,R30
                 ; 0000 0074 
                 ; 0000 0075 // USART initialization
                 ; 0000 0076 // Communication Parameters: 8 Data, 1 Stop, No Parity
                 ; 0000 0077 // USART Receiver: On
                 ; 0000 0078 // USART Transmitter: On
                 ; 0000 0079 // USART Mode: Asynchronous
                 ; 0000 007A // USART Baud Rate: 9600
                 ; 0000 007B UCSRA=(0<<RXC) | (0<<TXC) | (0<<UDRE) | (0<<FE) | (0<<DOR) | (0<<UPE) | (0<<U2X) | (0<<MPCM);
00008b b9eb      	OUT  0xB,R30
                 ; 0000 007C UCSRB=(0<<RXCIE) | (0<<TXCIE) | (0<<UDRIE) | (1<<RXEN) | (1<<TXEN) | (0<<UCSZ2) | (0<<RXB8) | (0<<TXB8);
00008c e1e8      	LDI  R30,LOW(24)
00008d b9ea      	OUT  0xA,R30
                 ; 0000 007D UCSRC=(1<<URSEL) | (0<<UMSEL) | (0<<UPM1) | (0<<UPM0) | (0<<USBS) | (1<<UCSZ1) | (1<<UCSZ0) | (0<<UCPOL);
00008e e8e6      	LDI  R30,LOW(134)
00008f bde0      	OUT  0x20,R30
                 ; 0000 007E UBRRH=0x00;
000090 e0e0      	LDI  R30,LOW(0)
000091 bde0      	OUT  0x20,R30
                 ; 0000 007F UBRRL=0x33;
000092 e3e3      	LDI  R30,LOW(51)
000093 b9e9      	OUT  0x9,R30
                 ; 0000 0080 
                 ; 0000 0081 // Analog Comparator initialization
                 ; 0000 0082 // Analog Comparator: Off
                 ; 0000 0083 // The Analog Comparator's positive input is
                 ; 0000 0084 // connected to the AIN0 pin
                 ; 0000 0085 // The Analog Comparator's negative input is
                 ; 0000 0086 // connected to the AIN1 pin
                 ; 0000 0087 ACSR=(1<<ACD) | (0<<ACBG) | (0<<ACO) | (0<<ACI) | (0<<ACIE) | (0<<ACIC) | (0<<ACIS1) | (0<<ACIS0);
000094 e8e0      	LDI  R30,LOW(128)
000095 b9e8      	OUT  0x8,R30
                 ; 0000 0088 SFIOR=(0<<ACME);
000096 e0e0      	LDI  R30,LOW(0)
000097 bfe0      	OUT  0x30,R30
                 ; 0000 0089 
                 ; 0000 008A // ADC initialization
                 ; 0000 008B // ADC disabled
                 ; 0000 008C ADCSRA=(0<<ADEN) | (0<<ADSC) | (0<<ADATE) | (0<<ADIF) | (0<<ADIE) | (0<<ADPS2) | (0<<ADPS1) | (0<<ADPS0);
000098 b9e6      	OUT  0x6,R30
                 ; 0000 008D 
                 ; 0000 008E // SPI initialization
                 ; 0000 008F // SPI disabled
                 ; 0000 0090 SPCR=(0<<SPIE) | (0<<SPE) | (0<<DORD) | (0<<MSTR) | (0<<CPOL) | (0<<CPHA) | (0<<SPR1) | (0<<SPR0);
000099 b9ed      	OUT  0xD,R30
                 ; 0000 0091 
                 ; 0000 0092 // TWI initialization
                 ; 0000 0093 // TWI disabled
                 ; 0000 0094 TWCR=(0<<TWEA) | (0<<TWSTA) | (0<<TWSTO) | (0<<TWEN) | (0<<TWIE);
00009a bfe6      	OUT  0x36,R30
                 ; 0000 0095 speed=255;
00009b efef      	LDI  R30,LOW(255)
00009c e0f0      	LDI  R31,HIGH(255)
00009d 012f      	MOVW R4,R30
                 ; 0000 0096 while (1)
                 _0x3:
                 ; 0000 0097       {
                 ; 0000 0098       a=getchar();
00009e d0a2      	RCALL _getchar
00009f 2e9e      	MOV  R9,R30
                 ; 0000 0099       if (a=='X')       speed=255;
0000a0 e5e8      	LDI  R30,LOW(88)
0000a1 15e9      	CP   R30,R9
0000a2 f421      	BRNE _0x6
0000a3 efef      	LDI  R30,LOW(255)
0000a4 e0f0      	LDI  R31,HIGH(255)
0000a5 012f      	MOVW R4,R30
                 ; 0000 009A       else if(a=='Y')   speed=70;
0000a6 c098      	RJMP _0x7
                 _0x6:
0000a7 e5e9      	LDI  R30,LOW(89)
0000a8 15e9      	CP   R30,R9
0000a9 f421      	BRNE _0x8
0000aa e4e6      	LDI  R30,LOW(70)
0000ab e0f0      	LDI  R31,HIGH(70)
0000ac 012f      	MOVW R4,R30
                 ; 0000 009B       else if(a=='F')
0000ad c091      	RJMP _0x9
                 _0x8:
0000ae e4e6      	LDI  R30,LOW(70)
0000af 15e9      	CP   R30,R9
0000b0 f429      	BRNE _0xA
                 ; 0000 009C           {
                 ; 0000 009D           ////////////////MR
                 ; 0000 009E           PORTD.2=1;
0000b1 9a92      	SBI  0x12,2
                 ; 0000 009F           PORTD.3=0;
0000b2 9893      	CBI  0x12,3
                 ; 0000 00A0           OCR1A=speed;
0000b3 940e 0145 	CALL SUBOPT_0x0
                 ; 0000 00A1           ////////////////ML
                 ; 0000 00A2           PORTD.6=1;
                 ; 0000 00A3           PORTD.7=0;
                 ; 0000 00A4           OCR1B=speed;
                 ; 0000 00A5           }
                 ; 0000 00A6       else if(a=='G')
0000b5 c089      	RJMP _0x13
                 _0xA:
0000b6 e4e7      	LDI  R30,LOW(71)
0000b7 15e9      	CP   R30,R9
0000b8 f421      	BRNE _0x14
                 ; 0000 00A7           {
                 ; 0000 00A8           ////////////////MR
                 ; 0000 00A9           PORTD.2=0;
0000b9 9892      	CBI  0x12,2
                 ; 0000 00AA           PORTD.3=1;
0000ba 940e 014c 	CALL SUBOPT_0x1
                 ; 0000 00AB           OCR1A=speed;
                 ; 0000 00AC           ////////////////ML
                 ; 0000 00AD           PORTD.6=0;
                 ; 0000 00AE           PORTD.7=1;
                 ; 0000 00AF           OCR1B=speed;
                 ; 0000 00B0           }
                 ; 0000 00B1       else if(a=='E')
0000bc c082      	RJMP _0x1D
                 _0x14:
0000bd e4e5      	LDI  R30,LOW(69)
0000be 15e9      	CP   R30,R9
0000bf f429      	BRNE _0x1E
                 ; 0000 00B2           {
                 ; 0000 00B3           ////////////////MR
                 ; 0000 00B4           PORTD.2=1;
0000c0 9a92      	SBI  0x12,2
                 ; 0000 00B5           PORTD.3=0;
0000c1 9893      	CBI  0x12,3
                 ; 0000 00B6           OCR1A=speed;
0000c2 940e 0154 	CALL SUBOPT_0x2
                 ; 0000 00B7           ////////////////ML
                 ; 0000 00B8           PORTD.6=1;
                 ; 0000 00B9           PORTD.7=1;
                 ; 0000 00BA           OCR1B=speed;
                 ; 0000 00BB           }
                 ; 0000 00BC       else if(a=='Q')
0000c4 c07a      	RJMP _0x27
                 _0x1E:
0000c5 e5e1      	LDI  R30,LOW(81)
0000c6 15e9      	CP   R30,R9
0000c7 f429      	BRNE _0x28
                 ; 0000 00BD           {
                 ; 0000 00BE           ////////////////MR
                 ; 0000 00BF           PORTD.2=1;
0000c8 9a92      	SBI  0x12,2
                 ; 0000 00C0           PORTD.3=1;
0000c9 9a93      	SBI  0x12,3
                 ; 0000 00C1           OCR1A=speed;
0000ca 940e 0145 	CALL SUBOPT_0x0
                 ; 0000 00C2           ////////////////ML
                 ; 0000 00C3           PORTD.6=1;
                 ; 0000 00C4           PORTD.7=0;
                 ; 0000 00C5           OCR1B=speed;
                 ; 0000 00C6           }
                 ; 0000 00C7       else if(a=='R')
0000cc c072      	RJMP _0x31
                 _0x28:
0000cd e5e2      	LDI  R30,LOW(82)
0000ce 15e9      	CP   R30,R9
0000cf f449      	BRNE _0x32
                 ; 0000 00C8           {
                 ; 0000 00C9           ////////////////MR
                 ; 0000 00CA           PORTD.2=1;
0000d0 9a92      	SBI  0x12,2
                 ; 0000 00CB           PORTD.3=0;
0000d1 9893      	CBI  0x12,3
                 ; 0000 00CC           OCR1A=speed;
                +
0000d2 bc5b     +OUT 42 + 1 , R5
0000d3 bc4a     +OUT 42 , R4
                 	__OUTWR 4,5,42
                 ; 0000 00CD           ////////////////ML
                 ; 0000 00CE           PORTD.6=0;
0000d4 9896      	CBI  0x12,6
                 ; 0000 00CF           PORTD.7=1;
0000d5 9a97      	SBI  0x12,7
                 ; 0000 00D0           OCR1B=speed;
                +
0000d6 bc59     +OUT 40 + 1 , R5
0000d7 bc48     +OUT 40 , R4
                 	__OUTWR 4,5,40
                 ; 0000 00D1           }
                 ; 0000 00D2       else if(a=='L')
0000d8 c066      	RJMP _0x3B
                 _0x32:
0000d9 e4ec      	LDI  R30,LOW(76)
0000da 15e9      	CP   R30,R9
0000db f429      	BRNE _0x3C
                 ; 0000 00D3           {
                 ; 0000 00D4           ////////////////MR
                 ; 0000 00D5           PORTD.2=0;
0000dc 9892      	CBI  0x12,2
                 ; 0000 00D6           PORTD.3=1;
0000dd 9a93      	SBI  0x12,3
                 ; 0000 00D7           OCR1A=speed;
0000de 940e 0145 	CALL SUBOPT_0x0
                 ; 0000 00D8           ////////////////ML
                 ; 0000 00D9           PORTD.6=1;
                 ; 0000 00DA           PORTD.7=0;
                 ; 0000 00DB           OCR1B=speed;
                 ; 0000 00DC           }
                 ; 0000 00DD       else if(a=='C')
0000e0 c05e      	RJMP _0x45
                 _0x3C:
0000e1 e4e3      	LDI  R30,LOW(67)
0000e2 15e9      	CP   R30,R9
0000e3 f421      	BRNE _0x46
                 ; 0000 00DE           {
                 ; 0000 00DF           ////////////////MR
                 ; 0000 00E0           PORTD.2=1;
0000e4 9a92      	SBI  0x12,2
                 ; 0000 00E1           PORTD.3=1;
0000e5 940e 014c 	CALL SUBOPT_0x1
                 ; 0000 00E2           OCR1A=speed;
                 ; 0000 00E3           ////////////////ML
                 ; 0000 00E4           PORTD.6=0;
                 ; 0000 00E5           PORTD.7=1;
                 ; 0000 00E6           OCR1B=speed;
                 ; 0000 00E7           }
                 ; 0000 00E8       else if(a=='Z')
0000e7 c057      	RJMP _0x4F
                 _0x46:
0000e8 e5ea      	LDI  R30,LOW(90)
0000e9 15e9      	CP   R30,R9
0000ea f429      	BRNE _0x50
                 ; 0000 00E9           {
                 ; 0000 00EA           ////////////////MR
                 ; 0000 00EB           PORTD.2=0;
0000eb 9892      	CBI  0x12,2
                 ; 0000 00EC           PORTD.3=1;
0000ec 9a93      	SBI  0x12,3
                 ; 0000 00ED           OCR1A=speed;
0000ed 940e 0154 	CALL SUBOPT_0x2
                 ; 0000 00EE           ////////////////ML
                 ; 0000 00EF           PORTD.6=1;
                 ; 0000 00F0           PORTD.7=1;
                 ; 0000 00F1           OCR1B=speed;
                 ; 0000 00F2           }
                 ; 0000 00F3       else if(a=='J')
0000ef c04f      	RJMP _0x59
                 _0x50:
0000f0 e4ea      	LDI  R30,LOW(74)
0000f1 15e9      	CP   R30,R9
0000f2 f539      	BRNE _0x5A
                 ; 0000 00F4           {
                 ; 0000 00F5           b[0]=getchar();
0000f3 d04d      	RCALL _getchar
0000f4 93e0 0160 	STS  _b,R30
                 ; 0000 00F6           b[1]=getchar();
0000f6 d04a      	RCALL _getchar
                +
0000f7 93e0 0161+STS _b + ( 1 ) , R30
                 	__PUTB1MN _b,1
                 ; 0000 00F7           b[2]=getchar();
0000f9 d047      	RCALL _getchar
                +
0000fa 93e0 0162+STS _b + ( 2 ) , R30
                 	__PUTB1MN _b,2
                 ; 0000 00F8           speed=75+((b[0]-'0')*100)+((b[1]-'0')*10)+(b[2]-'0');
0000fc 91e0 0160 	LDS  R30,_b
0000fe e0f0      	LDI  R31,0
0000ff 97f0      	SBIW R30,48
000100 e6a4      	LDI  R26,LOW(100)
000101 e0b0      	LDI  R27,HIGH(100)
000102 940e 0167 	CALL __MULW12
000104 5be5      	SUBI R30,LOW(-75)
000105 4fff      	SBCI R31,HIGH(-75)
000106 01bf      	MOVW R22,R30
                +
000107 91e0 0161+LDS R30 , _b + ( 1 )
                 	__GETB1MN _b,1
000109 e0f0      	LDI  R31,0
00010a 97f0      	SBIW R30,48
00010b e0aa      	LDI  R26,LOW(10)
00010c e0b0      	LDI  R27,HIGH(10)
00010d 940e 0167 	CALL __MULW12
00010f 01db      	MOVW R26,R22
000110 0fae      	ADD  R26,R30
000111 1fbf      	ADC  R27,R31
                +
000112 91e0 0162+LDS R30 , _b + ( 2 )
                 	__GETB1MN _b,2
000114 e0f0      	LDI  R31,0
000115 97f0      	SBIW R30,48
000116 0fea      	ADD  R30,R26
000117 1ffb      	ADC  R31,R27
000118 012f      	MOVW R4,R30
                 ; 0000 00F9           }
                 ; 0000 00FA       else if(a=='N')
000119 c025      	RJMP _0x5B
                 _0x5A:
00011a e4ee      	LDI  R30,LOW(78)
00011b 15e9      	CP   R30,R9
00011c f419      	BRNE _0x5C
                 ; 0000 00FB           {
                 ; 0000 00FC           PORTA.2=1;
00011d 9ada      	SBI  0x1B,2
                 ; 0000 00FD           PORTA.3=1;
00011e 9adb      	SBI  0x1B,3
                 ; 0000 00FE           }
                 ; 0000 00FF       else if(a=='n')
00011f c01f      	RJMP _0x61
                 _0x5C:
000120 e6ee      	LDI  R30,LOW(110)
000121 15e9      	CP   R30,R9
000122 f419      	BRNE _0x62
                 ; 0000 0100           {
                 ; 0000 0101           PORTA.2=0;
000123 98da      	CBI  0x1B,2
                 ; 0000 0102           PORTA.3=0;
000124 98db      	CBI  0x1B,3
                 ; 0000 0103           }
                 ; 0000 0104       else if(a=='M')
000125 c019      	RJMP _0x67
                 _0x62:
000126 e4ed      	LDI  R30,LOW(77)
000127 15e9      	CP   R30,R9
000128 f419      	BRNE _0x68
                 ; 0000 0105           {
                 ; 0000 0106           PORTA.4=1;
000129 9adc      	SBI  0x1B,4
                 ; 0000 0107           PORTA.5=1;
00012a 9add      	SBI  0x1B,5
                 ; 0000 0108           }
                 ; 0000 0109       else if(a=='m')
00012b c013      	RJMP _0x6D
                 _0x68:
00012c e6ed      	LDI  R30,LOW(109)
00012d 15e9      	CP   R30,R9
00012e f419      	BRNE _0x6E
                 ; 0000 010A           {
                 ; 0000 010B           PORTA.4=0;
00012f 98dc      	CBI  0x1B,4
                 ; 0000 010C           PORTA.5=0;
000130 98dd      	CBI  0x1B,5
                 ; 0000 010D           }
                 ; 0000 010E 
                 ; 0000 010F       else if(a=='S')
000131 c00d      	RJMP _0x73
                 _0x6E:
000132 e5e3      	LDI  R30,LOW(83)
000133 15e9      	CP   R30,R9
000134 f451      	BRNE _0x74
                 ; 0000 0110           {
                 ; 0000 0111           ////////////////MR
                 ; 0000 0112           PORTD.2=0;
000135 9892      	CBI  0x12,2
                 ; 0000 0113           PORTD.3=0;
000136 9893      	CBI  0x12,3
                 ; 0000 0114           OCR1A=speed;
                +
000137 bc5b     +OUT 42 + 1 , R5
000138 bc4a     +OUT 42 , R4
                 	__OUTWR 4,5,42
                 ; 0000 0115           ////////////////ML
                 ; 0000 0116           PORTD.6=0;
000139 9896      	CBI  0x12,6
                 ; 0000 0117           PORTD.7=0;
00013a 9897      	CBI  0x12,7
                 ; 0000 0118           OCR1B=speed;
                +
00013b bc59     +OUT 40 + 1 , R5
00013c bc48     +OUT 40 , R4
                 	__OUTWR 4,5,40
                 ; 0000 0119           cnt=0;
00013d 2466      	CLR  R6
00013e 2477      	CLR  R7
                 ; 0000 011A           }
                 ; 0000 011B       }
                 _0x74:
                 _0x73:
                 _0x6D:
                 _0x67:
                 _0x61:
                 _0x5B:
                 _0x59:
                 _0x4F:
                 _0x45:
                 _0x3B:
                 _0x31:
                 _0x27:
                 _0x1D:
                 _0x13:
                 _0x9:
                 _0x7:
00013f cf5e      	RJMP _0x3
                 ; 0000 011C }
                 _0x7D:
000140 cfff      	RJMP _0x7D
                 ; .FEND
                 	#ifndef __SLEEP_DEFINED__
                 	#endif
                 
                 	.CSEG
                 _getchar:
                 ; .FSTART _getchar
                 getchar0:
000141 9b5f           sbis usr,rxc
000142 cffe           rjmp getchar0
000143 b1ec           in   r30,udr
000144 9508      	RET
                 ; .FEND
                 
                 	.CSEG
                 
                 	.CSEG
                 
                 	.DSEG
                 _b:
000160           	.BYTE 0xA
                 
                 	.CSEG
                 ;OPTIMIZER ADDED SUBROUTINE, CALLED 3 TIMES, CODE SIZE REDUCTION:5 WORDS
                 SUBOPT_0x0:
                +
000145 bc5b     +OUT 42 + 1 , R5
000146 bc4a     +OUT 42 , R4
                 	__OUTWR 4,5,42
000147 9a96      	SBI  0x12,6
000148 9897      	CBI  0x12,7
                +
000149 bc59     +OUT 40 + 1 , R5
00014a bc48     +OUT 40 , R4
                 	__OUTWR 4,5,40
00014b 9508      	RET
                 
                 ;OPTIMIZER ADDED SUBROUTINE, CALLED 2 TIMES, CODE SIZE REDUCTION:2 WORDS
                 SUBOPT_0x1:
00014c 9a93      	SBI  0x12,3
                +
00014d bc5b     +OUT 42 + 1 , R5
00014e bc4a     +OUT 42 , R4
                 	__OUTWR 4,5,42
00014f 9896      	CBI  0x12,6
000150 9a97      	SBI  0x12,7
                +
000151 bc59     +OUT 40 + 1 , R5
000152 bc48     +OUT 40 , R4
                 	__OUTWR 4,5,40
000153 9508      	RET
                 
                 ;OPTIMIZER ADDED SUBROUTINE, CALLED 2 TIMES, CODE SIZE REDUCTION:1 WORDS
                 SUBOPT_0x2:
                +
000154 bc5b     +OUT 42 + 1 , R5
000155 bc4a     +OUT 42 , R4
                 	__OUTWR 4,5,42
000156 9a96      	SBI  0x12,6
000157 9a97      	SBI  0x12,7
                +
000158 bc59     +OUT 40 + 1 , R5
000159 bc48     +OUT 40 , R4
                 	__OUTWR 4,5,40
00015a 9508      	RET
                 
                 
                 	.CSEG
                 __ANEGW1:
00015b 95f1      	NEG  R31
00015c 95e1      	NEG  R30
00015d 40f0      	SBCI R31,0
00015e 9508      	RET
                 
                 __MULW12U:
00015f 9ffa      	MUL  R31,R26
000160 2df0      	MOV  R31,R0
000161 9feb      	MUL  R30,R27
000162 0df0      	ADD  R31,R0
000163 9fea      	MUL  R30,R26
000164 2de0      	MOV  R30,R0
000165 0df1      	ADD  R31,R1
000166 9508      	RET
                 
                 __MULW12:
000167 d004      	RCALL __CHKSIGNW
000168 dff6      	RCALL __MULW12U
000169 f40e      	BRTC __MULW121
00016a dff0      	RCALL __ANEGW1
                 __MULW121:
00016b 9508      	RET
                 
                 __CHKSIGNW:
00016c 94e8      	CLT
00016d fff7      	SBRS R31,7
00016e c002      	RJMP __CHKSW1
00016f dfeb      	RCALL __ANEGW1
000170 9468      	SET
                 __CHKSW1:
000171 ffb7      	SBRS R27,7
000172 c006      	RJMP __CHKSW2
000173 95a0      	COM  R26
000174 95b0      	COM  R27
000175 9611      	ADIW R26,1
000176 f800      	BLD  R0,0
000177 9403      	INC  R0
000178 fa00      	BST  R0,0
                 __CHKSW2:
000179 9508      	RET
                 
                 ;END OF CODE MARKER
                 __END_OF_CODE:


RESOURCE USE INFORMATION
------------------------

Notice:
The register and instruction counts are symbol table hit counts,
and hence implicitly used resources are not counted, eg, the
'lpm' instruction without operands implicitly uses r0 and z,
none of which are counted.

x,y,z are separate entities in the symbol table and are
counted separately from r26..r31 here.

.dseg memory usage only counts static data declared with .byte

ATmega16A register use summary:
r0 :  10 r1 :   2 r2 :   0 r3 :   0 r4 :  14 r5 :  10 r6 :   1 r7 :   1 
r8 :   0 r9 :  17 r10:   0 r11:   0 r12:   0 r13:   0 r14:   0 r15:   0 
r16:   0 r17:   0 r18:   0 r19:   0 r20:   0 r21:   0 r22:   4 r23:   0 
r24:   7 r25:   2 r26:  12 r27:   9 r28:   1 r29:   1 r30: 125 r31:  19 
x  :   3 y  :   0 z  :   7 
Registers used: 18 out of 35 (51.4%)

ATmega16A instruction use summary:
.lds  :   0 .lds.l:   0 .sts  :   0 .sts.l:   0 adc   :   2 add   :   4 
adiw  :   1 and   :   0 andi  :   0 asr   :   0 bclr  :   0 bld   :   1 
brbc  :   0 brbs  :   0 brcc  :   0 brcs  :   0 break :   0 breq  :   1 
brge  :   0 brhc  :   0 brhs  :   0 brid  :   0 brie  :   0 brlo  :   0 
brlt  :   0 brmi  :   0 brne  :  19 brpl  :   0 brsh  :   0 brtc  :   1 
brts  :   0 brvc  :   0 brvs  :   0 bset  :   0 bst   :   1 call  :   9 
cbi   :  17 cbr   :   0 clc   :   0 clh   :   0 cli   :   1 cln   :   0 
clr   :   4 cls   :   0 clt   :   1 clv   :   0 clz   :   0 com   :   2 
cp    :  16 cpc   :   0 cpi   :   0 cpse  :   0 dec   :   1 des   :   0 
eor   :   0 fmul  :   0 fmuls :   0 fmulsu:   0 icall :   0 ijmp  :   0 
in    :   1 inc   :   1 jmp   :  22 ld    :   0 ldd   :   0 ldi   :  56 
lds   :   3 lpm   :   7 lsl   :   0 lsr   :   0 mov   :   3 movw  :   9 
mul   :   3 muls  :   0 mulsu :   0 neg   :   2 nop   :   0 or    :   0 
ori   :   0 out   :  64 pop   :   0 push  :   0 rcall :   8 ret   :   8 
reti  :   0 rjmp  :  21 rol   :   0 ror   :   0 sbc   :   0 sbci  :   2 
sbi   :  18 sbic  :   0 sbis  :   1 sbiw  :   6 sbr   :   0 sbrc  :   0 
sbrs  :   2 sec   :   0 seh   :   0 sei   :   0 sen   :   0 ser   :   0 
ses   :   0 set   :   1 sev   :   0 sez   :   0 sleep :   0 spm   :   0 
st    :   3 std   :   0 sts   :   3 sub   :   0 subi  :   1 swap  :   0 
tst   :   0 wdr   :   0 
Instructions used: 39 out of 116 (33.6%)

ATmega16A memory use summary [bytes]:
Segment   Begin    End      Code   Data   Used    Size   Use%
---------------------------------------------------------------
[.cseg] 0x000000 0x0002f4    726     30    756   16384   4.6%
[.dseg] 0x000060 0x00016a      0     10     10    1024   1.0%
[.eseg] 0x000000 0x000000      0      0      0     512   0.0%

Assembly complete, 0 errors, 5 warnings
