
AVRASM ver. 2.1.30  D:\project\HC-05 configurer\Debug\List\t1 (bred board).asm Tue Aug 15 21:36:47 2017

D:\project\HC-05 configurer\Debug\List\t1 (bred board).asm(1086): warning: Register r5 already defined by the .DEF directive
D:\project\HC-05 configurer\Debug\List\t1 (bred board).asm(1087): warning: Register r4 already defined by the .DEF directive
D:\project\HC-05 configurer\Debug\List\t1 (bred board).asm(1088): warning: Register r7 already defined by the .DEF directive
                 
                 
                 ;CodeVisionAVR C Compiler V3.12 Advanced
                 ;(C) Copyright 1998-2014 Pavel Haiduc, HP InfoTech s.r.l.
                 ;http://www.hpinfotech.com
                 
                 ;Build configuration    : Debug
                 ;Chip type              : ATmega8A
                 ;Program type           : Application
                 ;Clock frequency        : 8/000000 MHz
                 ;Memory model           : Small
                 ;Optimize for           : Size
                 ;(s)printf features     : int, width
                 ;(s)scanf features      : int, width
                 ;External RAM size      : 0
                 ;Data Stack size        : 256 byte(s)
                 ;Heap size              : 0 byte(s)
                 ;Promote 'char' to 'int': Yes
                 ;'char' is unsigned     : Yes
                 ;8 bit enums            : Yes
                 ;Global 'const' stored in FLASH: Yes
                 ;Enhanced function parameter passing: Yes
                 ;Enhanced core instructions: On
                 ;Automatic register allocation for global variables: On
                 ;Smart register allocation: On
                 
                 	#define _MODEL_SMALL_
                 
                 	#pragma AVRPART ADMIN PART_NAME ATmega8A
                 	#pragma AVRPART MEMORY PROG_FLASH 8192
                 	#pragma AVRPART MEMORY EEPROM 512
                 	#pragma AVRPART MEMORY INT_SRAM SIZE 1024
                 	#pragma AVRPART MEMORY INT_SRAM START_ADDR 0x60
                 
                 	.LISTMAC
                 	.EQU UDRE=0x5
                 	.EQU RXC=0x7
                 	.EQU USR=0xB
                 	.EQU UDR=0xC
                 	.EQU SPSR=0xE
                 	.EQU SPDR=0xF
                 	.EQU EERE=0x0
                 	.EQU EEWE=0x1
                 	.EQU EEMWE=0x2
                 	.EQU EECR=0x1C
                 	.EQU EEDR=0x1D
                 	.EQU EEARL=0x1E
                 	.EQU EEARH=0x1F
                 	.EQU WDTCR=0x21
                 	.EQU MCUCR=0x35
                 	.EQU GICR=0x3B
                 	.EQU SPL=0x3D
                 	.EQU SPH=0x3E
                 	.EQU SREG=0x3F
                 
                 	.DEF R0X0=R0
                 	.DEF R0X1=R1
                 	.DEF R0X2=R2
                 	.DEF R0X3=R3
                 	.DEF R0X4=R4
                 	.DEF R0X5=R5
                 	.DEF R0X6=R6
                 	.DEF R0X7=R7
                 	.DEF R0X8=R8
                 	.DEF R0X9=R9
                 	.DEF R0XA=R10
                 	.DEF R0XB=R11
                 	.DEF R0XC=R12
                 	.DEF R0XD=R13
                 	.DEF R0XE=R14
                 	.DEF R0XF=R15
                 	.DEF R0X10=R16
                 	.DEF R0X11=R17
                 	.DEF R0X12=R18
                 	.DEF R0X13=R19
                 	.DEF R0X14=R20
                 	.DEF R0X15=R21
                 	.DEF R0X16=R22
                 	.DEF R0X17=R23
                 	.DEF R0X18=R24
                 	.DEF R0X19=R25
                 	.DEF R0X1A=R26
                 	.DEF R0X1B=R27
                 	.DEF R0X1C=R28
                 	.DEF R0X1D=R29
                 	.DEF R0X1E=R30
                 	.DEF R0X1F=R31
                 
                 	.EQU __SRAM_START=0x0060
                 	.EQU __SRAM_END=0x045F
                 	.EQU __DSTACK_SIZE=0x0100
                 	.EQU __HEAP_SIZE=0x0000
                 	.EQU __CLEAR_SRAM_SIZE=__SRAM_END-__SRAM_START+1
                 
                 	.MACRO __CPD1N
                 	CPI  R30,LOW(@0)
                 	LDI  R26,HIGH(@0)
                 	CPC  R31,R26
                 	LDI  R26,BYTE3(@0)
                 	CPC  R22,R26
                 	LDI  R26,BYTE4(@0)
                 	CPC  R23,R26
                 	.ENDM
                 
                 	.MACRO __CPD2N
                 	CPI  R26,LOW(@0)
                 	LDI  R30,HIGH(@0)
                 	CPC  R27,R30
                 	LDI  R30,BYTE3(@0)
                 	CPC  R24,R30
                 	LDI  R30,BYTE4(@0)
                 	CPC  R25,R30
                 	.ENDM
                 
                 	.MACRO __CPWRR
                 	CP   R@0,R@2
                 	CPC  R@1,R@3
                 	.ENDM
                 
                 	.MACRO __CPWRN
                 	CPI  R@0,LOW(@2)
                 	LDI  R30,HIGH(@2)
                 	CPC  R@1,R30
                 	.ENDM
                 
                 	.MACRO __ADDB1MN
                 	SUBI R30,LOW(-@0-(@1))
                 	.ENDM
                 
                 	.MACRO __ADDB2MN
                 	SUBI R26,LOW(-@0-(@1))
                 	.ENDM
                 
                 	.MACRO __ADDW1MN
                 	SUBI R30,LOW(-@0-(@1))
                 	SBCI R31,HIGH(-@0-(@1))
                 	.ENDM
                 
                 	.MACRO __ADDW2MN
                 	SUBI R26,LOW(-@0-(@1))
                 	SBCI R27,HIGH(-@0-(@1))
                 	.ENDM
                 
                 	.MACRO __ADDW1FN
                 	SUBI R30,LOW(-2*@0-(@1))
                 	SBCI R31,HIGH(-2*@0-(@1))
                 	.ENDM
                 
                 	.MACRO __ADDD1FN
                 	SUBI R30,LOW(-2*@0-(@1))
                 	SBCI R31,HIGH(-2*@0-(@1))
                 	SBCI R22,BYTE3(-2*@0-(@1))
                 	.ENDM
                 
                 	.MACRO __ADDD1N
                 	SUBI R30,LOW(-@0)
                 	SBCI R31,HIGH(-@0)
                 	SBCI R22,BYTE3(-@0)
                 	SBCI R23,BYTE4(-@0)
                 	.ENDM
                 
                 	.MACRO __ADDD2N
                 	SUBI R26,LOW(-@0)
                 	SBCI R27,HIGH(-@0)
                 	SBCI R24,BYTE3(-@0)
                 	SBCI R25,BYTE4(-@0)
                 	.ENDM
                 
                 	.MACRO __SUBD1N
                 	SUBI R30,LOW(@0)
                 	SBCI R31,HIGH(@0)
                 	SBCI R22,BYTE3(@0)
                 	SBCI R23,BYTE4(@0)
                 	.ENDM
                 
                 	.MACRO __SUBD2N
                 	SUBI R26,LOW(@0)
                 	SBCI R27,HIGH(@0)
                 	SBCI R24,BYTE3(@0)
                 	SBCI R25,BYTE4(@0)
                 	.ENDM
                 
                 	.MACRO __ANDBMNN
                 	LDS  R30,@0+(@1)
                 	ANDI R30,LOW(@2)
                 	STS  @0+(@1),R30
                 	.ENDM
                 
                 	.MACRO __ANDWMNN
                 	LDS  R30,@0+(@1)
                 	ANDI R30,LOW(@2)
                 	STS  @0+(@1),R30
                 	LDS  R30,@0+(@1)+1
                 	ANDI R30,HIGH(@2)
                 	STS  @0+(@1)+1,R30
                 	.ENDM
                 
                 	.MACRO __ANDD1N
                 	ANDI R30,LOW(@0)
                 	ANDI R31,HIGH(@0)
                 	ANDI R22,BYTE3(@0)
                 	ANDI R23,BYTE4(@0)
                 	.ENDM
                 
                 	.MACRO __ANDD2N
                 	ANDI R26,LOW(@0)
                 	ANDI R27,HIGH(@0)
                 	ANDI R24,BYTE3(@0)
                 	ANDI R25,BYTE4(@0)
                 	.ENDM
                 
                 	.MACRO __ORBMNN
                 	LDS  R30,@0+(@1)
                 	ORI  R30,LOW(@2)
                 	STS  @0+(@1),R30
                 	.ENDM
                 
                 	.MACRO __ORWMNN
                 	LDS  R30,@0+(@1)
                 	ORI  R30,LOW(@2)
                 	STS  @0+(@1),R30
                 	LDS  R30,@0+(@1)+1
                 	ORI  R30,HIGH(@2)
                 	STS  @0+(@1)+1,R30
                 	.ENDM
                 
                 	.MACRO __ORD1N
                 	ORI  R30,LOW(@0)
                 	ORI  R31,HIGH(@0)
                 	ORI  R22,BYTE3(@0)
                 	ORI  R23,BYTE4(@0)
                 	.ENDM
                 
                 	.MACRO __ORD2N
                 	ORI  R26,LOW(@0)
                 	ORI  R27,HIGH(@0)
                 	ORI  R24,BYTE3(@0)
                 	ORI  R25,BYTE4(@0)
                 	.ENDM
                 
                 	.MACRO __DELAY_USB
                 	LDI  R24,LOW(@0)
                 __DELAY_USB_LOOP:
                 	DEC  R24
                 	BRNE __DELAY_USB_LOOP
                 	.ENDM
                 
                 	.MACRO __DELAY_USW
                 	LDI  R24,LOW(@0)
                 	LDI  R25,HIGH(@0)
                 __DELAY_USW_LOOP:
                 	SBIW R24,1
                 	BRNE __DELAY_USW_LOOP
                 	.ENDM
                 
                 	.MACRO __GETD1S
                 	LDD  R30,Y+@0
                 	LDD  R31,Y+@0+1
                 	LDD  R22,Y+@0+2
                 	LDD  R23,Y+@0+3
                 	.ENDM
                 
                 	.MACRO __GETD2S
                 	LDD  R26,Y+@0
                 	LDD  R27,Y+@0+1
                 	LDD  R24,Y+@0+2
                 	LDD  R25,Y+@0+3
                 	.ENDM
                 
                 	.MACRO __PUTD1S
                 	STD  Y+@0,R30
                 	STD  Y+@0+1,R31
                 	STD  Y+@0+2,R22
                 	STD  Y+@0+3,R23
                 	.ENDM
                 
                 	.MACRO __PUTD2S
                 	STD  Y+@0,R26
                 	STD  Y+@0+1,R27
                 	STD  Y+@0+2,R24
                 	STD  Y+@0+3,R25
                 	.ENDM
                 
                 	.MACRO __PUTDZ2
                 	STD  Z+@0,R26
                 	STD  Z+@0+1,R27
                 	STD  Z+@0+2,R24
                 	STD  Z+@0+3,R25
                 	.ENDM
                 
                 	.MACRO __CLRD1S
                 	STD  Y+@0,R30
                 	STD  Y+@0+1,R30
                 	STD  Y+@0+2,R30
                 	STD  Y+@0+3,R30
                 	.ENDM
                 
                 	.MACRO __POINTB1MN
                 	LDI  R30,LOW(@0+(@1))
                 	.ENDM
                 
                 	.MACRO __POINTW1MN
                 	LDI  R30,LOW(@0+(@1))
                 	LDI  R31,HIGH(@0+(@1))
                 	.ENDM
                 
                 	.MACRO __POINTD1M
                 	LDI  R30,LOW(@0)
                 	LDI  R31,HIGH(@0)
                 	LDI  R22,BYTE3(@0)
                 	LDI  R23,BYTE4(@0)
                 	.ENDM
                 
                 	.MACRO __POINTW1FN
                 	LDI  R30,LOW(2*@0+(@1))
                 	LDI  R31,HIGH(2*@0+(@1))
                 	.ENDM
                 
                 	.MACRO __POINTD1FN
                 	LDI  R30,LOW(2*@0+(@1))
                 	LDI  R31,HIGH(2*@0+(@1))
                 	LDI  R22,BYTE3(2*@0+(@1))
                 	LDI  R23,BYTE4(2*@0+(@1))
                 	.ENDM
                 
                 	.MACRO __POINTB2MN
                 	LDI  R26,LOW(@0+(@1))
                 	.ENDM
                 
                 	.MACRO __POINTW2MN
                 	LDI  R26,LOW(@0+(@1))
                 	LDI  R27,HIGH(@0+(@1))
                 	.ENDM
                 
                 	.MACRO __POINTW2FN
                 	LDI  R26,LOW(2*@0+(@1))
                 	LDI  R27,HIGH(2*@0+(@1))
                 	.ENDM
                 
                 	.MACRO __POINTD2FN
                 	LDI  R26,LOW(2*@0+(@1))
                 	LDI  R27,HIGH(2*@0+(@1))
                 	LDI  R24,BYTE3(2*@0+(@1))
                 	LDI  R25,BYTE4(2*@0+(@1))
                 	.ENDM
                 
                 	.MACRO __POINTBRM
                 	LDI  R@0,LOW(@1)
                 	.ENDM
                 
                 	.MACRO __POINTWRM
                 	LDI  R@0,LOW(@2)
                 	LDI  R@1,HIGH(@2)
                 	.ENDM
                 
                 	.MACRO __POINTBRMN
                 	LDI  R@0,LOW(@1+(@2))
                 	.ENDM
                 
                 	.MACRO __POINTWRMN
                 	LDI  R@0,LOW(@2+(@3))
                 	LDI  R@1,HIGH(@2+(@3))
                 	.ENDM
                 
                 	.MACRO __POINTWRFN
                 	LDI  R@0,LOW(@2*2+(@3))
                 	LDI  R@1,HIGH(@2*2+(@3))
                 	.ENDM
                 
                 	.MACRO __GETD1N
                 	LDI  R30,LOW(@0)
                 	LDI  R31,HIGH(@0)
                 	LDI  R22,BYTE3(@0)
                 	LDI  R23,BYTE4(@0)
                 	.ENDM
                 
                 	.MACRO __GETD2N
                 	LDI  R26,LOW(@0)
                 	LDI  R27,HIGH(@0)
                 	LDI  R24,BYTE3(@0)
                 	LDI  R25,BYTE4(@0)
                 	.ENDM
                 
                 	.MACRO __GETB1MN
                 	LDS  R30,@0+(@1)
                 	.ENDM
                 
                 	.MACRO __GETB1HMN
                 	LDS  R31,@0+(@1)
                 	.ENDM
                 
                 	.MACRO __GETW1MN
                 	LDS  R30,@0+(@1)
                 	LDS  R31,@0+(@1)+1
                 	.ENDM
                 
                 	.MACRO __GETD1MN
                 	LDS  R30,@0+(@1)
                 	LDS  R31,@0+(@1)+1
                 	LDS  R22,@0+(@1)+2
                 	LDS  R23,@0+(@1)+3
                 	.ENDM
                 
                 	.MACRO __GETBRMN
                 	LDS  R@0,@1+(@2)
                 	.ENDM
                 
                 	.MACRO __GETWRMN
                 	LDS  R@0,@2+(@3)
                 	LDS  R@1,@2+(@3)+1
                 	.ENDM
                 
                 	.MACRO __GETWRZ
                 	LDD  R@0,Z+@2
                 	LDD  R@1,Z+@2+1
                 	.ENDM
                 
                 	.MACRO __GETD2Z
                 	LDD  R26,Z+@0
                 	LDD  R27,Z+@0+1
                 	LDD  R24,Z+@0+2
                 	LDD  R25,Z+@0+3
                 	.ENDM
                 
                 	.MACRO __GETB2MN
                 	LDS  R26,@0+(@1)
                 	.ENDM
                 
                 	.MACRO __GETW2MN
                 	LDS  R26,@0+(@1)
                 	LDS  R27,@0+(@1)+1
                 	.ENDM
                 
                 	.MACRO __GETD2MN
                 	LDS  R26,@0+(@1)
                 	LDS  R27,@0+(@1)+1
                 	LDS  R24,@0+(@1)+2
                 	LDS  R25,@0+(@1)+3
                 	.ENDM
                 
                 	.MACRO __PUTB1MN
                 	STS  @0+(@1),R30
                 	.ENDM
                 
                 	.MACRO __PUTW1MN
                 	STS  @0+(@1),R30
                 	STS  @0+(@1)+1,R31
                 	.ENDM
                 
                 	.MACRO __PUTD1MN
                 	STS  @0+(@1),R30
                 	STS  @0+(@1)+1,R31
                 	STS  @0+(@1)+2,R22
                 	STS  @0+(@1)+3,R23
                 	.ENDM
                 
                 	.MACRO __PUTB1EN
                 	LDI  R26,LOW(@0+(@1))
                 	LDI  R27,HIGH(@0+(@1))
                 	RCALL __EEPROMWRB
                 	.ENDM
                 
                 	.MACRO __PUTW1EN
                 	LDI  R26,LOW(@0+(@1))
                 	LDI  R27,HIGH(@0+(@1))
                 	RCALL __EEPROMWRW
                 	.ENDM
                 
                 	.MACRO __PUTD1EN
                 	LDI  R26,LOW(@0+(@1))
                 	LDI  R27,HIGH(@0+(@1))
                 	RCALL __EEPROMWRD
                 	.ENDM
                 
                 	.MACRO __PUTBR0MN
                 	STS  @0+(@1),R0
                 	.ENDM
                 
                 	.MACRO __PUTBMRN
                 	STS  @0+(@1),R@2
                 	.ENDM
                 
                 	.MACRO __PUTWMRN
                 	STS  @0+(@1),R@2
                 	STS  @0+(@1)+1,R@3
                 	.ENDM
                 
                 	.MACRO __PUTBZR
                 	STD  Z+@1,R@0
                 	.ENDM
                 
                 	.MACRO __PUTWZR
                 	STD  Z+@2,R@0
                 	STD  Z+@2+1,R@1
                 	.ENDM
                 
                 	.MACRO __GETW1R
                 	MOV  R30,R@0
                 	MOV  R31,R@1
                 	.ENDM
                 
                 	.MACRO __GETW2R
                 	MOV  R26,R@0
                 	MOV  R27,R@1
                 	.ENDM
                 
                 	.MACRO __GETWRN
                 	LDI  R@0,LOW(@2)
                 	LDI  R@1,HIGH(@2)
                 	.ENDM
                 
                 	.MACRO __PUTW1R
                 	MOV  R@0,R30
                 	MOV  R@1,R31
                 	.ENDM
                 
                 	.MACRO __PUTW2R
                 	MOV  R@0,R26
                 	MOV  R@1,R27
                 	.ENDM
                 
                 	.MACRO __ADDWRN
                 	SUBI R@0,LOW(-@2)
                 	SBCI R@1,HIGH(-@2)
                 	.ENDM
                 
                 	.MACRO __ADDWRR
                 	ADD  R@0,R@2
                 	ADC  R@1,R@3
                 	.ENDM
                 
                 	.MACRO __SUBWRN
                 	SUBI R@0,LOW(@2)
                 	SBCI R@1,HIGH(@2)
                 	.ENDM
                 
                 	.MACRO __SUBWRR
                 	SUB  R@0,R@2
                 	SBC  R@1,R@3
                 	.ENDM
                 
                 	.MACRO __ANDWRN
                 	ANDI R@0,LOW(@2)
                 	ANDI R@1,HIGH(@2)
                 	.ENDM
                 
                 	.MACRO __ANDWRR
                 	AND  R@0,R@2
                 	AND  R@1,R@3
                 	.ENDM
                 
                 	.MACRO __ORWRN
                 	ORI  R@0,LOW(@2)
                 	ORI  R@1,HIGH(@2)
                 	.ENDM
                 
                 	.MACRO __ORWRR
                 	OR   R@0,R@2
                 	OR   R@1,R@3
                 	.ENDM
                 
                 	.MACRO __EORWRR
                 	EOR  R@0,R@2
                 	EOR  R@1,R@3
                 	.ENDM
                 
                 	.MACRO __GETWRS
                 	LDD  R@0,Y+@2
                 	LDD  R@1,Y+@2+1
                 	.ENDM
                 
                 	.MACRO __PUTBSR
                 	STD  Y+@1,R@0
                 	.ENDM
                 
                 	.MACRO __PUTWSR
                 	STD  Y+@2,R@0
                 	STD  Y+@2+1,R@1
                 	.ENDM
                 
                 	.MACRO __MOVEWRR
                 	MOV  R@0,R@2
                 	MOV  R@1,R@3
                 	.ENDM
                 
                 	.MACRO __INWR
                 	IN   R@0,@2
                 	IN   R@1,@2+1
                 	.ENDM
                 
                 	.MACRO __OUTWR
                 	OUT  @2+1,R@1
                 	OUT  @2,R@0
                 	.ENDM
                 
                 	.MACRO __CALL1MN
                 	LDS  R30,@0+(@1)
                 	LDS  R31,@0+(@1)+1
                 	ICALL
                 	.ENDM
                 
                 	.MACRO __CALL1FN
                 	LDI  R30,LOW(2*@0+(@1))
                 	LDI  R31,HIGH(2*@0+(@1))
                 	RCALL __GETW1PF
                 	ICALL
                 	.ENDM
                 
                 	.MACRO __CALL2EN
                 	PUSH R26
                 	PUSH R27
                 	LDI  R26,LOW(@0+(@1))
                 	LDI  R27,HIGH(@0+(@1))
                 	RCALL __EEPROMRDW
                 	POP  R27
                 	POP  R26
                 	ICALL
                 	.ENDM
                 
                 	.MACRO __CALL2EX
                 	SUBI R26,LOW(-@0)
                 	SBCI R27,HIGH(-@0)
                 	RCALL __EEPROMRDD
                 	ICALL
                 	.ENDM
                 
                 	.MACRO __GETW1STACK
                 	IN   R30,SPL
                 	IN   R31,SPH
                 	ADIW R30,@0+1
                 	LD   R0,Z+
                 	LD   R31,Z
                 	MOV  R30,R0
                 	.ENDM
                 
                 	.MACRO __GETD1STACK
                 	IN   R30,SPL
                 	IN   R31,SPH
                 	ADIW R30,@0+1
                 	LD   R0,Z+
                 	LD   R1,Z+
                 	LD   R22,Z
                 	MOVW R30,R0
                 	.ENDM
                 
                 	.MACRO __NBST
                 	BST  R@0,@1
                 	IN   R30,SREG
                 	LDI  R31,0x40
                 	EOR  R30,R31
                 	OUT  SREG,R30
                 	.ENDM
                 
                 
                 	.MACRO __PUTB1SN
                 	LDD  R26,Y+@0
                 	LDD  R27,Y+@0+1
                 	SUBI R26,LOW(-@1)
                 	SBCI R27,HIGH(-@1)
                 	ST   X,R30
                 	.ENDM
                 
                 	.MACRO __PUTW1SN
                 	LDD  R26,Y+@0
                 	LDD  R27,Y+@0+1
                 	SUBI R26,LOW(-@1)
                 	SBCI R27,HIGH(-@1)
                 	ST   X+,R30
                 	ST   X,R31
                 	.ENDM
                 
                 	.MACRO __PUTD1SN
                 	LDD  R26,Y+@0
                 	LDD  R27,Y+@0+1
                 	SUBI R26,LOW(-@1)
                 	SBCI R27,HIGH(-@1)
                 	RCALL __PUTDP1
                 	.ENDM
                 
                 	.MACRO __PUTB1SNS
                 	LDD  R26,Y+@0
                 	LDD  R27,Y+@0+1
                 	ADIW R26,@1
                 	ST   X,R30
                 	.ENDM
                 
                 	.MACRO __PUTW1SNS
                 	LDD  R26,Y+@0
                 	LDD  R27,Y+@0+1
                 	ADIW R26,@1
                 	ST   X+,R30
                 	ST   X,R31
                 	.ENDM
                 
                 	.MACRO __PUTD1SNS
                 	LDD  R26,Y+@0
                 	LDD  R27,Y+@0+1
                 	ADIW R26,@1
                 	RCALL __PUTDP1
                 	.ENDM
                 
                 	.MACRO __PUTB1PMN
                 	LDS  R26,@0
                 	LDS  R27,@0+1
                 	SUBI R26,LOW(-@1)
                 	SBCI R27,HIGH(-@1)
                 	ST   X,R30
                 	.ENDM
                 
                 	.MACRO __PUTW1PMN
                 	LDS  R26,@0
                 	LDS  R27,@0+1
                 	SUBI R26,LOW(-@1)
                 	SBCI R27,HIGH(-@1)
                 	ST   X+,R30
                 	ST   X,R31
                 	.ENDM
                 
                 	.MACRO __PUTD1PMN
                 	LDS  R26,@0
                 	LDS  R27,@0+1
                 	SUBI R26,LOW(-@1)
                 	SBCI R27,HIGH(-@1)
                 	RCALL __PUTDP1
                 	.ENDM
                 
                 	.MACRO __PUTB1PMNS
                 	LDS  R26,@0
                 	LDS  R27,@0+1
                 	ADIW R26,@1
                 	ST   X,R30
                 	.ENDM
                 
                 	.MACRO __PUTW1PMNS
                 	LDS  R26,@0
                 	LDS  R27,@0+1
                 	ADIW R26,@1
                 	ST   X+,R30
                 	ST   X,R31
                 	.ENDM
                 
                 	.MACRO __PUTD1PMNS
                 	LDS  R26,@0
                 	LDS  R27,@0+1
                 	ADIW R26,@1
                 	RCALL __PUTDP1
                 	.ENDM
                 
                 	.MACRO __PUTB1RN
                 	MOVW R26,R@0
                 	SUBI R26,LOW(-@1)
                 	SBCI R27,HIGH(-@1)
                 	ST   X,R30
                 	.ENDM
                 
                 	.MACRO __PUTW1RN
                 	MOVW R26,R@0
                 	SUBI R26,LOW(-@1)
                 	SBCI R27,HIGH(-@1)
                 	ST   X+,R30
                 	ST   X,R31
                 	.ENDM
                 
                 	.MACRO __PUTD1RN
                 	MOVW R26,R@0
                 	SUBI R26,LOW(-@1)
                 	SBCI R27,HIGH(-@1)
                 	RCALL __PUTDP1
                 	.ENDM
                 
                 	.MACRO __PUTB1RNS
                 	MOVW R26,R@0
                 	ADIW R26,@1
                 	ST   X,R30
                 	.ENDM
                 
                 	.MACRO __PUTW1RNS
                 	MOVW R26,R@0
                 	ADIW R26,@1
                 	ST   X+,R30
                 	ST   X,R31
                 	.ENDM
                 
                 	.MACRO __PUTD1RNS
                 	MOVW R26,R@0
                 	ADIW R26,@1
                 	RCALL __PUTDP1
                 	.ENDM
                 
                 	.MACRO __PUTB1RON
                 	MOV  R26,R@0
                 	MOV  R27,R@1
                 	SUBI R26,LOW(-@2)
                 	SBCI R27,HIGH(-@2)
                 	ST   X,R30
                 	.ENDM
                 
                 	.MACRO __PUTW1RON
                 	MOV  R26,R@0
                 	MOV  R27,R@1
                 	SUBI R26,LOW(-@2)
                 	SBCI R27,HIGH(-@2)
                 	ST   X+,R30
                 	ST   X,R31
                 	.ENDM
                 
                 	.MACRO __PUTD1RON
                 	MOV  R26,R@0
                 	MOV  R27,R@1
                 	SUBI R26,LOW(-@2)
                 	SBCI R27,HIGH(-@2)
                 	RCALL __PUTDP1
                 	.ENDM
                 
                 	.MACRO __PUTB1RONS
                 	MOV  R26,R@0
                 	MOV  R27,R@1
                 	ADIW R26,@2
                 	ST   X,R30
                 	.ENDM
                 
                 	.MACRO __PUTW1RONS
                 	MOV  R26,R@0
                 	MOV  R27,R@1
                 	ADIW R26,@2
                 	ST   X+,R30
                 	ST   X,R31
                 	.ENDM
                 
                 	.MACRO __PUTD1RONS
                 	MOV  R26,R@0
                 	MOV  R27,R@1
                 	ADIW R26,@2
                 	RCALL __PUTDP1
                 	.ENDM
                 
                 
                 	.MACRO __GETB1SX
                 	MOVW R30,R28
                 	SUBI R30,LOW(-@0)
                 	SBCI R31,HIGH(-@0)
                 	LD   R30,Z
                 	.ENDM
                 
                 	.MACRO __GETB1HSX
                 	MOVW R30,R28
                 	SUBI R30,LOW(-@0)
                 	SBCI R31,HIGH(-@0)
                 	LD   R31,Z
                 	.ENDM
                 
                 	.MACRO __GETW1SX
                 	MOVW R30,R28
                 	SUBI R30,LOW(-@0)
                 	SBCI R31,HIGH(-@0)
                 	LD   R0,Z+
                 	LD   R31,Z
                 	MOV  R30,R0
                 	.ENDM
                 
                 	.MACRO __GETD1SX
                 	MOVW R30,R28
                 	SUBI R30,LOW(-@0)
                 	SBCI R31,HIGH(-@0)
                 	LD   R0,Z+
                 	LD   R1,Z+
                 	LD   R22,Z+
                 	LD   R23,Z
                 	MOVW R30,R0
                 	.ENDM
                 
                 	.MACRO __GETB2SX
                 	MOVW R26,R28
                 	SUBI R26,LOW(-@0)
                 	SBCI R27,HIGH(-@0)
                 	LD   R26,X
                 	.ENDM
                 
                 	.MACRO __GETW2SX
                 	MOVW R26,R28
                 	SUBI R26,LOW(-@0)
                 	SBCI R27,HIGH(-@0)
                 	LD   R0,X+
                 	LD   R27,X
                 	MOV  R26,R0
                 	.ENDM
                 
                 	.MACRO __GETD2SX
                 	MOVW R26,R28
                 	SUBI R26,LOW(-@0)
                 	SBCI R27,HIGH(-@0)
                 	LD   R0,X+
                 	LD   R1,X+
                 	LD   R24,X+
                 	LD   R25,X
                 	MOVW R26,R0
                 	.ENDM
                 
                 	.MACRO __GETBRSX
                 	MOVW R30,R28
                 	SUBI R30,LOW(-@1)
                 	SBCI R31,HIGH(-@1)
                 	LD   R@0,Z
                 	.ENDM
                 
                 	.MACRO __GETWRSX
                 	MOVW R30,R28
                 	SUBI R30,LOW(-@2)
                 	SBCI R31,HIGH(-@2)
                 	LD   R@0,Z+
                 	LD   R@1,Z
                 	.ENDM
                 
                 	.MACRO __GETBRSX2
                 	MOVW R26,R28
                 	SUBI R26,LOW(-@1)
                 	SBCI R27,HIGH(-@1)
                 	LD   R@0,X
                 	.ENDM
                 
                 	.MACRO __GETWRSX2
                 	MOVW R26,R28
                 	SUBI R26,LOW(-@2)
                 	SBCI R27,HIGH(-@2)
                 	LD   R@0,X+
                 	LD   R@1,X
                 	.ENDM
                 
                 	.MACRO __LSLW8SX
                 	MOVW R30,R28
                 	SUBI R30,LOW(-@0)
                 	SBCI R31,HIGH(-@0)
                 	LD   R31,Z
                 	CLR  R30
                 	.ENDM
                 
                 	.MACRO __PUTB1SX
                 	MOVW R26,R28
                 	SUBI R26,LOW(-@0)
                 	SBCI R27,HIGH(-@0)
                 	ST   X,R30
                 	.ENDM
                 
                 	.MACRO __PUTW1SX
                 	MOVW R26,R28
                 	SUBI R26,LOW(-@0)
                 	SBCI R27,HIGH(-@0)
                 	ST   X+,R30
                 	ST   X,R31
                 	.ENDM
                 
                 	.MACRO __PUTD1SX
                 	MOVW R26,R28
                 	SUBI R26,LOW(-@0)
                 	SBCI R27,HIGH(-@0)
                 	ST   X+,R30
                 	ST   X+,R31
                 	ST   X+,R22
                 	ST   X,R23
                 	.ENDM
                 
                 	.MACRO __CLRW1SX
                 	MOVW R26,R28
                 	SUBI R26,LOW(-@0)
                 	SBCI R27,HIGH(-@0)
                 	ST   X+,R30
                 	ST   X,R30
                 	.ENDM
                 
                 	.MACRO __CLRD1SX
                 	MOVW R26,R28
                 	SUBI R26,LOW(-@0)
                 	SBCI R27,HIGH(-@0)
                 	ST   X+,R30
                 	ST   X+,R30
                 	ST   X+,R30
                 	ST   X,R30
                 	.ENDM
                 
                 	.MACRO __PUTB2SX
                 	MOVW R30,R28
                 	SUBI R30,LOW(-@0)
                 	SBCI R31,HIGH(-@0)
                 	ST   Z,R26
                 	.ENDM
                 
                 	.MACRO __PUTW2SX
                 	MOVW R30,R28
                 	SUBI R30,LOW(-@0)
                 	SBCI R31,HIGH(-@0)
                 	ST   Z+,R26
                 	ST   Z,R27
                 	.ENDM
                 
                 	.MACRO __PUTD2SX
                 	MOVW R30,R28
                 	SUBI R30,LOW(-@0)
                 	SBCI R31,HIGH(-@0)
                 	ST   Z+,R26
                 	ST   Z+,R27
                 	ST   Z+,R24
                 	ST   Z,R25
                 	.ENDM
                 
                 	.MACRO __PUTBSRX
                 	MOVW R30,R28
                 	SUBI R30,LOW(-@1)
                 	SBCI R31,HIGH(-@1)
                 	ST   Z,R@0
                 	.ENDM
                 
                 	.MACRO __PUTWSRX
                 	MOVW R30,R28
                 	SUBI R30,LOW(-@2)
                 	SBCI R31,HIGH(-@2)
                 	ST   Z+,R@0
                 	ST   Z,R@1
                 	.ENDM
                 
                 	.MACRO __PUTB1SNX
                 	MOVW R26,R28
                 	SUBI R26,LOW(-@0)
                 	SBCI R27,HIGH(-@0)
                 	LD   R0,X+
                 	LD   R27,X
                 	MOV  R26,R0
                 	SUBI R26,LOW(-@1)
                 	SBCI R27,HIGH(-@1)
                 	ST   X,R30
                 	.ENDM
                 
                 	.MACRO __PUTW1SNX
                 	MOVW R26,R28
                 	SUBI R26,LOW(-@0)
                 	SBCI R27,HIGH(-@0)
                 	LD   R0,X+
                 	LD   R27,X
                 	MOV  R26,R0
                 	SUBI R26,LOW(-@1)
                 	SBCI R27,HIGH(-@1)
                 	ST   X+,R30
                 	ST   X,R31
                 	.ENDM
                 
                 	.MACRO __PUTD1SNX
                 	MOVW R26,R28
                 	SUBI R26,LOW(-@0)
                 	SBCI R27,HIGH(-@0)
                 	LD   R0,X+
                 	LD   R27,X
                 	MOV  R26,R0
                 	SUBI R26,LOW(-@1)
                 	SBCI R27,HIGH(-@1)
                 	ST   X+,R30
                 	ST   X+,R31
                 	ST   X+,R22
                 	ST   X,R23
                 	.ENDM
                 
                 	.MACRO __MULBRR
                 	MULS R@0,R@1
                 	MOVW R30,R0
                 	.ENDM
                 
                 	.MACRO __MULBRRU
                 	MUL  R@0,R@1
                 	MOVW R30,R0
                 	.ENDM
                 
                 	.MACRO __MULBRR0
                 	MULS R@0,R@1
                 	.ENDM
                 
                 	.MACRO __MULBRRU0
                 	MUL  R@0,R@1
                 	.ENDM
                 
                 	.MACRO __MULBNWRU
                 	LDI  R26,@2
                 	MUL  R26,R@0
                 	MOVW R30,R0
                 	MUL  R26,R@1
                 	ADD  R31,R0
                 	.ENDM
                 
                 ;NAME DEFINITIONS FOR GLOBAL VARIABLES ALLOCATED TO REGISTERS
                 	.DEF __lcd_x=R5
                 	.DEF __lcd_y=R4
                 	.DEF __lcd_maxx=R7
                 
                 	.CSEG
                 	.ORG 0x00
                 
                 ;START OF CODE MARKER
                 __START_OF_CODE:
                 
                 ;INTERRUPT VECTORS
000000 c043      	RJMP __RESET
000001 cffe      	RJMP 0x00
000002 cffd      	RJMP 0x00
000003 cffc      	RJMP 0x00
000004 cffb      	RJMP 0x00
000005 cffa      	RJMP 0x00
000006 cff9      	RJMP 0x00
000007 cff8      	RJMP 0x00
000008 cff7      	RJMP 0x00
000009 cff6      	RJMP 0x00
00000a cff5      	RJMP 0x00
00000b cff4      	RJMP 0x00
00000c cff3      	RJMP 0x00
00000d cff2      	RJMP 0x00
00000e cff1      	RJMP 0x00
00000f cff0      	RJMP 0x00
000010 cfef      	RJMP 0x00
000011 cfee      	RJMP 0x00
000012 cfed      	RJMP 0x00
                 
                 _tbl10_G101:
000013 2710
000014 03e8
000015 0064
000016 000a      	.DB  0x10,0x27,0xE8,0x3,0x64,0x0,0xA,0x0
000017 0001      	.DB  0x1,0x0
                 _tbl16_G101:
000018 1000
000019 0100
00001a 0010
00001b 0001      	.DB  0x0,0x10,0x0,0x1,0x10,0x0,0x1,0x0
                 
                 _0x0:
00001c 6557
00001d 636c
00001e 6d6f
00001f 0065      	.DB  0x57,0x65,0x6C,0x63,0x6F,0x6D,0x65,0x0
000020 4150
000021 5249
000022 2000
000023 3d3c      	.DB  0x50,0x41,0x49,0x52,0x0,0x20,0x3C,0x3D
000024 2020
000025 2020
000026 7c7c
000027 2020      	.DB  0x20,0x20,0x20,0x20,0x7C,0x7C,0x20,0x20
000028 2020
000029 3e3d
00002a 6300
00002b 6e6f      	.DB  0x20,0x20,0x3D,0x3E,0x0,0x63,0x6F,0x6E
00002c 6974
00002d 756e
00002e 0065
00002f 734d      	.DB  0x74,0x69,0x6E,0x75,0x65,0x0,0x4D,0x73
000030 2074
000031 2020
000032 7420
000033 7473      	.DB  0x74,0x20,0x20,0x20,0x20,0x74,0x73,0x74
000034 2020
000035 5320
000036 766c
000037 3e00      	.DB  0x20,0x20,0x20,0x53,0x6C,0x76,0x0,0x3E
000038 5441
000039 4100
00003a 0d54
00003b 000a      	.DB  0x41,0x54,0x0,0x41,0x54,0xD,0xA,0x0
                 _0x2000003:
00003c c080      	.DB  0x80,0xC0
                 
                 __GLOBAL_INI_TBL:
00003d 0005      	.DW  0x05
00003e 0160      	.DW  _0x11
00003f 0073      	.DW  _0x0*2+59
                 
000040 0002      	.DW  0x02
000041 0165      	.DW  __base_y_G100
000042 0078      	.DW  _0x2000003*2
                 
                 _0xFFFFFFFF:
000043 0000      	.DW  0
                 
                 #define __GLOBAL_INI_TBL_PRESENT 1
                 
                 __RESET:
000044 94f8      	CLI
000045 27ee      	CLR  R30
000046 bbec      	OUT  EECR,R30
                 
                 ;INTERRUPT VECTORS ARE PLACED
                 ;AT THE START OF FLASH
000047 e0f1      	LDI  R31,1
000048 bffb      	OUT  GICR,R31
000049 bfeb      	OUT  GICR,R30
00004a bfe5      	OUT  MCUCR,R30
                 
                 ;CLEAR R2-R14
00004b e08d      	LDI  R24,(14-2)+1
00004c e0a2      	LDI  R26,2
00004d 27bb      	CLR  R27
                 __CLEAR_REG:
00004e 93ed      	ST   X+,R30
00004f 958a      	DEC  R24
000050 f7e9      	BRNE __CLEAR_REG
                 
                 ;CLEAR SRAM
000051 e080      	LDI  R24,LOW(__CLEAR_SRAM_SIZE)
000052 e094      	LDI  R25,HIGH(__CLEAR_SRAM_SIZE)
000053 e6a0      	LDI  R26,__SRAM_START
                 __CLEAR_SRAM:
000054 93ed      	ST   X+,R30
000055 9701      	SBIW R24,1
000056 f7e9      	BRNE __CLEAR_SRAM
                 
                 ;GLOBAL VARIABLES INITIALIZATION
000057 e7ea      	LDI  R30,LOW(__GLOBAL_INI_TBL*2)
000058 e0f0      	LDI  R31,HIGH(__GLOBAL_INI_TBL*2)
                 __GLOBAL_INI_NEXT:
000059 9185      	LPM  R24,Z+
00005a 9195      	LPM  R25,Z+
00005b 9700      	SBIW R24,0
00005c f061      	BREQ __GLOBAL_INI_END
00005d 91a5      	LPM  R26,Z+
00005e 91b5      	LPM  R27,Z+
00005f 9005      	LPM  R0,Z+
000060 9015      	LPM  R1,Z+
000061 01bf      	MOVW R22,R30
000062 01f0      	MOVW R30,R0
                 __GLOBAL_INI_LOOP:
000063 9005      	LPM  R0,Z+
000064 920d      	ST   X+,R0
000065 9701      	SBIW R24,1
000066 f7e1      	BRNE __GLOBAL_INI_LOOP
000067 01fb      	MOVW R30,R22
000068 cff0      	RJMP __GLOBAL_INI_NEXT
                 __GLOBAL_INI_END:
                 
                 ;HARDWARE STACK POINTER INITIALIZATION
000069 e5ef      	LDI  R30,LOW(__SRAM_END-__HEAP_SIZE)
00006a bfed      	OUT  SPL,R30
00006b e0e4      	LDI  R30,HIGH(__SRAM_END-__HEAP_SIZE)
00006c bfee      	OUT  SPH,R30
                 
                 ;DATA STACK POINTER INITIALIZATION
00006d e6c0      	LDI  R28,LOW(__SRAM_START+__DSTACK_SIZE)
00006e e0d1      	LDI  R29,HIGH(__SRAM_START+__DSTACK_SIZE)
                 
00006f c000      	RJMP _main
                 
                 	.ESEG
                 	.ORG 0
                 
                 	.DSEG
                 	.ORG 0x160
                 
                 	.CSEG
                 ;/*******************************************************
                 ;This program was created by the
                 ;CodeWizardAVR V3.12 Advanced
                 ;Automatic Program Generator
                 ;© Copyright 1998-2014 Pavel Haiduc, HP InfoTech s.r.l.
                 ;http://www.hpinfotech.com
                 ;
                 ;Project :
                 ;Version :
                 ;Date    : 15/08/2017
                 ;Author  :
                 ;Company :
                 ;Comments:
                 ;
                 ;
                 ;Chip type               : ATmega8A
                 ;Program type            : Application
                 ;AVR Core Clock frequency: 8/000000 MHz
                 ;Memory model            : Small
                 ;External RAM size       : 0
                 ;Data Stack size         : 256
                 ;*******************************************************/
                 ;
                 ;#include <mega8.h>
                 	#ifndef __SLEEP_DEFINED__
                 	#define __SLEEP_DEFINED__
                 	.EQU __se_bit=0x80
                 	.EQU __sm_mask=0x70
                 	.EQU __sm_powerdown=0x20
                 	.EQU __sm_powersave=0x30
                 	.EQU __sm_standby=0x60
                 	.EQU __sm_ext_standby=0x70
                 	.EQU __sm_adc_noise_red=0x10
                 	.SET power_ctrl_reg=mcucr
                 	#endif
                 ;#include <delay.h>
                 ;
                 ;// Alphanumeric LCD functions
                 ;#include <alcd.h>
                 ;
                 ;// Declare your global variables here
                 ;
                 ;// Standard Input/Output functions
                 ;#include <stdio.h>
                 ;
                 ;void main(void)
                 ; 0000 0024 {
                 
                 	.CSEG
                 _main:
                 ; .FSTART _main
                 ; 0000 0025 // Declare your local variables here
                 ; 0000 0026 
                 ; 0000 0027 // Input/Output Ports initialization
                 ; 0000 0028 // Port B initialization
                 ; 0000 0029 // Function: Bit7=In Bit6=In Bit5=In Bit4=In Bit3=In Bit2=In Bit1=In Bit0=In
                 ; 0000 002A DDRB=(0<<DDB7) | (0<<DDB6) | (0<<DDB5) | (0<<DDB4) | (0<<DDB3) | (0<<DDB2) | (0<<DDB1) | (0<<DDB0);
000070 e0e0      	LDI  R30,LOW(0)
000071 bbe7      	OUT  0x17,R30
                 ; 0000 002B // State: Bit7=T Bit6=T Bit5=T Bit4=T Bit3=T Bit2=T Bit1=T Bit0=T
                 ; 0000 002C PORTB=(0<<PORTB7) | (0<<PORTB6) | (0<<PORTB5) | (0<<PORTB4) | (0<<PORTB3) | (0<<PORTB2) | (0<<PORTB1) | (0<<PORTB0);
000072 bbe8      	OUT  0x18,R30
                 ; 0000 002D 
                 ; 0000 002E // Port C initialization
                 ; 0000 002F // Function: Bit6=In Bit5=In Bit4=In Bit3=In Bit2=In Bit1=In Bit0=In
                 ; 0000 0030 DDRC=(0<<DDC6) | (0<<DDC5) | (0<<DDC4) | (0<<DDC3) | (0<<DDC2) | (0<<DDC1) | (0<<DDC0);
000073 bbe4      	OUT  0x14,R30
                 ; 0000 0031 // State: Bit6=T Bit5=T Bit4=T Bit3=T Bit2=T Bit1=T Bit0=T
                 ; 0000 0032 PORTC=(0<<PORTC6) | (0<<PORTC5) | (0<<PORTC4) | (0<<PORTC3) | (0<<PORTC2) | (0<<PORTC1) | (0<<PORTC0);
000074 bbe5      	OUT  0x15,R30
                 ; 0000 0033 
                 ; 0000 0034 // Port D initialization
                 ; 0000 0035 // Function: Bit7=Out Bit6=In Bit5=In Bit4=In Bit3=In Bit2=In Bit1=In Bit0=In
                 ; 0000 0036 DDRD=(1<<DDD7) | (0<<DDD6) | (0<<DDD5) | (0<<DDD4) | (0<<DDD3) | (0<<DDD2) | (0<<DDD1) | (0<<DDD0);
000075 e8e0      	LDI  R30,LOW(128)
000076 bbe1      	OUT  0x11,R30
                 ; 0000 0037 // State: Bit7=0 Bit6=T Bit5=T Bit4=T Bit3=T Bit2=T Bit1=T Bit0=T
                 ; 0000 0038 PORTD=(0<<PORTD7) | (0<<PORTD6) | (0<<PORTD5) | (0<<PORTD4) | (0<<PORTD3) | (0<<PORTD2) | (0<<PORTD1) | (0<<PORTD0);
000077 e0e0      	LDI  R30,LOW(0)
000078 bbe2      	OUT  0x12,R30
                 ; 0000 0039 
                 ; 0000 003A // Timer/Counter 0 initialization
                 ; 0000 003B // Clock source: System Clock
                 ; 0000 003C // Clock value: Timer 0 Stopped
                 ; 0000 003D TCCR0=(0<<CS02) | (0<<CS01) | (0<<CS00);
000079 bfe3      	OUT  0x33,R30
                 ; 0000 003E TCNT0=0x00;
00007a bfe2      	OUT  0x32,R30
                 ; 0000 003F 
                 ; 0000 0040 // Timer/Counter 1 initialization
                 ; 0000 0041 // Clock source: System Clock
                 ; 0000 0042 // Clock value: Timer1 Stopped
                 ; 0000 0043 // Mode: Normal top=0xFFFF
                 ; 0000 0044 // OC1A output: Disconnected
                 ; 0000 0045 // OC1B output: Disconnected
                 ; 0000 0046 // Noise Canceler: Off
                 ; 0000 0047 // Input Capture on Falling Edge
                 ; 0000 0048 // Timer1 Overflow Interrupt: Off
                 ; 0000 0049 // Input Capture Interrupt: Off
                 ; 0000 004A // Compare A Match Interrupt: Off
                 ; 0000 004B // Compare B Match Interrupt: Off
                 ; 0000 004C TCCR1A=(0<<COM1A1) | (0<<COM1A0) | (0<<COM1B1) | (0<<COM1B0) | (0<<WGM11) | (0<<WGM10);
00007b bdef      	OUT  0x2F,R30
                 ; 0000 004D TCCR1B=(0<<ICNC1) | (0<<ICES1) | (0<<WGM13) | (0<<WGM12) | (0<<CS12) | (0<<CS11) | (0<<CS10);
00007c bdee      	OUT  0x2E,R30
                 ; 0000 004E TCNT1H=0x00;
00007d bded      	OUT  0x2D,R30
                 ; 0000 004F TCNT1L=0x00;
00007e bdec      	OUT  0x2C,R30
                 ; 0000 0050 ICR1H=0x00;
00007f bde7      	OUT  0x27,R30
                 ; 0000 0051 ICR1L=0x00;
000080 bde6      	OUT  0x26,R30
                 ; 0000 0052 OCR1AH=0x00;
000081 bdeb      	OUT  0x2B,R30
                 ; 0000 0053 OCR1AL=0x00;
000082 bdea      	OUT  0x2A,R30
                 ; 0000 0054 OCR1BH=0x00;
000083 bde9      	OUT  0x29,R30
                 ; 0000 0055 OCR1BL=0x00;
000084 bde8      	OUT  0x28,R30
                 ; 0000 0056 
                 ; 0000 0057 // Timer/Counter 2 initialization
                 ; 0000 0058 // Clock source: System Clock
                 ; 0000 0059 // Clock value: Timer2 Stopped
                 ; 0000 005A // Mode: Normal top=0xFF
                 ; 0000 005B // OC2 output: Disconnected
                 ; 0000 005C ASSR=0<<AS2;
000085 bde2      	OUT  0x22,R30
                 ; 0000 005D TCCR2=(0<<PWM2) | (0<<COM21) | (0<<COM20) | (0<<CTC2) | (0<<CS22) | (0<<CS21) | (0<<CS20);
000086 bde5      	OUT  0x25,R30
                 ; 0000 005E TCNT2=0x00;
000087 bde4      	OUT  0x24,R30
                 ; 0000 005F OCR2=0x00;
000088 bde3      	OUT  0x23,R30
                 ; 0000 0060 
                 ; 0000 0061 // Timer(s)/Counter(s) Interrupt(s) initialization
                 ; 0000 0062 TIMSK=(0<<OCIE2) | (0<<TOIE2) | (0<<TICIE1) | (0<<OCIE1A) | (0<<OCIE1B) | (0<<TOIE1) | (0<<TOIE0);
000089 bfe9      	OUT  0x39,R30
                 ; 0000 0063 
                 ; 0000 0064 // External Interrupt(s) initialization
                 ; 0000 0065 // INT0: Off
                 ; 0000 0066 // INT1: Off
                 ; 0000 0067 MCUCR=(0<<ISC11) | (0<<ISC10) | (0<<ISC01) | (0<<ISC00);
00008a bfe5      	OUT  0x35,R30
                 ; 0000 0068 
                 ; 0000 0069 // USART initialization
                 ; 0000 006A // Communication Parameters: 8 Data, 1 Stop, No Parity
                 ; 0000 006B // USART Receiver: On
                 ; 0000 006C // USART Transmitter: On
                 ; 0000 006D // USART Mode: Asynchronous
                 ; 0000 006E // USART Baud Rate: 38400
                 ; 0000 006F UCSRA=(0<<RXC) | (0<<TXC) | (0<<UDRE) | (0<<FE) | (0<<DOR) | (0<<UPE) | (0<<U2X) | (0<<MPCM);
00008b b9eb      	OUT  0xB,R30
                 ; 0000 0070 UCSRB=(0<<RXCIE) | (0<<TXCIE) | (0<<UDRIE) | (1<<RXEN) | (1<<TXEN) | (0<<UCSZ2) | (0<<RXB8) | (0<<TXB8);
00008c e1e8      	LDI  R30,LOW(24)
00008d b9ea      	OUT  0xA,R30
                 ; 0000 0071 UCSRC=(1<<URSEL) | (0<<UMSEL) | (0<<UPM1) | (0<<UPM0) | (0<<USBS) | (1<<UCSZ1) | (1<<UCSZ0) | (0<<UCPOL);
00008e e8e6      	LDI  R30,LOW(134)
00008f bde0      	OUT  0x20,R30
                 ; 0000 0072 UBRRH=0x00;
000090 e0e0      	LDI  R30,LOW(0)
000091 bde0      	OUT  0x20,R30
                 ; 0000 0073 UBRRL=0x0C;
000092 e0ec      	LDI  R30,LOW(12)
000093 b9e9      	OUT  0x9,R30
                 ; 0000 0074 
                 ; 0000 0075 // Analog Comparator initialization
                 ; 0000 0076 // Analog Comparator: Off
                 ; 0000 0077 // The Analog Comparator's positive input is
                 ; 0000 0078 // connected to the AIN0 pin
                 ; 0000 0079 // The Analog Comparator's negative input is
                 ; 0000 007A // connected to the AIN1 pin
                 ; 0000 007B ACSR=(1<<ACD) | (0<<ACBG) | (0<<ACO) | (0<<ACI) | (0<<ACIE) | (0<<ACIC) | (0<<ACIS1) | (0<<ACIS0);
000094 e8e0      	LDI  R30,LOW(128)
000095 b9e8      	OUT  0x8,R30
                 ; 0000 007C SFIOR=(0<<ACME);
000096 e0e0      	LDI  R30,LOW(0)
000097 bfe0      	OUT  0x30,R30
                 ; 0000 007D 
                 ; 0000 007E // ADC initialization
                 ; 0000 007F // ADC disabled
                 ; 0000 0080 ADCSRA=(0<<ADEN) | (0<<ADSC) | (0<<ADFR) | (0<<ADIF) | (0<<ADIE) | (0<<ADPS2) | (0<<ADPS1) | (0<<ADPS0);
000098 b9e6      	OUT  0x6,R30
                 ; 0000 0081 
                 ; 0000 0082 // SPI initialization
                 ; 0000 0083 // SPI disabled
                 ; 0000 0084 SPCR=(0<<SPIE) | (0<<SPE) | (0<<DORD) | (0<<MSTR) | (0<<CPOL) | (0<<CPHA) | (0<<SPR1) | (0<<SPR0);
000099 b9ed      	OUT  0xD,R30
                 ; 0000 0085 
                 ; 0000 0086 // TWI initialization
                 ; 0000 0087 // TWI disabled
                 ; 0000 0088 TWCR=(0<<TWEA) | (0<<TWSTA) | (0<<TWSTO) | (0<<TWEN) | (0<<TWIE);
00009a bfe6      	OUT  0x36,R30
                 ; 0000 0089 
                 ; 0000 008A // Alphanumeric LCD initialization
                 ; 0000 008B // Connections are specified in the
                 ; 0000 008C // Project|Configure|C Compiler|Libraries|Alphanumeric LCD menu:
                 ; 0000 008D // RS - PORTB Bit 0
                 ; 0000 008E // RD - PORTB Bit 1
                 ; 0000 008F // EN - PORTB Bit 2
                 ; 0000 0090 // D4 - PORTB Bit 4
                 ; 0000 0091 // D5 - PORTB Bit 5
                 ; 0000 0092 // D6 - PORTB Bit 6
                 ; 0000 0093 // D7 - PORTB Bit 7
                 ; 0000 0094 // Characters/line: 16
                 ; 0000 0095 lcd_init(16);
00009b e1a0      	LDI  R26,LOW(16)
00009c d09d      	RCALL _lcd_init
                 ; 0000 0096 
                 ; 0000 0097 lcd_gotoxy(5,0);
00009d e0e5      	LDI  R30,LOW(5)
00009e d0e2      	RCALL SUBOPT_0x0
                 ; 0000 0098 lcd_putsf("Welcome");
                +
00009f e3a8     +LDI R26 , LOW ( 2 * _0x0 + ( 0 ) )
0000a0 e0b0     +LDI R27 , HIGH ( 2 * _0x0 + ( 0 ) )
                 	__POINTW2FN _0x0,0
0000a1 d087      	RCALL _lcd_putsf
                 ; 0000 0099 delay_ms(1000);
0000a2 eea8      	LDI  R26,LOW(1000)
0000a3 e0b3      	LDI  R27,HIGH(1000)
0000a4 d0df      	RCALL SUBOPT_0x1
                 ; 0000 009A lcd_clear();
                 ; 0000 009B 
                 ; 0000 009C lcd_gotoxy(0,0);
                 ; 0000 009D lcd_putsf("PAIR");
                +
0000a5 e4a0     +LDI R26 , LOW ( 2 * _0x0 + ( 8 ) )
0000a6 e0b0     +LDI R27 , HIGH ( 2 * _0x0 + ( 8 ) )
                 	__POINTW2FN _0x0,8
0000a7 d0e0      	RCALL SUBOPT_0x2
                 ; 0000 009E lcd_gotoxy(0,1);
                 ; 0000 009F lcd_putsf(" <=    ||    =>");
                 ; 0000 00A0 while(PINC.2==0);
                 _0x3:
0000a8 9b9a      	SBIS 0x13,2
0000a9 cffe      	RJMP _0x3
                 ; 0000 00A1 delay_ms(500);
0000aa d0e5      	RCALL SUBOPT_0x3
0000ab d0f6      	RCALL _delay_ms
                 ; 0000 00A2 PORTD.7=1;
0000ac 9a97      	SBI  0x12,7
                 ; 0000 00A3 lcd_clear();
0000ad d05c      	RCALL _lcd_clear
                 ; 0000 00A4 
                 ; 0000 00A5 lcd_gotoxy(0,0);
0000ae e0e0      	LDI  R30,LOW(0)
0000af d0d1      	RCALL SUBOPT_0x0
                 ; 0000 00A6 lcd_putsf("continue");
                +
0000b0 e5a5     +LDI R26 , LOW ( 2 * _0x0 + ( 29 ) )
0000b1 e0b0     +LDI R27 , HIGH ( 2 * _0x0 + ( 29 ) )
                 	__POINTW2FN _0x0,29
0000b2 d0d5      	RCALL SUBOPT_0x2
                 ; 0000 00A7 lcd_gotoxy(0,1);
                 ; 0000 00A8 lcd_putsf(" <=    ||    =>");
                 ; 0000 00A9 while(PINC.2==0);
                 _0x8:
0000b3 9b9a      	SBIS 0x13,2
0000b4 cffe      	RJMP _0x8
                 ; 0000 00AA delay_ms(500);
0000b5 d0da      	RCALL SUBOPT_0x3
0000b6 d0cd      	RCALL SUBOPT_0x1
                 ; 0000 00AB lcd_clear();
                 ; 0000 00AC 
                 ; 0000 00AD lcd_gotoxy(0,0);
                 ; 0000 00AE lcd_putsf("Mst    tst   Slv");
                +
0000b7 e5ae     +LDI R26 , LOW ( 2 * _0x0 + ( 38 ) )
0000b8 e0b0     +LDI R27 , HIGH ( 2 * _0x0 + ( 38 ) )
                 	__POINTW2FN _0x0,38
0000b9 d0ce      	RCALL SUBOPT_0x2
                 ; 0000 00AF lcd_gotoxy(0,1);
                 ; 0000 00B0 lcd_putsf(" <=    ||    =>");
                 ; 0000 00B1 while(PINC.0==0 && PINC.1==0 && PINC.2==0);
                 _0xB:
0000ba 9998      	SBIC 0x13,0
0000bb c004      	RJMP _0xE
0000bc 9999      	SBIC 0x13,1
0000bd c002      	RJMP _0xE
0000be 9b9a      	SBIS 0x13,2
0000bf c001      	RJMP _0xF
                 _0xE:
0000c0 c001      	RJMP _0xD
                 _0xF:
0000c1 cff8      	RJMP _0xB
                 _0xD:
                 ; 0000 00B2 if(PINC.1==1)
0000c2 9b99      	SBIS 0x13,1
0000c3 c00d      	RJMP _0x10
                 ; 0000 00B3     {
                 ; 0000 00B4     lcd_clear();
0000c4 d045      	RCALL _lcd_clear
                 ; 0000 00B5     lcd_gotoxy(0,0);
0000c5 e0e0      	LDI  R30,LOW(0)
0000c6 d0ba      	RCALL SUBOPT_0x0
                 ; 0000 00B6     lcd_putsf(">AT");
                +
0000c7 e6af     +LDI R26 , LOW ( 2 * _0x0 + ( 55 ) )
0000c8 e0b0     +LDI R27 , HIGH ( 2 * _0x0 + ( 55 ) )
                 	__POINTW2FN _0x0,55
0000c9 d05f      	RCALL _lcd_putsf
                 ; 0000 00B7     lcd_gotoxy(0,1);
0000ca e0e0      	LDI  R30,LOW(0)
0000cb 93ea      	ST   -Y,R30
0000cc e0a1      	LDI  R26,LOW(1)
0000cd d02f      	RCALL _lcd_gotoxy
                 ; 0000 00B8     puts("AT\r\n");
                +
0000ce e6a0     +LDI R26 , LOW ( _0x11 + ( 0 ) )
0000cf e0b1     +LDI R27 , HIGH ( _0x11 + ( 0 ) )
                 	__POINTW2MN _0x11,0
0000d0 d09d      	RCALL _puts
                 ; 0000 00B9 //    lcd_putchar(getchar());
                 ; 0000 00BA //    lcd_putchar(getchar());
                 ; 0000 00BB //    lcd_putchar(getchar());
                 ; 0000 00BC     }
                 ; 0000 00BD delay_ms(500);
                 _0x10:
0000d1 d0be      	RCALL SUBOPT_0x3
0000d2 d0cf      	RCALL _delay_ms
                 ; 0000 00BE while(PINC.0==0 && PINC.1==0 && PINC.2==0);
                 _0x12:
0000d3 9998      	SBIC 0x13,0
0000d4 c004      	RJMP _0x15
0000d5 9999      	SBIC 0x13,1
0000d6 c002      	RJMP _0x15
0000d7 9b9a      	SBIS 0x13,2
0000d8 c001      	RJMP _0x16
                 _0x15:
0000d9 c001      	RJMP _0x14
                 _0x16:
0000da cff8      	RJMP _0x12
                 _0x14:
                 ; 0000 00BF delay_ms(500);
0000db d0b4      	RCALL SUBOPT_0x3
0000dc d0c5      	RCALL _delay_ms
                 ; 0000 00C0 lcd_clear();
0000dd d02c      	RCALL _lcd_clear
                 ; 0000 00C1 
                 ; 0000 00C2 
                 ; 0000 00C3 while (1)
                 _0x17:
                 ; 0000 00C4       {
                 ; 0000 00C5       // Place your code here
                 ; 0000 00C6       lcd_putchar(getchar());
0000de d084      	RCALL _getchar
0000df 2fae      	MOV  R26,R30
0000e0 d033      	RCALL _lcd_putchar
                 ; 0000 00C7       }
0000e1 cffc      	RJMP _0x17
                 ; 0000 00C8 }
                 _0x1A:
0000e2 cfff      	RJMP _0x1A
                 ; .FEND
                 
                 	.DSEG
                 _0x11:
000160           	.BYTE 0x5
                 	#ifndef __SLEEP_DEFINED__
                 	#endif
                 
                 	.DSEG
                 
                 	.CSEG
                 __lcd_write_nibble_G100:
                 ; .FSTART __lcd_write_nibble_G100
0000e3 93aa      	ST   -Y,R26
0000e4 b3e8      	IN   R30,0x18
0000e5 70ef      	ANDI R30,LOW(0xF)
0000e6 2fae      	MOV  R26,R30
0000e7 81e8      	LD   R30,Y
0000e8 7fe0      	ANDI R30,LOW(0xF0)
0000e9 2bea      	OR   R30,R26
0000ea bbe8      	OUT  0x18,R30
0000eb d0a7      	RCALL SUBOPT_0x4
0000ec 9ac2      	SBI  0x18,2
0000ed d0a5      	RCALL SUBOPT_0x4
0000ee 98c2      	CBI  0x18,2
0000ef d0a3      	RCALL SUBOPT_0x4
0000f0 c07b      	RJMP _0x2080002
                 ; .FEND
                 __lcd_write_data:
                 ; .FSTART __lcd_write_data
0000f1 93aa      	ST   -Y,R26
0000f2 81a8      	LD   R26,Y
0000f3 dfef      	RCALL __lcd_write_nibble_G100
0000f4 81e8          ld    r30,y
0000f5 95e2          swap  r30
0000f6 83e8          st    y,r30
0000f7 81a8      	LD   R26,Y
0000f8 dfea      	RCALL __lcd_write_nibble_G100
                +
0000f9 e885     +LDI R24 , LOW ( 133 )
                +__DELAY_USB_LOOP :
0000fa 958a     +DEC R24
0000fb f7f1     +BRNE __DELAY_USB_LOOP
                 	__DELAY_USB 133
0000fc c06f      	RJMP _0x2080002
                 ; .FEND
                 _lcd_gotoxy:
                 ; .FSTART _lcd_gotoxy
0000fd 93aa      	ST   -Y,R26
0000fe 81e8      	LD   R30,Y
0000ff e0f0      	LDI  R31,0
000100 59eb      	SUBI R30,LOW(-__base_y_G100)
000101 4ffe      	SBCI R31,HIGH(-__base_y_G100)
000102 81e0      	LD   R30,Z
000103 81a9      	LDD  R26,Y+1
000104 0fae      	ADD  R26,R30
000105 dfeb      	RCALL __lcd_write_data
000106 8059      	LDD  R5,Y+1
000107 8048      	LDD  R4,Y+0
000108 9622      	ADIW R28,2
000109 9508      	RET
                 ; .FEND
                 _lcd_clear:
                 ; .FSTART _lcd_clear
00010a e0a2      	LDI  R26,LOW(2)
00010b d08b      	RCALL SUBOPT_0x5
00010c e0ac      	LDI  R26,LOW(12)
00010d dfe3      	RCALL __lcd_write_data
00010e e0a1      	LDI  R26,LOW(1)
00010f d087      	RCALL SUBOPT_0x5
000110 e0e0      	LDI  R30,LOW(0)
000111 2e4e      	MOV  R4,R30
000112 2e5e      	MOV  R5,R30
000113 9508      	RET
                 ; .FEND
                 _lcd_putchar:
                 ; .FSTART _lcd_putchar
000114 93aa      	ST   -Y,R26
000115 81a8      	LD   R26,Y
000116 30aa      	CPI  R26,LOW(0xA)
000117 f011      	BREQ _0x2000005
000118 1457      	CP   R5,R7
000119 f048      	BRLO _0x2000004
                 _0x2000005:
00011a e0e0      	LDI  R30,LOW(0)
00011b 93ea      	ST   -Y,R30
00011c 9443      	INC  R4
00011d 2da4      	MOV  R26,R4
00011e dfde      	RCALL _lcd_gotoxy
00011f 81a8      	LD   R26,Y
000120 30aa      	CPI  R26,LOW(0xA)
000121 f409      	BRNE _0x2000007
000122 c049      	RJMP _0x2080002
                 _0x2000007:
                 _0x2000004:
000123 9453      	INC  R5
000124 9ac0      	SBI  0x18,0
000125 81a8      	LD   R26,Y
000126 dfca      	RCALL __lcd_write_data
000127 98c0      	CBI  0x18,0
000128 c043      	RJMP _0x2080002
                 ; .FEND
                 _lcd_putsf:
                 ; .FSTART _lcd_putsf
000129 93ba      	ST   -Y,R27
00012a 93aa      	ST   -Y,R26
00012b 931a      	ST   -Y,R17
                 _0x200000B:
00012c 81e9      	LDD  R30,Y+1
00012d 81fa      	LDD  R31,Y+1+1
00012e 9631      	ADIW R30,1
00012f 83e9      	STD  Y+1,R30
000130 83fa      	STD  Y+1+1,R31
000131 9731      	SBIW R30,1
000132 91e4      	LPM  R30,Z
000133 2f1e      	MOV  R17,R30
000134 30e0      	CPI  R30,0
000135 f019      	BREQ _0x200000D
000136 2fa1      	MOV  R26,R17
000137 dfdc      	RCALL _lcd_putchar
000138 cff3      	RJMP _0x200000B
                 _0x200000D:
000139 c044      	RJMP _0x2080001
                 ; .FEND
                 _lcd_init:
                 ; .FSTART _lcd_init
00013a 93aa      	ST   -Y,R26
00013b b3e7      	IN   R30,0x17
00013c 6fe0      	ORI  R30,LOW(0xF0)
00013d bbe7      	OUT  0x17,R30
00013e 9aba      	SBI  0x17,2
00013f 9ab8      	SBI  0x17,0
000140 9ab9      	SBI  0x17,1
000141 98c2      	CBI  0x18,2
000142 98c0      	CBI  0x18,0
000143 98c1      	CBI  0x18,1
000144 8078      	LDD  R7,Y+0
000145 81e8      	LD   R30,Y
000146 58e0      	SUBI R30,-LOW(128)
                +
000147 93e0 0167+STS __base_y_G100 + ( 2 ) , R30
                 	__PUTB1MN __base_y_G100,2
000149 81e8      	LD   R30,Y
00014a 54e0      	SUBI R30,-LOW(192)
                +
00014b 93e0 0168+STS __base_y_G100 + ( 3 ) , R30
                 	__PUTB1MN __base_y_G100,3
00014d e1a4      	LDI  R26,LOW(20)
00014e e0b0      	LDI  R27,0
00014f d052      	RCALL _delay_ms
000150 d04a      	RCALL SUBOPT_0x6
000151 d049      	RCALL SUBOPT_0x6
000152 d048      	RCALL SUBOPT_0x6
000153 e2a0      	LDI  R26,LOW(32)
000154 df8e      	RCALL __lcd_write_nibble_G100
                +
000155 ec88     +LDI R24 , LOW ( 200 )
000156 e090     +LDI R25 , HIGH ( 200 )
                +__DELAY_USW_LOOP :
000157 9701     +SBIW R24 , 1
000158 f7f1     +BRNE __DELAY_USW_LOOP
                 	__DELAY_USW 200
000159 e2a8      	LDI  R26,LOW(40)
00015a df96      	RCALL __lcd_write_data
00015b e0a4      	LDI  R26,LOW(4)
00015c df94      	RCALL __lcd_write_data
00015d e8a5      	LDI  R26,LOW(133)
00015e df92      	RCALL __lcd_write_data
00015f e0a6      	LDI  R26,LOW(6)
000160 df90      	RCALL __lcd_write_data
000161 dfa8      	RCALL _lcd_clear
000162 c009      	RJMP _0x2080002
                 ; .FEND
                 	#ifndef __SLEEP_DEFINED__
                 	#endif
                 
                 	.CSEG
                 _getchar:
                 ; .FSTART _getchar
                 getchar0:
000163 9b5f           sbis usr,rxc
000164 cffe           rjmp getchar0
000165 b1ec           in   r30,udr
000166 9508      	RET
                 ; .FEND
                 _putchar:
                 ; .FSTART _putchar
000167 93aa      	ST   -Y,R26
                 putchar0:
000168 9b5d           sbis usr,udre
000169 cffe           rjmp putchar0
00016a 81e8           ld   r30,y
00016b b9ec           out  udr,r30
                 _0x2080002:
00016c 9621      	ADIW R28,1
00016d 9508      	RET
                 ; .FEND
                 _puts:
                 ; .FSTART _puts
00016e 93ba      	ST   -Y,R27
00016f 93aa      	ST   -Y,R26
000170 931a      	ST   -Y,R17
                 _0x2020003:
000171 81a9      	LDD  R26,Y+1
000172 81ba      	LDD  R27,Y+1+1
000173 91ed      	LD   R30,X+
000174 83a9      	STD  Y+1,R26
000175 83ba      	STD  Y+1+1,R27
000176 2f1e      	MOV  R17,R30
000177 30e0      	CPI  R30,0
000178 f019      	BREQ _0x2020005
000179 2fa1      	MOV  R26,R17
00017a dfec      	RCALL _putchar
00017b cff5      	RJMP _0x2020003
                 _0x2020005:
00017c e0aa      	LDI  R26,LOW(10)
00017d dfe9      	RCALL _putchar
                 _0x2080001:
00017e 8118      	LDD  R17,Y+0
00017f 9623      	ADIW R28,3
000180 9508      	RET
                 ; .FEND
                 
                 	.CSEG
                 
                 	.CSEG
                 
                 	.DSEG
                 __base_y_G100:
000165           	.BYTE 0x4
                 
                 	.CSEG
                 ;OPTIMIZER ADDED SUBROUTINE, CALLED 5 TIMES, CODE SIZE REDUCTION:6 WORDS
                 SUBOPT_0x0:
000181 93ea      	ST   -Y,R30
000182 e0a0      	LDI  R26,LOW(0)
000183 cf79      	RJMP _lcd_gotoxy
                 
                 ;OPTIMIZER ADDED SUBROUTINE, CALLED 2 TIMES, CODE SIZE REDUCTION:1 WORDS
                 SUBOPT_0x1:
000184 d01d      	RCALL _delay_ms
000185 df84      	RCALL _lcd_clear
000186 e0e0      	LDI  R30,LOW(0)
000187 cff9      	RJMP SUBOPT_0x0
                 
                 ;OPTIMIZER ADDED SUBROUTINE, CALLED 3 TIMES, CODE SIZE REDUCTION:12 WORDS
                 SUBOPT_0x2:
000188 dfa0      	RCALL _lcd_putsf
000189 e0e0      	LDI  R30,LOW(0)
00018a 93ea      	ST   -Y,R30
00018b e0a1      	LDI  R26,LOW(1)
00018c df70      	RCALL _lcd_gotoxy
                +
00018d e4a5     +LDI R26 , LOW ( 2 * _0x0 + ( 13 ) )
00018e e0b0     +LDI R27 , HIGH ( 2 * _0x0 + ( 13 ) )
                 	__POINTW2FN _0x0,13
00018f cf99      	RJMP _lcd_putsf
                 
                 ;OPTIMIZER ADDED SUBROUTINE, CALLED 4 TIMES, CODE SIZE REDUCTION:1 WORDS
                 SUBOPT_0x3:
000190 efa4      	LDI  R26,LOW(500)
000191 e0b1      	LDI  R27,HIGH(500)
000192 9508      	RET
                 
                 ;OPTIMIZER ADDED SUBROUTINE, CALLED 3 TIMES, CODE SIZE REDUCTION:2 WORDS
                 SUBOPT_0x4:
                +
000193 e08d     +LDI R24 , LOW ( 13 )
                +__DELAY_USB_LOOP :
000194 958a     +DEC R24
000195 f7f1     +BRNE __DELAY_USB_LOOP
                 	__DELAY_USB 13
000196 9508      	RET
                 
                 ;OPTIMIZER ADDED SUBROUTINE, CALLED 2 TIMES, CODE SIZE REDUCTION:1 WORDS
                 SUBOPT_0x5:
000197 df59      	RCALL __lcd_write_data
000198 e0a3      	LDI  R26,LOW(3)
000199 e0b0      	LDI  R27,0
00019a c007      	RJMP _delay_ms
                 
                 ;OPTIMIZER ADDED SUBROUTINE, CALLED 3 TIMES, CODE SIZE REDUCTION:8 WORDS
                 SUBOPT_0x6:
00019b e3a0      	LDI  R26,LOW(48)
00019c df46      	RCALL __lcd_write_nibble_G100
                +
00019d ec88     +LDI R24 , LOW ( 200 )
00019e e090     +LDI R25 , HIGH ( 200 )
                +__DELAY_USW_LOOP :
00019f 9701     +SBIW R24 , 1
0001a0 f7f1     +BRNE __DELAY_USW_LOOP
                 	__DELAY_USW 200
0001a1 9508      	RET
                 
                 
                 	.CSEG
                 _delay_ms:
0001a2 9610      	adiw r26,0
0001a3 f039      	breq __delay_ms1
                 __delay_ms0:
                +
0001a4 ed80     +LDI R24 , LOW ( 0x7D0 )
0001a5 e097     +LDI R25 , HIGH ( 0x7D0 )
                +__DELAY_USW_LOOP :
0001a6 9701     +SBIW R24 , 1
0001a7 f7f1     +BRNE __DELAY_USW_LOOP
                 	__DELAY_USW 0x7D0
0001a8 95a8      	wdr
0001a9 9711      	sbiw r26,1
0001aa f7c9      	brne __delay_ms0
                 __delay_ms1:
0001ab 9508      	ret
                 
                 ;END OF CODE MARKER
                 __END_OF_CODE:


RESOURCE USE INFORMATION
------------------------

Notice:
The register and instruction counts are symbol table hit counts,
and hence implicitly used resources are not counted, eg, the
'lpm' instruction without operands implicitly uses r0 and z,
none of which are counted.

x,y,z are separate entities in the symbol table and are
counted separately from r26..r31 here.

.dseg memory usage only counts static data declared with .byte

ATmega8A register use summary:
r0 :   4 r1 :   1 r2 :   0 r3 :   0 r4 :   4 r5 :   4 r6 :   0 r7 :   2 
r8 :   0 r9 :   0 r10:   0 r11:   0 r12:   0 r13:   0 r14:   0 r15:   0 
r16:   0 r17:   7 r18:   0 r19:   0 r20:   0 r21:   0 r22:   2 r23:   0 
r24:  17 r25:   5 r26:  55 r27:  17 r28:   4 r29:   1 r30: 108 r31:   7 
x  :   4 y  :  41 z  :   9 
Registers used: 18 out of 35 (51.4%)

ATmega8A instruction use summary:
.lds  :   0 .lds.l:   0 .sts  :   0 .sts.l:   0 adc   :   0 add   :   1 
adiw  :   5 and   :   0 andi  :   2 asr   :   0 bclr  :   0 bld   :   0 
brbc  :   0 brbs  :   0 brcc  :   0 brcs  :   0 break :   0 breq  :   5 
brge  :   0 brhc  :   0 brhs  :   0 brid  :   0 brie  :   0 brlo  :   1 
brlt  :   0 brmi  :   0 brne  :  10 brpl  :   0 brsh  :   0 brtc  :   0 
brts  :   0 brvc  :   0 brvs  :   0 bset  :   0 bst   :   0 cbi   :   5 
cbr   :   0 clc   :   0 clh   :   0 cli   :   1 cln   :   0 clr   :   2 
cls   :   0 clt   :   0 clv   :   0 clz   :   0 com   :   0 cp    :   1 
cpc   :   0 cpi   :   4 cpse  :   0 dec   :   3 des   :   0 eor   :   0 
fmul  :   0 fmuls :   0 fmulsu:   0 icall :   0 ijmp  :   0 in    :   3 
inc   :   2 ld    :  13 ldd   :   9 ldi   :  74 lds   :   0 lpm   :   9 
lsl   :   0 lsr   :   0 mov   :   9 movw  :   3 mul   :   0 muls  :   0 
mulsu :   0 neg   :   0 nop   :   0 or    :   1 ori   :   1 out   :  43 
pop   :   0 push  :   0 rcall :  55 ret   :   9 reti  :   0 rjmp  :  50 
rol   :   0 ror   :   0 sbc   :   0 sbci  :   1 sbi   :   6 sbic  :   4 
sbis  :   7 sbiw  :   8 sbr   :   0 sbrc  :   0 sbrs  :   0 sec   :   0 
seh   :   0 sei   :   0 sen   :   0 ser   :   0 ses   :   0 set   :   0 
sev   :   0 sez   :   0 sleep :   0 spm   :   0 st    :  20 std   :   4 
sts   :   2 sub   :   0 subi  :   3 swap  :   1 tst   :   0 wdr   :   1 

Instructions used: 37 out of 114 (32.5%)

ATmega8A memory use summary [bytes]:
Segment   Begin    End      Code   Data   Used    Size   Use%
---------------------------------------------------------------
[.cseg] 0x000000 0x000358    758     98    856    8192  10.4%
[.dseg] 0x000060 0x000169      0      9      9    1024   0.9%
[.eseg] 0x000000 0x000000      0      0      0     512   0.0%

Assembly complete, 0 errors, 3 warnings
