
AVRASM ver. 2.1.30  D:\project\HC-05 configurer\Debug\List\t6.asm Wed Aug 16 15:54:29 2017

D:\project\HC-05 configurer\Debug\List\t6.asm(1088): warning: Register r5 already defined by the .DEF directive
D:\project\HC-05 configurer\Debug\List\t6.asm(1089): warning: Register r4 already defined by the .DEF directive
D:\project\HC-05 configurer\Debug\List\t6.asm(1090): warning: Register r7 already defined by the .DEF directive
D:\project\HC-05 configurer\Debug\List\t6.asm(1091): warning: Register r6 already defined by the .DEF directive
D:\project\HC-05 configurer\Debug\List\t6.asm(1092): warning: Register r9 already defined by the .DEF directive
D:\project\HC-05 configurer\Debug\List\t6.asm(1093): warning: Register r8 already defined by the .DEF directive
D:\project\HC-05 configurer\Debug\List\t6.asm(1094): warning: Register r11 already defined by the .DEF directive
D:\project\HC-05 configurer\Debug\List\t6.asm(1095): warning: Register r10 already defined by the .DEF directive
D:\project\HC-05 configurer\Debug\List\t6.asm(1096): warning: Register r13 already defined by the .DEF directive
                 
                 
                 ;CodeVisionAVR C Compiler V3.12 Advanced
                 ;(C) Copyright 1998-2014 Pavel Haiduc, HP InfoTech s.r.l.
                 ;http://www.hpinfotech.com
                 
                 ;Build configuration    : Debug
                 ;Chip type              : ATmega16A
                 ;Program type           : Application
                 ;Clock frequency        : 8/000000 MHz
                 ;Memory model           : Small
                 ;Optimize for           : Size
                 ;(s)printf features     : int, width
                 ;(s)scanf features      : int, width
                 ;External RAM size      : 0
                 ;Data Stack size        : 256 byte(s)
                 ;Heap size              : 0 byte(s)
                 ;Promote 'char' to 'int': Yes
                 ;'char' is unsigned     : Yes
                 ;8 bit enums            : Yes
                 ;Global 'const' stored in FLASH: Yes
                 ;Enhanced function parameter passing: Yes
                 ;Enhanced core instructions: On
                 ;Automatic register allocation for global variables: On
                 ;Smart register allocation: On
                 
                 	#define _MODEL_SMALL_
                 
                 	#pragma AVRPART ADMIN PART_NAME ATmega16A
                 	#pragma AVRPART MEMORY PROG_FLASH 16384
                 	#pragma AVRPART MEMORY EEPROM 512
                 	#pragma AVRPART MEMORY INT_SRAM SIZE 1024
                 	#pragma AVRPART MEMORY INT_SRAM START_ADDR 0x60
                 
                 	#define CALL_SUPPORTED 1
                 
                 	.LISTMAC
                 	.EQU UDRE=0x5
                 	.EQU RXC=0x7
                 	.EQU USR=0xB
                 	.EQU UDR=0xC
                 	.EQU SPSR=0xE
                 	.EQU SPDR=0xF
                 	.EQU EERE=0x0
                 	.EQU EEWE=0x1
                 	.EQU EEMWE=0x2
                 	.EQU EECR=0x1C
                 	.EQU EEDR=0x1D
                 	.EQU EEARL=0x1E
                 	.EQU EEARH=0x1F
                 	.EQU WDTCR=0x21
                 	.EQU MCUCR=0x35
                 	.EQU GICR=0x3B
                 	.EQU SPL=0x3D
                 	.EQU SPH=0x3E
                 	.EQU SREG=0x3F
                 
                 	.DEF R0X0=R0
                 	.DEF R0X1=R1
                 	.DEF R0X2=R2
                 	.DEF R0X3=R3
                 	.DEF R0X4=R4
                 	.DEF R0X5=R5
                 	.DEF R0X6=R6
                 	.DEF R0X7=R7
                 	.DEF R0X8=R8
                 	.DEF R0X9=R9
                 	.DEF R0XA=R10
                 	.DEF R0XB=R11
                 	.DEF R0XC=R12
                 	.DEF R0XD=R13
                 	.DEF R0XE=R14
                 	.DEF R0XF=R15
                 	.DEF R0X10=R16
                 	.DEF R0X11=R17
                 	.DEF R0X12=R18
                 	.DEF R0X13=R19
                 	.DEF R0X14=R20
                 	.DEF R0X15=R21
                 	.DEF R0X16=R22
                 	.DEF R0X17=R23
                 	.DEF R0X18=R24
                 	.DEF R0X19=R25
                 	.DEF R0X1A=R26
                 	.DEF R0X1B=R27
                 	.DEF R0X1C=R28
                 	.DEF R0X1D=R29
                 	.DEF R0X1E=R30
                 	.DEF R0X1F=R31
                 
                 	.EQU __SRAM_START=0x0060
                 	.EQU __SRAM_END=0x045F
                 	.EQU __DSTACK_SIZE=0x0100
                 	.EQU __HEAP_SIZE=0x0000
                 	.EQU __CLEAR_SRAM_SIZE=__SRAM_END-__SRAM_START+1
                 
                 	.MACRO __CPD1N
                 	CPI  R30,LOW(@0)
                 	LDI  R26,HIGH(@0)
                 	CPC  R31,R26
                 	LDI  R26,BYTE3(@0)
                 	CPC  R22,R26
                 	LDI  R26,BYTE4(@0)
                 	CPC  R23,R26
                 	.ENDM
                 
                 	.MACRO __CPD2N
                 	CPI  R26,LOW(@0)
                 	LDI  R30,HIGH(@0)
                 	CPC  R27,R30
                 	LDI  R30,BYTE3(@0)
                 	CPC  R24,R30
                 	LDI  R30,BYTE4(@0)
                 	CPC  R25,R30
                 	.ENDM
                 
                 	.MACRO __CPWRR
                 	CP   R@0,R@2
                 	CPC  R@1,R@3
                 	.ENDM
                 
                 	.MACRO __CPWRN
                 	CPI  R@0,LOW(@2)
                 	LDI  R30,HIGH(@2)
                 	CPC  R@1,R30
                 	.ENDM
                 
                 	.MACRO __ADDB1MN
                 	SUBI R30,LOW(-@0-(@1))
                 	.ENDM
                 
                 	.MACRO __ADDB2MN
                 	SUBI R26,LOW(-@0-(@1))
                 	.ENDM
                 
                 	.MACRO __ADDW1MN
                 	SUBI R30,LOW(-@0-(@1))
                 	SBCI R31,HIGH(-@0-(@1))
                 	.ENDM
                 
                 	.MACRO __ADDW2MN
                 	SUBI R26,LOW(-@0-(@1))
                 	SBCI R27,HIGH(-@0-(@1))
                 	.ENDM
                 
                 	.MACRO __ADDW1FN
                 	SUBI R30,LOW(-2*@0-(@1))
                 	SBCI R31,HIGH(-2*@0-(@1))
                 	.ENDM
                 
                 	.MACRO __ADDD1FN
                 	SUBI R30,LOW(-2*@0-(@1))
                 	SBCI R31,HIGH(-2*@0-(@1))
                 	SBCI R22,BYTE3(-2*@0-(@1))
                 	.ENDM
                 
                 	.MACRO __ADDD1N
                 	SUBI R30,LOW(-@0)
                 	SBCI R31,HIGH(-@0)
                 	SBCI R22,BYTE3(-@0)
                 	SBCI R23,BYTE4(-@0)
                 	.ENDM
                 
                 	.MACRO __ADDD2N
                 	SUBI R26,LOW(-@0)
                 	SBCI R27,HIGH(-@0)
                 	SBCI R24,BYTE3(-@0)
                 	SBCI R25,BYTE4(-@0)
                 	.ENDM
                 
                 	.MACRO __SUBD1N
                 	SUBI R30,LOW(@0)
                 	SBCI R31,HIGH(@0)
                 	SBCI R22,BYTE3(@0)
                 	SBCI R23,BYTE4(@0)
                 	.ENDM
                 
                 	.MACRO __SUBD2N
                 	SUBI R26,LOW(@0)
                 	SBCI R27,HIGH(@0)
                 	SBCI R24,BYTE3(@0)
                 	SBCI R25,BYTE4(@0)
                 	.ENDM
                 
                 	.MACRO __ANDBMNN
                 	LDS  R30,@0+(@1)
                 	ANDI R30,LOW(@2)
                 	STS  @0+(@1),R30
                 	.ENDM
                 
                 	.MACRO __ANDWMNN
                 	LDS  R30,@0+(@1)
                 	ANDI R30,LOW(@2)
                 	STS  @0+(@1),R30
                 	LDS  R30,@0+(@1)+1
                 	ANDI R30,HIGH(@2)
                 	STS  @0+(@1)+1,R30
                 	.ENDM
                 
                 	.MACRO __ANDD1N
                 	ANDI R30,LOW(@0)
                 	ANDI R31,HIGH(@0)
                 	ANDI R22,BYTE3(@0)
                 	ANDI R23,BYTE4(@0)
                 	.ENDM
                 
                 	.MACRO __ANDD2N
                 	ANDI R26,LOW(@0)
                 	ANDI R27,HIGH(@0)
                 	ANDI R24,BYTE3(@0)
                 	ANDI R25,BYTE4(@0)
                 	.ENDM
                 
                 	.MACRO __ORBMNN
                 	LDS  R30,@0+(@1)
                 	ORI  R30,LOW(@2)
                 	STS  @0+(@1),R30
                 	.ENDM
                 
                 	.MACRO __ORWMNN
                 	LDS  R30,@0+(@1)
                 	ORI  R30,LOW(@2)
                 	STS  @0+(@1),R30
                 	LDS  R30,@0+(@1)+1
                 	ORI  R30,HIGH(@2)
                 	STS  @0+(@1)+1,R30
                 	.ENDM
                 
                 	.MACRO __ORD1N
                 	ORI  R30,LOW(@0)
                 	ORI  R31,HIGH(@0)
                 	ORI  R22,BYTE3(@0)
                 	ORI  R23,BYTE4(@0)
                 	.ENDM
                 
                 	.MACRO __ORD2N
                 	ORI  R26,LOW(@0)
                 	ORI  R27,HIGH(@0)
                 	ORI  R24,BYTE3(@0)
                 	ORI  R25,BYTE4(@0)
                 	.ENDM
                 
                 	.MACRO __DELAY_USB
                 	LDI  R24,LOW(@0)
                 __DELAY_USB_LOOP:
                 	DEC  R24
                 	BRNE __DELAY_USB_LOOP
                 	.ENDM
                 
                 	.MACRO __DELAY_USW
                 	LDI  R24,LOW(@0)
                 	LDI  R25,HIGH(@0)
                 __DELAY_USW_LOOP:
                 	SBIW R24,1
                 	BRNE __DELAY_USW_LOOP
                 	.ENDM
                 
                 	.MACRO __GETD1S
                 	LDD  R30,Y+@0
                 	LDD  R31,Y+@0+1
                 	LDD  R22,Y+@0+2
                 	LDD  R23,Y+@0+3
                 	.ENDM
                 
                 	.MACRO __GETD2S
                 	LDD  R26,Y+@0
                 	LDD  R27,Y+@0+1
                 	LDD  R24,Y+@0+2
                 	LDD  R25,Y+@0+3
                 	.ENDM
                 
                 	.MACRO __PUTD1S
                 	STD  Y+@0,R30
                 	STD  Y+@0+1,R31
                 	STD  Y+@0+2,R22
                 	STD  Y+@0+3,R23
                 	.ENDM
                 
                 	.MACRO __PUTD2S
                 	STD  Y+@0,R26
                 	STD  Y+@0+1,R27
                 	STD  Y+@0+2,R24
                 	STD  Y+@0+3,R25
                 	.ENDM
                 
                 	.MACRO __PUTDZ2
                 	STD  Z+@0,R26
                 	STD  Z+@0+1,R27
                 	STD  Z+@0+2,R24
                 	STD  Z+@0+3,R25
                 	.ENDM
                 
                 	.MACRO __CLRD1S
                 	STD  Y+@0,R30
                 	STD  Y+@0+1,R30
                 	STD  Y+@0+2,R30
                 	STD  Y+@0+3,R30
                 	.ENDM
                 
                 	.MACRO __POINTB1MN
                 	LDI  R30,LOW(@0+(@1))
                 	.ENDM
                 
                 	.MACRO __POINTW1MN
                 	LDI  R30,LOW(@0+(@1))
                 	LDI  R31,HIGH(@0+(@1))
                 	.ENDM
                 
                 	.MACRO __POINTD1M
                 	LDI  R30,LOW(@0)
                 	LDI  R31,HIGH(@0)
                 	LDI  R22,BYTE3(@0)
                 	LDI  R23,BYTE4(@0)
                 	.ENDM
                 
                 	.MACRO __POINTW1FN
                 	LDI  R30,LOW(2*@0+(@1))
                 	LDI  R31,HIGH(2*@0+(@1))
                 	.ENDM
                 
                 	.MACRO __POINTD1FN
                 	LDI  R30,LOW(2*@0+(@1))
                 	LDI  R31,HIGH(2*@0+(@1))
                 	LDI  R22,BYTE3(2*@0+(@1))
                 	LDI  R23,BYTE4(2*@0+(@1))
                 	.ENDM
                 
                 	.MACRO __POINTB2MN
                 	LDI  R26,LOW(@0+(@1))
                 	.ENDM
                 
                 	.MACRO __POINTW2MN
                 	LDI  R26,LOW(@0+(@1))
                 	LDI  R27,HIGH(@0+(@1))
                 	.ENDM
                 
                 	.MACRO __POINTW2FN
                 	LDI  R26,LOW(2*@0+(@1))
                 	LDI  R27,HIGH(2*@0+(@1))
                 	.ENDM
                 
                 	.MACRO __POINTD2FN
                 	LDI  R26,LOW(2*@0+(@1))
                 	LDI  R27,HIGH(2*@0+(@1))
                 	LDI  R24,BYTE3(2*@0+(@1))
                 	LDI  R25,BYTE4(2*@0+(@1))
                 	.ENDM
                 
                 	.MACRO __POINTBRM
                 	LDI  R@0,LOW(@1)
                 	.ENDM
                 
                 	.MACRO __POINTWRM
                 	LDI  R@0,LOW(@2)
                 	LDI  R@1,HIGH(@2)
                 	.ENDM
                 
                 	.MACRO __POINTBRMN
                 	LDI  R@0,LOW(@1+(@2))
                 	.ENDM
                 
                 	.MACRO __POINTWRMN
                 	LDI  R@0,LOW(@2+(@3))
                 	LDI  R@1,HIGH(@2+(@3))
                 	.ENDM
                 
                 	.MACRO __POINTWRFN
                 	LDI  R@0,LOW(@2*2+(@3))
                 	LDI  R@1,HIGH(@2*2+(@3))
                 	.ENDM
                 
                 	.MACRO __GETD1N
                 	LDI  R30,LOW(@0)
                 	LDI  R31,HIGH(@0)
                 	LDI  R22,BYTE3(@0)
                 	LDI  R23,BYTE4(@0)
                 	.ENDM
                 
                 	.MACRO __GETD2N
                 	LDI  R26,LOW(@0)
                 	LDI  R27,HIGH(@0)
                 	LDI  R24,BYTE3(@0)
                 	LDI  R25,BYTE4(@0)
                 	.ENDM
                 
                 	.MACRO __GETB1MN
                 	LDS  R30,@0+(@1)
                 	.ENDM
                 
                 	.MACRO __GETB1HMN
                 	LDS  R31,@0+(@1)
                 	.ENDM
                 
                 	.MACRO __GETW1MN
                 	LDS  R30,@0+(@1)
                 	LDS  R31,@0+(@1)+1
                 	.ENDM
                 
                 	.MACRO __GETD1MN
                 	LDS  R30,@0+(@1)
                 	LDS  R31,@0+(@1)+1
                 	LDS  R22,@0+(@1)+2
                 	LDS  R23,@0+(@1)+3
                 	.ENDM
                 
                 	.MACRO __GETBRMN
                 	LDS  R@0,@1+(@2)
                 	.ENDM
                 
                 	.MACRO __GETWRMN
                 	LDS  R@0,@2+(@3)
                 	LDS  R@1,@2+(@3)+1
                 	.ENDM
                 
                 	.MACRO __GETWRZ
                 	LDD  R@0,Z+@2
                 	LDD  R@1,Z+@2+1
                 	.ENDM
                 
                 	.MACRO __GETD2Z
                 	LDD  R26,Z+@0
                 	LDD  R27,Z+@0+1
                 	LDD  R24,Z+@0+2
                 	LDD  R25,Z+@0+3
                 	.ENDM
                 
                 	.MACRO __GETB2MN
                 	LDS  R26,@0+(@1)
                 	.ENDM
                 
                 	.MACRO __GETW2MN
                 	LDS  R26,@0+(@1)
                 	LDS  R27,@0+(@1)+1
                 	.ENDM
                 
                 	.MACRO __GETD2MN
                 	LDS  R26,@0+(@1)
                 	LDS  R27,@0+(@1)+1
                 	LDS  R24,@0+(@1)+2
                 	LDS  R25,@0+(@1)+3
                 	.ENDM
                 
                 	.MACRO __PUTB1MN
                 	STS  @0+(@1),R30
                 	.ENDM
                 
                 	.MACRO __PUTW1MN
                 	STS  @0+(@1),R30
                 	STS  @0+(@1)+1,R31
                 	.ENDM
                 
                 	.MACRO __PUTD1MN
                 	STS  @0+(@1),R30
                 	STS  @0+(@1)+1,R31
                 	STS  @0+(@1)+2,R22
                 	STS  @0+(@1)+3,R23
                 	.ENDM
                 
                 	.MACRO __PUTB1EN
                 	LDI  R26,LOW(@0+(@1))
                 	LDI  R27,HIGH(@0+(@1))
                 	CALL __EEPROMWRB
                 	.ENDM
                 
                 	.MACRO __PUTW1EN
                 	LDI  R26,LOW(@0+(@1))
                 	LDI  R27,HIGH(@0+(@1))
                 	CALL __EEPROMWRW
                 	.ENDM
                 
                 	.MACRO __PUTD1EN
                 	LDI  R26,LOW(@0+(@1))
                 	LDI  R27,HIGH(@0+(@1))
                 	CALL __EEPROMWRD
                 	.ENDM
                 
                 	.MACRO __PUTBR0MN
                 	STS  @0+(@1),R0
                 	.ENDM
                 
                 	.MACRO __PUTBMRN
                 	STS  @0+(@1),R@2
                 	.ENDM
                 
                 	.MACRO __PUTWMRN
                 	STS  @0+(@1),R@2
                 	STS  @0+(@1)+1,R@3
                 	.ENDM
                 
                 	.MACRO __PUTBZR
                 	STD  Z+@1,R@0
                 	.ENDM
                 
                 	.MACRO __PUTWZR
                 	STD  Z+@2,R@0
                 	STD  Z+@2+1,R@1
                 	.ENDM
                 
                 	.MACRO __GETW1R
                 	MOV  R30,R@0
                 	MOV  R31,R@1
                 	.ENDM
                 
                 	.MACRO __GETW2R
                 	MOV  R26,R@0
                 	MOV  R27,R@1
                 	.ENDM
                 
                 	.MACRO __GETWRN
                 	LDI  R@0,LOW(@2)
                 	LDI  R@1,HIGH(@2)
                 	.ENDM
                 
                 	.MACRO __PUTW1R
                 	MOV  R@0,R30
                 	MOV  R@1,R31
                 	.ENDM
                 
                 	.MACRO __PUTW2R
                 	MOV  R@0,R26
                 	MOV  R@1,R27
                 	.ENDM
                 
                 	.MACRO __ADDWRN
                 	SUBI R@0,LOW(-@2)
                 	SBCI R@1,HIGH(-@2)
                 	.ENDM
                 
                 	.MACRO __ADDWRR
                 	ADD  R@0,R@2
                 	ADC  R@1,R@3
                 	.ENDM
                 
                 	.MACRO __SUBWRN
                 	SUBI R@0,LOW(@2)
                 	SBCI R@1,HIGH(@2)
                 	.ENDM
                 
                 	.MACRO __SUBWRR
                 	SUB  R@0,R@2
                 	SBC  R@1,R@3
                 	.ENDM
                 
                 	.MACRO __ANDWRN
                 	ANDI R@0,LOW(@2)
                 	ANDI R@1,HIGH(@2)
                 	.ENDM
                 
                 	.MACRO __ANDWRR
                 	AND  R@0,R@2
                 	AND  R@1,R@3
                 	.ENDM
                 
                 	.MACRO __ORWRN
                 	ORI  R@0,LOW(@2)
                 	ORI  R@1,HIGH(@2)
                 	.ENDM
                 
                 	.MACRO __ORWRR
                 	OR   R@0,R@2
                 	OR   R@1,R@3
                 	.ENDM
                 
                 	.MACRO __EORWRR
                 	EOR  R@0,R@2
                 	EOR  R@1,R@3
                 	.ENDM
                 
                 	.MACRO __GETWRS
                 	LDD  R@0,Y+@2
                 	LDD  R@1,Y+@2+1
                 	.ENDM
                 
                 	.MACRO __PUTBSR
                 	STD  Y+@1,R@0
                 	.ENDM
                 
                 	.MACRO __PUTWSR
                 	STD  Y+@2,R@0
                 	STD  Y+@2+1,R@1
                 	.ENDM
                 
                 	.MACRO __MOVEWRR
                 	MOV  R@0,R@2
                 	MOV  R@1,R@3
                 	.ENDM
                 
                 	.MACRO __INWR
                 	IN   R@0,@2
                 	IN   R@1,@2+1
                 	.ENDM
                 
                 	.MACRO __OUTWR
                 	OUT  @2+1,R@1
                 	OUT  @2,R@0
                 	.ENDM
                 
                 	.MACRO __CALL1MN
                 	LDS  R30,@0+(@1)
                 	LDS  R31,@0+(@1)+1
                 	ICALL
                 	.ENDM
                 
                 	.MACRO __CALL1FN
                 	LDI  R30,LOW(2*@0+(@1))
                 	LDI  R31,HIGH(2*@0+(@1))
                 	CALL __GETW1PF
                 	ICALL
                 	.ENDM
                 
                 	.MACRO __CALL2EN
                 	PUSH R26
                 	PUSH R27
                 	LDI  R26,LOW(@0+(@1))
                 	LDI  R27,HIGH(@0+(@1))
                 	CALL __EEPROMRDW
                 	POP  R27
                 	POP  R26
                 	ICALL
                 	.ENDM
                 
                 	.MACRO __CALL2EX
                 	SUBI R26,LOW(-@0)
                 	SBCI R27,HIGH(-@0)
                 	CALL __EEPROMRDD
                 	ICALL
                 	.ENDM
                 
                 	.MACRO __GETW1STACK
                 	IN   R30,SPL
                 	IN   R31,SPH
                 	ADIW R30,@0+1
                 	LD   R0,Z+
                 	LD   R31,Z
                 	MOV  R30,R0
                 	.ENDM
                 
                 	.MACRO __GETD1STACK
                 	IN   R30,SPL
                 	IN   R31,SPH
                 	ADIW R30,@0+1
                 	LD   R0,Z+
                 	LD   R1,Z+
                 	LD   R22,Z
                 	MOVW R30,R0
                 	.ENDM
                 
                 	.MACRO __NBST
                 	BST  R@0,@1
                 	IN   R30,SREG
                 	LDI  R31,0x40
                 	EOR  R30,R31
                 	OUT  SREG,R30
                 	.ENDM
                 
                 
                 	.MACRO __PUTB1SN
                 	LDD  R26,Y+@0
                 	LDD  R27,Y+@0+1
                 	SUBI R26,LOW(-@1)
                 	SBCI R27,HIGH(-@1)
                 	ST   X,R30
                 	.ENDM
                 
                 	.MACRO __PUTW1SN
                 	LDD  R26,Y+@0
                 	LDD  R27,Y+@0+1
                 	SUBI R26,LOW(-@1)
                 	SBCI R27,HIGH(-@1)
                 	ST   X+,R30
                 	ST   X,R31
                 	.ENDM
                 
                 	.MACRO __PUTD1SN
                 	LDD  R26,Y+@0
                 	LDD  R27,Y+@0+1
                 	SUBI R26,LOW(-@1)
                 	SBCI R27,HIGH(-@1)
                 	CALL __PUTDP1
                 	.ENDM
                 
                 	.MACRO __PUTB1SNS
                 	LDD  R26,Y+@0
                 	LDD  R27,Y+@0+1
                 	ADIW R26,@1
                 	ST   X,R30
                 	.ENDM
                 
                 	.MACRO __PUTW1SNS
                 	LDD  R26,Y+@0
                 	LDD  R27,Y+@0+1
                 	ADIW R26,@1
                 	ST   X+,R30
                 	ST   X,R31
                 	.ENDM
                 
                 	.MACRO __PUTD1SNS
                 	LDD  R26,Y+@0
                 	LDD  R27,Y+@0+1
                 	ADIW R26,@1
                 	CALL __PUTDP1
                 	.ENDM
                 
                 	.MACRO __PUTB1PMN
                 	LDS  R26,@0
                 	LDS  R27,@0+1
                 	SUBI R26,LOW(-@1)
                 	SBCI R27,HIGH(-@1)
                 	ST   X,R30
                 	.ENDM
                 
                 	.MACRO __PUTW1PMN
                 	LDS  R26,@0
                 	LDS  R27,@0+1
                 	SUBI R26,LOW(-@1)
                 	SBCI R27,HIGH(-@1)
                 	ST   X+,R30
                 	ST   X,R31
                 	.ENDM
                 
                 	.MACRO __PUTD1PMN
                 	LDS  R26,@0
                 	LDS  R27,@0+1
                 	SUBI R26,LOW(-@1)
                 	SBCI R27,HIGH(-@1)
                 	CALL __PUTDP1
                 	.ENDM
                 
                 	.MACRO __PUTB1PMNS
                 	LDS  R26,@0
                 	LDS  R27,@0+1
                 	ADIW R26,@1
                 	ST   X,R30
                 	.ENDM
                 
                 	.MACRO __PUTW1PMNS
                 	LDS  R26,@0
                 	LDS  R27,@0+1
                 	ADIW R26,@1
                 	ST   X+,R30
                 	ST   X,R31
                 	.ENDM
                 
                 	.MACRO __PUTD1PMNS
                 	LDS  R26,@0
                 	LDS  R27,@0+1
                 	ADIW R26,@1
                 	CALL __PUTDP1
                 	.ENDM
                 
                 	.MACRO __PUTB1RN
                 	MOVW R26,R@0
                 	SUBI R26,LOW(-@1)
                 	SBCI R27,HIGH(-@1)
                 	ST   X,R30
                 	.ENDM
                 
                 	.MACRO __PUTW1RN
                 	MOVW R26,R@0
                 	SUBI R26,LOW(-@1)
                 	SBCI R27,HIGH(-@1)
                 	ST   X+,R30
                 	ST   X,R31
                 	.ENDM
                 
                 	.MACRO __PUTD1RN
                 	MOVW R26,R@0
                 	SUBI R26,LOW(-@1)
                 	SBCI R27,HIGH(-@1)
                 	CALL __PUTDP1
                 	.ENDM
                 
                 	.MACRO __PUTB1RNS
                 	MOVW R26,R@0
                 	ADIW R26,@1
                 	ST   X,R30
                 	.ENDM
                 
                 	.MACRO __PUTW1RNS
                 	MOVW R26,R@0
                 	ADIW R26,@1
                 	ST   X+,R30
                 	ST   X,R31
                 	.ENDM
                 
                 	.MACRO __PUTD1RNS
                 	MOVW R26,R@0
                 	ADIW R26,@1
                 	CALL __PUTDP1
                 	.ENDM
                 
                 	.MACRO __PUTB1RON
                 	MOV  R26,R@0
                 	MOV  R27,R@1
                 	SUBI R26,LOW(-@2)
                 	SBCI R27,HIGH(-@2)
                 	ST   X,R30
                 	.ENDM
                 
                 	.MACRO __PUTW1RON
                 	MOV  R26,R@0
                 	MOV  R27,R@1
                 	SUBI R26,LOW(-@2)
                 	SBCI R27,HIGH(-@2)
                 	ST   X+,R30
                 	ST   X,R31
                 	.ENDM
                 
                 	.MACRO __PUTD1RON
                 	MOV  R26,R@0
                 	MOV  R27,R@1
                 	SUBI R26,LOW(-@2)
                 	SBCI R27,HIGH(-@2)
                 	CALL __PUTDP1
                 	.ENDM
                 
                 	.MACRO __PUTB1RONS
                 	MOV  R26,R@0
                 	MOV  R27,R@1
                 	ADIW R26,@2
                 	ST   X,R30
                 	.ENDM
                 
                 	.MACRO __PUTW1RONS
                 	MOV  R26,R@0
                 	MOV  R27,R@1
                 	ADIW R26,@2
                 	ST   X+,R30
                 	ST   X,R31
                 	.ENDM
                 
                 	.MACRO __PUTD1RONS
                 	MOV  R26,R@0
                 	MOV  R27,R@1
                 	ADIW R26,@2
                 	CALL __PUTDP1
                 	.ENDM
                 
                 
                 	.MACRO __GETB1SX
                 	MOVW R30,R28
                 	SUBI R30,LOW(-@0)
                 	SBCI R31,HIGH(-@0)
                 	LD   R30,Z
                 	.ENDM
                 
                 	.MACRO __GETB1HSX
                 	MOVW R30,R28
                 	SUBI R30,LOW(-@0)
                 	SBCI R31,HIGH(-@0)
                 	LD   R31,Z
                 	.ENDM
                 
                 	.MACRO __GETW1SX
                 	MOVW R30,R28
                 	SUBI R30,LOW(-@0)
                 	SBCI R31,HIGH(-@0)
                 	LD   R0,Z+
                 	LD   R31,Z
                 	MOV  R30,R0
                 	.ENDM
                 
                 	.MACRO __GETD1SX
                 	MOVW R30,R28
                 	SUBI R30,LOW(-@0)
                 	SBCI R31,HIGH(-@0)
                 	LD   R0,Z+
                 	LD   R1,Z+
                 	LD   R22,Z+
                 	LD   R23,Z
                 	MOVW R30,R0
                 	.ENDM
                 
                 	.MACRO __GETB2SX
                 	MOVW R26,R28
                 	SUBI R26,LOW(-@0)
                 	SBCI R27,HIGH(-@0)
                 	LD   R26,X
                 	.ENDM
                 
                 	.MACRO __GETW2SX
                 	MOVW R26,R28
                 	SUBI R26,LOW(-@0)
                 	SBCI R27,HIGH(-@0)
                 	LD   R0,X+
                 	LD   R27,X
                 	MOV  R26,R0
                 	.ENDM
                 
                 	.MACRO __GETD2SX
                 	MOVW R26,R28
                 	SUBI R26,LOW(-@0)
                 	SBCI R27,HIGH(-@0)
                 	LD   R0,X+
                 	LD   R1,X+
                 	LD   R24,X+
                 	LD   R25,X
                 	MOVW R26,R0
                 	.ENDM
                 
                 	.MACRO __GETBRSX
                 	MOVW R30,R28
                 	SUBI R30,LOW(-@1)
                 	SBCI R31,HIGH(-@1)
                 	LD   R@0,Z
                 	.ENDM
                 
                 	.MACRO __GETWRSX
                 	MOVW R30,R28
                 	SUBI R30,LOW(-@2)
                 	SBCI R31,HIGH(-@2)
                 	LD   R@0,Z+
                 	LD   R@1,Z
                 	.ENDM
                 
                 	.MACRO __GETBRSX2
                 	MOVW R26,R28
                 	SUBI R26,LOW(-@1)
                 	SBCI R27,HIGH(-@1)
                 	LD   R@0,X
                 	.ENDM
                 
                 	.MACRO __GETWRSX2
                 	MOVW R26,R28
                 	SUBI R26,LOW(-@2)
                 	SBCI R27,HIGH(-@2)
                 	LD   R@0,X+
                 	LD   R@1,X
                 	.ENDM
                 
                 	.MACRO __LSLW8SX
                 	MOVW R30,R28
                 	SUBI R30,LOW(-@0)
                 	SBCI R31,HIGH(-@0)
                 	LD   R31,Z
                 	CLR  R30
                 	.ENDM
                 
                 	.MACRO __PUTB1SX
                 	MOVW R26,R28
                 	SUBI R26,LOW(-@0)
                 	SBCI R27,HIGH(-@0)
                 	ST   X,R30
                 	.ENDM
                 
                 	.MACRO __PUTW1SX
                 	MOVW R26,R28
                 	SUBI R26,LOW(-@0)
                 	SBCI R27,HIGH(-@0)
                 	ST   X+,R30
                 	ST   X,R31
                 	.ENDM
                 
                 	.MACRO __PUTD1SX
                 	MOVW R26,R28
                 	SUBI R26,LOW(-@0)
                 	SBCI R27,HIGH(-@0)
                 	ST   X+,R30
                 	ST   X+,R31
                 	ST   X+,R22
                 	ST   X,R23
                 	.ENDM
                 
                 	.MACRO __CLRW1SX
                 	MOVW R26,R28
                 	SUBI R26,LOW(-@0)
                 	SBCI R27,HIGH(-@0)
                 	ST   X+,R30
                 	ST   X,R30
                 	.ENDM
                 
                 	.MACRO __CLRD1SX
                 	MOVW R26,R28
                 	SUBI R26,LOW(-@0)
                 	SBCI R27,HIGH(-@0)
                 	ST   X+,R30
                 	ST   X+,R30
                 	ST   X+,R30
                 	ST   X,R30
                 	.ENDM
                 
                 	.MACRO __PUTB2SX
                 	MOVW R30,R28
                 	SUBI R30,LOW(-@0)
                 	SBCI R31,HIGH(-@0)
                 	ST   Z,R26
                 	.ENDM
                 
                 	.MACRO __PUTW2SX
                 	MOVW R30,R28
                 	SUBI R30,LOW(-@0)
                 	SBCI R31,HIGH(-@0)
                 	ST   Z+,R26
                 	ST   Z,R27
                 	.ENDM
                 
                 	.MACRO __PUTD2SX
                 	MOVW R30,R28
                 	SUBI R30,LOW(-@0)
                 	SBCI R31,HIGH(-@0)
                 	ST   Z+,R26
                 	ST   Z+,R27
                 	ST   Z+,R24
                 	ST   Z,R25
                 	.ENDM
                 
                 	.MACRO __PUTBSRX
                 	MOVW R30,R28
                 	SUBI R30,LOW(-@1)
                 	SBCI R31,HIGH(-@1)
                 	ST   Z,R@0
                 	.ENDM
                 
                 	.MACRO __PUTWSRX
                 	MOVW R30,R28
                 	SUBI R30,LOW(-@2)
                 	SBCI R31,HIGH(-@2)
                 	ST   Z+,R@0
                 	ST   Z,R@1
                 	.ENDM
                 
                 	.MACRO __PUTB1SNX
                 	MOVW R26,R28
                 	SUBI R26,LOW(-@0)
                 	SBCI R27,HIGH(-@0)
                 	LD   R0,X+
                 	LD   R27,X
                 	MOV  R26,R0
                 	SUBI R26,LOW(-@1)
                 	SBCI R27,HIGH(-@1)
                 	ST   X,R30
                 	.ENDM
                 
                 	.MACRO __PUTW1SNX
                 	MOVW R26,R28
                 	SUBI R26,LOW(-@0)
                 	SBCI R27,HIGH(-@0)
                 	LD   R0,X+
                 	LD   R27,X
                 	MOV  R26,R0
                 	SUBI R26,LOW(-@1)
                 	SBCI R27,HIGH(-@1)
                 	ST   X+,R30
                 	ST   X,R31
                 	.ENDM
                 
                 	.MACRO __PUTD1SNX
                 	MOVW R26,R28
                 	SUBI R26,LOW(-@0)
                 	SBCI R27,HIGH(-@0)
                 	LD   R0,X+
                 	LD   R27,X
                 	MOV  R26,R0
                 	SUBI R26,LOW(-@1)
                 	SBCI R27,HIGH(-@1)
                 	ST   X+,R30
                 	ST   X+,R31
                 	ST   X+,R22
                 	ST   X,R23
                 	.ENDM
                 
                 	.MACRO __MULBRR
                 	MULS R@0,R@1
                 	MOVW R30,R0
                 	.ENDM
                 
                 	.MACRO __MULBRRU
                 	MUL  R@0,R@1
                 	MOVW R30,R0
                 	.ENDM
                 
                 	.MACRO __MULBRR0
                 	MULS R@0,R@1
                 	.ENDM
                 
                 	.MACRO __MULBRRU0
                 	MUL  R@0,R@1
                 	.ENDM
                 
                 	.MACRO __MULBNWRU
                 	LDI  R26,@2
                 	MUL  R26,R@0
                 	MOVW R30,R0
                 	MUL  R26,R@1
                 	ADD  R31,R0
                 	.ENDM
                 
                 ;NAME DEFINITIONS FOR GLOBAL VARIABLES ALLOCATED TO REGISTERS
                 	.DEF _rx_wr_index=R5
                 	.DEF _rx_rd_index=R4
                 	.DEF _rx_counter=R7
                 	.DEF _tx_wr_index=R6
                 	.DEF _tx_rd_index=R9
                 	.DEF _tx_counter=R8
                 	.DEF __lcd_x=R11
                 	.DEF __lcd_y=R10
                 	.DEF __lcd_maxx=R13
                 
                 	.CSEG
                 	.ORG 0x00
                 
                 ;START OF CODE MARKER
                 __START_OF_CODE:
                 
                 ;INTERRUPT VECTORS
000000 940c 004b 	JMP  __RESET
000002 940c 0000 	JMP  0x00
000004 940c 0000 	JMP  0x00
000006 940c 0000 	JMP  0x00
000008 940c 0000 	JMP  0x00
00000a 940c 0000 	JMP  0x00
00000c 940c 0000 	JMP  0x00
00000e 940c 0000 	JMP  0x00
000010 940c 0000 	JMP  0x00
000012 940c 0000 	JMP  0x00
000014 940c 0000 	JMP  0x00
000016 940c 0078 	JMP  _usart_rx_isr
000018 940c 0000 	JMP  0x00
00001a 940c 00aa 	JMP  _usart_tx_isr
00001c 940c 0000 	JMP  0x00
00001e 940c 0000 	JMP  0x00
000020 940c 0000 	JMP  0x00
000022 940c 0000 	JMP  0x00
000024 940c 0000 	JMP  0x00
000026 940c 0000 	JMP  0x00
000028 940c 0000 	JMP  0x00
                 
                 _tbl10_G101:
00002a 2710
00002b 03e8
00002c 0064
00002d 000a      	.DB  0x10,0x27,0xE8,0x3,0x64,0x0,0xA,0x0
00002e 0001      	.DB  0x1,0x0
                 _tbl16_G101:
00002f 1000
000030 0100
000031 0010
000032 0001      	.DB  0x0,0x10,0x0,0x1,0x10,0x0,0x1,0x0
                 
                 ;REGISTER BIT VARIABLES INITIALIZATION
                 __REG_BIT_VARS:
000033 0000      	.DW  0x0000
                 
                 ;GLOBAL REGISTER VARIABLES INITIALIZATION
                 __REG_VARS:
000034 0000
000035 0000      	.DB  0x0,0x0,0x0,0x0
000036 0000      	.DB  0x0,0x0
                 
                 _0x0:
000037 5441
000038 522b
000039 4c4f
00003a 3f45      	.DB  0x41,0x54,0x2B,0x52,0x4F,0x4C,0x45,0x3F
00003b 0a0d
D:\project\HC-05 configurer\Debug\List\t6.asm(1144): warning: .cseg .db misalignment - padding zero byte
00003c 0000      	.DB  0xD,0xA,0x0
                 _0x2000003:
00003d c080      	.DB  0x80,0xC0
                 
                 __GLOBAL_INI_TBL:
00003e 0001      	.DW  0x01
00003f 0002      	.DW  0x02
000040 0066      	.DW  __REG_BIT_VARS*2
                 
000041 0006      	.DW  0x06
000042 0004      	.DW  0x04
000043 0068      	.DW  __REG_VARS*2
                 
000044 000b      	.DW  0x0B
000045 0160      	.DW  _0x14
000046 006e      	.DW  _0x0*2
                 
000047 0002      	.DW  0x02
000048 017b      	.DW  __base_y_G100
000049 007a      	.DW  _0x2000003*2
                 
                 _0xFFFFFFFF:
00004a 0000      	.DW  0
                 
                 #define __GLOBAL_INI_TBL_PRESENT 1
                 
                 __RESET:
00004b 94f8      	CLI
00004c 27ee      	CLR  R30
00004d bbec      	OUT  EECR,R30
                 
                 ;INTERRUPT VECTORS ARE PLACED
                 ;AT THE START OF FLASH
00004e e0f1      	LDI  R31,1
00004f bffb      	OUT  GICR,R31
000050 bfeb      	OUT  GICR,R30
000051 bfe5      	OUT  MCUCR,R30
                 
                 ;CLEAR R2-R14
000052 e08d      	LDI  R24,(14-2)+1
000053 e0a2      	LDI  R26,2
000054 27bb      	CLR  R27
                 __CLEAR_REG:
000055 93ed      	ST   X+,R30
000056 958a      	DEC  R24
000057 f7e9      	BRNE __CLEAR_REG
                 
                 ;CLEAR SRAM
000058 e080      	LDI  R24,LOW(__CLEAR_SRAM_SIZE)
000059 e094      	LDI  R25,HIGH(__CLEAR_SRAM_SIZE)
00005a e6a0      	LDI  R26,__SRAM_START
                 __CLEAR_SRAM:
00005b 93ed      	ST   X+,R30
00005c 9701      	SBIW R24,1
00005d f7e9      	BRNE __CLEAR_SRAM
                 
                 ;GLOBAL VARIABLES INITIALIZATION
00005e e7ec      	LDI  R30,LOW(__GLOBAL_INI_TBL*2)
00005f e0f0      	LDI  R31,HIGH(__GLOBAL_INI_TBL*2)
                 __GLOBAL_INI_NEXT:
000060 9185      	LPM  R24,Z+
000061 9195      	LPM  R25,Z+
000062 9700      	SBIW R24,0
000063 f061      	BREQ __GLOBAL_INI_END
000064 91a5      	LPM  R26,Z+
000065 91b5      	LPM  R27,Z+
000066 9005      	LPM  R0,Z+
000067 9015      	LPM  R1,Z+
000068 01bf      	MOVW R22,R30
000069 01f0      	MOVW R30,R0
                 __GLOBAL_INI_LOOP:
00006a 9005      	LPM  R0,Z+
00006b 920d      	ST   X+,R0
00006c 9701      	SBIW R24,1
00006d f7e1      	BRNE __GLOBAL_INI_LOOP
00006e 01fb      	MOVW R30,R22
00006f cff0      	RJMP __GLOBAL_INI_NEXT
                 __GLOBAL_INI_END:
                 
                 ;HARDWARE STACK POINTER INITIALIZATION
000070 e5ef      	LDI  R30,LOW(__SRAM_END-__HEAP_SIZE)
000071 bfed      	OUT  SPL,R30
000072 e0e4      	LDI  R30,HIGH(__SRAM_END-__HEAP_SIZE)
000073 bfee      	OUT  SPH,R30
                 
                 ;DATA STACK POINTER INITIALIZATION
000074 e6c0      	LDI  R28,LOW(__SRAM_START+__DSTACK_SIZE)
000075 e0d1      	LDI  R29,HIGH(__SRAM_START+__DSTACK_SIZE)
                 
000076 940c 00db 	JMP  _main
                 
                 	.ESEG
                 	.ORG 0
                 
                 	.DSEG
                 	.ORG 0x160
                 
                 	.CSEG
                 ;/*******************************************************
                 ;This program was created by the
                 ;CodeWizardAVR V3.12 Advanced
                 ;Automatic Program Generator
                 ;© Copyright 1998-2014 Pavel Haiduc, HP InfoTech s.r.l.
                 ;http://www.hpinfotech.com
                 ;
                 ;Project :
                 ;Version :
                 ;Date    : 16/08/2017
                 ;Author  :
                 ;Company :
                 ;Comments:
                 ;
                 ;
                 ;Chip type               : ATmega16A
                 ;Program type            : Application
                 ;AVR Core Clock frequency: 8/000000 MHz
                 ;Memory model            : Small
                 ;External RAM size       : 0
                 ;Data Stack size         : 256
                 ;*******************************************************/
                 ;
                 ;#include <mega16a.h>
                 	#ifndef __SLEEP_DEFINED__
                 	#define __SLEEP_DEFINED__
                 	.EQU __se_bit=0x40
                 	.EQU __sm_mask=0xB0
                 	.EQU __sm_powerdown=0x20
                 	.EQU __sm_powersave=0x30
                 	.EQU __sm_standby=0xA0
                 	.EQU __sm_ext_standby=0xB0
                 	.EQU __sm_adc_noise_red=0x10
                 	.SET power_ctrl_reg=mcucr
                 	#endif
                 ;#include <delay.h>
                 ;
                 ;// Alphanumeric LCD functions
                 ;#include <alcd.h>
                 ;
                 ;// Declare your global variables here
                 ;
                 ;#define DATA_REGISTER_EMPTY (1<<UDRE)
                 ;#define RX_COMPLETE (1<<RXC)
                 ;#define FRAMING_ERROR (1<<FE)
                 ;#define PARITY_ERROR (1<<UPE)
                 ;#define DATA_OVERRUN (1<<DOR)
                 ;
                 ;// USART Receiver buffer
                 ;#define RX_BUFFER_SIZE 8
                 ;char rx_buffer[RX_BUFFER_SIZE];
                 ;
                 ;#if RX_BUFFER_SIZE <= 256
                 ;unsigned char rx_wr_index=0,rx_rd_index=0;
                 ;#else
                 ;unsigned int rx_wr_index=0,rx_rd_index=0;
                 ;#endif
                 ;
                 ;#if RX_BUFFER_SIZE < 256
                 ;unsigned char rx_counter=0;
                 ;#else
                 ;unsigned int rx_counter=0;
                 ;#endif
                 ;
                 ;// This flag is set on USART Receiver buffer overflow
                 ;bit rx_buffer_overflow;
                 ;
                 ;// USART Receiver interrupt service routine
                 ;interrupt [USART_RXC] void usart_rx_isr(void)
                 ; 0000 003B {
                 
                 	.CSEG
                 _usart_rx_isr:
                 ; .FSTART _usart_rx_isr
000078 93ea      	ST   -Y,R30
000079 93fa      	ST   -Y,R31
00007a b7ef      	IN   R30,SREG
00007b 93ea      	ST   -Y,R30
                 ; 0000 003C char status,data;
                 ; 0000 003D status=UCSRA;
00007c 931a      	ST   -Y,R17
00007d 930a      	ST   -Y,R16
                 ;	status -> R17
                 ;	data -> R16
00007e b11b      	IN   R17,11
                 ; 0000 003E data=UDR;
00007f b10c      	IN   R16,12
                 ; 0000 003F if ((status & (FRAMING_ERROR | PARITY_ERROR | DATA_OVERRUN))==0)
000080 2fe1      	MOV  R30,R17
000081 71ec      	ANDI R30,LOW(0x1C)
000082 f489      	BRNE _0x3
                 ; 0000 0040    {
                 ; 0000 0041    rx_buffer[rx_wr_index++]=data;
000083 2de5      	MOV  R30,R5
000084 9453      	INC  R5
000085 e0f0      	LDI  R31,0
000086 59e5      	SUBI R30,LOW(-_rx_buffer)
000087 4ffe      	SBCI R31,HIGH(-_rx_buffer)
000088 8300      	ST   Z,R16
                 ; 0000 0042 #if RX_BUFFER_SIZE == 256
                 ; 0000 0043    // special case for receiver buffer size=256
                 ; 0000 0044    if (++rx_counter == 0) rx_buffer_overflow=1;
                 ; 0000 0045 #else
                 ; 0000 0046    if (rx_wr_index == RX_BUFFER_SIZE) rx_wr_index=0;
000089 e0e8      	LDI  R30,LOW(8)
00008a 15e5      	CP   R30,R5
00008b f409      	BRNE _0x4
00008c 2455      	CLR  R5
                 ; 0000 0047    if (++rx_counter == RX_BUFFER_SIZE)
                 _0x4:
00008d 9473      	INC  R7
00008e e0e8      	LDI  R30,LOW(8)
00008f 15e7      	CP   R30,R7
000090 f419      	BRNE _0x5
                 ; 0000 0048       {
                 ; 0000 0049       rx_counter=0;
000091 2477      	CLR  R7
                 ; 0000 004A       rx_buffer_overflow=1;
000092 9468      	SET
000093 f820      	BLD  R2,0
                 ; 0000 004B       }
                 ; 0000 004C #endif
                 ; 0000 004D    }
                 _0x5:
                 ; 0000 004E }
                 _0x3:
000094 9109      	LD   R16,Y+
000095 9119      	LD   R17,Y+
000096 c025      	RJMP _0x19
                 ; .FEND
                 ;
                 ;#ifndef _DEBUG_TERMINAL_IO_
                 ;// Get a character from the USART Receiver buffer
                 ;#define _ALTERNATE_GETCHAR_
                 ;#pragma used+
                 ;char getchar(void)
                 ; 0000 0055 {
                 _getchar:
                 ; .FSTART _getchar
                 ; 0000 0056 char data;
                 ; 0000 0057 while (rx_counter==0);
000097 931a      	ST   -Y,R17
                 ;	data -> R17
                 _0x6:
000098 2077      	TST  R7
000099 f3f1      	BREQ _0x6
                 ; 0000 0058 data=rx_buffer[rx_rd_index++];
00009a 2de4      	MOV  R30,R4
00009b 9443      	INC  R4
00009c e0f0      	LDI  R31,0
00009d 59e5      	SUBI R30,LOW(-_rx_buffer)
00009e 4ffe      	SBCI R31,HIGH(-_rx_buffer)
00009f 8110      	LD   R17,Z
                 ; 0000 0059 #if RX_BUFFER_SIZE != 256
                 ; 0000 005A if (rx_rd_index == RX_BUFFER_SIZE) rx_rd_index=0;
0000a0 e0e8      	LDI  R30,LOW(8)
0000a1 15e4      	CP   R30,R4
0000a2 f409      	BRNE _0x9
0000a3 2444      	CLR  R4
                 ; 0000 005B #endif
                 ; 0000 005C #asm("cli")
                 _0x9:
0000a4 94f8      	cli
                 ; 0000 005D --rx_counter;
0000a5 947a      	DEC  R7
                 ; 0000 005E #asm("sei")
0000a6 9478      	sei
                 ; 0000 005F return data;
0000a7 2fe1      	MOV  R30,R17
0000a8 9119      	LD   R17,Y+
0000a9 9508      	RET
                 ; 0000 0060 }
                 ; .FEND
                 ;#pragma used-
                 ;#endif
                 ;
                 ;// USART Transmitter buffer
                 ;#define TX_BUFFER_SIZE 8
                 ;char tx_buffer[TX_BUFFER_SIZE];
                 ;
                 ;#if TX_BUFFER_SIZE <= 256
                 ;unsigned char tx_wr_index=0,tx_rd_index=0;
                 ;#else
                 ;unsigned int tx_wr_index=0,tx_rd_index=0;
                 ;#endif
                 ;
                 ;#if TX_BUFFER_SIZE < 256
                 ;unsigned char tx_counter=0;
                 ;#else
                 ;unsigned int tx_counter=0;
                 ;#endif
                 ;
                 ;// USART Transmitter interrupt service routine
                 ;interrupt [USART_TXC] void usart_tx_isr(void)
                 ; 0000 0076 {
                 _usart_tx_isr:
                 ; .FSTART _usart_tx_isr
0000aa 93ea      	ST   -Y,R30
0000ab 93fa      	ST   -Y,R31
0000ac b7ef      	IN   R30,SREG
0000ad 93ea      	ST   -Y,R30
                 ; 0000 0077 if (tx_counter)
0000ae 2088      	TST  R8
0000af f061      	BREQ _0xA
                 ; 0000 0078    {
                 ; 0000 0079    --tx_counter;
0000b0 948a      	DEC  R8
                 ; 0000 007A    UDR=tx_buffer[tx_rd_index++];
0000b1 2de9      	MOV  R30,R9
0000b2 9493      	INC  R9
0000b3 e0f0      	LDI  R31,0
0000b4 58ed      	SUBI R30,LOW(-_tx_buffer)
0000b5 4ffe      	SBCI R31,HIGH(-_tx_buffer)
0000b6 81e0      	LD   R30,Z
0000b7 b9ec      	OUT  0xC,R30
                 ; 0000 007B #if TX_BUFFER_SIZE != 256
                 ; 0000 007C    if (tx_rd_index == TX_BUFFER_SIZE) tx_rd_index=0;
0000b8 e0e8      	LDI  R30,LOW(8)
0000b9 15e9      	CP   R30,R9
0000ba f409      	BRNE _0xB
0000bb 2499      	CLR  R9
                 ; 0000 007D #endif
                 ; 0000 007E    }
                 _0xB:
                 ; 0000 007F }
                 _0xA:
                 _0x19:
0000bc 91e9      	LD   R30,Y+
0000bd bfef      	OUT  SREG,R30
0000be 91f9      	LD   R31,Y+
0000bf 91e9      	LD   R30,Y+
0000c0 9518      	RETI
                 ; .FEND
                 ;
                 ;#ifndef _DEBUG_TERMINAL_IO_
                 ;// Write a character to the USART Transmitter buffer
                 ;#define _ALTERNATE_PUTCHAR_
                 ;#pragma used+
                 ;void putchar(char c)
                 ; 0000 0086 {
                 _putchar:
                 ; .FSTART _putchar
                 ; 0000 0087 while (tx_counter == TX_BUFFER_SIZE);
0000c1 93aa      	ST   -Y,R26
                 ;	c -> Y+0
                 _0xC:
0000c2 e0e8      	LDI  R30,LOW(8)
0000c3 15e8      	CP   R30,R8
0000c4 f3e9      	BREQ _0xC
                 ; 0000 0088 #asm("cli")
0000c5 94f8      	cli
                 ; 0000 0089 if (tx_counter || ((UCSRA & DATA_REGISTER_EMPTY)==0))
0000c6 2088      	TST  R8
0000c7 f411      	BRNE _0x10
0000c8 995d      	SBIC 0xB,5
0000c9 c00d      	RJMP _0xF
                 _0x10:
                 ; 0000 008A    {
                 ; 0000 008B    tx_buffer[tx_wr_index++]=c;
0000ca 2de6      	MOV  R30,R6
0000cb 9463      	INC  R6
0000cc e0f0      	LDI  R31,0
0000cd 58ed      	SUBI R30,LOW(-_tx_buffer)
0000ce 4ffe      	SBCI R31,HIGH(-_tx_buffer)
0000cf 81a8      	LD   R26,Y
0000d0 83a0      	STD  Z+0,R26
                 ; 0000 008C #if TX_BUFFER_SIZE != 256
                 ; 0000 008D    if (tx_wr_index == TX_BUFFER_SIZE) tx_wr_index=0;
0000d1 e0e8      	LDI  R30,LOW(8)
0000d2 15e6      	CP   R30,R6
0000d3 f409      	BRNE _0x12
0000d4 2466      	CLR  R6
                 ; 0000 008E #endif
                 ; 0000 008F    ++tx_counter;
                 _0x12:
0000d5 9483      	INC  R8
                 ; 0000 0090    }
                 ; 0000 0091 else
0000d6 c002      	RJMP _0x13
                 _0xF:
                 ; 0000 0092    UDR=c;
0000d7 81e8      	LD   R30,Y
0000d8 b9ec      	OUT  0xC,R30
                 ; 0000 0093 #asm("sei")
                 _0x13:
0000d9 9478      	sei
                 ; 0000 0094 }
0000da c0b8      	RJMP _0x2080001
                 ; .FEND
                 ;#pragma used-
                 ;#endif
                 ;
                 ;// Standard Input/Output functions
                 ;#include <stdio.h>
                 ;
                 ;void main(void)
                 ; 0000 009C {
                 _main:
                 ; .FSTART _main
                 ; 0000 009D // Declare your local variables here
                 ; 0000 009E 
                 ; 0000 009F // Input/Output Ports initialization
                 ; 0000 00A0 // Port A initialization
                 ; 0000 00A1 // Function: Bit7=In Bit6=In Bit5=In Bit4=In Bit3=In Bit2=In Bit1=In Bit0=In
                 ; 0000 00A2 DDRA=(0<<DDA7) | (0<<DDA6) | (0<<DDA5) | (0<<DDA4) | (0<<DDA3) | (0<<DDA2) | (0<<DDA1) | (0<<DDA0);
0000db e0e0      	LDI  R30,LOW(0)
0000dc bbea      	OUT  0x1A,R30
                 ; 0000 00A3 // State: Bit7=T Bit6=T Bit5=T Bit4=T Bit3=T Bit2=T Bit1=T Bit0=T
                 ; 0000 00A4 PORTA=(0<<PORTA7) | (0<<PORTA6) | (0<<PORTA5) | (0<<PORTA4) | (0<<PORTA3) | (0<<PORTA2) | (0<<PORTA1) | (0<<PORTA0);
0000dd bbeb      	OUT  0x1B,R30
                 ; 0000 00A5 
                 ; 0000 00A6 // Port B initialization
                 ; 0000 00A7 // Function: Bit7=In Bit6=In Bit5=In Bit4=In Bit3=In Bit2=In Bit1=In Bit0=In
                 ; 0000 00A8 DDRB=(0<<DDB7) | (0<<DDB6) | (0<<DDB5) | (0<<DDB4) | (0<<DDB3) | (0<<DDB2) | (0<<DDB1) | (0<<DDB0);
0000de bbe7      	OUT  0x17,R30
                 ; 0000 00A9 // State: Bit7=T Bit6=T Bit5=T Bit4=T Bit3=T Bit2=T Bit1=T Bit0=T
                 ; 0000 00AA PORTB=(0<<PORTB7) | (0<<PORTB6) | (0<<PORTB5) | (0<<PORTB4) | (0<<PORTB3) | (0<<PORTB2) | (0<<PORTB1) | (0<<PORTB0);
0000df bbe8      	OUT  0x18,R30
                 ; 0000 00AB 
                 ; 0000 00AC // Port C initialization
                 ; 0000 00AD // Function: Bit7=In Bit6=In Bit5=In Bit4=In Bit3=In Bit2=In Bit1=In Bit0=In
                 ; 0000 00AE DDRC=(0<<DDC7) | (0<<DDC6) | (0<<DDC5) | (0<<DDC4) | (0<<DDC3) | (0<<DDC2) | (0<<DDC1) | (0<<DDC0);
0000e0 bbe4      	OUT  0x14,R30
                 ; 0000 00AF // State: Bit7=T Bit6=T Bit5=T Bit4=T Bit3=T Bit2=T Bit1=T Bit0=T
                 ; 0000 00B0 PORTC=(0<<PORTC7) | (0<<PORTC6) | (0<<PORTC5) | (0<<PORTC4) | (0<<PORTC3) | (0<<PORTC2) | (0<<PORTC1) | (0<<PORTC0);
0000e1 bbe5      	OUT  0x15,R30
                 ; 0000 00B1 
                 ; 0000 00B2 // Port D initialization
                 ; 0000 00B3 // Function: Bit7=Out Bit6=Out Bit5=Out Bit4=Out Bit3=Out Bit2=Out Bit1=Out Bit0=Out
                 ; 0000 00B4 DDRD=(1<<DDD7) | (1<<DDD6) | (1<<DDD5) | (1<<DDD4) | (1<<DDD3) | (1<<DDD2) | (1<<DDD1) | (1<<DDD0);
0000e2 efef      	LDI  R30,LOW(255)
0000e3 bbe1      	OUT  0x11,R30
                 ; 0000 00B5 // State: Bit7=0 Bit6=0 Bit5=0 Bit4=0 Bit3=0 Bit2=0 Bit1=0 Bit0=0
                 ; 0000 00B6 PORTD=(0<<PORTD7) | (0<<PORTD6) | (0<<PORTD5) | (0<<PORTD4) | (0<<PORTD3) | (0<<PORTD2) | (0<<PORTD1) | (0<<PORTD0);
0000e4 e0e0      	LDI  R30,LOW(0)
0000e5 bbe2      	OUT  0x12,R30
                 ; 0000 00B7 
                 ; 0000 00B8 // Timer/Counter 0 initialization
                 ; 0000 00B9 // Clock source: System Clock
                 ; 0000 00BA // Clock value: Timer 0 Stopped
                 ; 0000 00BB // Mode: Normal top=0xFF
                 ; 0000 00BC // OC0 output: Disconnected
                 ; 0000 00BD TCCR0=(0<<WGM00) | (0<<COM01) | (0<<COM00) | (0<<WGM01) | (0<<CS02) | (0<<CS01) | (0<<CS00);
0000e6 bfe3      	OUT  0x33,R30
                 ; 0000 00BE TCNT0=0x00;
0000e7 bfe2      	OUT  0x32,R30
                 ; 0000 00BF OCR0=0x00;
0000e8 bfec      	OUT  0x3C,R30
                 ; 0000 00C0 
                 ; 0000 00C1 // Timer/Counter 1 initialization
                 ; 0000 00C2 // Clock source: System Clock
                 ; 0000 00C3 // Clock value: Timer1 Stopped
                 ; 0000 00C4 // Mode: Normal top=0xFFFF
                 ; 0000 00C5 // OC1A output: Disconnected
                 ; 0000 00C6 // OC1B output: Disconnected
                 ; 0000 00C7 // Noise Canceler: Off
                 ; 0000 00C8 // Input Capture on Falling Edge
                 ; 0000 00C9 // Timer1 Overflow Interrupt: Off
                 ; 0000 00CA // Input Capture Interrupt: Off
                 ; 0000 00CB // Compare A Match Interrupt: Off
                 ; 0000 00CC // Compare B Match Interrupt: Off
                 ; 0000 00CD TCCR1A=(0<<COM1A1) | (0<<COM1A0) | (0<<COM1B1) | (0<<COM1B0) | (0<<WGM11) | (0<<WGM10);
0000e9 bdef      	OUT  0x2F,R30
                 ; 0000 00CE TCCR1B=(0<<ICNC1) | (0<<ICES1) | (0<<WGM13) | (0<<WGM12) | (0<<CS12) | (0<<CS11) | (0<<CS10);
0000ea bdee      	OUT  0x2E,R30
                 ; 0000 00CF TCNT1H=0x00;
0000eb bded      	OUT  0x2D,R30
                 ; 0000 00D0 TCNT1L=0x00;
0000ec bdec      	OUT  0x2C,R30
                 ; 0000 00D1 ICR1H=0x00;
0000ed bde7      	OUT  0x27,R30
                 ; 0000 00D2 ICR1L=0x00;
0000ee bde6      	OUT  0x26,R30
                 ; 0000 00D3 OCR1AH=0x00;
0000ef bdeb      	OUT  0x2B,R30
                 ; 0000 00D4 OCR1AL=0x00;
0000f0 bdea      	OUT  0x2A,R30
                 ; 0000 00D5 OCR1BH=0x00;
0000f1 bde9      	OUT  0x29,R30
                 ; 0000 00D6 OCR1BL=0x00;
0000f2 bde8      	OUT  0x28,R30
                 ; 0000 00D7 
                 ; 0000 00D8 // Timer/Counter 2 initialization
                 ; 0000 00D9 // Clock source: System Clock
                 ; 0000 00DA // Clock value: Timer2 Stopped
                 ; 0000 00DB // Mode: Normal top=0xFF
                 ; 0000 00DC // OC2 output: Disconnected
                 ; 0000 00DD ASSR=0<<AS2;
0000f3 bde2      	OUT  0x22,R30
                 ; 0000 00DE TCCR2=(0<<PWM2) | (0<<COM21) | (0<<COM20) | (0<<CTC2) | (0<<CS22) | (0<<CS21) | (0<<CS20);
0000f4 bde5      	OUT  0x25,R30
                 ; 0000 00DF TCNT2=0x00;
0000f5 bde4      	OUT  0x24,R30
                 ; 0000 00E0 OCR2=0x00;
0000f6 bde3      	OUT  0x23,R30
                 ; 0000 00E1 
                 ; 0000 00E2 // Timer(s)/Counter(s) Interrupt(s) initialization
                 ; 0000 00E3 TIMSK=(0<<OCIE2) | (0<<TOIE2) | (0<<TICIE1) | (0<<OCIE1A) | (0<<OCIE1B) | (0<<TOIE1) | (0<<OCIE0) | (0<<TOIE0);
0000f7 bfe9      	OUT  0x39,R30
                 ; 0000 00E4 
                 ; 0000 00E5 // External Interrupt(s) initialization
                 ; 0000 00E6 // INT0: Off
                 ; 0000 00E7 // INT1: Off
                 ; 0000 00E8 // INT2: Off
                 ; 0000 00E9 MCUCR=(0<<ISC11) | (0<<ISC10) | (0<<ISC01) | (0<<ISC00);
0000f8 bfe5      	OUT  0x35,R30
                 ; 0000 00EA MCUCSR=(0<<ISC2);
0000f9 bfe4      	OUT  0x34,R30
                 ; 0000 00EB 
                 ; 0000 00EC // USART initialization
                 ; 0000 00ED // Communication Parameters: 8 Data, 1 Stop, No Parity
                 ; 0000 00EE // USART Receiver: On
                 ; 0000 00EF // USART Transmitter: On
                 ; 0000 00F0 // USART Mode: Asynchronous
                 ; 0000 00F1 // USART Baud Rate: 38400
                 ; 0000 00F2 UCSRA=(0<<RXC) | (0<<TXC) | (0<<UDRE) | (0<<FE) | (0<<DOR) | (0<<UPE) | (0<<U2X) | (0<<MPCM);
0000fa b9eb      	OUT  0xB,R30
                 ; 0000 00F3 UCSRB=(1<<RXCIE) | (1<<TXCIE) | (0<<UDRIE) | (1<<RXEN) | (1<<TXEN) | (0<<UCSZ2) | (0<<RXB8) | (0<<TXB8);
0000fb ede8      	LDI  R30,LOW(216)
0000fc b9ea      	OUT  0xA,R30
                 ; 0000 00F4 UCSRC=(1<<URSEL) | (0<<UMSEL) | (0<<UPM1) | (0<<UPM0) | (0<<USBS) | (1<<UCSZ1) | (1<<UCSZ0) | (0<<UCPOL);
0000fd e8e6      	LDI  R30,LOW(134)
0000fe bde0      	OUT  0x20,R30
                 ; 0000 00F5 UBRRH=0x00;
0000ff e0e0      	LDI  R30,LOW(0)
000100 bde0      	OUT  0x20,R30
                 ; 0000 00F6 UBRRL=0x0C;
000101 e0ec      	LDI  R30,LOW(12)
000102 b9e9      	OUT  0x9,R30
                 ; 0000 00F7 
                 ; 0000 00F8 // Analog Comparator initialization
                 ; 0000 00F9 // Analog Comparator: Off
                 ; 0000 00FA // The Analog Comparator's positive input is
                 ; 0000 00FB // connected to the AIN0 pin
                 ; 0000 00FC // The Analog Comparator's negative input is
                 ; 0000 00FD // connected to the AIN1 pin
                 ; 0000 00FE ACSR=(1<<ACD) | (0<<ACBG) | (0<<ACO) | (0<<ACI) | (0<<ACIE) | (0<<ACIC) | (0<<ACIS1) | (0<<ACIS0);
000103 e8e0      	LDI  R30,LOW(128)
000104 b9e8      	OUT  0x8,R30
                 ; 0000 00FF SFIOR=(0<<ACME);
000105 e0e0      	LDI  R30,LOW(0)
000106 bfe0      	OUT  0x30,R30
                 ; 0000 0100 
                 ; 0000 0101 // ADC initialization
                 ; 0000 0102 // ADC disabled
                 ; 0000 0103 ADCSRA=(0<<ADEN) | (0<<ADSC) | (0<<ADATE) | (0<<ADIF) | (0<<ADIE) | (0<<ADPS2) | (0<<ADPS1) | (0<<ADPS0);
000107 b9e6      	OUT  0x6,R30
                 ; 0000 0104 
                 ; 0000 0105 // SPI initialization
                 ; 0000 0106 // SPI disabled
                 ; 0000 0107 SPCR=(0<<SPIE) | (0<<SPE) | (0<<DORD) | (0<<MSTR) | (0<<CPOL) | (0<<CPHA) | (0<<SPR1) | (0<<SPR0);
000108 b9ed      	OUT  0xD,R30
                 ; 0000 0108 
                 ; 0000 0109 // TWI initialization
                 ; 0000 010A // TWI disabled
                 ; 0000 010B TWCR=(0<<TWEA) | (0<<TWSTA) | (0<<TWSTO) | (0<<TWEN) | (0<<TWIE);
000109 bfe6      	OUT  0x36,R30
                 ; 0000 010C 
                 ; 0000 010D // Alphanumeric LCD initialization
                 ; 0000 010E // Connections are specified in the
                 ; 0000 010F // Project|Configure|C Compiler|Libraries|Alphanumeric LCD menu:
                 ; 0000 0110 // RS - PORTC Bit 0
                 ; 0000 0111 // RD - PORTC Bit 1
                 ; 0000 0112 // EN - PORTC Bit 2
                 ; 0000 0113 // D4 - PORTC Bit 4
                 ; 0000 0114 // D5 - PORTC Bit 5
                 ; 0000 0115 // D6 - PORTC Bit 6
                 ; 0000 0116 // D7 - PORTC Bit 7
                 ; 0000 0117 // Characters/line: 16
                 ; 0000 0118 lcd_init(16);
00010a e1a0      	LDI  R26,LOW(16)
00010b d05b      	RCALL _lcd_init
                 ; 0000 0119 
                 ; 0000 011A // Global enable interrupts
                 ; 0000 011B #asm("sei")
00010c 9478      	sei
                 ; 0000 011C 
                 ; 0000 011D delay_ms(5000);
00010d e8a8      	LDI  R26,LOW(5000)
00010e e1b3      	LDI  R27,HIGH(5000)
00010f 940e 01b8 	CALL _delay_ms
                 ; 0000 011E puts("AT+ROLE?\r\n");
                +
000111 e6a0     +LDI R26 , LOW ( _0x14 + ( 0 ) )
000112 e0b1     +LDI R27 , HIGH ( _0x14 + ( 0 ) )
                 	__POINTW2MN _0x14,0
000113 940e 0195 	CALL _puts
                 ; 0000 011F 
                 ; 0000 0120 
                 ; 0000 0121 while (1)
                 _0x15:
                 ; 0000 0122       {
                 ; 0000 0123       // Place your code here
                 ; 0000 0124       lcd_putchar(getchar());
000115 df81      	RCALL _getchar
000116 2fae      	MOV  R26,R30
000117 d03b      	RCALL _lcd_putchar
                 ; 0000 0125       }
000118 cffc      	RJMP _0x15
                 ; 0000 0126 }
                 _0x18:
000119 cfff      	RJMP _0x18
                 ; .FEND
                 
                 	.DSEG
                 _0x14:
000160           	.BYTE 0xB
                 	#ifndef __SLEEP_DEFINED__
                 	#endif
                 
                 	.DSEG
                 
                 	.CSEG
                 __lcd_write_nibble_G100:
                 ; .FSTART __lcd_write_nibble_G100
00011a 93aa      	ST   -Y,R26
00011b b3e5      	IN   R30,0x15
00011c 70ef      	ANDI R30,LOW(0xF)
00011d 2fae      	MOV  R26,R30
00011e 81e8      	LD   R30,Y
00011f 7fe0      	ANDI R30,LOW(0xF0)
000120 2bea      	OR   R30,R26
000121 bbe5      	OUT  0x15,R30
                +
000122 e08d     +LDI R24 , LOW ( 13 )
                +__DELAY_USB_LOOP :
000123 958a     +DEC R24
000124 f7f1     +BRNE __DELAY_USB_LOOP
                 	__DELAY_USB 13
000125 9aaa      	SBI  0x15,2
                +
000126 e08d     +LDI R24 , LOW ( 13 )
                +__DELAY_USB_LOOP :
000127 958a     +DEC R24
000128 f7f1     +BRNE __DELAY_USB_LOOP
                 	__DELAY_USB 13
000129 98aa      	CBI  0x15,2
                +
00012a e08d     +LDI R24 , LOW ( 13 )
                +__DELAY_USB_LOOP :
00012b 958a     +DEC R24
00012c f7f1     +BRNE __DELAY_USB_LOOP
                 	__DELAY_USB 13
00012d c065      	RJMP _0x2080001
                 ; .FEND
                 __lcd_write_data:
                 ; .FSTART __lcd_write_data
00012e 93aa      	ST   -Y,R26
00012f 81a8      	LD   R26,Y
000130 dfe9      	RCALL __lcd_write_nibble_G100
000131 81e8          ld    r30,y
000132 95e2          swap  r30
000133 83e8          st    y,r30
000134 81a8      	LD   R26,Y
000135 dfe4      	RCALL __lcd_write_nibble_G100
                +
000136 e885     +LDI R24 , LOW ( 133 )
                +__DELAY_USB_LOOP :
000137 958a     +DEC R24
000138 f7f1     +BRNE __DELAY_USB_LOOP
                 	__DELAY_USB 133
000139 c059      	RJMP _0x2080001
                 ; .FEND
                 _lcd_gotoxy:
                 ; .FSTART _lcd_gotoxy
00013a 93aa      	ST   -Y,R26
00013b 81e8      	LD   R30,Y
00013c e0f0      	LDI  R31,0
00013d 58e5      	SUBI R30,LOW(-__base_y_G100)
00013e 4ffe      	SBCI R31,HIGH(-__base_y_G100)
00013f 81e0      	LD   R30,Z
000140 81a9      	LDD  R26,Y+1
000141 0fae      	ADD  R26,R30
000142 dfeb      	RCALL __lcd_write_data
000143 80b9      	LDD  R11,Y+1
000144 80a8      	LDD  R10,Y+0
000145 9622      	ADIW R28,2
000146 9508      	RET
                 ; .FEND
                 _lcd_clear:
                 ; .FSTART _lcd_clear
000147 e0a2      	LDI  R26,LOW(2)
000148 940e 01aa 	CALL SUBOPT_0x0
00014a e0ac      	LDI  R26,LOW(12)
00014b dfe2      	RCALL __lcd_write_data
00014c e0a1      	LDI  R26,LOW(1)
00014d 940e 01aa 	CALL SUBOPT_0x0
00014f e0e0      	LDI  R30,LOW(0)
000150 2eae      	MOV  R10,R30
000151 2ebe      	MOV  R11,R30
000152 9508      	RET
                 ; .FEND
                 _lcd_putchar:
                 ; .FSTART _lcd_putchar
000153 93aa      	ST   -Y,R26
000154 81a8      	LD   R26,Y
000155 30aa      	CPI  R26,LOW(0xA)
000156 f011      	BREQ _0x2000005
000157 14bd      	CP   R11,R13
000158 f040      	BRLO _0x2000004
                 _0x2000005:
000159 e0e0      	LDI  R30,LOW(0)
00015a 93ea      	ST   -Y,R30
00015b 94a3      	INC  R10
00015c 2daa      	MOV  R26,R10
00015d dfdc      	RCALL _lcd_gotoxy
00015e 81a8      	LD   R26,Y
00015f 30aa      	CPI  R26,LOW(0xA)
000160 f191      	BREQ _0x2080001
                 _0x2000004:
000161 94b3      	INC  R11
000162 9aa8      	SBI  0x15,0
000163 81a8      	LD   R26,Y
000164 dfc9      	RCALL __lcd_write_data
000165 98a8      	CBI  0x15,0
000166 c02c      	RJMP _0x2080001
                 ; .FEND
                 _lcd_init:
                 ; .FSTART _lcd_init
000167 93aa      	ST   -Y,R26
000168 b3e4      	IN   R30,0x14
000169 6fe0      	ORI  R30,LOW(0xF0)
00016a bbe4      	OUT  0x14,R30
00016b 9aa2      	SBI  0x14,2
00016c 9aa0      	SBI  0x14,0
00016d 9aa1      	SBI  0x14,1
00016e 98aa      	CBI  0x15,2
00016f 98a8      	CBI  0x15,0
000170 98a9      	CBI  0x15,1
000171 80d8      	LDD  R13,Y+0
000172 81e8      	LD   R30,Y
000173 58e0      	SUBI R30,-LOW(128)
                +
000174 93e0 017d+STS __base_y_G100 + ( 2 ) , R30
                 	__PUTB1MN __base_y_G100,2
000176 81e8      	LD   R30,Y
000177 54e0      	SUBI R30,-LOW(192)
                +
000178 93e0 017e+STS __base_y_G100 + ( 3 ) , R30
                 	__PUTB1MN __base_y_G100,3
00017a e1a4      	LDI  R26,LOW(20)
00017b e0b0      	LDI  R27,0
00017c 940e 01b8 	CALL _delay_ms
00017e 940e 01b0 	CALL SUBOPT_0x1
000180 940e 01b0 	CALL SUBOPT_0x1
000182 940e 01b0 	CALL SUBOPT_0x1
000184 e2a0      	LDI  R26,LOW(32)
000185 df94      	RCALL __lcd_write_nibble_G100
                +
000186 ec88     +LDI R24 , LOW ( 200 )
000187 e090     +LDI R25 , HIGH ( 200 )
                +__DELAY_USW_LOOP :
000188 9701     +SBIW R24 , 1
000189 f7f1     +BRNE __DELAY_USW_LOOP
                 	__DELAY_USW 200
00018a e2a8      	LDI  R26,LOW(40)
00018b dfa2      	RCALL __lcd_write_data
00018c e0a4      	LDI  R26,LOW(4)
00018d dfa0      	RCALL __lcd_write_data
00018e e8a5      	LDI  R26,LOW(133)
00018f df9e      	RCALL __lcd_write_data
000190 e0a6      	LDI  R26,LOW(6)
000191 df9c      	RCALL __lcd_write_data
000192 dfb4      	RCALL _lcd_clear
                 _0x2080001:
000193 9621      	ADIW R28,1
000194 9508      	RET
                 ; .FEND
                 	#ifndef __SLEEP_DEFINED__
                 	#endif
                 
                 	.CSEG
                 _puts:
                 ; .FSTART _puts
000195 93ba      	ST   -Y,R27
000196 93aa      	ST   -Y,R26
000197 931a      	ST   -Y,R17
                 _0x2020003:
000198 81a9      	LDD  R26,Y+1
000199 81ba      	LDD  R27,Y+1+1
00019a 91ed      	LD   R30,X+
00019b 83a9      	STD  Y+1,R26
00019c 83ba      	STD  Y+1+1,R27
00019d 2f1e      	MOV  R17,R30
00019e 30e0      	CPI  R30,0
00019f f021      	BREQ _0x2020005
0001a0 2fa1      	MOV  R26,R17
0001a1 940e 00c1 	CALL _putchar
0001a3 cff4      	RJMP _0x2020003
                 _0x2020005:
0001a4 e0aa      	LDI  R26,LOW(10)
0001a5 940e 00c1 	CALL _putchar
0001a7 8118      	LDD  R17,Y+0
0001a8 9623      	ADIW R28,3
0001a9 9508      	RET
                 ; .FEND
                 
                 	.CSEG
                 
                 	.CSEG
                 
                 	.DSEG
                 _rx_buffer:
00016b           	.BYTE 0x8
                 _tx_buffer:
000173           	.BYTE 0x8
                 __base_y_G100:
00017b           	.BYTE 0x4
                 
                 	.CSEG
                 ;OPTIMIZER ADDED SUBROUTINE, CALLED 2 TIMES, CODE SIZE REDUCTION:1 WORDS
                 SUBOPT_0x0:
0001aa 940e 012e 	CALL __lcd_write_data
0001ac e0a3      	LDI  R26,LOW(3)
0001ad e0b0      	LDI  R27,0
0001ae 940c 01b8 	JMP  _delay_ms
                 
                 ;OPTIMIZER ADDED SUBROUTINE, CALLED 3 TIMES, CODE SIZE REDUCTION:7 WORDS
                 SUBOPT_0x1:
0001b0 e3a0      	LDI  R26,LOW(48)
0001b1 940e 011a 	CALL __lcd_write_nibble_G100
                +
0001b3 ec88     +LDI R24 , LOW ( 200 )
0001b4 e090     +LDI R25 , HIGH ( 200 )
                +__DELAY_USW_LOOP :
0001b5 9701     +SBIW R24 , 1
0001b6 f7f1     +BRNE __DELAY_USW_LOOP
                 	__DELAY_USW 200
0001b7 9508      	RET
                 
                 
                 	.CSEG
                 _delay_ms:
0001b8 9610      	adiw r26,0
0001b9 f039      	breq __delay_ms1
                 __delay_ms0:
                +
0001ba ed80     +LDI R24 , LOW ( 0x7D0 )
0001bb e097     +LDI R25 , HIGH ( 0x7D0 )
                +__DELAY_USW_LOOP :
0001bc 9701     +SBIW R24 , 1
0001bd f7f1     +BRNE __DELAY_USW_LOOP
                 	__DELAY_USW 0x7D0
0001be 95a8      	wdr
0001bf 9711      	sbiw r26,1
0001c0 f7c9      	brne __delay_ms0
                 __delay_ms1:
0001c1 9508      	ret
                 
                 ;END OF CODE MARKER
                 __END_OF_CODE:


RESOURCE USE INFORMATION
------------------------

Notice:
The register and instruction counts are symbol table hit counts,
and hence implicitly used resources are not counted, eg, the
'lpm' instruction without operands implicitly uses r0 and z,
none of which are counted.

x,y,z are separate entities in the symbol table and are
counted separately from r26..r31 here.

.dseg memory usage only counts static data declared with .byte

ATmega16A register use summary:
r0 :   4 r1 :   1 r2 :   1 r3 :   0 r4 :   4 r5 :   4 r6 :   4 r7 :   5 
r8 :   5 r9 :   4 r10:   4 r11:   4 r12:   0 r13:   2 r14:   0 r15:   0 
r16:   4 r17:  12 r18:   0 r19:   0 r20:   0 r21:   0 r22:   2 r23:   0 
r24:  21 r25:   5 r26:  45 r27:   9 r28:   4 r29:   1 r30: 129 r31:  16 
x  :   4 y  :  47 z  :  12 
Registers used: 26 out of 35 (74.3%)

ATmega16A instruction use summary:
.lds  :   0 .lds.l:   0 .sts  :   0 .sts.l:   0 adc   :   0 add   :   1 
adiw  :   4 and   :   0 andi  :   3 asr   :   0 bclr  :   0 bld   :   1 
brbc  :   0 brbs  :   0 brcc  :   0 brcs  :   0 break :   0 breq  :   8 
brge  :   0 brhc  :   0 brhs  :   0 brid  :   0 brie  :   0 brlo  :   1 
brlt  :   0 brmi  :   0 brne  :  18 brpl  :   0 brsh  :   0 brtc  :   0 
brts  :   0 brvc  :   0 brvs  :   0 bset  :   0 bst   :   0 call  :  12 
cbi   :   5 cbr   :   0 clc   :   0 clh   :   0 cli   :   3 cln   :   0 
clr   :   7 cls   :   0 clt   :   0 clv   :   0 clz   :   0 com   :   0 
cp    :   7 cpc   :   0 cpi   :   3 cpse  :   0 dec   :   7 des   :   0 
eor   :   0 fmul  :   0 fmuls :   0 fmulsu:   0 icall :   0 ijmp  :   0 
in    :   6 inc   :   8 jmp   :  23 ld    :  22 ldd   :   7 ldi   :  63 
lds   :   0 lpm   :   7 lsl   :   0 lsr   :   0 mov   :  13 movw  :   3 
mul   :   0 muls  :   0 mulsu :   0 neg   :   0 nop   :   0 or    :   1 
ori   :   1 out   :  49 pop   :   0 push  :   0 rcall :  15 ret   :   7 
reti  :   1 rjmp  :  11 rol   :   0 ror   :   0 sbc   :   0 sbci  :   5 
sbi   :   5 sbic  :   1 sbis  :   0 sbiw  :   7 sbr   :   0 sbrc  :   0 
sbrs  :   0 sec   :   0 seh   :   0 sei   :   3 sen   :   0 ser   :   0 
ses   :   0 set   :   1 sev   :   0 sez   :   0 sleep :   0 spm   :   0 
st    :  24 std   :   3 sts   :   2 sub   :   0 subi  :   7 swap  :   1 
tst   :   3 wdr   :   1 
Instructions used: 43 out of 116 (37.1%)

ATmega16A memory use summary [bytes]:
Segment   Begin    End      Code   Data   Used    Size   Use%
---------------------------------------------------------------
[.cseg] 0x000000 0x000384    834     66    900   16384   5.5%
[.dseg] 0x000060 0x00017f      0     31     31    1024   3.0%
[.eseg] 0x000000 0x000000      0      0      0     512   0.0%

Assembly complete, 0 errors, 10 warnings
