
AVRASM ver. 2.1.30  D:\project\Codevision AVR\SRF-04\Debug\List\t1.asm Thu Aug 23 13:58:28 2018

D:\project\Codevision AVR\SRF-04\Debug\List\t1.asm(1088): warning: Register r4 already defined by the .DEF directive
D:\project\Codevision AVR\SRF-04\Debug\List\t1.asm(1089): warning: Register r5 already defined by the .DEF directive
D:\project\Codevision AVR\SRF-04\Debug\List\t1.asm(1090): warning: Register r6 already defined by the .DEF directive
D:\project\Codevision AVR\SRF-04\Debug\List\t1.asm(1091): warning: Register r7 already defined by the .DEF directive
D:\project\Codevision AVR\SRF-04\Debug\List\t1.asm(1092): warning: Register r9 already defined by the .DEF directive
D:\project\Codevision AVR\SRF-04\Debug\List\t1.asm(1093): warning: Register r8 already defined by the .DEF directive
D:\project\Codevision AVR\SRF-04\Debug\List\t1.asm(1094): warning: Register r11 already defined by the .DEF directive
                 
                 
                 ;CodeVisionAVR C Compiler V3.12 Advanced
                 ;(C) Copyright 1998-2014 Pavel Haiduc, HP InfoTech s.r.l.
                 ;http://www.hpinfotech.com
                 
                 ;Build configuration    : Debug
                 ;Chip type              : ATmega16A
                 ;Program type           : Application
                 ;Clock frequency        : 8.000000 MHz
                 ;Memory model           : Small
                 ;Optimize for           : Size
                 ;(s)printf features     : int, width
                 ;(s)scanf features      : int, width
                 ;External RAM size      : 0
                 ;Data Stack size        : 256 byte(s)
                 ;Heap size              : 0 byte(s)
                 ;Promote 'char' to 'int': Yes
                 ;'char' is unsigned     : Yes
                 ;8 bit enums            : Yes
                 ;Global 'const' stored in FLASH: Yes
                 ;Enhanced function parameter passing: Yes
                 ;Enhanced core instructions: On
                 ;Automatic register allocation for global variables: On
                 ;Smart register allocation: On
                 
                 	#define _MODEL_SMALL_
                 
                 	#pragma AVRPART ADMIN PART_NAME ATmega16A
                 	#pragma AVRPART MEMORY PROG_FLASH 16384
                 	#pragma AVRPART MEMORY EEPROM 512
                 	#pragma AVRPART MEMORY INT_SRAM SIZE 1024
                 	#pragma AVRPART MEMORY INT_SRAM START_ADDR 0x60
                 
                 	#define CALL_SUPPORTED 1
                 
                 	.LISTMAC
                 	.EQU UDRE=0x5
                 	.EQU RXC=0x7
                 	.EQU USR=0xB
                 	.EQU UDR=0xC
                 	.EQU SPSR=0xE
                 	.EQU SPDR=0xF
                 	.EQU EERE=0x0
                 	.EQU EEWE=0x1
                 	.EQU EEMWE=0x2
                 	.EQU EECR=0x1C
                 	.EQU EEDR=0x1D
                 	.EQU EEARL=0x1E
                 	.EQU EEARH=0x1F
                 	.EQU WDTCR=0x21
                 	.EQU MCUCR=0x35
                 	.EQU GICR=0x3B
                 	.EQU SPL=0x3D
                 	.EQU SPH=0x3E
                 	.EQU SREG=0x3F
                 
                 	.DEF R0X0=R0
                 	.DEF R0X1=R1
                 	.DEF R0X2=R2
                 	.DEF R0X3=R3
                 	.DEF R0X4=R4
                 	.DEF R0X5=R5
                 	.DEF R0X6=R6
                 	.DEF R0X7=R7
                 	.DEF R0X8=R8
                 	.DEF R0X9=R9
                 	.DEF R0XA=R10
                 	.DEF R0XB=R11
                 	.DEF R0XC=R12
                 	.DEF R0XD=R13
                 	.DEF R0XE=R14
                 	.DEF R0XF=R15
                 	.DEF R0X10=R16
                 	.DEF R0X11=R17
                 	.DEF R0X12=R18
                 	.DEF R0X13=R19
                 	.DEF R0X14=R20
                 	.DEF R0X15=R21
                 	.DEF R0X16=R22
                 	.DEF R0X17=R23
                 	.DEF R0X18=R24
                 	.DEF R0X19=R25
                 	.DEF R0X1A=R26
                 	.DEF R0X1B=R27
                 	.DEF R0X1C=R28
                 	.DEF R0X1D=R29
                 	.DEF R0X1E=R30
                 	.DEF R0X1F=R31
                 
                 	.EQU __SRAM_START=0x0060
                 	.EQU __SRAM_END=0x045F
                 	.EQU __DSTACK_SIZE=0x0100
                 	.EQU __HEAP_SIZE=0x0000
                 	.EQU __CLEAR_SRAM_SIZE=__SRAM_END-__SRAM_START+1
                 
                 	.MACRO __CPD1N
                 	CPI  R30,LOW(@0)
                 	LDI  R26,HIGH(@0)
                 	CPC  R31,R26
                 	LDI  R26,BYTE3(@0)
                 	CPC  R22,R26
                 	LDI  R26,BYTE4(@0)
                 	CPC  R23,R26
                 	.ENDM
                 
                 	.MACRO __CPD2N
                 	CPI  R26,LOW(@0)
                 	LDI  R30,HIGH(@0)
                 	CPC  R27,R30
                 	LDI  R30,BYTE3(@0)
                 	CPC  R24,R30
                 	LDI  R30,BYTE4(@0)
                 	CPC  R25,R30
                 	.ENDM
                 
                 	.MACRO __CPWRR
                 	CP   R@0,R@2
                 	CPC  R@1,R@3
                 	.ENDM
                 
                 	.MACRO __CPWRN
                 	CPI  R@0,LOW(@2)
                 	LDI  R30,HIGH(@2)
                 	CPC  R@1,R30
                 	.ENDM
                 
                 	.MACRO __ADDB1MN
                 	SUBI R30,LOW(-@0-(@1))
                 	.ENDM
                 
                 	.MACRO __ADDB2MN
                 	SUBI R26,LOW(-@0-(@1))
                 	.ENDM
                 
                 	.MACRO __ADDW1MN
                 	SUBI R30,LOW(-@0-(@1))
                 	SBCI R31,HIGH(-@0-(@1))
                 	.ENDM
                 
                 	.MACRO __ADDW2MN
                 	SUBI R26,LOW(-@0-(@1))
                 	SBCI R27,HIGH(-@0-(@1))
                 	.ENDM
                 
                 	.MACRO __ADDW1FN
                 	SUBI R30,LOW(-2*@0-(@1))
                 	SBCI R31,HIGH(-2*@0-(@1))
                 	.ENDM
                 
                 	.MACRO __ADDD1FN
                 	SUBI R30,LOW(-2*@0-(@1))
                 	SBCI R31,HIGH(-2*@0-(@1))
                 	SBCI R22,BYTE3(-2*@0-(@1))
                 	.ENDM
                 
                 	.MACRO __ADDD1N
                 	SUBI R30,LOW(-@0)
                 	SBCI R31,HIGH(-@0)
                 	SBCI R22,BYTE3(-@0)
                 	SBCI R23,BYTE4(-@0)
                 	.ENDM
                 
                 	.MACRO __ADDD2N
                 	SUBI R26,LOW(-@0)
                 	SBCI R27,HIGH(-@0)
                 	SBCI R24,BYTE3(-@0)
                 	SBCI R25,BYTE4(-@0)
                 	.ENDM
                 
                 	.MACRO __SUBD1N
                 	SUBI R30,LOW(@0)
                 	SBCI R31,HIGH(@0)
                 	SBCI R22,BYTE3(@0)
                 	SBCI R23,BYTE4(@0)
                 	.ENDM
                 
                 	.MACRO __SUBD2N
                 	SUBI R26,LOW(@0)
                 	SBCI R27,HIGH(@0)
                 	SBCI R24,BYTE3(@0)
                 	SBCI R25,BYTE4(@0)
                 	.ENDM
                 
                 	.MACRO __ANDBMNN
                 	LDS  R30,@0+(@1)
                 	ANDI R30,LOW(@2)
                 	STS  @0+(@1),R30
                 	.ENDM
                 
                 	.MACRO __ANDWMNN
                 	LDS  R30,@0+(@1)
                 	ANDI R30,LOW(@2)
                 	STS  @0+(@1),R30
                 	LDS  R30,@0+(@1)+1
                 	ANDI R30,HIGH(@2)
                 	STS  @0+(@1)+1,R30
                 	.ENDM
                 
                 	.MACRO __ANDD1N
                 	ANDI R30,LOW(@0)
                 	ANDI R31,HIGH(@0)
                 	ANDI R22,BYTE3(@0)
                 	ANDI R23,BYTE4(@0)
                 	.ENDM
                 
                 	.MACRO __ANDD2N
                 	ANDI R26,LOW(@0)
                 	ANDI R27,HIGH(@0)
                 	ANDI R24,BYTE3(@0)
                 	ANDI R25,BYTE4(@0)
                 	.ENDM
                 
                 	.MACRO __ORBMNN
                 	LDS  R30,@0+(@1)
                 	ORI  R30,LOW(@2)
                 	STS  @0+(@1),R30
                 	.ENDM
                 
                 	.MACRO __ORWMNN
                 	LDS  R30,@0+(@1)
                 	ORI  R30,LOW(@2)
                 	STS  @0+(@1),R30
                 	LDS  R30,@0+(@1)+1
                 	ORI  R30,HIGH(@2)
                 	STS  @0+(@1)+1,R30
                 	.ENDM
                 
                 	.MACRO __ORD1N
                 	ORI  R30,LOW(@0)
                 	ORI  R31,HIGH(@0)
                 	ORI  R22,BYTE3(@0)
                 	ORI  R23,BYTE4(@0)
                 	.ENDM
                 
                 	.MACRO __ORD2N
                 	ORI  R26,LOW(@0)
                 	ORI  R27,HIGH(@0)
                 	ORI  R24,BYTE3(@0)
                 	ORI  R25,BYTE4(@0)
                 	.ENDM
                 
                 	.MACRO __DELAY_USB
                 	LDI  R24,LOW(@0)
                 __DELAY_USB_LOOP:
                 	DEC  R24
                 	BRNE __DELAY_USB_LOOP
                 	.ENDM
                 
                 	.MACRO __DELAY_USW
                 	LDI  R24,LOW(@0)
                 	LDI  R25,HIGH(@0)
                 __DELAY_USW_LOOP:
                 	SBIW R24,1
                 	BRNE __DELAY_USW_LOOP
                 	.ENDM
                 
                 	.MACRO __GETD1S
                 	LDD  R30,Y+@0
                 	LDD  R31,Y+@0+1
                 	LDD  R22,Y+@0+2
                 	LDD  R23,Y+@0+3
                 	.ENDM
                 
                 	.MACRO __GETD2S
                 	LDD  R26,Y+@0
                 	LDD  R27,Y+@0+1
                 	LDD  R24,Y+@0+2
                 	LDD  R25,Y+@0+3
                 	.ENDM
                 
                 	.MACRO __PUTD1S
                 	STD  Y+@0,R30
                 	STD  Y+@0+1,R31
                 	STD  Y+@0+2,R22
                 	STD  Y+@0+3,R23
                 	.ENDM
                 
                 	.MACRO __PUTD2S
                 	STD  Y+@0,R26
                 	STD  Y+@0+1,R27
                 	STD  Y+@0+2,R24
                 	STD  Y+@0+3,R25
                 	.ENDM
                 
                 	.MACRO __PUTDZ2
                 	STD  Z+@0,R26
                 	STD  Z+@0+1,R27
                 	STD  Z+@0+2,R24
                 	STD  Z+@0+3,R25
                 	.ENDM
                 
                 	.MACRO __CLRD1S
                 	STD  Y+@0,R30
                 	STD  Y+@0+1,R30
                 	STD  Y+@0+2,R30
                 	STD  Y+@0+3,R30
                 	.ENDM
                 
                 	.MACRO __POINTB1MN
                 	LDI  R30,LOW(@0+(@1))
                 	.ENDM
                 
                 	.MACRO __POINTW1MN
                 	LDI  R30,LOW(@0+(@1))
                 	LDI  R31,HIGH(@0+(@1))
                 	.ENDM
                 
                 	.MACRO __POINTD1M
                 	LDI  R30,LOW(@0)
                 	LDI  R31,HIGH(@0)
                 	LDI  R22,BYTE3(@0)
                 	LDI  R23,BYTE4(@0)
                 	.ENDM
                 
                 	.MACRO __POINTW1FN
                 	LDI  R30,LOW(2*@0+(@1))
                 	LDI  R31,HIGH(2*@0+(@1))
                 	.ENDM
                 
                 	.MACRO __POINTD1FN
                 	LDI  R30,LOW(2*@0+(@1))
                 	LDI  R31,HIGH(2*@0+(@1))
                 	LDI  R22,BYTE3(2*@0+(@1))
                 	LDI  R23,BYTE4(2*@0+(@1))
                 	.ENDM
                 
                 	.MACRO __POINTB2MN
                 	LDI  R26,LOW(@0+(@1))
                 	.ENDM
                 
                 	.MACRO __POINTW2MN
                 	LDI  R26,LOW(@0+(@1))
                 	LDI  R27,HIGH(@0+(@1))
                 	.ENDM
                 
                 	.MACRO __POINTW2FN
                 	LDI  R26,LOW(2*@0+(@1))
                 	LDI  R27,HIGH(2*@0+(@1))
                 	.ENDM
                 
                 	.MACRO __POINTD2FN
                 	LDI  R26,LOW(2*@0+(@1))
                 	LDI  R27,HIGH(2*@0+(@1))
                 	LDI  R24,BYTE3(2*@0+(@1))
                 	LDI  R25,BYTE4(2*@0+(@1))
                 	.ENDM
                 
                 	.MACRO __POINTBRM
                 	LDI  R@0,LOW(@1)
                 	.ENDM
                 
                 	.MACRO __POINTWRM
                 	LDI  R@0,LOW(@2)
                 	LDI  R@1,HIGH(@2)
                 	.ENDM
                 
                 	.MACRO __POINTBRMN
                 	LDI  R@0,LOW(@1+(@2))
                 	.ENDM
                 
                 	.MACRO __POINTWRMN
                 	LDI  R@0,LOW(@2+(@3))
                 	LDI  R@1,HIGH(@2+(@3))
                 	.ENDM
                 
                 	.MACRO __POINTWRFN
                 	LDI  R@0,LOW(@2*2+(@3))
                 	LDI  R@1,HIGH(@2*2+(@3))
                 	.ENDM
                 
                 	.MACRO __GETD1N
                 	LDI  R30,LOW(@0)
                 	LDI  R31,HIGH(@0)
                 	LDI  R22,BYTE3(@0)
                 	LDI  R23,BYTE4(@0)
                 	.ENDM
                 
                 	.MACRO __GETD2N
                 	LDI  R26,LOW(@0)
                 	LDI  R27,HIGH(@0)
                 	LDI  R24,BYTE3(@0)
                 	LDI  R25,BYTE4(@0)
                 	.ENDM
                 
                 	.MACRO __GETB1MN
                 	LDS  R30,@0+(@1)
                 	.ENDM
                 
                 	.MACRO __GETB1HMN
                 	LDS  R31,@0+(@1)
                 	.ENDM
                 
                 	.MACRO __GETW1MN
                 	LDS  R30,@0+(@1)
                 	LDS  R31,@0+(@1)+1
                 	.ENDM
                 
                 	.MACRO __GETD1MN
                 	LDS  R30,@0+(@1)
                 	LDS  R31,@0+(@1)+1
                 	LDS  R22,@0+(@1)+2
                 	LDS  R23,@0+(@1)+3
                 	.ENDM
                 
                 	.MACRO __GETBRMN
                 	LDS  R@0,@1+(@2)
                 	.ENDM
                 
                 	.MACRO __GETWRMN
                 	LDS  R@0,@2+(@3)
                 	LDS  R@1,@2+(@3)+1
                 	.ENDM
                 
                 	.MACRO __GETWRZ
                 	LDD  R@0,Z+@2
                 	LDD  R@1,Z+@2+1
                 	.ENDM
                 
                 	.MACRO __GETD2Z
                 	LDD  R26,Z+@0
                 	LDD  R27,Z+@0+1
                 	LDD  R24,Z+@0+2
                 	LDD  R25,Z+@0+3
                 	.ENDM
                 
                 	.MACRO __GETB2MN
                 	LDS  R26,@0+(@1)
                 	.ENDM
                 
                 	.MACRO __GETW2MN
                 	LDS  R26,@0+(@1)
                 	LDS  R27,@0+(@1)+1
                 	.ENDM
                 
                 	.MACRO __GETD2MN
                 	LDS  R26,@0+(@1)
                 	LDS  R27,@0+(@1)+1
                 	LDS  R24,@0+(@1)+2
                 	LDS  R25,@0+(@1)+3
                 	.ENDM
                 
                 	.MACRO __PUTB1MN
                 	STS  @0+(@1),R30
                 	.ENDM
                 
                 	.MACRO __PUTW1MN
                 	STS  @0+(@1),R30
                 	STS  @0+(@1)+1,R31
                 	.ENDM
                 
                 	.MACRO __PUTD1MN
                 	STS  @0+(@1),R30
                 	STS  @0+(@1)+1,R31
                 	STS  @0+(@1)+2,R22
                 	STS  @0+(@1)+3,R23
                 	.ENDM
                 
                 	.MACRO __PUTB1EN
                 	LDI  R26,LOW(@0+(@1))
                 	LDI  R27,HIGH(@0+(@1))
                 	CALL __EEPROMWRB
                 	.ENDM
                 
                 	.MACRO __PUTW1EN
                 	LDI  R26,LOW(@0+(@1))
                 	LDI  R27,HIGH(@0+(@1))
                 	CALL __EEPROMWRW
                 	.ENDM
                 
                 	.MACRO __PUTD1EN
                 	LDI  R26,LOW(@0+(@1))
                 	LDI  R27,HIGH(@0+(@1))
                 	CALL __EEPROMWRD
                 	.ENDM
                 
                 	.MACRO __PUTBR0MN
                 	STS  @0+(@1),R0
                 	.ENDM
                 
                 	.MACRO __PUTBMRN
                 	STS  @0+(@1),R@2
                 	.ENDM
                 
                 	.MACRO __PUTWMRN
                 	STS  @0+(@1),R@2
                 	STS  @0+(@1)+1,R@3
                 	.ENDM
                 
                 	.MACRO __PUTBZR
                 	STD  Z+@1,R@0
                 	.ENDM
                 
                 	.MACRO __PUTWZR
                 	STD  Z+@2,R@0
                 	STD  Z+@2+1,R@1
                 	.ENDM
                 
                 	.MACRO __GETW1R
                 	MOV  R30,R@0
                 	MOV  R31,R@1
                 	.ENDM
                 
                 	.MACRO __GETW2R
                 	MOV  R26,R@0
                 	MOV  R27,R@1
                 	.ENDM
                 
                 	.MACRO __GETWRN
                 	LDI  R@0,LOW(@2)
                 	LDI  R@1,HIGH(@2)
                 	.ENDM
                 
                 	.MACRO __PUTW1R
                 	MOV  R@0,R30
                 	MOV  R@1,R31
                 	.ENDM
                 
                 	.MACRO __PUTW2R
                 	MOV  R@0,R26
                 	MOV  R@1,R27
                 	.ENDM
                 
                 	.MACRO __ADDWRN
                 	SUBI R@0,LOW(-@2)
                 	SBCI R@1,HIGH(-@2)
                 	.ENDM
                 
                 	.MACRO __ADDWRR
                 	ADD  R@0,R@2
                 	ADC  R@1,R@3
                 	.ENDM
                 
                 	.MACRO __SUBWRN
                 	SUBI R@0,LOW(@2)
                 	SBCI R@1,HIGH(@2)
                 	.ENDM
                 
                 	.MACRO __SUBWRR
                 	SUB  R@0,R@2
                 	SBC  R@1,R@3
                 	.ENDM
                 
                 	.MACRO __ANDWRN
                 	ANDI R@0,LOW(@2)
                 	ANDI R@1,HIGH(@2)
                 	.ENDM
                 
                 	.MACRO __ANDWRR
                 	AND  R@0,R@2
                 	AND  R@1,R@3
                 	.ENDM
                 
                 	.MACRO __ORWRN
                 	ORI  R@0,LOW(@2)
                 	ORI  R@1,HIGH(@2)
                 	.ENDM
                 
                 	.MACRO __ORWRR
                 	OR   R@0,R@2
                 	OR   R@1,R@3
                 	.ENDM
                 
                 	.MACRO __EORWRR
                 	EOR  R@0,R@2
                 	EOR  R@1,R@3
                 	.ENDM
                 
                 	.MACRO __GETWRS
                 	LDD  R@0,Y+@2
                 	LDD  R@1,Y+@2+1
                 	.ENDM
                 
                 	.MACRO __PUTBSR
                 	STD  Y+@1,R@0
                 	.ENDM
                 
                 	.MACRO __PUTWSR
                 	STD  Y+@2,R@0
                 	STD  Y+@2+1,R@1
                 	.ENDM
                 
                 	.MACRO __MOVEWRR
                 	MOV  R@0,R@2
                 	MOV  R@1,R@3
                 	.ENDM
                 
                 	.MACRO __INWR
                 	IN   R@0,@2
                 	IN   R@1,@2+1
                 	.ENDM
                 
                 	.MACRO __OUTWR
                 	OUT  @2+1,R@1
                 	OUT  @2,R@0
                 	.ENDM
                 
                 	.MACRO __CALL1MN
                 	LDS  R30,@0+(@1)
                 	LDS  R31,@0+(@1)+1
                 	ICALL
                 	.ENDM
                 
                 	.MACRO __CALL1FN
                 	LDI  R30,LOW(2*@0+(@1))
                 	LDI  R31,HIGH(2*@0+(@1))
                 	CALL __GETW1PF
                 	ICALL
                 	.ENDM
                 
                 	.MACRO __CALL2EN
                 	PUSH R26
                 	PUSH R27
                 	LDI  R26,LOW(@0+(@1))
                 	LDI  R27,HIGH(@0+(@1))
                 	CALL __EEPROMRDW
                 	POP  R27
                 	POP  R26
                 	ICALL
                 	.ENDM
                 
                 	.MACRO __CALL2EX
                 	SUBI R26,LOW(-@0)
                 	SBCI R27,HIGH(-@0)
                 	CALL __EEPROMRDD
                 	ICALL
                 	.ENDM
                 
                 	.MACRO __GETW1STACK
                 	IN   R30,SPL
                 	IN   R31,SPH
                 	ADIW R30,@0+1
                 	LD   R0,Z+
                 	LD   R31,Z
                 	MOV  R30,R0
                 	.ENDM
                 
                 	.MACRO __GETD1STACK
                 	IN   R30,SPL
                 	IN   R31,SPH
                 	ADIW R30,@0+1
                 	LD   R0,Z+
                 	LD   R1,Z+
                 	LD   R22,Z
                 	MOVW R30,R0
                 	.ENDM
                 
                 	.MACRO __NBST
                 	BST  R@0,@1
                 	IN   R30,SREG
                 	LDI  R31,0x40
                 	EOR  R30,R31
                 	OUT  SREG,R30
                 	.ENDM
                 
                 
                 	.MACRO __PUTB1SN
                 	LDD  R26,Y+@0
                 	LDD  R27,Y+@0+1
                 	SUBI R26,LOW(-@1)
                 	SBCI R27,HIGH(-@1)
                 	ST   X,R30
                 	.ENDM
                 
                 	.MACRO __PUTW1SN
                 	LDD  R26,Y+@0
                 	LDD  R27,Y+@0+1
                 	SUBI R26,LOW(-@1)
                 	SBCI R27,HIGH(-@1)
                 	ST   X+,R30
                 	ST   X,R31
                 	.ENDM
                 
                 	.MACRO __PUTD1SN
                 	LDD  R26,Y+@0
                 	LDD  R27,Y+@0+1
                 	SUBI R26,LOW(-@1)
                 	SBCI R27,HIGH(-@1)
                 	CALL __PUTDP1
                 	.ENDM
                 
                 	.MACRO __PUTB1SNS
                 	LDD  R26,Y+@0
                 	LDD  R27,Y+@0+1
                 	ADIW R26,@1
                 	ST   X,R30
                 	.ENDM
                 
                 	.MACRO __PUTW1SNS
                 	LDD  R26,Y+@0
                 	LDD  R27,Y+@0+1
                 	ADIW R26,@1
                 	ST   X+,R30
                 	ST   X,R31
                 	.ENDM
                 
                 	.MACRO __PUTD1SNS
                 	LDD  R26,Y+@0
                 	LDD  R27,Y+@0+1
                 	ADIW R26,@1
                 	CALL __PUTDP1
                 	.ENDM
                 
                 	.MACRO __PUTB1PMN
                 	LDS  R26,@0
                 	LDS  R27,@0+1
                 	SUBI R26,LOW(-@1)
                 	SBCI R27,HIGH(-@1)
                 	ST   X,R30
                 	.ENDM
                 
                 	.MACRO __PUTW1PMN
                 	LDS  R26,@0
                 	LDS  R27,@0+1
                 	SUBI R26,LOW(-@1)
                 	SBCI R27,HIGH(-@1)
                 	ST   X+,R30
                 	ST   X,R31
                 	.ENDM
                 
                 	.MACRO __PUTD1PMN
                 	LDS  R26,@0
                 	LDS  R27,@0+1
                 	SUBI R26,LOW(-@1)
                 	SBCI R27,HIGH(-@1)
                 	CALL __PUTDP1
                 	.ENDM
                 
                 	.MACRO __PUTB1PMNS
                 	LDS  R26,@0
                 	LDS  R27,@0+1
                 	ADIW R26,@1
                 	ST   X,R30
                 	.ENDM
                 
                 	.MACRO __PUTW1PMNS
                 	LDS  R26,@0
                 	LDS  R27,@0+1
                 	ADIW R26,@1
                 	ST   X+,R30
                 	ST   X,R31
                 	.ENDM
                 
                 	.MACRO __PUTD1PMNS
                 	LDS  R26,@0
                 	LDS  R27,@0+1
                 	ADIW R26,@1
                 	CALL __PUTDP1
                 	.ENDM
                 
                 	.MACRO __PUTB1RN
                 	MOVW R26,R@0
                 	SUBI R26,LOW(-@1)
                 	SBCI R27,HIGH(-@1)
                 	ST   X,R30
                 	.ENDM
                 
                 	.MACRO __PUTW1RN
                 	MOVW R26,R@0
                 	SUBI R26,LOW(-@1)
                 	SBCI R27,HIGH(-@1)
                 	ST   X+,R30
                 	ST   X,R31
                 	.ENDM
                 
                 	.MACRO __PUTD1RN
                 	MOVW R26,R@0
                 	SUBI R26,LOW(-@1)
                 	SBCI R27,HIGH(-@1)
                 	CALL __PUTDP1
                 	.ENDM
                 
                 	.MACRO __PUTB1RNS
                 	MOVW R26,R@0
                 	ADIW R26,@1
                 	ST   X,R30
                 	.ENDM
                 
                 	.MACRO __PUTW1RNS
                 	MOVW R26,R@0
                 	ADIW R26,@1
                 	ST   X+,R30
                 	ST   X,R31
                 	.ENDM
                 
                 	.MACRO __PUTD1RNS
                 	MOVW R26,R@0
                 	ADIW R26,@1
                 	CALL __PUTDP1
                 	.ENDM
                 
                 	.MACRO __PUTB1RON
                 	MOV  R26,R@0
                 	MOV  R27,R@1
                 	SUBI R26,LOW(-@2)
                 	SBCI R27,HIGH(-@2)
                 	ST   X,R30
                 	.ENDM
                 
                 	.MACRO __PUTW1RON
                 	MOV  R26,R@0
                 	MOV  R27,R@1
                 	SUBI R26,LOW(-@2)
                 	SBCI R27,HIGH(-@2)
                 	ST   X+,R30
                 	ST   X,R31
                 	.ENDM
                 
                 	.MACRO __PUTD1RON
                 	MOV  R26,R@0
                 	MOV  R27,R@1
                 	SUBI R26,LOW(-@2)
                 	SBCI R27,HIGH(-@2)
                 	CALL __PUTDP1
                 	.ENDM
                 
                 	.MACRO __PUTB1RONS
                 	MOV  R26,R@0
                 	MOV  R27,R@1
                 	ADIW R26,@2
                 	ST   X,R30
                 	.ENDM
                 
                 	.MACRO __PUTW1RONS
                 	MOV  R26,R@0
                 	MOV  R27,R@1
                 	ADIW R26,@2
                 	ST   X+,R30
                 	ST   X,R31
                 	.ENDM
                 
                 	.MACRO __PUTD1RONS
                 	MOV  R26,R@0
                 	MOV  R27,R@1
                 	ADIW R26,@2
                 	CALL __PUTDP1
                 	.ENDM
                 
                 
                 	.MACRO __GETB1SX
                 	MOVW R30,R28
                 	SUBI R30,LOW(-@0)
                 	SBCI R31,HIGH(-@0)
                 	LD   R30,Z
                 	.ENDM
                 
                 	.MACRO __GETB1HSX
                 	MOVW R30,R28
                 	SUBI R30,LOW(-@0)
                 	SBCI R31,HIGH(-@0)
                 	LD   R31,Z
                 	.ENDM
                 
                 	.MACRO __GETW1SX
                 	MOVW R30,R28
                 	SUBI R30,LOW(-@0)
                 	SBCI R31,HIGH(-@0)
                 	LD   R0,Z+
                 	LD   R31,Z
                 	MOV  R30,R0
                 	.ENDM
                 
                 	.MACRO __GETD1SX
                 	MOVW R30,R28
                 	SUBI R30,LOW(-@0)
                 	SBCI R31,HIGH(-@0)
                 	LD   R0,Z+
                 	LD   R1,Z+
                 	LD   R22,Z+
                 	LD   R23,Z
                 	MOVW R30,R0
                 	.ENDM
                 
                 	.MACRO __GETB2SX
                 	MOVW R26,R28
                 	SUBI R26,LOW(-@0)
                 	SBCI R27,HIGH(-@0)
                 	LD   R26,X
                 	.ENDM
                 
                 	.MACRO __GETW2SX
                 	MOVW R26,R28
                 	SUBI R26,LOW(-@0)
                 	SBCI R27,HIGH(-@0)
                 	LD   R0,X+
                 	LD   R27,X
                 	MOV  R26,R0
                 	.ENDM
                 
                 	.MACRO __GETD2SX
                 	MOVW R26,R28
                 	SUBI R26,LOW(-@0)
                 	SBCI R27,HIGH(-@0)
                 	LD   R0,X+
                 	LD   R1,X+
                 	LD   R24,X+
                 	LD   R25,X
                 	MOVW R26,R0
                 	.ENDM
                 
                 	.MACRO __GETBRSX
                 	MOVW R30,R28
                 	SUBI R30,LOW(-@1)
                 	SBCI R31,HIGH(-@1)
                 	LD   R@0,Z
                 	.ENDM
                 
                 	.MACRO __GETWRSX
                 	MOVW R30,R28
                 	SUBI R30,LOW(-@2)
                 	SBCI R31,HIGH(-@2)
                 	LD   R@0,Z+
                 	LD   R@1,Z
                 	.ENDM
                 
                 	.MACRO __GETBRSX2
                 	MOVW R26,R28
                 	SUBI R26,LOW(-@1)
                 	SBCI R27,HIGH(-@1)
                 	LD   R@0,X
                 	.ENDM
                 
                 	.MACRO __GETWRSX2
                 	MOVW R26,R28
                 	SUBI R26,LOW(-@2)
                 	SBCI R27,HIGH(-@2)
                 	LD   R@0,X+
                 	LD   R@1,X
                 	.ENDM
                 
                 	.MACRO __LSLW8SX
                 	MOVW R30,R28
                 	SUBI R30,LOW(-@0)
                 	SBCI R31,HIGH(-@0)
                 	LD   R31,Z
                 	CLR  R30
                 	.ENDM
                 
                 	.MACRO __PUTB1SX
                 	MOVW R26,R28
                 	SUBI R26,LOW(-@0)
                 	SBCI R27,HIGH(-@0)
                 	ST   X,R30
                 	.ENDM
                 
                 	.MACRO __PUTW1SX
                 	MOVW R26,R28
                 	SUBI R26,LOW(-@0)
                 	SBCI R27,HIGH(-@0)
                 	ST   X+,R30
                 	ST   X,R31
                 	.ENDM
                 
                 	.MACRO __PUTD1SX
                 	MOVW R26,R28
                 	SUBI R26,LOW(-@0)
                 	SBCI R27,HIGH(-@0)
                 	ST   X+,R30
                 	ST   X+,R31
                 	ST   X+,R22
                 	ST   X,R23
                 	.ENDM
                 
                 	.MACRO __CLRW1SX
                 	MOVW R26,R28
                 	SUBI R26,LOW(-@0)
                 	SBCI R27,HIGH(-@0)
                 	ST   X+,R30
                 	ST   X,R30
                 	.ENDM
                 
                 	.MACRO __CLRD1SX
                 	MOVW R26,R28
                 	SUBI R26,LOW(-@0)
                 	SBCI R27,HIGH(-@0)
                 	ST   X+,R30
                 	ST   X+,R30
                 	ST   X+,R30
                 	ST   X,R30
                 	.ENDM
                 
                 	.MACRO __PUTB2SX
                 	MOVW R30,R28
                 	SUBI R30,LOW(-@0)
                 	SBCI R31,HIGH(-@0)
                 	ST   Z,R26
                 	.ENDM
                 
                 	.MACRO __PUTW2SX
                 	MOVW R30,R28
                 	SUBI R30,LOW(-@0)
                 	SBCI R31,HIGH(-@0)
                 	ST   Z+,R26
                 	ST   Z,R27
                 	.ENDM
                 
                 	.MACRO __PUTD2SX
                 	MOVW R30,R28
                 	SUBI R30,LOW(-@0)
                 	SBCI R31,HIGH(-@0)
                 	ST   Z+,R26
                 	ST   Z+,R27
                 	ST   Z+,R24
                 	ST   Z,R25
                 	.ENDM
                 
                 	.MACRO __PUTBSRX
                 	MOVW R30,R28
                 	SUBI R30,LOW(-@1)
                 	SBCI R31,HIGH(-@1)
                 	ST   Z,R@0
                 	.ENDM
                 
                 	.MACRO __PUTWSRX
                 	MOVW R30,R28
                 	SUBI R30,LOW(-@2)
                 	SBCI R31,HIGH(-@2)
                 	ST   Z+,R@0
                 	ST   Z,R@1
                 	.ENDM
                 
                 	.MACRO __PUTB1SNX
                 	MOVW R26,R28
                 	SUBI R26,LOW(-@0)
                 	SBCI R27,HIGH(-@0)
                 	LD   R0,X+
                 	LD   R27,X
                 	MOV  R26,R0
                 	SUBI R26,LOW(-@1)
                 	SBCI R27,HIGH(-@1)
                 	ST   X,R30
                 	.ENDM
                 
                 	.MACRO __PUTW1SNX
                 	MOVW R26,R28
                 	SUBI R26,LOW(-@0)
                 	SBCI R27,HIGH(-@0)
                 	LD   R0,X+
                 	LD   R27,X
                 	MOV  R26,R0
                 	SUBI R26,LOW(-@1)
                 	SBCI R27,HIGH(-@1)
                 	ST   X+,R30
                 	ST   X,R31
                 	.ENDM
                 
                 	.MACRO __PUTD1SNX
                 	MOVW R26,R28
                 	SUBI R26,LOW(-@0)
                 	SBCI R27,HIGH(-@0)
                 	LD   R0,X+
                 	LD   R27,X
                 	MOV  R26,R0
                 	SUBI R26,LOW(-@1)
                 	SBCI R27,HIGH(-@1)
                 	ST   X+,R30
                 	ST   X+,R31
                 	ST   X+,R22
                 	ST   X,R23
                 	.ENDM
                 
                 	.MACRO __MULBRR
                 	MULS R@0,R@1
                 	MOVW R30,R0
                 	.ENDM
                 
                 	.MACRO __MULBRRU
                 	MUL  R@0,R@1
                 	MOVW R30,R0
                 	.ENDM
                 
                 	.MACRO __MULBRR0
                 	MULS R@0,R@1
                 	.ENDM
                 
                 	.MACRO __MULBRRU0
                 	MUL  R@0,R@1
                 	.ENDM
                 
                 	.MACRO __MULBNWRU
                 	LDI  R26,@2
                 	MUL  R26,R@0
                 	MOVW R30,R0
                 	MUL  R26,R@1
                 	ADD  R31,R0
                 	.ENDM
                 
                 ;NAME DEFINITIONS FOR GLOBAL VARIABLES ALLOCATED TO REGISTERS
                 	.DEF _s=R4
                 	.DEF _s_msb=R5
                 	.DEF _cnt=R6
                 	.DEF _cnt_msb=R7
                 	.DEF __lcd_x=R9
                 	.DEF __lcd_y=R8
                 	.DEF __lcd_maxx=R11
                 
                 	.CSEG
                 	.ORG 0x00
                 
                 ;START OF CODE MARKER
                 __START_OF_CODE:
                 
                 ;INTERRUPT VECTORS
000000 940c 002f 	JMP  __RESET
000002 940c 0000 	JMP  0x00
000004 940c 0000 	JMP  0x00
000006 940c 0000 	JMP  0x00
000008 940c 0000 	JMP  0x00
00000a 940c 0000 	JMP  0x00
00000c 940c 0000 	JMP  0x00
00000e 940c 0000 	JMP  0x00
000010 940c 0000 	JMP  0x00
000012 940c 0000 	JMP  0x00
000014 940c 0000 	JMP  0x00
000016 940c 0000 	JMP  0x00
000018 940c 0000 	JMP  0x00
00001a 940c 0000 	JMP  0x00
00001c 940c 0000 	JMP  0x00
00001e 940c 0000 	JMP  0x00
000020 940c 0000 	JMP  0x00
000022 940c 0000 	JMP  0x00
000024 940c 0000 	JMP  0x00
000026 940c 0000 	JMP  0x00
000028 940c 0000 	JMP  0x00
                 
                 _0x2000003:
00002a c080      	.DB  0x80,0xC0
                 
                 __GLOBAL_INI_TBL:
00002b 0002      	.DW  0x02
00002c 0160      	.DW  __base_y_G100
00002d 0054      	.DW  _0x2000003*2
                 
                 _0xFFFFFFFF:
00002e 0000      	.DW  0
                 
                 #define __GLOBAL_INI_TBL_PRESENT 1
                 
                 __RESET:
00002f 94f8      	CLI
000030 27ee      	CLR  R30
000031 bbec      	OUT  EECR,R30
                 
                 ;INTERRUPT VECTORS ARE PLACED
                 ;AT THE START OF FLASH
000032 e0f1      	LDI  R31,1
000033 bffb      	OUT  GICR,R31
000034 bfeb      	OUT  GICR,R30
000035 bfe5      	OUT  MCUCR,R30
                 
                 ;CLEAR R2-R14
000036 e08d      	LDI  R24,(14-2)+1
000037 e0a2      	LDI  R26,2
000038 27bb      	CLR  R27
                 __CLEAR_REG:
000039 93ed      	ST   X+,R30
00003a 958a      	DEC  R24
00003b f7e9      	BRNE __CLEAR_REG
                 
                 ;CLEAR SRAM
00003c e080      	LDI  R24,LOW(__CLEAR_SRAM_SIZE)
00003d e094      	LDI  R25,HIGH(__CLEAR_SRAM_SIZE)
00003e e6a0      	LDI  R26,__SRAM_START
                 __CLEAR_SRAM:
00003f 93ed      	ST   X+,R30
000040 9701      	SBIW R24,1
000041 f7e9      	BRNE __CLEAR_SRAM
                 
                 ;GLOBAL VARIABLES INITIALIZATION
000042 e5e6      	LDI  R30,LOW(__GLOBAL_INI_TBL*2)
000043 e0f0      	LDI  R31,HIGH(__GLOBAL_INI_TBL*2)
                 __GLOBAL_INI_NEXT:
000044 9185      	LPM  R24,Z+
000045 9195      	LPM  R25,Z+
000046 9700      	SBIW R24,0
000047 f061      	BREQ __GLOBAL_INI_END
000048 91a5      	LPM  R26,Z+
000049 91b5      	LPM  R27,Z+
00004a 9005      	LPM  R0,Z+
00004b 9015      	LPM  R1,Z+
00004c 01bf      	MOVW R22,R30
00004d 01f0      	MOVW R30,R0
                 __GLOBAL_INI_LOOP:
00004e 9005      	LPM  R0,Z+
00004f 920d      	ST   X+,R0
000050 9701      	SBIW R24,1
000051 f7e1      	BRNE __GLOBAL_INI_LOOP
000052 01fb      	MOVW R30,R22
000053 cff0      	RJMP __GLOBAL_INI_NEXT
                 __GLOBAL_INI_END:
                 
                 ;HARDWARE STACK POINTER INITIALIZATION
000054 e5ef      	LDI  R30,LOW(__SRAM_END-__HEAP_SIZE)
000055 bfed      	OUT  SPL,R30
000056 e0e4      	LDI  R30,HIGH(__SRAM_END-__HEAP_SIZE)
000057 bfee      	OUT  SPH,R30
                 
                 ;DATA STACK POINTER INITIALIZATION
000058 e6c0      	LDI  R28,LOW(__SRAM_START+__DSTACK_SIZE)
000059 e0d1      	LDI  R29,HIGH(__SRAM_START+__DSTACK_SIZE)
                 
00005a 940c 005c 	JMP  _main
                 
                 	.ESEG
                 	.ORG 0
                 
                 	.DSEG
                 	.ORG 0x160
                 
                 	.CSEG
                 ;/*******************************************************
                 ;This program was created by the
                 ;CodeWizardAVR V3.12 Advanced
                 ;Automatic Program Generator
                 ;© Copyright 1998-2014 Pavel Haiduc, HP InfoTech s.r.l.
                 ;http://www.hpinfotech.com
                 ;
                 ;Project :
                 ;Version :
                 ;Date    : 8/23/2018
                 ;Author  :
                 ;Company :
                 ;Comments:
                 ;
                 ;
                 ;Chip type               : ATmega16A
                 ;Program type            : Application
                 ;AVR Core Clock frequency: 8.000000 MHz
                 ;Memory model            : Small
                 ;External RAM size       : 0
                 ;Data Stack size         : 256
                 ;*******************************************************/
                 ;
                 ;#include <mega16a.h>
                 	#ifndef __SLEEP_DEFINED__
                 	#define __SLEEP_DEFINED__
                 	.EQU __se_bit=0x40
                 	.EQU __sm_mask=0xB0
                 	.EQU __sm_powerdown=0x20
                 	.EQU __sm_powersave=0x30
                 	.EQU __sm_standby=0xA0
                 	.EQU __sm_ext_standby=0xB0
                 	.EQU __sm_adc_noise_red=0x10
                 	.SET power_ctrl_reg=mcucr
                 	#endif
                 ;#include <delay.h>
                 ;
                 ;// Alphanumeric LCD functions
                 ;#include <alcd.h>
                 ;
                 ;// Declare your global variables here
                 ;int s,cnt;
                 ;void main(void)
                 ; 0000 0021 {
                 
                 	.CSEG
                 _main:
                 ; .FSTART _main
                 ; 0000 0022 // Declare your local variables here
                 ; 0000 0023 
                 ; 0000 0024 // Input/Output Ports initialization
                 ; 0000 0025 // Port A initialization
                 ; 0000 0026 // Function: Bit7=In Bit6=In Bit5=In Bit4=In Bit3=In Bit2=In Bit1=In Bit0=Out
                 ; 0000 0027 DDRA=(0<<DDA7) | (0<<DDA6) | (0<<DDA5) | (0<<DDA4) | (0<<DDA3) | (0<<DDA2) | (0<<DDA1) | (1<<DDA0);
00005c e0e1      	LDI  R30,LOW(1)
00005d bbea      	OUT  0x1A,R30
                 ; 0000 0028 // State: Bit7=T Bit6=T Bit5=T Bit4=T Bit3=T Bit2=T Bit1=T Bit0=0
                 ; 0000 0029 PORTA=(0<<PORTA7) | (0<<PORTA6) | (0<<PORTA5) | (0<<PORTA4) | (0<<PORTA3) | (0<<PORTA2) | (0<<PORTA1) | (0<<PORTA0);
00005e e0e0      	LDI  R30,LOW(0)
00005f bbeb      	OUT  0x1B,R30
                 ; 0000 002A 
                 ; 0000 002B // Port B initialization
                 ; 0000 002C // Function: Bit7=In Bit6=In Bit5=In Bit4=In Bit3=In Bit2=In Bit1=In Bit0=In
                 ; 0000 002D DDRB=(0<<DDB7) | (0<<DDB6) | (0<<DDB5) | (0<<DDB4) | (0<<DDB3) | (0<<DDB2) | (0<<DDB1) | (0<<DDB0);
000060 bbe7      	OUT  0x17,R30
                 ; 0000 002E // State: Bit7=T Bit6=T Bit5=T Bit4=T Bit3=T Bit2=T Bit1=T Bit0=T
                 ; 0000 002F PORTB=(0<<PORTB7) | (0<<PORTB6) | (0<<PORTB5) | (0<<PORTB4) | (0<<PORTB3) | (0<<PORTB2) | (0<<PORTB1) | (0<<PORTB0);
000061 bbe8      	OUT  0x18,R30
                 ; 0000 0030 
                 ; 0000 0031 // Port C initialization
                 ; 0000 0032 // Function: Bit7=In Bit6=In Bit5=In Bit4=In Bit3=In Bit2=In Bit1=In Bit0=In
                 ; 0000 0033 DDRC=(0<<DDC7) | (0<<DDC6) | (0<<DDC5) | (0<<DDC4) | (0<<DDC3) | (0<<DDC2) | (0<<DDC1) | (0<<DDC0);
000062 bbe4      	OUT  0x14,R30
                 ; 0000 0034 // State: Bit7=T Bit6=T Bit5=T Bit4=T Bit3=T Bit2=T Bit1=T Bit0=T
                 ; 0000 0035 PORTC=(0<<PORTC7) | (0<<PORTC6) | (0<<PORTC5) | (0<<PORTC4) | (0<<PORTC3) | (0<<PORTC2) | (0<<PORTC1) | (0<<PORTC0);
000063 bbe5      	OUT  0x15,R30
                 ; 0000 0036 
                 ; 0000 0037 // Port D initialization
                 ; 0000 0038 // Function: Bit7=In Bit6=In Bit5=In Bit4=In Bit3=In Bit2=In Bit1=In Bit0=In
                 ; 0000 0039 DDRD=(0<<DDD7) | (0<<DDD6) | (0<<DDD5) | (0<<DDD4) | (0<<DDD3) | (0<<DDD2) | (0<<DDD1) | (0<<DDD0);
000064 bbe1      	OUT  0x11,R30
                 ; 0000 003A // State: Bit7=T Bit6=T Bit5=T Bit4=T Bit3=T Bit2=T Bit1=T Bit0=T
                 ; 0000 003B PORTD=(0<<PORTD7) | (0<<PORTD6) | (0<<PORTD5) | (0<<PORTD4) | (0<<PORTD3) | (0<<PORTD2) | (0<<PORTD1) | (0<<PORTD0);
000065 bbe2      	OUT  0x12,R30
                 ; 0000 003C 
                 ; 0000 003D // Timer/Counter 0 initialization
                 ; 0000 003E // Clock source: System Clock
                 ; 0000 003F // Clock value: Timer 0 Stopped
                 ; 0000 0040 // Mode: Normal top=0xFF
                 ; 0000 0041 // OC0 output: Disconnected
                 ; 0000 0042 TCCR0=(0<<WGM00) | (0<<COM01) | (0<<COM00) | (0<<WGM01) | (0<<CS02) | (0<<CS01) | (0<<CS00);
000066 bfe3      	OUT  0x33,R30
                 ; 0000 0043 TCNT0=0x00;
000067 bfe2      	OUT  0x32,R30
                 ; 0000 0044 OCR0=0x00;
000068 bfec      	OUT  0x3C,R30
                 ; 0000 0045 
                 ; 0000 0046 // Timer/Counter 1 initialization
                 ; 0000 0047 // Clock source: System Clock
                 ; 0000 0048 // Clock value: Timer1 Stopped
                 ; 0000 0049 // Mode: Normal top=0xFFFF
                 ; 0000 004A // OC1A output: Disconnected
                 ; 0000 004B // OC1B output: Disconnected
                 ; 0000 004C // Noise Canceler: Off
                 ; 0000 004D // Input Capture on Falling Edge
                 ; 0000 004E // Timer1 Overflow Interrupt: Off
                 ; 0000 004F // Input Capture Interrupt: Off
                 ; 0000 0050 // Compare A Match Interrupt: Off
                 ; 0000 0051 // Compare B Match Interrupt: Off
                 ; 0000 0052 TCCR1A=(0<<COM1A1) | (0<<COM1A0) | (0<<COM1B1) | (0<<COM1B0) | (0<<WGM11) | (0<<WGM10);
000069 bdef      	OUT  0x2F,R30
                 ; 0000 0053 TCCR1B=(0<<ICNC1) | (0<<ICES1) | (0<<WGM13) | (0<<WGM12) | (0<<CS12) | (0<<CS11) | (0<<CS10);
00006a bdee      	OUT  0x2E,R30
                 ; 0000 0054 TCNT1H=0x00;
00006b bded      	OUT  0x2D,R30
                 ; 0000 0055 TCNT1L=0x00;
00006c bdec      	OUT  0x2C,R30
                 ; 0000 0056 ICR1H=0x00;
00006d bde7      	OUT  0x27,R30
                 ; 0000 0057 ICR1L=0x00;
00006e bde6      	OUT  0x26,R30
                 ; 0000 0058 OCR1AH=0x00;
00006f bdeb      	OUT  0x2B,R30
                 ; 0000 0059 OCR1AL=0x00;
000070 bdea      	OUT  0x2A,R30
                 ; 0000 005A OCR1BH=0x00;
000071 bde9      	OUT  0x29,R30
                 ; 0000 005B OCR1BL=0x00;
000072 bde8      	OUT  0x28,R30
                 ; 0000 005C 
                 ; 0000 005D // Timer/Counter 2 initialization
                 ; 0000 005E // Clock source: System Clock
                 ; 0000 005F // Clock value: Timer2 Stopped
                 ; 0000 0060 // Mode: Normal top=0xFF
                 ; 0000 0061 // OC2 output: Disconnected
                 ; 0000 0062 ASSR=0<<AS2;
000073 bde2      	OUT  0x22,R30
                 ; 0000 0063 TCCR2=(0<<PWM2) | (0<<COM21) | (0<<COM20) | (0<<CTC2) | (0<<CS22) | (0<<CS21) | (0<<CS20);
000074 bde5      	OUT  0x25,R30
                 ; 0000 0064 TCNT2=0x00;
000075 bde4      	OUT  0x24,R30
                 ; 0000 0065 OCR2=0x00;
000076 bde3      	OUT  0x23,R30
                 ; 0000 0066 
                 ; 0000 0067 // Timer(s)/Counter(s) Interrupt(s) initialization
                 ; 0000 0068 TIMSK=(0<<OCIE2) | (0<<TOIE2) | (0<<TICIE1) | (0<<OCIE1A) | (0<<OCIE1B) | (0<<TOIE1) | (0<<OCIE0) | (0<<TOIE0);
000077 bfe9      	OUT  0x39,R30
                 ; 0000 0069 
                 ; 0000 006A // External Interrupt(s) initialization
                 ; 0000 006B // INT0: Off
                 ; 0000 006C // INT1: Off
                 ; 0000 006D // INT2: Off
                 ; 0000 006E MCUCR=(0<<ISC11) | (0<<ISC10) | (0<<ISC01) | (0<<ISC00);
000078 bfe5      	OUT  0x35,R30
                 ; 0000 006F MCUCSR=(0<<ISC2);
000079 bfe4      	OUT  0x34,R30
                 ; 0000 0070 
                 ; 0000 0071 // USART initialization
                 ; 0000 0072 // USART disabled
                 ; 0000 0073 UCSRB=(0<<RXCIE) | (0<<TXCIE) | (0<<UDRIE) | (0<<RXEN) | (0<<TXEN) | (0<<UCSZ2) | (0<<RXB8) | (0<<TXB8);
00007a b9ea      	OUT  0xA,R30
                 ; 0000 0074 
                 ; 0000 0075 // Analog Comparator initialization
                 ; 0000 0076 // Analog Comparator: Off
                 ; 0000 0077 // The Analog Comparator's positive input is
                 ; 0000 0078 // connected to the AIN0 pin
                 ; 0000 0079 // The Analog Comparator's negative input is
                 ; 0000 007A // connected to the AIN1 pin
                 ; 0000 007B ACSR=(1<<ACD) | (0<<ACBG) | (0<<ACO) | (0<<ACI) | (0<<ACIE) | (0<<ACIC) | (0<<ACIS1) | (0<<ACIS0);
00007b e8e0      	LDI  R30,LOW(128)
00007c b9e8      	OUT  0x8,R30
                 ; 0000 007C SFIOR=(0<<ACME);
00007d e0e0      	LDI  R30,LOW(0)
00007e bfe0      	OUT  0x30,R30
                 ; 0000 007D 
                 ; 0000 007E // ADC initialization
                 ; 0000 007F // ADC disabled
                 ; 0000 0080 ADCSRA=(0<<ADEN) | (0<<ADSC) | (0<<ADATE) | (0<<ADIF) | (0<<ADIE) | (0<<ADPS2) | (0<<ADPS1) | (0<<ADPS0);
00007f b9e6      	OUT  0x6,R30
                 ; 0000 0081 
                 ; 0000 0082 // SPI initialization
                 ; 0000 0083 // SPI disabled
                 ; 0000 0084 SPCR=(0<<SPIE) | (0<<SPE) | (0<<DORD) | (0<<MSTR) | (0<<CPOL) | (0<<CPHA) | (0<<SPR1) | (0<<SPR0);
000080 b9ed      	OUT  0xD,R30
                 ; 0000 0085 
                 ; 0000 0086 // TWI initialization
                 ; 0000 0087 // TWI disabled
                 ; 0000 0088 TWCR=(0<<TWEA) | (0<<TWSTA) | (0<<TWSTO) | (0<<TWEN) | (0<<TWIE);
000081 bfe6      	OUT  0x36,R30
                 ; 0000 0089 
                 ; 0000 008A // Alphanumeric LCD initialization
                 ; 0000 008B // Connections are specified in the
                 ; 0000 008C // Project|Configure|C Compiler|Libraries|Alphanumeric LCD menu:
                 ; 0000 008D // RS - PORTC Bit 0
                 ; 0000 008E // RD - PORTC Bit 1
                 ; 0000 008F // EN - PORTC Bit 2
                 ; 0000 0090 // D4 - PORTC Bit 4
                 ; 0000 0091 // D5 - PORTC Bit 5
                 ; 0000 0092 // D6 - PORTC Bit 6
                 ; 0000 0093 // D7 - PORTC Bit 7
                 ; 0000 0094 // Characters/line: 16
                 ; 0000 0095 lcd_init(16);
000082 e1a0      	LDI  R26,LOW(16)
000083 d07c      	RCALL _lcd_init
                 ; 0000 0096 
                 ; 0000 0097 while (1)
                 _0x3:
                 ; 0000 0098     {
                 ; 0000 0099     PORTA.0 = 1;	//trigger -> 1
000084 9ad8      	SBI  0x1B,0
                 ; 0000 009A     delay_us(10);
                +
000085 e18b     +LDI R24 , LOW ( 27 )
                +__DELAY_USB_LOOP :
000086 958a     +DEC R24
000087 f7f1     +BRNE __DELAY_USB_LOOP
                 	__DELAY_USB 27
                 ; 0000 009B     PORTA.0 = 0;	//trigger -> 0
000088 98d8      	CBI  0x1B,0
                 ; 0000 009C     cnt = 0;
000089 2466      	CLR  R6
00008a 2477      	CLR  R7
                 ; 0000 009D 
                 ; 0000 009E     while(PINA.1 == 0);
                 _0xA:
00008b 9bc9      	SBIS 0x19,1
00008c cffe      	RJMP _0xA
                 ; 0000 009F     while(PINA.1 == 1)   cnt++;
                 _0xD:
00008d 9bc9      	SBIS 0x19,1
00008e c005      	RJMP _0xF
00008f 01f3      	MOVW R30,R6
000090 9631      	ADIW R30,1
000091 013f      	MOVW R6,R30
000092 9731      	SBIW R30,1
000093 cff9      	RJMP _0xD
                 _0xF:
                 ; 0000 00A0 s = cnt/44;
000094 01d3      	MOVW R26,R6
000095 e2ec      	LDI  R30,LOW(44)
000096 e0f0      	LDI  R31,HIGH(44)
000097 940e 0164 	CALL __DIVW21
000099 012f      	MOVW R4,R30
                 ; 0000 00A1     lcd_gotoxy(0,0);
00009a e0e0      	LDI  R30,LOW(0)
00009b 93ea      	ST   -Y,R30
00009c e0a0      	LDI  R26,LOW(0)
00009d d037      	RCALL _lcd_gotoxy
                 ; 0000 00A2     lcd_putchar((s/1000)%10+'0');
00009e 01d2      	MOVW R26,R4
00009f eee8      	LDI  R30,LOW(1000)
0000a0 e0f3      	LDI  R31,HIGH(1000)
0000a1 d089      	RCALL SUBOPT_0x0
                 ; 0000 00A3     lcd_putchar((s/100)%10+'0');
0000a2 e6e4      	LDI  R30,LOW(100)
0000a3 e0f0      	LDI  R31,HIGH(100)
0000a4 d086      	RCALL SUBOPT_0x0
                 ; 0000 00A4     lcd_putchar((s/10)%10+'0');
0000a5 e0ea      	LDI  R30,LOW(10)
0000a6 e0f0      	LDI  R31,HIGH(10)
0000a7 d083      	RCALL SUBOPT_0x0
                 ; 0000 00A5     lcd_putchar((s/1)%10+'0');
0000a8 e0ea      	LDI  R30,LOW(10)
0000a9 e0f0      	LDI  R31,HIGH(10)
0000aa 940e 0169 	CALL __MODW21
0000ac 5de0      	SUBI R30,-LOW(48)
0000ad 2fae      	MOV  R26,R30
0000ae d03d      	RCALL _lcd_putchar
                 ; 0000 00A6 
                 ; 0000 00A7     delay_ms(100);
0000af e6a4      	LDI  R26,LOW(100)
0000b0 e0b0      	LDI  R27,0
0000b1 940e 0143 	CALL _delay_ms
                 ; 0000 00A8     }
0000b3 cfd0      	RJMP _0x3
                 ; 0000 00A9 }
                 _0x10:
0000b4 cfff      	RJMP _0x10
                 ; .FEND
                 	#ifndef __SLEEP_DEFINED__
                 	#endif
                 
                 	.DSEG
                 
                 	.CSEG
                 __lcd_write_nibble_G100:
                 ; .FSTART __lcd_write_nibble_G100
0000b5 93aa      	ST   -Y,R26
0000b6 b3e5      	IN   R30,0x15
0000b7 70ef      	ANDI R30,LOW(0xF)
0000b8 2fae      	MOV  R26,R30
0000b9 81e8      	LD   R30,Y
0000ba 7fe0      	ANDI R30,LOW(0xF0)
0000bb 2bea      	OR   R30,R26
0000bc bbe5      	OUT  0x15,R30
                +
0000bd e08d     +LDI R24 , LOW ( 13 )
                +__DELAY_USB_LOOP :
0000be 958a     +DEC R24
0000bf f7f1     +BRNE __DELAY_USB_LOOP
                 	__DELAY_USB 13
0000c0 9aaa      	SBI  0x15,2
                +
0000c1 e08d     +LDI R24 , LOW ( 13 )
                +__DELAY_USB_LOOP :
0000c2 958a     +DEC R24
0000c3 f7f1     +BRNE __DELAY_USB_LOOP
                 	__DELAY_USB 13
0000c4 98aa      	CBI  0x15,2
                +
0000c5 e08d     +LDI R24 , LOW ( 13 )
                +__DELAY_USB_LOOP :
0000c6 958a     +DEC R24
0000c7 f7f1     +BRNE __DELAY_USB_LOOP
                 	__DELAY_USB 13
0000c8 c060      	RJMP _0x2020001
                 ; .FEND
                 __lcd_write_data:
                 ; .FSTART __lcd_write_data
0000c9 93aa      	ST   -Y,R26
0000ca 81a8      	LD   R26,Y
0000cb dfe9      	RCALL __lcd_write_nibble_G100
0000cc 81e8          ld    r30,y
0000cd 95e2          swap  r30
0000ce 83e8          st    y,r30
0000cf 81a8      	LD   R26,Y
0000d0 dfe4      	RCALL __lcd_write_nibble_G100
                +
0000d1 e885     +LDI R24 , LOW ( 133 )
                +__DELAY_USB_LOOP :
0000d2 958a     +DEC R24
0000d3 f7f1     +BRNE __DELAY_USB_LOOP
                 	__DELAY_USB 133
0000d4 c054      	RJMP _0x2020001
                 ; .FEND
                 _lcd_gotoxy:
                 ; .FSTART _lcd_gotoxy
0000d5 93aa      	ST   -Y,R26
0000d6 81e8      	LD   R30,Y
0000d7 e0f0      	LDI  R31,0
0000d8 5ae0      	SUBI R30,LOW(-__base_y_G100)
0000d9 4ffe      	SBCI R31,HIGH(-__base_y_G100)
0000da 81e0      	LD   R30,Z
0000db 81a9      	LDD  R26,Y+1
0000dc 0fae      	ADD  R26,R30
0000dd dfeb      	RCALL __lcd_write_data
0000de 8099      	LDD  R9,Y+1
0000df 8088      	LDD  R8,Y+0
0000e0 9622      	ADIW R28,2
0000e1 9508      	RET
                 ; .FEND
                 _lcd_clear:
                 ; .FSTART _lcd_clear
0000e2 e0a2      	LDI  R26,LOW(2)
0000e3 d053      	RCALL SUBOPT_0x1
0000e4 e0ac      	LDI  R26,LOW(12)
0000e5 dfe3      	RCALL __lcd_write_data
0000e6 e0a1      	LDI  R26,LOW(1)
0000e7 d04f      	RCALL SUBOPT_0x1
0000e8 e0e0      	LDI  R30,LOW(0)
0000e9 2e8e      	MOV  R8,R30
0000ea 2e9e      	MOV  R9,R30
0000eb 9508      	RET
                 ; .FEND
                 _lcd_putchar:
                 ; .FSTART _lcd_putchar
0000ec 93aa      	ST   -Y,R26
0000ed 81a8      	LD   R26,Y
0000ee 30aa      	CPI  R26,LOW(0xA)
0000ef f011      	BREQ _0x2000005
0000f0 149b      	CP   R9,R11
0000f1 f040      	BRLO _0x2000004
                 _0x2000005:
0000f2 e0e0      	LDI  R30,LOW(0)
0000f3 93ea      	ST   -Y,R30
0000f4 9483      	INC  R8
0000f5 2da8      	MOV  R26,R8
0000f6 dfde      	RCALL _lcd_gotoxy
0000f7 81a8      	LD   R26,Y
0000f8 30aa      	CPI  R26,LOW(0xA)
0000f9 f179      	BREQ _0x2020001
                 _0x2000004:
0000fa 9493      	INC  R9
0000fb 9aa8      	SBI  0x15,0
0000fc 81a8      	LD   R26,Y
0000fd dfcb      	RCALL __lcd_write_data
0000fe 98a8      	CBI  0x15,0
0000ff c029      	RJMP _0x2020001
                 ; .FEND
                 _lcd_init:
                 ; .FSTART _lcd_init
000100 93aa      	ST   -Y,R26
000101 b3e4      	IN   R30,0x14
000102 6fe0      	ORI  R30,LOW(0xF0)
000103 bbe4      	OUT  0x14,R30
000104 9aa2      	SBI  0x14,2
000105 9aa0      	SBI  0x14,0
000106 9aa1      	SBI  0x14,1
000107 98aa      	CBI  0x15,2
000108 98a8      	CBI  0x15,0
000109 98a9      	CBI  0x15,1
00010a 80b8      	LDD  R11,Y+0
00010b 81e8      	LD   R30,Y
00010c 58e0      	SUBI R30,-LOW(128)
                +
00010d 93e0 0162+STS __base_y_G100 + ( 2 ) , R30
                 	__PUTB1MN __base_y_G100,2
00010f 81e8      	LD   R30,Y
000110 54e0      	SUBI R30,-LOW(192)
                +
000111 93e0 0163+STS __base_y_G100 + ( 3 ) , R30
                 	__PUTB1MN __base_y_G100,3
000113 e1a4      	LDI  R26,LOW(20)
000114 e0b0      	LDI  R27,0
000115 940e 0143 	CALL _delay_ms
000117 d024      	RCALL SUBOPT_0x2
000118 d023      	RCALL SUBOPT_0x2
000119 d022      	RCALL SUBOPT_0x2
00011a e2a0      	LDI  R26,LOW(32)
00011b df99      	RCALL __lcd_write_nibble_G100
                +
00011c ec88     +LDI R24 , LOW ( 200 )
00011d e090     +LDI R25 , HIGH ( 200 )
                +__DELAY_USW_LOOP :
00011e 9701     +SBIW R24 , 1
00011f f7f1     +BRNE __DELAY_USW_LOOP
                 	__DELAY_USW 200
000120 e2a8      	LDI  R26,LOW(40)
000121 dfa7      	RCALL __lcd_write_data
000122 e0a4      	LDI  R26,LOW(4)
000123 dfa5      	RCALL __lcd_write_data
000124 e8a5      	LDI  R26,LOW(133)
000125 dfa3      	RCALL __lcd_write_data
000126 e0a6      	LDI  R26,LOW(6)
000127 dfa1      	RCALL __lcd_write_data
000128 dfb9      	RCALL _lcd_clear
                 _0x2020001:
000129 9621      	ADIW R28,1
00012a 9508      	RET
                 ; .FEND
                 
                 	.DSEG
                 __base_y_G100:
000160           	.BYTE 0x4
                 
                 	.CSEG
                 ;OPTIMIZER ADDED SUBROUTINE, CALLED 3 TIMES, CODE SIZE REDUCTION:17 WORDS
                 SUBOPT_0x0:
00012b 940e 0164 	CALL __DIVW21
00012d 01df      	MOVW R26,R30
00012e e0ea      	LDI  R30,LOW(10)
00012f e0f0      	LDI  R31,HIGH(10)
000130 940e 0169 	CALL __MODW21
000132 5de0      	SUBI R30,-LOW(48)
000133 2fae      	MOV  R26,R30
000134 dfb7      	RCALL _lcd_putchar
000135 01d2      	MOVW R26,R4
000136 9508      	RET
                 
                 ;OPTIMIZER ADDED SUBROUTINE, CALLED 2 TIMES, CODE SIZE REDUCTION:1 WORDS
                 SUBOPT_0x1:
000137 df91      	RCALL __lcd_write_data
000138 e0a3      	LDI  R26,LOW(3)
000139 e0b0      	LDI  R27,0
00013a 940c 0143 	JMP  _delay_ms
                 
                 ;OPTIMIZER ADDED SUBROUTINE, CALLED 3 TIMES, CODE SIZE REDUCTION:7 WORDS
                 SUBOPT_0x2:
00013c e3a0      	LDI  R26,LOW(48)
00013d df77      	RCALL __lcd_write_nibble_G100
                +
00013e ec88     +LDI R24 , LOW ( 200 )
00013f e090     +LDI R25 , HIGH ( 200 )
                +__DELAY_USW_LOOP :
000140 9701     +SBIW R24 , 1
000141 f7f1     +BRNE __DELAY_USW_LOOP
                 	__DELAY_USW 200
000142 9508      	RET
                 
                 
                 	.CSEG
                 _delay_ms:
000143 9610      	adiw r26,0
000144 f039      	breq __delay_ms1
                 __delay_ms0:
                +
000145 ed80     +LDI R24 , LOW ( 0x7D0 )
000146 e097     +LDI R25 , HIGH ( 0x7D0 )
                +__DELAY_USW_LOOP :
000147 9701     +SBIW R24 , 1
000148 f7f1     +BRNE __DELAY_USW_LOOP
                 	__DELAY_USW 0x7D0
000149 95a8      	wdr
00014a 9711      	sbiw r26,1
00014b f7c9      	brne __delay_ms0
                 __delay_ms1:
00014c 9508      	ret
                 
                 __ANEGW1:
00014d 95f1      	NEG  R31
00014e 95e1      	NEG  R30
00014f 40f0      	SBCI R31,0
000150 9508      	RET
                 
                 __DIVW21U:
000151 2400      	CLR  R0
000152 2411      	CLR  R1
000153 e190      	LDI  R25,16
                 __DIVW21U1:
000154 0faa      	LSL  R26
000155 1fbb      	ROL  R27
000156 1c00      	ROL  R0
000157 1c11      	ROL  R1
000158 1a0e      	SUB  R0,R30
000159 0a1f      	SBC  R1,R31
00015a f418      	BRCC __DIVW21U2
00015b 0e0e      	ADD  R0,R30
00015c 1e1f      	ADC  R1,R31
00015d c001      	RJMP __DIVW21U3
                 __DIVW21U2:
00015e 60a1      	SBR  R26,1
                 __DIVW21U3:
00015f 959a      	DEC  R25
000160 f799      	BRNE __DIVW21U1
000161 01fd      	MOVW R30,R26
000162 01d0      	MOVW R26,R0
000163 9508      	RET
                 
                 __DIVW21:
000164 d012      	RCALL __CHKSIGNW
000165 dfeb      	RCALL __DIVW21U
000166 f40e      	BRTC __DIVW211
000167 dfe5      	RCALL __ANEGW1
                 __DIVW211:
000168 9508      	RET
                 
                 __MODW21:
000169 94e8      	CLT
00016a ffb7      	SBRS R27,7
00016b c004      	RJMP __MODW211
00016c 95a0      	COM  R26
00016d 95b0      	COM  R27
00016e 9611      	ADIW R26,1
00016f 9468      	SET
                 __MODW211:
000170 fdf7      	SBRC R31,7
000171 dfdb      	RCALL __ANEGW1
000172 dfde      	RCALL __DIVW21U
000173 01fd      	MOVW R30,R26
000174 f40e      	BRTC __MODW212
000175 dfd7      	RCALL __ANEGW1
                 __MODW212:
000176 9508      	RET
                 
                 __CHKSIGNW:
000177 94e8      	CLT
000178 fff7      	SBRS R31,7
000179 c002      	RJMP __CHKSW1
00017a dfd2      	RCALL __ANEGW1
00017b 9468      	SET
                 __CHKSW1:
00017c ffb7      	SBRS R27,7
00017d c006      	RJMP __CHKSW2
00017e 95a0      	COM  R26
00017f 95b0      	COM  R27
000180 9611      	ADIW R26,1
000181 f800      	BLD  R0,0
000182 9403      	INC  R0
000183 fa00      	BST  R0,0
                 __CHKSW2:
000184 9508      	RET
                 
                 ;END OF CODE MARKER
                 __END_OF_CODE:


RESOURCE USE INFORMATION
------------------------

Notice:
The register and instruction counts are symbol table hit counts,
and hence implicitly used resources are not counted, eg, the
'lpm' instruction without operands implicitly uses r0 and z,
none of which are counted.

x,y,z are separate entities in the symbol table and are
counted separately from r26..r31 here.

.dseg memory usage only counts static data declared with .byte

ATmega16A register use summary:
r0 :  12 r1 :   5 r2 :   0 r3 :   0 r4 :   3 r5 :   0 r6 :   4 r7 :   1 
r8 :   4 r9 :   4 r10:   0 r11:   2 r12:   0 r13:   0 r14:   0 r15:   0 
r16:   0 r17:   0 r18:   0 r19:   0 r20:   0 r21:   0 r22:   2 r23:   0 
r24:  23 r25:   7 r26:  51 r27:  10 r28:   3 r29:   1 r30: 103 r31:  17 
x  :   3 y  :  22 z  :   8 
Registers used: 20 out of 35 (57.1%)

ATmega16A instruction use summary:
.lds  :   0 .lds.l:   0 .sts  :   0 .sts.l:   0 adc   :   1 add   :   2 
adiw  :   6 and   :   0 andi  :   2 asr   :   0 bclr  :   0 bld   :   1 
brbc  :   0 brbs  :   0 brcc  :   1 brcs  :   0 break :   0 breq  :   4 
brge  :   0 brhc  :   0 brhs  :   0 brid  :   0 brie  :   0 brlo  :   1 
brlt  :   0 brmi  :   0 brne  :  13 brpl  :   0 brsh  :   0 brtc  :   2 
brts  :   0 brvc  :   0 brvs  :   0 bset  :   0 bst   :   1 call  :   6 
cbi   :   6 cbr   :   0 clc   :   0 clh   :   0 cli   :   1 cln   :   0 
clr   :   6 cls   :   0 clt   :   2 clv   :   0 clz   :   0 com   :   4 
cp    :   1 cpc   :   0 cpi   :   2 cpse  :   0 dec   :   7 des   :   0 
eor   :   0 fmul  :   0 fmuls :   0 fmulsu:   0 icall :   0 ijmp  :   0 
in    :   2 inc   :   3 jmp   :  23 ld    :  11 ldd   :   4 ldi   :  61 
lds   :   0 lpm   :   7 lsl   :   1 lsr   :   0 mov   :   6 movw  :  13 
mul   :   0 muls  :   0 mulsu :   0 neg   :   2 nop   :   0 or    :   1 
ori   :   1 out   :  42 pop   :   0 push  :   0 rcall :  33 ret   :  11 
reti  :   0 rjmp  :  13 rol   :   3 ror   :   0 sbc   :   1 sbci  :   2 
sbi   :   6 sbic  :   0 sbis  :   2 sbiw  :   8 sbr   :   1 sbrc  :   1 
sbrs  :   3 sec   :   0 seh   :   0 sei   :   0 sen   :   0 ser   :   0 
ses   :   0 set   :   2 sev   :   0 sez   :   0 sleep :   0 spm   :   0 
st    :  11 std   :   0 sts   :   2 sub   :   1 subi  :   5 swap  :   1 
tst   :   0 wdr   :   1 
Instructions used: 53 out of 116 (45.7%)

ATmega16A memory use summary [bytes]:
Segment   Begin    End      Code   Data   Used    Size   Use%
---------------------------------------------------------------
[.cseg] 0x000000 0x00030a    768     10    778   16384   4.7%
[.dseg] 0x000060 0x000164      0      4      4    1024   0.4%
[.eseg] 0x000000 0x000000      0      0      0     512   0.0%

Assembly complete, 0 errors, 7 warnings
